Log file open, 05/17/18 14:12:59
LogInit:Display: Running engine for game: Survival
LogPlatformFile: Not using cached read wrapper
LogInit:Display: RandInit(-935409149) SRandInit(-935409149).
LogTaskGraph: Started task graph with 5 named threads and 8 total threads with 1 sets of task threads.
LogStats: Stats thread started at 0.096612
LogConfig:Warning: Failed to saved backup for config[Editor]
LogConfig:Warning: Failed to saved backup for config[GitSourceControl]
LogConfig:Warning: Failed to saved backup for config[FacialAnimation]
LogConfig:Warning: Failed to saved backup for config[SpeedTreeImporter]
LogConfig:Warning: Failed to saved backup for config[CharacterAI]
LogConfig:Warning: Failed to saved backup for config[WmfMedia]
LogConfig:Warning: Failed to saved backup for config[OnlineSubsystemGooglePlay]
LogConfig:Warning: Failed to saved backup for config[OnlineSubsystemIOS]
LogConfig:Warning: Failed to saved backup for config[OnlineSubsystem]
LogConfig:Warning: Failed to saved backup for config[GearVR]
LogConfig:Warning: Failed to saved backup for config[OculusLibrary]
LogInit: Using libcurl 7.47.1
LogInit:  - built for x86_64-pc-win32
LogInit:  - supports SSL with OpenSSL/1.0.2g
LogInit:  - supports HTTP deflate (compression) using libz 1.2.8
LogInit:  - other features:
LogInit:      CURL_VERSION_SSL
LogInit:      CURL_VERSION_LIBZ
LogInit:      CURL_VERSION_IPV6
LogInit:      CURL_VERSION_ASYNCHDNS
LogInit:      CURL_VERSION_LARGEFILE
LogInit:      CURL_VERSION_IDN
LogInit:  CurlRequestOptions (configurable via config and command line):
LogInit:  - bVerifyPeer = false  - Libcurl will NOT verify peer certificate
LogInit:  - bUseHttpProxy = false  - Libcurl will NOT use HTTP proxy
LogInit:  - bDontReuseConnections = false  - Libcurl will reuse connections
LogInit:  - CertBundlePath = nullptr  - Libcurl will use whatever was configured at build time.
LogInit: Build: ++UE4+Release-4.16-CL-3561208
LogInit: Engine Version: 4.16.3-3561208+++UE4+Release-4.16
LogInit: Compatible Engine Version: 4.16.0-3452394+++UE4+Release-4.16
LogInit: Net CL: 3452394
LogDevObjectVersion: Number of dev versions registered: 16
LogDevObjectVersion:   Dev-Blueprints (B0D832E4-1F89-4F0D-ACCF-7EB736FD4AA2): 9
LogDevObjectVersion:   Dev-Build (E1C64328-A22C-4D53-A36C-8E866417BD8C): 0
LogDevObjectVersion:   Dev-Core (375EC13C-06E4-48FB-B500-84F0262A717E): 2
LogDevObjectVersion:   Dev-Editor (E4B068ED-F494-42E9-A231-DA0B2E46BB41): 17
LogDevObjectVersion:   Dev-Framework (CFFC743F-43B0-4480-9391-14DF171D2073): 23
LogDevObjectVersion:   Dev-Mobile (B02B49B5-BB20-44E9-A304-32B752E40360): 0
LogDevObjectVersion:   Dev-Networking (A4E4105C-59A1-49B5-A7C5-40C4547EDFEE): 0
LogDevObjectVersion:   Dev-Online (39C831C9-5AE6-47DC-9A44-9C173E1C8E7C): 0
LogDevObjectVersion:   Dev-Physics (78F01B33-EBEA-4F98-B9B4-84EACCB95AA2): 0
LogDevObjectVersion:   Dev-Platform (6631380F-2D4D-43E0-8009-CF276956A95A): 0
LogDevObjectVersion:   Dev-Rendering (12F88B9F-8875-4AFC-A67C-D90C383ABD29): 15
LogDevObjectVersion:   Dev-Sequencer (7B5AE74C-D270-4C10-A958-57980B212A5A): 4
LogDevObjectVersion:   Dev-VR (D7296918-1DD6-4BDD-9DE2-64A83CC13884): 0
LogDevObjectVersion:   Dev-LoadTimes (C2A15278-BFE7-4AFE-6C17-90FF531DF755): 1
LogDevObjectVersion:   Private-Geometry (6EACA3D4-40EC-4CC1-B786-8BED09428FC5): 1
LogDevObjectVersion:   Dev-AnimPhys (29E575DD-E0A3-4627-9D10-D276232CDCEA): 3
LogInit: Compiled (64-bit): Jul 28 2017 11:49:47
LogInit: Compiled with Visual C++: 19.00.24215.01
LogInit: Build Configuration: Development
LogInit: Branch Name: ++UE4+Release-4.16
LogInit: Command line:  
LogInit: Base directory: D:/UE_4.16/Engine/Binaries/Win64/
LogInit: Installed Engine Build: 1
LogInit: Presizing for max 8388607 objects, including 0 objects not considered by GC, pre-allocating 0 bytes for permanent pool.
LogInit: Object subsystem initialized
[2018.05.17-13.13.02:346][  0]LogInit: Selected Device Profile: [Windows]
[2018.05.17-13.13.02:346][  0]LogInit: Applying CVar settings loaded from the selected device profile: [Windows]
[2018.05.17-13.13.02:376][  0]LogInit: Computer: DESKTOP-HS3FJOD
[2018.05.17-13.13.02:376][  0]LogInit: User: alex
[2018.05.17-13.13.02:376][  0]LogInit: CPU Page size=4096, Cores=4
[2018.05.17-13.13.02:376][  0]LogInit: High frequency timer resolution =2.435773 MHz
[2018.05.17-13.13.02:377][  0]LogMemory: Memory total: Physical=7.9GB (8GB approx)
[2018.05.17-13.13.02:377][  0]LogMemory: Platform Memory Stats for Windows
[2018.05.17-13.13.02:377][  0]LogMemory: Process Physical Memory: 275.37 MB used, 275.37 MB peak
[2018.05.17-13.13.02:377][  0]LogMemory: Process Virtual Memory: 273.03 MB used, 273.03 MB peak
[2018.05.17-13.13.02:377][  0]LogMemory: Physical Memory: 3481.79 MB used,  4633.48 MB free, 8115.27 MB total
[2018.05.17-13.13.02:377][  0]LogMemory: Virtual Memory: 674.52 MB used,  4633.48 MB free, 134217728.00 MB total
[2018.05.17-13.13.02:983][  0]LogInit: Using OS detected language (en-GB).
[2018.05.17-13.13.02:983][  0]LogInit: Using OS detected locale (en-GB).
[2018.05.17-13.13.03:188][  0]LogTextLocalizationManager: No specific localization for 'en-GB' exists, so the 'en' localization will be used.
[2018.05.17-13.13.05:742][  0]LogD3D11RHI: D3D11 adapters:
[2018.05.17-13.13.06:093][  0]LogD3D11RHI:    0. 'NVIDIA GeForce GTX 860M' (Feature Level 11_0)
[2018.05.17-13.13.06:093][  0]LogD3D11RHI:       2010/0/4057 MB DedicatedVideo/DedicatedSystem/SharedSystem, Outputs:1, VendorId:0x10de
[2018.05.17-13.13.06:156][  0]LogD3D11RHI:    1. 'Intel(R) HD Graphics 4600' (Feature Level 11_0)
[2018.05.17-13.13.06:156][  0]LogD3D11RHI:       112/0/2048 MB DedicatedVideo/DedicatedSystem/SharedSystem, Outputs:0, VendorId:0x8086
[2018.05.17-13.13.06:159][  0]LogD3D11RHI:    2. 'Microsoft Basic Render Driver' (Feature Level 11_0)
[2018.05.17-13.13.06:159][  0]LogD3D11RHI:       0/0/4057 MB DedicatedVideo/DedicatedSystem/SharedSystem, Outputs:0, VendorId:0x1414
[2018.05.17-13.13.06:159][  0]LogD3D11RHI: Chosen D3D11 Adapter: 0
[2018.05.17-13.13.06:168][  0]LogD3D11RHI: Creating new Direct3DDevice
[2018.05.17-13.13.06:169][  0]LogD3D11RHI:     GPU DeviceId: 0x1392 (for the marketing name, search the web for "GPU Device Id")
[2018.05.17-13.13.06:169][  0]LogWindows: EnumDisplayDevices:
[2018.05.17-13.13.06:169][  0]LogWindows:    0. 'Intel(R) HD Graphics 4600' (P:1 D:1)
[2018.05.17-13.13.06:169][  0]LogWindows:    1. 'Intel(R) HD Graphics 4600' (P:0 D:0)
[2018.05.17-13.13.06:169][  0]LogWindows:    2. 'Intel(R) HD Graphics 4600' (P:0 D:0)
[2018.05.17-13.13.06:169][  0]LogWindows: DebugString: GetVideoDriverDetailsInvalid PrimaryIsNotTheChoosenAdapter GetVideoDriverDetailsInvalid PrimaryIsNotTheChoosenAdapter GetVideoDriverDetailsInvalid PrimaryIsNotTheChoosenAdapter FoundDriverCount:0 
[2018.05.17-13.13.06:169][  0]LogD3D11RHI:     Adapter Name: NVIDIA GeForce GTX 860M
[2018.05.17-13.13.06:169][  0]LogD3D11RHI:   Driver Version: Unknown (internal:Unknown, unified:Unknown)
[2018.05.17-13.13.06:169][  0]LogD3D11RHI:      Driver Date: Unknown
[2018.05.17-13.13.06:169][  0]LogRHI: Texture pool is 1361 MB (70% of 1945 MB)
[2018.05.17-13.13.06:218][  0]LogD3D11RHI: Async texture creation enabled
[2018.05.17-13.13.06:245][  0]LogD3D11RHI: GPU Timing Frequency: 1000.000000 (Debug: 2 2)
[2018.05.17-13.13.06:246][  0]LogShaderCompilers: Guid format shader working directory is -7 characters bigger than the processId version (C:/Users/alex/Documents/GitHub/TeamProject/Survival/Intermediate/Shaders/WorkingDirectory/29980/).
[2018.05.17-13.13.06:246][  0]LogShaderCompilers: Cleaned the shader compiler working directory 'C:/Users/alex/AppData/Local/Temp/UnrealShaderWorkingDir/3F4822E644E501F03ED85A94B0787C32/'.
[2018.05.17-13.13.06:246][  0]LogShaderCompilers:Display: Using Local Shader Compiler.
[2018.05.17-13.13.09:857][  0]LogTemp:Display: Loaded TP AllDesktopTargetPlatform
[2018.05.17-13.13.09:924][  0]LogTemp:Display: Loaded TP MacClientTargetPlatform
[2018.05.17-13.13.09:991][  0]LogTemp:Display: Loaded TP MacNoEditorTargetPlatform
[2018.05.17-13.13.10:054][  0]LogTemp:Display: Loaded TP MacServerTargetPlatform
[2018.05.17-13.13.10:148][  0]LogTemp:Display: Loaded TP MacTargetPlatform
[2018.05.17-13.13.10:211][  0]LogTemp:Display: Loaded TP WindowsClientTargetPlatform
[2018.05.17-13.13.10:270][  0]LogTemp:Display: Loaded TP WindowsNoEditorTargetPlatform
[2018.05.17-13.13.10:331][  0]LogTemp:Display: Loaded TP WindowsServerTargetPlatform
[2018.05.17-13.13.10:381][  0]LogTemp:Display: Loaded TP WindowsTargetPlatform
[2018.05.17-13.13.10:479][  0]LogTemp:Display: Loaded TP AndroidTargetPlatform
[2018.05.17-13.13.10:564][  0]LogTemp:Display: Loaded TP Android_ASTCTargetPlatform
[2018.05.17-13.13.10:619][  0]LogTemp:Display: Loaded TP Android_ATCTargetPlatform
[2018.05.17-13.13.10:673][  0]LogTemp:Display: Loaded TP Android_DXTTargetPlatform
[2018.05.17-13.13.10:727][  0]LogTemp:Display: Loaded TP Android_ETC1TargetPlatform
[2018.05.17-13.13.10:783][  0]LogTemp:Display: Loaded TP Android_ETC2TargetPlatform
[2018.05.17-13.13.10:888][  0]LogTemp:Display: Loaded TP Android_MultiTargetPlatform
[2018.05.17-13.13.10:888][  0]LogTemp:Display: Loaded TP Android_PVRTCTargetPlatform
[2018.05.17-13.13.10:954][  0]LogTemp:Display: Loaded TP HTML5TargetPlatform
[2018.05.17-13.13.11:115][  0]LogTemp:Display: Loaded TP IOSTargetPlatform
[2018.05.17-13.13.11:141][  0]LogTemp:Display: Loaded TP TVOSTargetPlatform
[2018.05.17-13.13.11:208][  0]LogTemp:Display: Loaded TP LinuxClientTargetPlatform
[2018.05.17-13.13.11:277][  0]LogTemp:Display: Loaded TP LinuxNoEditorTargetPlatform
[2018.05.17-13.13.11:346][  0]LogTemp:Display: Loaded TP LinuxServerTargetPlatform
[2018.05.17-13.13.11:428][  0]LogTemp:Display: Loaded TP LinuxTargetPlatform
[2018.05.17-13.13.11:428][  0]LogTargetPlatformManager:Display: Building Assets For Windows
[2018.05.17-13.13.12:486][  0]LogDerivedDataCache:Display: Max Cache Size: 512 MB
[2018.05.17-13.13.12:813][  0]LogDerivedDataCache: Loaded boot cache 0.33s 90MB C:/Users/alex/AppData/Local/UnrealEngine/4.16/DerivedDataCache/Boot.ddc.
[2018.05.17-13.13.12:813][  0]LogDerivedDataCache:Display: Loaded Boot cache: C:/Users/alex/AppData/Local/UnrealEngine/4.16/DerivedDataCache/Boot.ddc
[2018.05.17-13.13.12:813][  0]LogDerivedDataCache: FDerivedDataBackendGraph:  Pak pak cache file C:/Users/alex/Documents/GitHub/TeamProject/Survival/DerivedDataCache/DDC.ddp not found, will not use a pak cache.
[2018.05.17-13.13.12:813][  0]LogDerivedDataCache: Unable to find inner node Pak for hierarchical cache Hierarchy.
[2018.05.17-13.13.12:813][  0]LogDerivedDataCache: FDerivedDataBackendGraph:  CompressedPak pak cache file C:/Users/alex/Documents/GitHub/TeamProject/Survival/DerivedDataCache/Compressed.ddp not found, will not use a pak cache.
[2018.05.17-13.13.12:813][  0]LogDerivedDataCache: Unable to find inner node CompressedPak for hierarchical cache Hierarchy.
[2018.05.17-13.13.12:830][  0]LogDerivedDataCache:Display: Pak cache opened for reading ../../../Engine/DerivedDataCache/Compressed.ddp.
[2018.05.17-13.13.12:844][  0]LogDerivedDataCache: Using Local data cache path C:/Users/alex/AppData/Local/UnrealEngine/Common/DerivedDataCache: Writable
[2018.05.17-13.13.12:861][  0]LogMaterial: Verifying Global Shaders for PCD3D_SM5
[2018.05.17-13.13.12:861][  0]LogSlate: Using Freetype 2.6.0
[2018.05.17-13.13.12:947][  0]LogSlate: SlateFontCache - WITH_FREETYPE: 1, WITH_HARFBUZZ: 1
[2018.05.17-13.13.12:947][  0]LogSlate: SlateFontCache - WITH_FREETYPE: 1, WITH_HARFBUZZ: 1
[2018.05.17-13.13.16:505][  0]LogInit: Selected Device Profile: [Windows]
[2018.05.17-13.13.16:618][  0]LogContentStreaming: Texture pool size is 0.00 MB
[2018.05.17-13.13.17:092][  0]LogMeshUtilities: Using QuadricMeshReduction for automatic static mesh reduction
[2018.05.17-13.13.17:281][  0]LogSimplygon: Simplygon DLL not present - disabling.
[2018.05.17-13.13.17:381][  0]LogMeshUtilities: Using SimplygonSwarm for distributed automatic mesh merging
[2018.05.17-13.13.17:381][  0]LogMeshUtilities: No automatic skeletal mesh reduction module available
[2018.05.17-13.13.17:381][  0]LogMeshUtilities: No automatic mesh merging module available
[2018.05.17-13.13.17:640][  0]LogConfig:Warning: Failed to saved backup for config[TemplateDefs]
[2018.05.17-13.13.18:327][  0]LogNetVersion: Survival , NetCL: 3452394, EngineNetVer: 2, GameNetVer: 0 (Checksum: 3038584403)
[2018.05.17-13.13.18:454][  0]LogAssetRegistry: FAssetRegistry took 0.0259 seconds to start up
[2018.05.17-13.13.18:526][  0]LogFileManager:Warning: MoveFile was unable to move 'C:/Users/alex/Documents/GitHub/TeamProject/Survival/Intermediate/AssetRegistryCache/5eb44d7c.bin.tmp' to 'C:/Users/alex/Documents/GitHub/TeamProject/Survival/Intermediate/AssetRegistryCache/5eb44d7c.bin', retrying in .5s...
[2018.05.17-13.13.19:027][  0]LogFileManager:Warning: MoveFile was unable to move 'C:/Users/alex/Documents/GitHub/TeamProject/Survival/Intermediate/AssetRegistryCache/5eb44d7c.bin.tmp' to 'C:/Users/alex/Documents/GitHub/TeamProject/Survival/Intermediate/AssetRegistryCache/5eb44d7c.bin', retrying in .5s...
[2018.05.17-13.13.19:528][  0]LogFileManager:Warning: MoveFile was unable to move 'C:/Users/alex/Documents/GitHub/TeamProject/Survival/Intermediate/AssetRegistryCache/5eb44d7c.bin.tmp' to 'C:/Users/alex/Documents/GitHub/TeamProject/Survival/Intermediate/AssetRegistryCache/5eb44d7c.bin', retrying in .5s...
[2018.05.17-13.13.20:029][  0]LogFileManager:Warning: MoveFile was unable to move 'C:/Users/alex/Documents/GitHub/TeamProject/Survival/Intermediate/AssetRegistryCache/5eb44d7c.bin.tmp' to 'C:/Users/alex/Documents/GitHub/TeamProject/Survival/Intermediate/AssetRegistryCache/5eb44d7c.bin', retrying in .5s...
[2018.05.17-13.13.20:529][  0]LogFileManager:Warning: MoveFile was unable to move 'C:/Users/alex/Documents/GitHub/TeamProject/Survival/Intermediate/AssetRegistryCache/5eb44d7c.bin.tmp' to 'C:/Users/alex/Documents/GitHub/TeamProject/Survival/Intermediate/AssetRegistryCache/5eb44d7c.bin', retrying in .5s...
[2018.05.17-13.13.21:030][  0]LogFileManager:Warning: MoveFile was unable to move 'C:/Users/alex/Documents/GitHub/TeamProject/Survival/Intermediate/AssetRegistryCache/5eb44d7c.bin.tmp' to 'C:/Users/alex/Documents/GitHub/TeamProject/Survival/Intermediate/AssetRegistryCache/5eb44d7c.bin', retrying in .5s...
[2018.05.17-13.13.21:530][  0]LogAssetRegistry:Error: Failed to open file for write C:/Users/alex/Documents/GitHub/TeamProject/Survival/Intermediate/CachedAssetRegistry.bin
[2018.05.17-13.13.21:530][  0]LogFileManager:Warning: MoveFile was unable to move 'C:/Users/alex/Documents/GitHub/TeamProject/Survival/Intermediate/AssetRegistryCache/5eb44d7c.bin.tmp' to 'C:/Users/alex/Documents/GitHub/TeamProject/Survival/Intermediate/AssetRegistryCache/5eb44d7c.bin', retrying in .5s...
[2018.05.17-13.13.22:032][  0]LogFileManager:Warning: MoveFile was unable to move 'C:/Users/alex/Documents/GitHub/TeamProject/Survival/Intermediate/AssetRegistryCache/5eb44d7c.bin.tmp' to 'C:/Users/alex/Documents/GitHub/TeamProject/Survival/Intermediate/AssetRegistryCache/5eb44d7c.bin', retrying in .5s...
[2018.05.17-13.13.22:533][  0]LogFileManager:Warning: MoveFile was unable to move 'C:/Users/alex/Documents/GitHub/TeamProject/Survival/Intermediate/AssetRegistryCache/5eb44d7c.bin.tmp' to 'C:/Users/alex/Documents/GitHub/TeamProject/Survival/Intermediate/AssetRegistryCache/5eb44d7c.bin', retrying in .5s...
[2018.05.17-13.13.23:033][  0]LogFileManager:Warning: MoveFile was unable to move 'C:/Users/alex/Documents/GitHub/TeamProject/Survival/Intermediate/AssetRegistryCache/5eb44d7c.bin.tmp' to 'C:/Users/alex/Documents/GitHub/TeamProject/Survival/Intermediate/AssetRegistryCache/5eb44d7c.bin', retrying in .5s...
[2018.05.17-13.13.23:534][  0]LogFileManager:Error: Error moving file 'C:/Users/alex/Documents/GitHub/TeamProject/Survival/Intermediate/AssetRegistryCache/5eb44d7c.bin.tmp' to 'C:/Users/alex/Documents/GitHub/TeamProject/Survival/Intermediate/AssetRegistryCache/5eb44d7c.bin'.
[2018.05.17-13.13.23:536][  0]LogPackageLocalizationCache: Processed 4 localized package path(s) for 2 prioritized culture(s) in 5.062560 seconds
[2018.05.17-13.13.23:542][  0]LogUObjectArray: 34194 objects as part of root set at end of initial load.
[2018.05.17-13.13.23:542][  0]LogUObjectAllocator: 7260424 out of 0 bytes used by permanent object pool.
[2018.05.17-13.13.23:542][  0]LogUObjectArray: CloseDisregardForGC: 0/0 objects in disregard for GC pool
[2018.05.17-13.13.23:591][  0]LogInit: WinSock: version 1.1 (2.2), MaxSocks=32767, MaxUdp=65467
[2018.05.17-13.13.34:436][  0]LogTcpMessaging: Initializing TcpMessaging bridge
[2018.05.17-13.13.34:510][  0]LogUdpMessaging: Initializing bridge on interface 0.0.0.0:0 to multicast group 230.0.0.1:6666.
[2018.05.17-13.13.35:490][  0]LogMaterial: Uniform references updated for custom material expression Custom.
[2018.05.17-13.13.36:095][  0]SourceControl: Info Source control is disabled
[2018.05.17-13.13.39:169][  0]LogAndroidPermission: UAndroidPermissionCallbackProxy::GetInstance
[2018.05.17-13.13.40:163][  0]LogEngine: Initializing Engine...
[2018.05.17-13.13.40:164][  0]LogHMD: Failed to initialize OpenVR with code 110
[2018.05.17-13.13.40:434][  0]LogStats: UGameplayTagsManager::ConstructGameplayTagTree: Construct from data asset -  0.000 s
[2018.05.17-13.13.40:434][  0]LogStats: UGameplayTagsManager::ConstructGameplayTagTree: GameplayTagTreeChangedEvent.Broadcast -  0.000 s
[2018.05.17-13.13.40:658][  0]LogAIModule: Creating AISystem for world Untitled
[2018.05.17-13.13.40:671][  0]LogInit: XAudio2 using 'Speakers (Realtek High Definition Audio)' : 2 channels at 48 kHz using 32 bits per sample (channel mask 0x3)
[2018.05.17-13.13.40:727][  0]LogInit: FAudioDevice initialized.
[2018.05.17-13.13.40:800][  0]LogDerivedDataCache: Saved boot cache 0.07s 90MB C:/Users/alex/AppData/Local/UnrealEngine/4.16/DerivedDataCache/Boot.ddc.
[2018.05.17-13.13.40:817][  0]LogInit: Texture streaming: Enabled
[2018.05.17-13.13.40:909][  0]LogEngineSessionManager: EngineSessionManager initialized
[2018.05.17-13.13.41:306][  0]LogInit: Transaction tracking system initialized
[2018.05.17-13.13.41:732][  0]BlueprintLog: New page: Editor Load
[2018.05.17-13.13.43:305][  0]LogConfig:Warning: Failed to saved backup for config[LocalizationServiceSettings]
[2018.05.17-13.13.43:308][  0]LogConfig:Warning: Failed to saved backup for config[LocalizationServiceSettings]
[2018.05.17-13.13.43:308][  0]LocalizationService: Info Localization service is disabled
[2018.05.17-13.13.44:415][  0]LogConsoleResponse:Display: 
[2018.05.17-13.13.45:062][  0]LogCook:Display: Max memory allowance for cook 16384mb min free memory 0mb
[2018.05.17-13.13.45:062][  0]LogCook:Display: Mobile HDR setting 1
[2018.05.17-13.13.45:301][  0]LogFileCache: Scanning file cache for directory 'C:/Users/alex/Documents/GitHub/TeamProject/Survival/Content/' took 0.04s
[2018.05.17-13.13.47:883][  0]Cmd: MAP LOAD FILE="C:/Users/alex/Documents/GitHub/TeamProject/Survival/Content/Maps/newMAP.umap" TEMPLATE=0 SHOWPROGRESS=1 FEATURELEVEL=3
[2018.05.17-13.13.47:884][  0]LightingResults: New page: Lighting Build
[2018.05.17-13.13.47:931][  0]MapCheck: New page: Map Check
[2018.05.17-13.13.47:931][  0]LightingResults: New page: Lighting Build
[2018.05.17-13.13.49:660][  0]LogClass:Warning: Type mismatch in set of GSSPFocus_C - Previous (BoolProperty) Current(StructProperty) for package:  FObjectReader
[2018.05.17-13.13.51:332][  0]LogPhysics:Warning: PHYSX: (D:\Build\++UE4+Release-4.16+PhysX_Compile\Sync\Engine\Source\ThirdParty\PhysX\PhysX_3.4\Source\PhysXCooking\src\convex\QuickHullConvexHullLib.cpp 934) eINTERNAL_ERROR : QuickHullConvexHullLib::findSimplex: Simplex input points appers to be coplanar.
[2018.05.17-13.13.51:332][  0]LogPhysics:Warning: PHYSX: (D:\Build\++UE4+Release-4.16+PhysX_Compile\Sync\Engine\Source\ThirdParty\PhysX\PhysX_3.4\Source\PhysXCooking\src\convex\QuickHullConvexHullLib.cpp 934) eINTERNAL_ERROR : QuickHullConvexHullLib::findSimplex: Simplex input points appers to be coplanar.
[2018.05.17-13.13.51:333][  0]LogPhysics:Warning: Failed to cook convex: /Game/NewModels/key.key 0 (FlipX:1). The remaining elements will not get cooked.
[2018.05.17-13.13.52:990][  0]LogAIModule: Creating AISystem for world newMAP
[2018.05.17-13.13.53:128][  0]LogPhysics:Warning: PopulatePhysXGeometryAndTransform(Convex): ConvexElem is missing ConvexMesh
[2018.05.17-13.13.53:128][  0]LogPhysics:Warning: ForeachShape(Convex): [/Game/NewModels/key.key] ScaledElem[0] invalid
[2018.05.17-13.13.53:217][  0]LogEditorServer: Finished looking for orphan Actors (0.001 secs)
[2018.05.17-13.13.53:361][  0]Cmd: MAP CHECKDEP NOCLEARLOG
[2018.05.17-13.13.53:621][  0]MapCheck: Info Map check complete: 0 Error(s), 0 Warning(s), took 260.176ms to complete.
[2018.05.17-13.13.53:622][  0]LogFileHelpers: Loading map 'newMAP' took 5.739
[2018.05.17-13.13.53:911][  0]LogCollectionManager: Loaded 0 collections in 0.001930 seconds
[2018.05.17-13.13.54:085][  0]LogFileCache: Scanning file cache for directory 'C:/Users/alex/Documents/GitHub/TeamProject/Survival/Saved/Collections/' took 0.01s
[2018.05.17-13.13.54:085][  0]LogFileCache: Scanning file cache for directory 'C:/Users/alex/Documents/GitHub/TeamProject/Survival/Content/Developers/alex/Collections/' took 0.02s
[2018.05.17-13.13.54:085][  0]LogFileCache: Scanning file cache for directory 'C:/Users/alex/Documents/GitHub/TeamProject/Survival/Content/Collections/' took 0.01s
[2018.05.17-13.13.54:085][  0]LogCollectionManager: Rebuilt the GUID cache for 0 collections in 0.000003 seconds
[2018.05.17-13.13.54:103][  0]LogContentBrowser: Native class hierarchy populated in 0.0177 seconds. Added 2329 classes and 491 folders.
[2018.05.17-13.13.54:216][  0]LogContentBrowser: Native class hierarchy updated for 'WidgetCarousel' in 0.0011 seconds. Added 0 classes and 0 folders.
[2018.05.17-13.13.55:096][  0]LogContentBrowser: Native class hierarchy updated for 'AddContentDialog' in 0.0007 seconds. Added 0 classes and 0 folders.
[2018.05.17-13.13.55:203][  0]LogContentBrowser: Native class hierarchy updated for 'SceneOutliner' in 0.0008 seconds. Added 1 classes and 2 folders.
[2018.05.17-13.13.55:464][  0]LogCrashTracker: Crashtracker disabled due to settings.
[2018.05.17-13.13.55:487][  0]LogSlate: Took 0.014772 seconds to synchronously load lazily loaded font '../../../Engine/Content/Slate/Fonts/Roboto-Regular.ttf' (155K)
[2018.05.17-13.13.55:502][  0]LogSlate: Took 0.013716 seconds to synchronously load lazily loaded font '../../../Engine/Content/Slate/Fonts/Roboto-Bold.ttf' (160K)
[2018.05.17-13.13.55:515][  0]LogSlate: Took 0.007429 seconds to synchronously load lazily loaded font '../../../Engine/Content/Editor/Slate/Fonts/FontAwesome.ttf' (139K)
[2018.05.17-13.13.55:722][  0]LogRenderer: Reallocating scene render targets to support 980x612 NumSamples 1 (Frame:1).
[2018.05.17-13.13.55:973][  0]LogUObjectGlobals:Warning: Failed to find object 'Class None.'
[2018.05.17-13.13.56:102][  0]LogContentBrowser: Native class hierarchy updated for 'HierarchicalLODOutliner' in 0.0009 seconds. Added 1 classes and 2 folders.
[2018.05.17-13.13.56:102][  0]LogLoad: (Engine Initialization) Total time: 58.20 seconds
[2018.05.17-13.13.56:102][  0]LogLoad: (Engine Initialization) Total Blueprint compile time: 1.29 seconds
[2018.05.17-13.13.56:102][  0]LogExternalProfiler: Found external profiler: VSPerf
[2018.05.17-13.13.56:102][  0]LogExternalProfiler: Using external profiler: VSPerf
[2018.05.17-13.13.56:443][  0]LogOcInput: OculusInput pre-init called
[2018.05.17-13.13.56:443][  0]LogHMD: Starting GearVRController plugin
[2018.05.17-13.13.56:487][  0]SourceControl: Info On branch master
[2018.05.17-13.13.56:487][  0]SourceControl: Info Your branch is up-to-date with 'origin/master'.
[2018.05.17-13.13.56:487][  0]SourceControl: Info Changes not staged for commit:
[2018.05.17-13.13.56:487][  0]SourceControl: Info   (use "git add/rm <file>..." to update what will be committed)
[2018.05.17-13.13.56:487][  0]SourceControl: Info   (use "git checkout -- <file>..." to discard changes in working directory)
[2018.05.17-13.13.56:487][  0]SourceControl: Info 	deleted:    Survival/Intermediate/AssetRegistryCache/5eb44d7c.bin
[2018.05.17-13.13.56:487][  0]SourceControl: Info 	modified:   Survival/Intermediate/CachedAssetRegistry.bin
[2018.05.17-13.13.56:487][  0]SourceControl: Info 	modified:   Survival/Saved/Config/Windows/Editor.ini
[2018.05.17-13.13.56:487][  0]SourceControl: Info 	modified:   Survival/Saved/Logs/Survival.log
[2018.05.17-13.13.56:487][  0]SourceControl: Info 	modified:   Survival/Saved/Logs/Survival_2.log
[2018.05.17-13.13.56:487][  0]SourceControl: Info no changes added to commit (use "git add" and/or "git commit -a")
[2018.05.17-13.13.56:487][  0]LogContentStreaming: Texture pool size now 1000 MB
[2018.05.17-13.13.56:629][  0]LogSlate: Took 0.017251 seconds to synchronously load lazily loaded font '../../../Engine/Content/Slate/Fonts/Roboto-Light.ttf' (159K)
[2018.05.17-13.13.56:785][  1]LogFileCache: Retrieving MD5 hashes for directory 'C:/Users/alex/Documents/GitHub/TeamProject/Survival/Content/' took 0.32s
[2018.05.17-13.13.57:119][  2]LogAssetRegistry: Asset discovery search completed in 38.6866 seconds
[2018.05.17-13.13.57:224][  2]LogCollectionManager: Rebuilt the object cache for 0 collections in 0.000001 seconds (found 0 objects)
[2018.05.17-13.13.57:224][  2]LogCollectionManager: Fixed up redirectors for 0 collections in 0.000032 seconds (updated 0 objects)
[2018.05.17-13.15.44:650][603]LogEditorViewport: Clicking on Actor (LMB): CZombie_C (CZombie9)
[2018.05.17-13.15.45:775][605]LogEditorViewport: Clicking on Actor (LMB): CZombie_C (CZombie9)
[2018.05.17-13.15.47:663][641]LogEditorViewport: Clicking on Actor (LMB): GSZombie_C (GSZombie3)
[2018.05.17-13.16.28:792][354]LogSlate: Took 0.000560 seconds to synchronously load lazily loaded font '../../../Engine/Content/Slate/Fonts/Roboto-Light.ttf' (159K)
[2018.05.17-13.16.29:319][354]LogSlate: Took 0.004670 seconds to synchronously load lazily loaded font '../../../Engine/Content/Slate/Fonts/Roboto-Light.ttf' (159K)
[2018.05.17-13.16.29:338][354]LogSlate: Took 0.017278 seconds to synchronously load lazily loaded font '../../../Engine/Content/Editor/Slate/Fonts/Roboto-BoldCondensed.ttf' (158K)
[2018.05.17-13.16.50:252][695]LogSlate: Took 0.000468 seconds to synchronously load lazily loaded font '../../../Engine/Content/Slate/Fonts/Roboto-Regular.ttf' (155K)
[2018.05.17-13.16.50:418][695]LogContentBrowser: Native class hierarchy updated for 'BlueprintGraph' in 0.0015 seconds. Added 112 classes and 0 folders.
[2018.05.17-13.16.52:041][696]LogSlate: Took 0.009925 seconds to synchronously load lazily loaded font '../../../Engine/Content/Editor/Slate/Fonts/Roboto-Italic.ttf' (157K)
[2018.05.17-13.18.02:734][998]LogEditorViewport: Clicking on Actor (LMB): Buggy_C (Buggy)
[2018.05.17-13.18.08:802][ 71]LogEditorViewport: Clicking on Actor (context menu): Buggy_C (Buggy)
[2018.05.17-13.18.55:564][ 50]LogAIModule: Creating AISystem for world Level1
[2018.05.17-13.18.55:818][ 50]Cmd: MAP LOAD FILE="C:/Users/alex/Documents/GitHub/TeamProject/Survival/Content/Level1.umap" TEMPLATE=0 SHOWPROGRESS=1 FEATURELEVEL=3
[2018.05.17-13.18.55:819][ 50]LightingResults: New page: Lighting Build
[2018.05.17-13.18.55:820][ 50]LoadErrors: New page: Loading map: Level1.umap
[2018.05.17-13.18.55:917][ 50]MapCheck: New page: Map Check
[2018.05.17-13.18.55:917][ 50]LightingResults: New page: Lighting Build
[2018.05.17-13.18.57:799][ 50]LogEditorServer: Finished looking for orphan Actors (0.000 secs)
[2018.05.17-13.18.58:008][ 50]Cmd: MAP CHECKDEP NOCLEARLOG
[2018.05.17-13.18.58:418][ 50]MapCheck: Info Map check complete: 0 Error(s), 0 Warning(s), took 409.48ms to complete.
[2018.05.17-13.18.58:419][ 50]LogFileHelpers: Loading map 'Level1' took 2.602
[2018.05.17-13.19.28:241][561]LogEditorViewport: Clicking on Actor (context menu): InstancedFoliageActor (InstancedFoliageActor)
[2018.05.17-13.19.30:580][663]LogEditorViewport: Clicking on Actor (LMB): Landscape (Landscape)
[2018.05.17-13.19.34:796][729]LogWindowsTextInputMethodSystem:Display: IME system now deactivated.
[2018.05.17-13.19.35:040][730]Cmd: QUIT_EDITOR
[2018.05.17-13.19.35:080][730]LogExit: Preparing to exit.
[2018.05.17-13.19.36:442][730]LogExit: Editor shut down
[2018.05.17-13.19.36:454][730]LogExit: Transaction tracking system shut down
[2018.05.17-13.19.36:867][730]LogObj: Freed 0b from 0 cluster array pools.
[2018.05.17-13.19.36:867][730]LogExit: Object subsystem successfully closed.
[2018.05.17-13.19.36:905][730]LogD3D11RHI: Shutdown
[2018.05.17-13.19.36:905][730]LogD3D11RHI: CleanupD3DDevice
[2018.05.17-13.19.37:343][730]LogD3D11RHI: ~FD3D11DynamicRHI
[2018.05.17-13.19.37:368][730]LogModuleManager: Shutting down and abandoning module BlueprintGraph (528)
[2018.05.17-13.19.37:368][730]LogModuleManager: Shutting down and abandoning module BlueprintProfiler (526)
[2018.05.17-13.19.37:368][730]LogModuleManager: Shutting down and abandoning module HierarchicalLODOutliner (524)
[2018.05.17-13.19.37:431][730]LogModuleManager: Shutting down and abandoning module CrashTracker (522)
[2018.05.17-13.19.37:431][730]LogModuleManager: Shutting down and abandoning module SceneOutliner (520)
[2018.05.17-13.19.37:445][730]LogModuleManager: Shutting down and abandoning module AddContentDialog (518)
[2018.05.17-13.19.37:445][730]LogDirectoryWatcher: A directory notification for 'D:/UE_4.16/FeaturePacks/' was aborted.
[2018.05.17-13.19.37:452][730]LogModuleManager: Shutting down and abandoning module WidgetCarousel (517)
[2018.05.17-13.19.37:452][730]LogModuleManager: Shutting down and abandoning module EditorWidgets (514)
[2018.05.17-13.19.37:452][730]LogModuleManager: Shutting down and abandoning module CollectionManager (512)
[2018.05.17-13.19.37:452][730]LogDirectoryWatcher: A directory notification for 'C:/Users/alex/Documents/GitHub/TeamProject/Survival/Content/Collections/' was aborted.
[2018.05.17-13.19.37:452][730]LogDirectoryWatcher: A directory notification for 'C:/Users/alex/Documents/GitHub/TeamProject/Survival/Content/Developers/alex/Collections/' was aborted.
[2018.05.17-13.19.37:452][730]LogDirectoryWatcher: A directory notification for 'C:/Users/alex/Documents/GitHub/TeamProject/Survival/Saved/Collections/' was aborted.
[2018.05.17-13.19.37:452][730]LogModuleManager: Shutting down and abandoning module StatsViewer (510)
[2018.05.17-13.19.37:452][730]LogModuleManager: Shutting down and abandoning module FoliageEdit (508)
[2018.05.17-13.19.37:452][730]LogModuleManager: Shutting down and abandoning module LandscapeEditor (506)
[2018.05.17-13.19.37:453][730]LogModuleManager: Shutting down and abandoning module MeshPaintMode (504)
[2018.05.17-13.19.37:453][730]LogModuleManager: Shutting down and abandoning module SceneDepthPickerMode (502)
[2018.05.17-13.19.37:453][730]LogModuleManager: Shutting down and abandoning module ActorPickerMode (500)
[2018.05.17-13.19.37:453][730]LogModuleManager: Shutting down and abandoning module GeometryMode (498)
[2018.05.17-13.19.37:453][730]LogModuleManager: Shutting down and abandoning module TextureAlignMode (496)
[2018.05.17-13.19.37:453][730]LogModuleManager: Shutting down and abandoning module BspMode (494)
[2018.05.17-13.19.37:453][730]LogModuleManager: Shutting down and abandoning module HardwareSurvey (492)
[2018.05.17-13.19.37:453][730]LogModuleManager: Shutting down and abandoning module SequenceRecorderSections (490)
[2018.05.17-13.19.37:453][730]LogModuleManager: Shutting down and abandoning module AutomationWorker (488)
[2018.05.17-13.19.37:453][730]LogModuleManager: Shutting down and abandoning module MatineeToLevelSequence (486)
[2018.05.17-13.19.37:453][730]LogModuleManager: Shutting down and abandoning module LevelSequenceEditor (484)
[2018.05.17-13.19.37:453][730]LogModuleManager: Shutting down and abandoning module PlacementMode (483)
[2018.05.17-13.19.37:453][730]LogModuleManager: Shutting down and abandoning module WmfMediaFactory (480)
[2018.05.17-13.19.37:453][730]LogModuleManager: Shutting down and abandoning module WmfMediaEditor (478)
[2018.05.17-13.19.37:453][730]LogModuleManager: Shutting down and abandoning module AvfMediaFactory (476)
[2018.05.17-13.19.37:453][730]LogModuleManager: Shutting down and abandoning module AvfMediaEditor (474)
[2018.05.17-13.19.37:453][730]LogModuleManager: Shutting down and abandoning module AndroidMediaFactory (472)
[2018.05.17-13.19.37:453][730]LogModuleManager: Shutting down and abandoning module Media (471)
[2018.05.17-13.19.37:453][730]LogModuleManager: Shutting down and abandoning module AndroidMediaEditor (468)
[2018.05.17-13.19.37:453][730]LogModuleManager: Shutting down and abandoning module CharacterAI (466)
[2018.05.17-13.19.37:453][730]LogModuleManager: Shutting down and abandoning module AudioCapture (464)
[2018.05.17-13.19.37:453][730]LogModuleManager: Shutting down and abandoning module SequenceRecorder (463)
[2018.05.17-13.19.37:453][730]LogModuleManager: Shutting down and abandoning module SmartSnapping (460)
[2018.05.17-13.19.37:453][730]LogModuleManager: Shutting down and abandoning module SessionServices (458)
[2018.05.17-13.19.37:453][730]LogModuleManager: Shutting down and abandoning module ViewportSnapping (456)
[2018.05.17-13.19.37:453][730]LogModuleManager: Shutting down and abandoning module ViewportInteraction (454)
[2018.05.17-13.19.37:453][730]LogModuleManager: Shutting down and abandoning module ClothPainter (452)
[2018.05.17-13.19.37:453][730]LogModuleManager: Shutting down and abandoning module LogVisualizer (450)
[2018.05.17-13.19.37:454][730]LogModuleManager: Shutting down and abandoning module IntroTutorials (448)
[2018.05.17-13.19.37:454][730]LogModuleManager: Shutting down and abandoning module GameProjectGeneration (447)
[2018.05.17-13.19.37:454][730]LogModuleManager: Shutting down and abandoning module EditorLiveStreaming (444)
[2018.05.17-13.19.37:454][730]LogModuleManager: Shutting down and abandoning module IOSPlatformEditor (442)
[2018.05.17-13.19.37:454][730]LogModuleManager: Shutting down and abandoning module HTML5PlatformEditor (440)
[2018.05.17-13.19.37:454][730]LogModuleManager: Shutting down and abandoning module AndroidPlatformEditor (438)
[2018.05.17-13.19.37:454][730]LogModuleManager: Shutting down and abandoning module AndroidDeviceDetection (437)
[2018.05.17-13.19.38:073][730]LogModuleManager: Shutting down and abandoning module IOSRuntimeSettings (434)
[2018.05.17-13.19.38:073][730]LogModuleManager: Shutting down and abandoning module AndroidRuntimeSettings (432)
[2018.05.17-13.19.38:073][730]LogModuleManager: Shutting down and abandoning module InputBindingEditor (430)
[2018.05.17-13.19.38:073][730]LogModuleManager: Shutting down and abandoning module MergeActors (428)
[2018.05.17-13.19.38:073][730]LogModuleManager: Shutting down and abandoning module SizeMap (426)
[2018.05.17-13.19.38:073][730]LogModuleManager: Shutting down and abandoning module TreeMap (424)
[2018.05.17-13.19.38:073][730]LogModuleManager: Shutting down and abandoning module ReferenceViewer (422)
[2018.05.17-13.19.38:073][730]LogModuleManager: Shutting down and abandoning module LocalizationDashboard (420)
[2018.05.17-13.19.38:073][730]LogModuleManager: Shutting down and abandoning module LocalizationService (419)
[2018.05.17-13.19.38:073][730]LogModuleManager: Shutting down and abandoning module HardwareTargeting (416)
[2018.05.17-13.19.38:073][730]LogModuleManager: Shutting down and abandoning module DeviceProfileEditor (414)
[2018.05.17-13.19.38:073][730]LogModuleManager: Shutting down and abandoning module UndoHistory (412)
[2018.05.17-13.19.38:073][730]LogModuleManager: Shutting down and abandoning module UserFeedback (410)
[2018.05.17-13.19.38:073][730]LogModuleManager: Shutting down and abandoning module XmlParser (408)
[2018.05.17-13.19.38:073][730]LogModuleManager: Shutting down and abandoning module Blutility (406)
[2018.05.17-13.19.38:073][730]LogModuleManager: Shutting down and abandoning module ProjectSettingsViewer (404)
[2018.05.17-13.19.38:073][730]LogModuleManager: Shutting down and abandoning module ProjectTargetPlatformEditor (403)
[2018.05.17-13.19.38:073][730]LogModuleManager: Shutting down and abandoning module EditorSettingsViewer (400)
[2018.05.17-13.19.38:073][730]LogModuleManager: Shutting down and abandoning module SettingsEditor (398)
[2018.05.17-13.19.38:073][730]LogModuleManager: Shutting down and abandoning module ProjectLauncher (396)
[2018.05.17-13.19.38:073][730]LogModuleManager: Shutting down and abandoning module SessionFrontend (394)
[2018.05.17-13.19.38:073][730]LogModuleManager: Shutting down and abandoning module ProfilerClient (392)
[2018.05.17-13.19.38:074][730]LogModuleManager: Shutting down and abandoning module DeviceManager (390)
[2018.05.17-13.19.38:074][730]LogModuleManager: Shutting down and abandoning module TargetDeviceServices (389)
[2018.05.17-13.19.38:117][730]LogModuleManager: Shutting down and abandoning module AutomationController (386)
[2018.05.17-13.19.38:117][730]LogModuleManager: Shutting down and abandoning module AutomationWindow (384)
[2018.05.17-13.19.38:117][730]LogModuleManager: Shutting down and abandoning module Layers (382)
[2018.05.17-13.19.38:117][730]LogModuleManager: Shutting down and abandoning module ComponentVisualizers (380)
[2018.05.17-13.19.38:117][730]LogModuleManager: Shutting down and abandoning module DetailCustomizations (378)
[2018.05.17-13.19.38:117][730]LogModuleManager: Shutting down and abandoning module PackagesDialog (376)
[2018.05.17-13.19.38:117][730]LogModuleManager: Shutting down and abandoning module Persona (374)
[2018.05.17-13.19.38:117][730]LogModuleManager: Shutting down and abandoning module AdvancedPreviewScene (373)
[2018.05.17-13.19.38:117][730]LogModuleManager: Shutting down and abandoning module AnimGraph (371)
[2018.05.17-13.19.38:117][730]LogModuleManager: Shutting down and abandoning module Kismet (368)
[2018.05.17-13.19.38:139][730]LogModuleManager: Shutting down and abandoning module ClassViewer (366)
[2018.05.17-13.19.38:139][730]LogModuleManager: Shutting down and abandoning module Toolbox (364)
[2018.05.17-13.19.38:139][730]LogModuleManager: Shutting down and abandoning module ModuleUI (362)
[2018.05.17-13.19.38:139][730]LogModuleManager: Shutting down and abandoning module MovieSceneTools (360)
[2018.05.17-13.19.38:139][730]LogModuleManager: Shutting down and abandoning module OutputLog (358)
[2018.05.17-13.19.38:139][730]LogModuleManager: Shutting down and abandoning module GammaUI (356)
[2018.05.17-13.19.38:139][730]LogModuleManager: Shutting down and abandoning module Documentation (354)
[2018.05.17-13.19.38:139][730]LogModuleManager: Shutting down and abandoning module MovieSceneTracks (352)
[2018.05.17-13.19.38:139][730]LogModuleManager: Shutting down and abandoning module MovieScene (350)
[2018.05.17-13.19.38:139][730]LogModuleManager: Shutting down and abandoning module Niagara (348)
[2018.05.17-13.19.38:139][730]LogModuleManager: Shutting down and abandoning module NiagaraEditor (347)
[2018.05.17-13.19.38:140][730]LogModuleManager: Shutting down and abandoning module StreamingPauseRendering (344)
[2018.05.17-13.19.38:140][730]LogModuleManager: Shutting down and abandoning module AnalyticsET (342)
[2018.05.17-13.19.38:140][730]LogModuleManager: Shutting down and abandoning module PortalServices (340)
[2018.05.17-13.19.38:140][730]LogModuleManager: Shutting down and abandoning module PortalRpc (338)
[2018.05.17-13.19.38:140][730]LogModuleManager: Shutting down and abandoning module MessagingRpc (336)
[2018.05.17-13.19.38:140][730]LogModuleManager: Shutting down and abandoning module AIModule (334)
[2018.05.17-13.19.38:140][730]LogModuleManager: Shutting down and abandoning module GameplayDebugger (333)
[2018.05.17-13.19.38:140][730]LogModuleManager: Shutting down and abandoning module AITestSuite (331)
[2018.05.17-13.19.38:140][730]LogModuleManager: Shutting down and abandoning module ProfilerService (328)
[2018.05.17-13.19.38:205][730]LogModuleManager: Shutting down and abandoning module TaskGraph (326)
[2018.05.17-13.19.38:205][730]LogModuleManager: Shutting down and abandoning module SteamVRController (324)
[2018.05.17-13.19.38:205][730]LogModuleManager: Shutting down and abandoning module SteamVR (322)
[2018.05.17-13.19.38:205][730]LogModuleManager: Shutting down and abandoning module ProceduralMeshComponentEditor (320)
[2018.05.17-13.19.38:205][730]LogModuleManager: Shutting down and abandoning module ProceduralMeshComponent (318)
[2018.05.17-13.19.38:205][730]LogModuleManager: Shutting down and abandoning module OculusLibrary (316)
[2018.05.17-13.19.38:205][730]LogModuleManager: Shutting down and abandoning module OculusInput (314)
[2018.05.17-13.19.38:205][730]LogModuleManager: Shutting down and abandoning module MobilePatchingUtils (312)
[2018.05.17-13.19.38:205][730]LogModuleManager: Shutting down and abandoning module CustomMeshComponent (310)
[2018.05.17-13.19.38:205][730]LogModuleManager: Shutting down and abandoning module CableComponent (308)
[2018.05.17-13.19.38:205][730]LogModuleManager: Shutting down and abandoning module ArchVisCharacter (306)
[2018.05.17-13.19.38:205][730]LogModuleManager: Shutting down and abandoning module AndroidPermission (304)
[2018.05.17-13.19.38:205][730]LogModuleManager: Shutting down and abandoning module MediaPlayerEditor (300)
[2018.05.17-13.19.38:205][730]LogModuleManager: Shutting down and abandoning module HTML5Networking (298)
[2018.05.17-13.19.38:205][730]LogModuleManager: Shutting down and abandoning module AlembicImporter (296)
[2018.05.17-13.19.38:205][730]LogModuleManager: Shutting down and abandoning module AlembicLibrary (295)
[2018.05.17-13.19.38:205][730]LogModuleManager: Shutting down and abandoning module GeometryCache (294)
[2018.05.17-13.19.38:205][730]LogModuleManager: Shutting down and abandoning module GeometryCacheEd (293)
[2018.05.17-13.19.38:205][730]LogModuleManager: Shutting down and abandoning module SuperSearchEditor (288)
[2018.05.17-13.19.38:205][730]LogModuleManager: Shutting down and abandoning module SuperSearch (287)
[2018.05.17-13.19.38:205][730]LogModuleManager: Shutting down and abandoning module SpeedTreeImporter (284)
[2018.05.17-13.19.38:205][730]LogModuleManager: Shutting down and abandoning module PluginBrowser (282)
[2018.05.17-13.19.38:205][730]LogModuleManager: Shutting down and abandoning module MobileLauncherProfileWizard (280)
[2018.05.17-13.19.38:205][730]LogModuleManager: Shutting down and abandoning module VisualStudioSourceCodeAccess (278)
[2018.05.17-13.19.38:205][730]LogModuleManager: Shutting down and abandoning module DesktopPlatform (277)
[2018.05.17-13.19.38:205][730]LogModuleManager: Shutting down and abandoning module UObjectPlugin (274)
[2018.05.17-13.19.38:205][730]LogModuleManager: Shutting down and abandoning module SubversionSourceControl (272)
[2018.05.17-13.19.38:205][730]LogModuleManager: Shutting down and abandoning module PerforceSourceControl (270)
[2018.05.17-13.19.38:206][730]LogModuleManager: Shutting down and abandoning module GitSourceControl (268)
[2018.05.17-13.19.38:206][730]LogModuleManager: Shutting down and abandoning module SourceControl (267)
[2018.05.17-13.19.38:206][730]LogModuleManager: Shutting down and abandoning module LightPropagationVolumeEditor (264)
[2018.05.17-13.19.38:206][730]LogModuleManager: Shutting down and abandoning module PaperTiledImporter (262)
[2018.05.17-13.19.38:206][730]LogModuleManager: Shutting down and abandoning module PaperSpriteSheetImporter (260)
[2018.05.17-13.19.38:206][730]LogModuleManager: Shutting down and abandoning module Paper2DEditor (258)
[2018.05.17-13.19.38:206][730]LogModuleManager: Shutting down and abandoning module MeshPaint (257)
[2018.05.17-13.19.38:206][730]LogModuleManager: Shutting down and abandoning module LevelEditor (255)
[2018.05.17-13.19.38:207][730]LogModuleManager: Shutting down and abandoning module PixelInspectorModule (254)
[2018.05.17-13.19.38:207][730]LogModuleManager: Shutting down and abandoning module MainFrame (252)
[2018.05.17-13.19.38:207][730]LogModuleManager: Shutting down and abandoning module HotReload (251)
[2018.05.17-13.19.38:208][730]LogModuleManager: Shutting down and abandoning module PhysXVehiclesEditor (246)
[2018.05.17-13.19.38:208][730]LogModuleManager: Shutting down and abandoning module PhysXVehicles (244)
[2018.05.17-13.19.38:208][730]LogModuleManager: Shutting down and abandoning module LocationServicesBPLibrary (242)
[2018.05.17-13.19.38:208][730]LogModuleManager: Shutting down and abandoning module ImmediatePhysicsEditor (240)
[2018.05.17-13.19.38:208][730]LogModuleManager: Shutting down and abandoning module ImmediatePhysics (238)
[2018.05.17-13.19.38:208][730]LogModuleManager: Shutting down and abandoning module UdpMessaging (236)
[2018.05.17-13.19.38:309][730]LogModuleManager: Shutting down and abandoning module TcpMessaging (234)
[2018.05.17-13.19.38:410][730]LogModuleManager: Shutting down and abandoning module GameplayTagsEditor (232)
[2018.05.17-13.19.38:410][730]LogModuleManager: Shutting down and abandoning module FacialAnimationEditor (230)
[2018.05.17-13.19.38:410][730]LogModuleManager: Shutting down and abandoning module FacialAnimation (228)
[2018.05.17-13.19.38:410][730]LogModuleManager: Shutting down and abandoning module AssetManagerEditor (226)
[2018.05.17-13.19.38:410][730]LogModuleManager: Shutting down and abandoning module GraphEditor (225)
[2018.05.17-13.19.38:410][730]LogModuleManager: Shutting down and abandoning module ContentBrowser (223)
[2018.05.17-13.19.38:412][730]LogModuleManager: Shutting down and abandoning module LightPropagationVolumeRuntime (220)
[2018.05.17-13.19.38:412][730]LogModuleManager: Shutting down and abandoning module Paper2D (218)
[2018.05.17-13.19.38:412][730]LogModuleManager: Shutting down and abandoning module WindowsMoviePlayer (216)
[2018.05.17-13.19.38:413][730]LogModuleManager: Shutting down and abandoning module WmfMedia (214)
[2018.05.17-13.19.38:418][730]LogModuleManager: Shutting down and abandoning module ClothingSystemEditor (212)
[2018.05.17-13.19.38:419][730]LogModuleManager: Shutting down and abandoning module ClothingSystemRuntime (210)
[2018.05.17-13.19.38:419][730]LogModuleManager: Shutting down and abandoning module MediaAssets (208)
[2018.05.17-13.19.38:419][730]LogModuleManager: Shutting down and abandoning module GameLiveStreaming (206)
[2018.05.17-13.19.38:419][730]LogModuleManager: Shutting down and abandoning module VREditor (204)
[2018.05.17-13.19.38:419][730]LogModuleManager: Shutting down and abandoning module StringTableEditor (202)
[2018.05.17-13.19.38:419][730]LogModuleManager: Shutting down and abandoning module GameplayTasksEditor (200)
[2018.05.17-13.19.38:419][730]LogModuleManager: Shutting down and abandoning module BehaviorTreeEditor (198)
[2018.05.17-13.19.38:419][730]LogModuleManager: Shutting down and abandoning module FunctionalTesting (196)
[2018.05.17-13.19.38:419][730]LogModuleManager: Shutting down and abandoning module CollisionAnalyzer (194)
[2018.05.17-13.19.38:419][730]LogModuleManager: Shutting down and abandoning module UMG (192)
[2018.05.17-13.19.38:419][730]LogModuleManager: Shutting down and abandoning module UMGEditor (191)
[2018.05.17-13.19.38:419][730]LogModuleManager: Shutting down and abandoning module Sequencer (190)
[2018.05.17-13.19.38:419][730]LogModuleManager: Shutting down and abandoning module AssetTools (188)
[2018.05.17-13.19.38:419][730]LogModuleManager: Shutting down and abandoning module MessageLog (187)
[2018.05.17-13.19.38:419][730]LogModuleManager: Shutting down and abandoning module WorkspaceMenuStructure (186)
[2018.05.17-13.19.38:419][730]LogModuleManager: Shutting down and abandoning module SlateReflector (180)
[2018.05.17-13.19.38:420][730]LogModuleManager: Shutting down and abandoning module Slate (178)
[2018.05.17-13.19.38:420][730]LogModuleManager: Shutting down and abandoning module EditorStyle (176)
[2018.05.17-13.19.38:424][730]LogModuleManager: Shutting down and abandoning module SourceCodeAccess (174)
[2018.05.17-13.19.38:424][730]LogModuleManager: Shutting down and abandoning module HeadMountedDisplay (172)
[2018.05.17-13.19.38:424][730]LogModuleManager: Shutting down and abandoning module XAudio2 (170)
[2018.05.17-13.19.38:424][730]LogModuleManager: Shutting down and abandoning module Networking (168)
[2018.05.17-13.19.38:424][730]LogModuleManager: Shutting down and abandoning module Core (164)
[2018.05.17-13.19.38:424][730]LogModuleManager: Shutting down and abandoning module AssetRegistry (162)
[2018.05.17-13.19.38:695][730]LogDirectoryWatcher: A directory notification for '../../../Engine/Content/' was aborted.
[2018.05.17-13.19.38:695][730]LogDirectoryWatcher: A directory notification for 'C:/Users/alex/Documents/GitHub/TeamProject/Survival/Content/' was aborted.
[2018.05.17-13.19.38:695][730]LogDirectoryWatcher: A directory notification for '../../../Engine/Plugins/2D/Paper2D/Content/' was aborted.
[2018.05.17-13.19.38:695][730]LogDirectoryWatcher: A directory notification for '../../../Engine/Plugins/Runtime/GearVR/Content/' was aborted.
[2018.05.17-13.19.38:706][730]LogModuleManager: Shutting down and abandoning module DirectoryWatcher (161)
[2018.05.17-13.19.38:707][730]LogModuleManager: Shutting down and abandoning module KismetCompiler (158)
[2018.05.17-13.19.38:707][730]LogModuleManager: Shutting down and abandoning module LevelSequence (156)
[2018.05.17-13.19.38:707][730]LogModuleManager: Shutting down and abandoning module PhysXFormats (154)
[2018.05.17-13.19.38:707][730]LogModuleManager: Shutting down and abandoning module MeshUtilities (152)
[2018.05.17-13.19.38:707][730]LogModuleManager: Shutting down and abandoning module SimplygonSwarm (151)
[2018.05.17-13.19.38:707][730]LogModuleManager: Shutting down and abandoning module SimplygonMeshReduction (149)
[2018.05.17-13.19.38:707][730]LogModuleManager: Shutting down and abandoning module QuadricMeshReduction (147)
[2018.05.17-13.19.38:707][730]LogModuleManager: Shutting down and abandoning module DerivedDataCache (144)
[2018.05.17-13.19.38:791][730]LogDerivedDataCache: Shutdown
[2018.05.17-13.19.38:792][730]LogModuleManager: Shutting down and abandoning module TargetPlatform (142)
[2018.05.17-13.19.38:792][730]LogModuleManager: Shutting down and abandoning module VulkanShaderFormat (141)
[2018.05.17-13.19.38:792][730]LogModuleManager: Shutting down and abandoning module ShaderFormatVectorVM (139)
[2018.05.17-13.19.38:792][730]LogModuleManager: Shutting down and abandoning module ShaderFormatOpenGL (137)
[2018.05.17-13.19.38:792][730]LogModuleManager: Shutting down and abandoning module ShaderFormatD3D (135)
[2018.05.17-13.19.38:792][730]LogModuleManager: Shutting down and abandoning module MetalShaderFormat (133)
[2018.05.17-13.19.38:792][730]LogModuleManager: Shutting down and abandoning module TextureFormatUncompressed (131)
[2018.05.17-13.19.38:792][730]LogModuleManager: Shutting down and abandoning module TextureFormatPVR (129)
[2018.05.17-13.19.38:792][730]LogModuleManager: Shutting down and abandoning module TextureFormatDXT (127)
[2018.05.17-13.19.38:792][730]LogModuleManager: Shutting down and abandoning module TextureFormatIntelISPCTexComp (125)
[2018.05.17-13.19.38:792][730]LogModuleManager: Shutting down and abandoning module TextureFormatASTC (123)
[2018.05.17-13.19.38:792][730]LogModuleManager: Shutting down and abandoning module ImageWrapper (122)
[2018.05.17-13.19.38:792][730]LogModuleManager: Shutting down and abandoning module TextureFormatAndroid (119)
[2018.05.17-13.19.38:792][730]LogModuleManager: Shutting down and abandoning module AudioFormatOpus (117)
[2018.05.17-13.19.38:792][730]LogModuleManager: Shutting down and abandoning module AudioFormatOgg (115)
[2018.05.17-13.19.38:792][730]LogModuleManager: Shutting down and abandoning module AudioFormatADPCM (113)
[2018.05.17-13.19.38:792][730]LogModuleManager: Shutting down and abandoning module LinuxTargetPlatform (111)
[2018.05.17-13.19.38:792][730]LogModuleManager: Shutting down and abandoning module LinuxServerTargetPlatform (109)
[2018.05.17-13.19.38:792][730]LogModuleManager: Shutting down and abandoning module LinuxNoEditorTargetPlatform (107)
[2018.05.17-13.19.38:792][730]LogModuleManager: Shutting down and abandoning module LinuxClientTargetPlatform (105)
[2018.05.17-13.19.38:792][730]LogModuleManager: Shutting down and abandoning module TVOSTargetPlatform (103)
[2018.05.17-13.19.38:792][730]LogModuleManager: Shutting down and abandoning module Messaging (101)
[2018.05.17-13.19.38:793][730]LogModuleManager: Shutting down and abandoning module IOSTargetPlatform (99)
[2018.05.17-13.19.38:793][730]LogModuleManager: Shutting down and abandoning module HTML5TargetPlatform (97)
[2018.05.17-13.19.38:793][730]LogModuleManager: Shutting down and abandoning module Android_PVRTCTargetPlatform (95)
[2018.05.17-13.19.38:793][730]LogModuleManager: Shutting down and abandoning module Android_MultiTargetPlatform (93)
[2018.05.17-13.19.38:793][730]LogModuleManager: Shutting down and abandoning module Android_ETC2TargetPlatform (91)
[2018.05.17-13.19.38:793][730]LogModuleManager: Shutting down and abandoning module Android_ETC1TargetPlatform (89)
[2018.05.17-13.19.38:793][730]LogModuleManager: Shutting down and abandoning module Android_DXTTargetPlatform (87)
[2018.05.17-13.19.38:793][730]LogModuleManager: Shutting down and abandoning module Android_ATCTargetPlatform (85)
[2018.05.17-13.19.38:793][730]LogModuleManager: Shutting down and abandoning module Android_ASTCTargetPlatform (83)
[2018.05.17-13.19.38:793][730]LogModuleManager: Shutting down and abandoning module AndroidTargetPlatform (81)
[2018.05.17-13.19.38:793][730]LogModuleManager: Shutting down and abandoning module WindowsTargetPlatform (79)
[2018.05.17-13.19.38:793][730]LogModuleManager: Shutting down and abandoning module WindowsServerTargetPlatform (77)
[2018.05.17-13.19.38:793][730]LogModuleManager: Shutting down and abandoning module WindowsNoEditorTargetPlatform (75)
[2018.05.17-13.19.38:793][730]LogModuleManager: Shutting down and abandoning module WindowsClientTargetPlatform (73)
[2018.05.17-13.19.38:793][730]LogModuleManager: Shutting down and abandoning module MacTargetPlatform (71)
[2018.05.17-13.19.38:793][730]LogModuleManager: Shutting down and abandoning module MacServerTargetPlatform (69)
[2018.05.17-13.19.38:793][730]LogModuleManager: Shutting down and abandoning module MacNoEditorTargetPlatform (67)
[2018.05.17-13.19.38:793][730]LogModuleManager: Shutting down and abandoning module MacClientTargetPlatform (65)
[2018.05.17-13.19.38:793][730]LogModuleManager: Shutting down and abandoning module AllDesktopTargetPlatform (63)
[2018.05.17-13.19.38:793][730]LogModuleManager: Shutting down and abandoning module InputCore (60)
[2018.05.17-13.19.38:793][730]LogModuleManager: Shutting down and abandoning module Settings (58)
[2018.05.17-13.19.38:793][730]LogModuleManager: Shutting down and abandoning module OculusRift (56)
[2018.05.17-13.19.38:793][730]LogModuleManager: Shutting down and abandoning module GearVRController (54)
[2018.05.17-13.19.38:793][730]LogModuleManager: Shutting down and abandoning module GearVR (52)
[2018.05.17-13.19.38:793][730]LogModuleManager: Shutting down and abandoning module ExampleDeviceProfileSelector (50)
[2018.05.17-13.19.38:793][730]LogModuleManager: Shutting down and abandoning module OnlineBlueprintSupport (48)
[2018.05.17-13.19.38:793][730]LogModuleManager: Shutting down and abandoning module OnlineSubsystem (44)
[2018.05.17-13.19.38:793][730]LogOnline:Display: Unloading online subsystem: NULL
[2018.05.17-13.19.38:793][730]LogModuleManager: Shutting down and abandoning module XMPP (43)
[2018.05.17-13.19.38:793][730]LogModuleManager: Shutting down and abandoning module HTTP (41)
[2018.05.17-13.19.38:793][730]LogHttp:Display: Http module shutting down, but needs to wait on 1 outstanding Http requests:
[2018.05.17-13.19.38:793][730]LogHttp:Display: 	verb=[POST] url=[https://datarouter.ol.epicgames.com/datarouter/api/v1/public/data?SessionID=%7BA28A3D7E-4838-76BC-15E8-4A8A249E50F0%7D&AppID=UEEditor.Rocket.Release&AppVersion=4.16.3-3561208%2B%2B%2BUE4%2BRelease-4.16&UserID=45990d8c459c3705c0a9cb87f027e809%7Cf70a4014985c4f248ed4a27b6789fab9%7Cb90d7bb2-1687-4024-89a9-e6b1c227c3ec&AppEnvironment=datacollector-binary&UploadType=eteventstream] status=Processing
[2018.05.17-13.19.38:827][730]LogModuleManager: Shutting down and abandoning module SSL (40)
[2018.05.17-13.19.38:830][730]LogModuleManager: Shutting down and abandoning module HTTPChunkInstaller (36)
[2018.05.17-13.19.38:830][730]LogModuleManager: Shutting down and abandoning module AnimationModifiers (34)
[2018.05.17-13.19.38:830][730]LogModuleManager: Shutting down and abandoning module PropertyEditor (33)
[2018.05.17-13.19.38:830][730]LogModuleManager: Shutting down and abandoning module AudioEditor (30)
[2018.05.17-13.19.38:830][730]LogModuleManager: Shutting down and abandoning module TextureCompressor (28)
[2018.05.17-13.19.38:830][730]LogModuleManager: Shutting down and abandoning module ShaderCore (26)
[2018.05.17-13.19.38:830][730]LogModuleManager: Shutting down and abandoning module Landscape (24)
[2018.05.17-13.19.38:830][730]LogModuleManager: Shutting down and abandoning module SlateRHIRenderer (22)
[2018.05.17-13.19.38:834][730]LogModuleManager: Shutting down and abandoning module OpenGLDrv (20)
[2018.05.17-13.19.38:834][730]LogModuleManager: Shutting down and abandoning module D3D11RHI (18)
[2018.05.17-13.19.38:834][730]LogModuleManager: Shutting down and abandoning module AnimGraphRuntime (16)
[2018.05.17-13.19.38:834][730]LogModuleManager: Shutting down and abandoning module Renderer (14)
[2018.05.17-13.19.38:834][730]LogModuleManager: Shutting down and abandoning module Engine (12)
[2018.05.17-13.19.38:834][730]LogModuleManager: Shutting down and abandoning module CoreUObject (10)
[2018.05.17-13.19.38:834][730]LogModuleManager: Shutting down and abandoning module NetworkFile (8)
[2018.05.17-13.19.38:834][730]LogModuleManager: Shutting down and abandoning module StreamingFile (6)
[2018.05.17-13.19.38:834][730]LogModuleManager: Shutting down and abandoning module SandboxFile (4)
[2018.05.17-13.19.38:834][730]LogModuleManager: Shutting down and abandoning module PakFile (2)
[2018.05.17-13.19.38:838][730]LogExit: Exiting.
[2018.05.17-13.19.38:879][730]Log file closed, 05/17/18 14:19:38
