Log file open, 02/15/18 12:08:26
LogInit:Display: Running engine for game: Survival
LogPlatformFile: Not using cached read wrapper
LogInit:Display: RandInit(-1471211548) SRandInit(-1471211548).
LogTaskGraph: Started task graph with 5 named threads and 6 total threads with 1 sets of task threads.
LogStats: Stats thread started at 8.928344
LogInit: Using libcurl 7.47.1
LogInit:  - built for x86_64-pc-win32
LogInit:  - supports SSL with OpenSSL/1.0.2g
LogInit:  - supports HTTP deflate (compression) using libz 1.2.8
LogInit:  - other features:
LogInit:      CURL_VERSION_SSL
LogInit:      CURL_VERSION_LIBZ
LogInit:      CURL_VERSION_IPV6
LogInit:      CURL_VERSION_ASYNCHDNS
LogInit:      CURL_VERSION_LARGEFILE
LogInit:      CURL_VERSION_IDN
LogInit:  CurlRequestOptions (configurable via config and command line):
LogInit:  - bVerifyPeer = false  - Libcurl will NOT verify peer certificate
LogInit:  - bUseHttpProxy = false  - Libcurl will NOT use HTTP proxy
LogInit:  - bDontReuseConnections = false  - Libcurl will reuse connections
LogInit:  - CertBundlePath = nullptr  - Libcurl will use whatever was configured at build time.
LogInit: Build: ++UE4+Release-4.16-CL-3561208
LogInit: Engine Version: 4.16.3-3561208+++UE4+Release-4.16
LogInit: Compatible Engine Version: 4.16.0-3452394+++UE4+Release-4.16
LogInit: Net CL: 3452394
LogDevObjectVersion: Number of dev versions registered: 16
LogDevObjectVersion:   Dev-Blueprints (B0D832E4-1F89-4F0D-ACCF-7EB736FD4AA2): 9
LogDevObjectVersion:   Dev-Build (E1C64328-A22C-4D53-A36C-8E866417BD8C): 0
LogDevObjectVersion:   Dev-Core (375EC13C-06E4-48FB-B500-84F0262A717E): 2
LogDevObjectVersion:   Dev-Editor (E4B068ED-F494-42E9-A231-DA0B2E46BB41): 17
LogDevObjectVersion:   Dev-Framework (CFFC743F-43B0-4480-9391-14DF171D2073): 23
LogDevObjectVersion:   Dev-Mobile (B02B49B5-BB20-44E9-A304-32B752E40360): 0
LogDevObjectVersion:   Dev-Networking (A4E4105C-59A1-49B5-A7C5-40C4547EDFEE): 0
LogDevObjectVersion:   Dev-Online (39C831C9-5AE6-47DC-9A44-9C173E1C8E7C): 0
LogDevObjectVersion:   Dev-Physics (78F01B33-EBEA-4F98-B9B4-84EACCB95AA2): 0
LogDevObjectVersion:   Dev-Platform (6631380F-2D4D-43E0-8009-CF276956A95A): 0
LogDevObjectVersion:   Dev-Rendering (12F88B9F-8875-4AFC-A67C-D90C383ABD29): 15
LogDevObjectVersion:   Dev-Sequencer (7B5AE74C-D270-4C10-A958-57980B212A5A): 4
LogDevObjectVersion:   Dev-VR (D7296918-1DD6-4BDD-9DE2-64A83CC13884): 0
LogDevObjectVersion:   Dev-LoadTimes (C2A15278-BFE7-4AFE-6C17-90FF531DF755): 1
LogDevObjectVersion:   Private-Geometry (6EACA3D4-40EC-4CC1-B786-8BED09428FC5): 1
LogDevObjectVersion:   Dev-AnimPhys (29E575DD-E0A3-4627-9D10-D276232CDCEA): 3
LogInit: Compiled (64-bit): Jul 28 2017 11:49:47
LogInit: Compiled with Visual C++: 19.00.24215.01
LogInit: Build Configuration: Development
LogInit: Branch Name: ++UE4+Release-4.16
LogInit: Command line:  
LogInit: Base directory: C:/Program Files/Epic Games/UE_4.16/Engine/Binaries/Win64/
LogInit: Installed Engine Build: 1
LogInit: Presizing for max 8388607 objects, including 0 objects not considered by GC, pre-allocating 0 bytes for permanent pool.
LogInit: Object subsystem initialized
[2018.02.15-12.08.28:309][  0]LogInit: Selected Device Profile: [Windows]
[2018.02.15-12.08.28:309][  0]LogInit: Applying CVar settings loaded from the selected device profile: [Windows]
[2018.02.15-12.08.28:442][  0]LogInit: Computer: LAPTOP-RA57JA6K
[2018.02.15-12.08.28:442][  0]LogInit: User: Jamesrigby777
[2018.02.15-12.08.28:442][  0]LogInit: CPU Page size=4096, Cores=2
[2018.02.15-12.08.28:442][  0]LogInit: High frequency timer resolution =1.945316 MHz
[2018.02.15-12.08.28:443][  0]LogMemory: Memory total: Physical=7.9GB (8GB approx)
[2018.02.15-12.08.28:443][  0]LogMemory: Platform Memory Stats for Windows
[2018.02.15-12.08.28:443][  0]LogMemory: Process Physical Memory: 273.43 MB used, 273.43 MB peak
[2018.02.15-12.08.28:443][  0]LogMemory: Process Virtual Memory: 266.53 MB used, 266.53 MB peak
[2018.02.15-12.08.28:444][  0]LogMemory: Physical Memory: 3347.93 MB used,  4735.48 MB free, 8083.41 MB total
[2018.02.15-12.08.28:444][  0]LogMemory: Virtual Memory: 680.16 MB used,  4735.48 MB free, 134217728.00 MB total
[2018.02.15-12.08.39:192][  0]LogInit: Using OS detected language (en-GB).
[2018.02.15-12.08.39:192][  0]LogInit: Using OS detected locale (en-GB).
[2018.02.15-12.08.39:249][  0]LogTextLocalizationManager: No specific localization for 'en-GB' exists, so the 'en' localization will be used.
[2018.02.15-12.08.41:694][  0]LogD3D11RHI: D3D11 adapters:
[2018.02.15-12.08.41:759][  0]LogD3D11RHI:    0. 'Intel(R) HD Graphics 520' (Feature Level 11_0)
[2018.02.15-12.08.41:759][  0]LogD3D11RHI:       128/0/4041 MB DedicatedVideo/DedicatedSystem/SharedSystem, Outputs:1, VendorId:0x8086
[2018.02.15-12.08.41:831][  0]LogD3D11RHI:    1. 'Microsoft Basic Render Driver' (Feature Level 11_0)
[2018.02.15-12.08.41:831][  0]LogD3D11RHI:       0/0/4041 MB DedicatedVideo/DedicatedSystem/SharedSystem, Outputs:0, VendorId:0x1414
[2018.02.15-12.08.41:831][  0]LogD3D11RHI: Chosen D3D11 Adapter: 0
[2018.02.15-12.08.41:850][  0]LogD3D11RHI: Creating new Direct3DDevice
[2018.02.15-12.08.41:851][  0]LogD3D11RHI:     GPU DeviceId: 0x1916 (for the marketing name, search the web for "GPU Device Id")
[2018.02.15-12.08.41:851][  0]LogWindows: EnumDisplayDevices:
[2018.02.15-12.08.41:851][  0]LogWindows:    0. 'Intel(R) HD Graphics 520' (P:1 D:1)
[2018.02.15-12.08.41:852][  0]LogWindows:    1. 'Intel(R) HD Graphics 520' (P:0 D:0)
[2018.02.15-12.08.41:853][  0]LogWindows:    2. 'Intel(R) HD Graphics 520' (P:0 D:0)
[2018.02.15-12.08.41:853][  0]LogWindows: DebugString: GetVideoDriverDetailsInvalid PrimaryIsNotTheChoosenAdapter GetVideoDriverDetailsInvalid PrimaryIsNotTheChoosenAdapter GetVideoDriverDetailsInvalid PrimaryIsNotTheChoosenAdapter FoundDriverCount:0 
[2018.02.15-12.08.41:853][  0]LogD3D11RHI:     Adapter Name: Intel(R) HD Graphics 520
[2018.02.15-12.08.41:853][  0]LogD3D11RHI:   Driver Version: Unknown (internal:Unknown, unified:Unknown)
[2018.02.15-12.08.41:853][  0]LogD3D11RHI:      Driver Date: Unknown
[2018.02.15-12.08.41:854][  0]LogRHI: Texture pool is 1361 MB (70% of 1945 MB)
[2018.02.15-12.08.41:886][  0]LogD3D11RHI: Async texture creation enabled
[2018.02.15-12.08.42:117][  0]LogD3D11RHI: GPU Timing Frequency: 12.000000 (Debug: 2 0)
[2018.02.15-12.08.42:151][  0]LogShaderCompilers: Guid format shader working directory is -21 characters bigger than the processId version (../../../../../../Users/Jamesrigby777/Documents/GitHub/TeamProject/Survival/Intermediate/Shaders/WorkingDirectory/9248/).
[2018.02.15-12.08.42:152][  0]LogShaderCompilers: Cleaned the shader compiler working directory 'C:/Users/Jamesrigby777/AppData/Local/Temp/UnrealShaderWorkingDir/5587922D48CCDA05DA0EAF87A1F22F20/'.
[2018.02.15-12.08.42:152][  0]LogShaderCompilers:Display: Using Local Shader Compiler.
[2018.02.15-12.08.47:758][  0]LogTemp:Display: Loaded TP AllDesktopTargetPlatform
[2018.02.15-12.08.47:915][  0]LogTemp:Display: Loaded TP MacClientTargetPlatform
[2018.02.15-12.08.48:065][  0]LogTemp:Display: Loaded TP MacNoEditorTargetPlatform
[2018.02.15-12.08.48:210][  0]LogTemp:Display: Loaded TP MacServerTargetPlatform
[2018.02.15-12.08.48:378][  0]LogTemp:Display: Loaded TP MacTargetPlatform
[2018.02.15-12.08.48:527][  0]LogTemp:Display: Loaded TP WindowsClientTargetPlatform
[2018.02.15-12.08.48:655][  0]LogTemp:Display: Loaded TP WindowsNoEditorTargetPlatform
[2018.02.15-12.08.48:793][  0]LogTemp:Display: Loaded TP WindowsServerTargetPlatform
[2018.02.15-12.08.48:927][  0]LogTemp:Display: Loaded TP WindowsTargetPlatform
[2018.02.15-12.08.49:166][  0]LogTemp:Display: Loaded TP AndroidTargetPlatform
[2018.02.15-12.08.49:307][  0]LogTemp:Display: Loaded TP Android_ASTCTargetPlatform
[2018.02.15-12.08.49:485][  0]LogTemp:Display: Loaded TP Android_ATCTargetPlatform
[2018.02.15-12.08.49:648][  0]LogTemp:Display: Loaded TP Android_DXTTargetPlatform
[2018.02.15-12.08.49:783][  0]LogTemp:Display: Loaded TP Android_ETC1TargetPlatform
[2018.02.15-12.08.49:936][  0]LogTemp:Display: Loaded TP Android_ETC2TargetPlatform
[2018.02.15-12.08.50:282][  0]LogTemp:Display: Loaded TP Android_MultiTargetPlatform
[2018.02.15-12.08.50:282][  0]LogTemp:Display: Loaded TP Android_PVRTCTargetPlatform
[2018.02.15-12.08.50:416][  0]LogTemp:Display: Loaded TP HTML5TargetPlatform
[2018.02.15-12.08.50:727][  0]LogTemp:Display: Loaded TP IOSTargetPlatform
[2018.02.15-12.08.50:808][  0]LogTemp:Display: Loaded TP TVOSTargetPlatform
[2018.02.15-12.08.50:943][  0]LogTemp:Display: Loaded TP LinuxClientTargetPlatform
[2018.02.15-12.08.51:106][  0]LogTemp:Display: Loaded TP LinuxNoEditorTargetPlatform
[2018.02.15-12.08.51:302][  0]LogTemp:Display: Loaded TP LinuxServerTargetPlatform
[2018.02.15-12.08.51:534][  0]LogTemp:Display: Loaded TP LinuxTargetPlatform
[2018.02.15-12.08.51:549][  0]LogTargetPlatformManager:Display: Building Assets For Windows
[2018.02.15-12.08.54:436][  0]LogDerivedDataCache:Display: Max Cache Size: 512 MB
[2018.02.15-12.08.55:884][  0]LogDerivedDataCache: Loaded boot cache 1.45s 91MB C:/Users/Jamesrigby777/AppData/Local/UnrealEngine/4.16/DerivedDataCache/Boot.ddc.
[2018.02.15-12.08.55:884][  0]LogDerivedDataCache:Display: Loaded Boot cache: C:/Users/Jamesrigby777/AppData/Local/UnrealEngine/4.16/DerivedDataCache/Boot.ddc
[2018.02.15-12.08.55:884][  0]LogDerivedDataCache: FDerivedDataBackendGraph:  Pak pak cache file ../../../../../../Users/Jamesrigby777/Documents/GitHub/TeamProject/Survival/DerivedDataCache/DDC.ddp not found, will not use a pak cache.
[2018.02.15-12.08.55:884][  0]LogDerivedDataCache: Unable to find inner node Pak for hierarchical cache Hierarchy.
[2018.02.15-12.08.55:884][  0]LogDerivedDataCache: FDerivedDataBackendGraph:  CompressedPak pak cache file ../../../../../../Users/Jamesrigby777/Documents/GitHub/TeamProject/Survival/DerivedDataCache/Compressed.ddp not found, will not use a pak cache.
[2018.02.15-12.08.55:884][  0]LogDerivedDataCache: Unable to find inner node CompressedPak for hierarchical cache Hierarchy.
[2018.02.15-12.08.56:017][  0]LogDerivedDataCache:Display: Pak cache opened for reading ../../../Engine/DerivedDataCache/Compressed.ddp.
[2018.02.15-12.08.56:033][  0]LogDerivedDataCache: Using Local data cache path C:/Users/Jamesrigby777/AppData/Local/UnrealEngine/Common/DerivedDataCache: Writable
[2018.02.15-12.08.56:082][  0]LogMaterial: Verifying Global Shaders for PCD3D_SM5
[2018.02.15-12.08.56:107][  0]LogSlate: Using Freetype 2.6.0
[2018.02.15-12.08.56:155][  0]LogSlate: SlateFontCache - WITH_FREETYPE: 1, WITH_HARFBUZZ: 1
[2018.02.15-12.08.56:155][  0]LogSlate: SlateFontCache - WITH_FREETYPE: 1, WITH_HARFBUZZ: 1
[2018.02.15-12.09.04:141][  0]LogInit: Selected Device Profile: [Windows]
[2018.02.15-12.09.04:646][  0]LogContentStreaming: Texture pool size is 0.00 MB
[2018.02.15-12.09.05:712][  0]LogMeshUtilities: Using QuadricMeshReduction for automatic static mesh reduction
[2018.02.15-12.09.05:958][  0]LogSimplygon: Simplygon DLL not present - disabling.
[2018.02.15-12.09.06:205][  0]LogMeshUtilities: Using SimplygonSwarm for distributed automatic mesh merging
[2018.02.15-12.09.06:205][  0]LogMeshUtilities: No automatic skeletal mesh reduction module available
[2018.02.15-12.09.06:205][  0]LogMeshUtilities: No automatic mesh merging module available
[2018.02.15-12.09.11:012][  0]LogNetVersion: Survival , NetCL: 3452394, EngineNetVer: 2, GameNetVer: 0 (Checksum: 3038584403)
[2018.02.15-12.09.11:507][  0]LogAssetRegistry: FAssetRegistry took 0.0317 seconds to start up
[2018.02.15-12.09.11:992][  0]LogPackageLocalizationCache: Processed 4 localized package path(s) for 2 prioritized culture(s) in 0.285797 seconds
[2018.02.15-12.09.12:011][  0]LogUObjectArray: 34194 objects as part of root set at end of initial load.
[2018.02.15-12.09.12:011][  0]LogUObjectAllocator: 7260416 out of 0 bytes used by permanent object pool.
[2018.02.15-12.09.12:011][  0]LogUObjectArray: CloseDisregardForGC: 0/0 objects in disregard for GC pool
[2018.02.15-12.09.12:416][  0]LogInit: WinSock: version 1.1 (2.2), MaxSocks=32767, MaxUdp=65467
[2018.02.15-12.09.45:978][  0]LogTcpMessaging: Initializing TcpMessaging bridge
[2018.02.15-12.09.46:241][  0]LogUdpMessaging: Initializing bridge on interface 0.0.0.0:0 to multicast group 230.0.0.1:6666.
[2018.02.15-12.09.49:042][  0]LogMaterial: Uniform references updated for custom material expression Custom.
[2018.02.15-12.09.50:573][  0]SourceControl: Info Source control is disabled
[2018.02.15-12.09.50:581][  0]SourceControl: Info Source control is disabled
[2018.02.15-12.09.50:820][  0]SourceControl: Info Source control is disabled
[2018.02.15-12.09.51:018][  0]SourceControl: Info Source control is disabled
[2018.02.15-12.09.55:030][  0]LogAndroidPermission: UAndroidPermissionCallbackProxy::GetInstance
[2018.02.15-12.09.58:165][  0]LogEngine: Initializing Engine...
[2018.02.15-12.09.58:194][  0]LogHMD: Failed to initialize OpenVR with code 110
[2018.02.15-12.09.58:719][  0]LogStats: UGameplayTagsManager::ConstructGameplayTagTree: Construct from data asset -  0.000 s
[2018.02.15-12.09.58:719][  0]LogStats: UGameplayTagsManager::ConstructGameplayTagTree: GameplayTagTreeChangedEvent.Broadcast -  0.000 s
[2018.02.15-12.09.59:388][  0]LogAIModule: Creating AISystem for world Untitled
[2018.02.15-12.09.59:571][  0]LogInit: XAudio2 using 'Speaker/Headphone (Realtek High Definition Audio)' : 2 channels at 48 kHz using 32 bits per sample (channel mask 0x3)
[2018.02.15-12.10.00:587][  0]LogInit: FAudioDevice initialized.
[2018.02.15-12.10.00:672][  0]LogDerivedDataCache: Saved boot cache 0.08s 91MB C:/Users/Jamesrigby777/AppData/Local/UnrealEngine/4.16/DerivedDataCache/Boot.ddc.
[2018.02.15-12.10.00:682][  0]LogInit: Texture streaming: Enabled
[2018.02.15-12.10.01:839][  0]LogEngineSessionManager: EngineSessionManager initialized
[2018.02.15-12.10.03:565][  0]LogInit: Transaction tracking system initialized
[2018.02.15-12.10.05:883][  0]BlueprintLog: New page: Editor Load
[2018.02.15-12.10.12:556][  0]LocalizationService: Info Localization service is disabled
[2018.02.15-12.10.17:834][  0]LogConsoleResponse:Display: 
[2018.02.15-12.10.19:074][  0]LogCook:Display: Max memory allowance for cook 16384mb min free memory 0mb
[2018.02.15-12.10.19:074][  0]LogCook:Display: Mobile HDR setting 1
[2018.02.15-12.10.20:402][  0]LogFileCache: Scanning file cache for directory 'C:/Users/Jamesrigby777/Documents/GitHub/TeamProject/Survival/Content/' took 0.15s
[2018.02.15-12.10.25:949][  0]SourceControl: Info Source control is disabled
[2018.02.15-12.10.25:965][  0]Cmd: MAP LOAD FILE="../../../../../../Users/Jamesrigby777/Documents/GitHub/TeamProject/Survival/Content/ThirdPersonBP/Maps/ThirdPersonExampleMap.umap" TEMPLATE=0 SHOWPROGRESS=1 FEATURELEVEL=3
[2018.02.15-12.10.25:966][  0]LogEditorServer:Warning: Can't find file '../../../../../../Users/Jamesrigby777/Documents/GitHub/TeamProject/Survival/Content/ThirdPersonBP/Maps/ThirdPersonExampleMap.umap'
[2018.02.15-12.10.25:967][  0]Cmd: MAP CHECKDEP NOCLEARLOG
[2018.02.15-12.10.26:125][  0]MapCheck: Info Map check complete: 0 Error(s), 0 Warning(s), took 158.226ms to complete.
[2018.02.15-12.10.26:125][  0]LogFileHelpers: Loading map 'ThirdPersonExampleMap' took 0.160
[2018.02.15-12.10.28:339][  0]LogCollectionManager: Loaded 0 collections in 0.004869 seconds
[2018.02.15-12.10.28:812][  0]LogFileCache: Scanning file cache for directory 'C:/Users/Jamesrigby777/Documents/GitHub/TeamProject/Survival/Saved/Collections/' took 0.01s
[2018.02.15-12.10.28:812][  0]LogFileCache: Scanning file cache for directory 'C:/Users/Jamesrigby777/Documents/GitHub/TeamProject/Survival/Content/Developers/Jamesrigby777/Collections/' took 0.01s
[2018.02.15-12.10.28:812][  0]LogFileCache: Scanning file cache for directory 'C:/Users/Jamesrigby777/Documents/GitHub/TeamProject/Survival/Content/Collections/' took 0.01s
[2018.02.15-12.10.28:812][  0]LogCollectionManager: Rebuilt the GUID cache for 0 collections in 0.000010 seconds
[2018.02.15-12.10.28:899][  0]LogContentBrowser: Native class hierarchy populated in 0.0583 seconds. Added 2329 classes and 491 folders.
[2018.02.15-12.10.29:682][  0]LogContentBrowser: Native class hierarchy updated for 'WidgetCarousel' in 0.0015 seconds. Added 0 classes and 0 folders.
[2018.02.15-12.10.30:756][  0]LogContentBrowser: Native class hierarchy updated for 'AddContentDialog' in 0.0038 seconds. Added 0 classes and 0 folders.
[2018.02.15-12.10.31:212][  0]LogContentBrowser: Native class hierarchy updated for 'SceneOutliner' in 0.0022 seconds. Added 1 classes and 2 folders.
[2018.02.15-12.10.31:826][  0]LogCrashTracker: Crashtracker disabled due to settings.
[2018.02.15-12.10.32:071][  0]LogSlate: Took 0.009275 seconds to synchronously load lazily loaded font '../../../Engine/Content/Slate/Fonts/Roboto-Regular.ttf' (155K)
[2018.02.15-12.10.32:089][  0]LogSlate: Took 0.007460 seconds to synchronously load lazily loaded font '../../../Engine/Content/Slate/Fonts/Roboto-Bold.ttf' (160K)
[2018.02.15-12.10.32:150][  0]LogSlate: Took 0.017618 seconds to synchronously load lazily loaded font '../../../Engine/Content/Editor/Slate/Fonts/FontAwesome.ttf' (139K)
[2018.02.15-12.10.32:728][  0]LogRenderer: Reallocating scene render targets to support 756x404 NumSamples 1 (Frame:1).
[2018.02.15-12.10.35:179][  0]LogUObjectGlobals:Warning: Failed to find object 'Class None.'
[2018.02.15-12.10.35:489][  0]LogContentBrowser: Native class hierarchy updated for 'HierarchicalLODOutliner' in 0.0011 seconds. Added 1 classes and 2 folders.
[2018.02.15-12.10.35:489][  0]LogLoad: (Engine Initialization) Total time: 151.79 seconds
[2018.02.15-12.10.35:489][  0]LogLoad: (Engine Initialization) Total Blueprint compile time: 0.55 seconds
[2018.02.15-12.10.35:489][  0]LogExternalProfiler: No external profilers were discovered.  External profiling features will not be available.
[2018.02.15-12.10.35:529][  0]LogWindowsTextInputMethodSystem:Display: IME system now deactivated.
[2018.02.15-12.10.35:560][  0]LogOcInput: OculusInput pre-init called
[2018.02.15-12.10.35:577][  0]LogHMD: Starting GearVRController plugin
[2018.02.15-12.10.35:804][  0]LogContentStreaming: Texture pool size now 400 MB
[2018.02.15-12.10.36:115][  1]LogFileCache: Retrieving MD5 hashes for directory 'C:/Users/Jamesrigby777/Documents/GitHub/TeamProject/Survival/Content/' took 0.46s
[2018.02.15-12.10.36:453][  3]LogSlate: Took 0.012406 seconds to synchronously load lazily loaded font '../../../Engine/Content/Slate/Fonts/Roboto-Light.ttf' (159K)
[2018.02.15-12.10.36:767][  6]LogAssetRegistry: Asset discovery search completed in 85.2818 seconds
[2018.02.15-12.10.36:775][  6]LogCollectionManager: Rebuilt the object cache for 0 collections in 0.000001 seconds (found 0 objects)
[2018.02.15-12.10.36:775][  6]LogCollectionManager: Fixed up redirectors for 0 collections in 0.000863 seconds (updated 0 objects)
[2018.02.15-12.10.38:670][113]LogSlate: Took 0.000371 seconds to synchronously load lazily loaded font '../../../Engine/Content/Slate/Fonts/Roboto-Light.ttf' (159K)
[2018.02.15-12.10.49:485][522]LogAnimationCompression: Building Anim DDC data for AnimSequence /Game/ThirdPersonBP/Blueprints/Cricket_Bat/Animations/great_sword_idle__2_.great_sword_idle__2_
[2018.02.15-12.10.49:684][522]LogAnimationCompression: Building Anim DDC data for AnimSequence /Game/ThirdPersonBP/Blueprints/Cricket_Bat/Animations/great_sword_idle__3_.great_sword_idle__3_
[2018.02.15-12.10.49:786][522]LogAnimationCompression: Building Anim DDC data for AnimSequence /Game/ThirdPersonBP/Blueprints/Cricket_Bat/Animations/great_sword_idle.great_sword_idle
[2018.02.15-12.10.49:904][522]LogAnimationCompression: Building Anim DDC data for AnimSequence /Game/ThirdPersonBP/Blueprints/Cricket_Bat/Animations/great_sword_walk.great_sword_walk
[2018.02.15-12.10.50:055][522]LogAnimationCompression: Building Anim DDC data for AnimSequence /Game/ThirdPersonBP/Blueprints/Cricket_Bat/Animations/great_sword_run__2_.great_sword_run__2_
[2018.02.15-12.10.50:164][522]LogAnimationCompression: Building Anim DDC data for AnimSequence /Game/ThirdPersonBP/Blueprints/Cricket_Bat/Animations/great_sword_idle__5_.great_sword_idle__5_
[2018.02.15-12.10.50:246][522]LogAnimationCompression: Building Anim DDC data for AnimSequence /Game/ThirdPersonBP/Blueprints/Cricket_Bat/Animations/great_sword_idle__4_.great_sword_idle__4_
[2018.02.15-12.10.51:326][522]LogTexture:Display: Building textures: EndScreenBackground (AutoDXT, 640X400)
[2018.02.15-12.10.53:526][522]LogSlate: Took 0.000544 seconds to synchronously load lazily loaded font '../../../Engine/Content/Slate/Fonts/Roboto-Light.ttf' (159K)
[2018.02.15-12.10.54:250][522]LogSlate: Took 0.000232 seconds to synchronously load lazily loaded font '../../../Engine/Content/Slate/Fonts/Roboto-Regular.ttf' (155K)
[2018.02.15-12.10.54:826][522]LogContentBrowser: Native class hierarchy updated for 'BlueprintGraph' in 0.0023 seconds. Added 112 classes and 0 folders.
[2018.02.15-12.10.58:435][522]LogSlate: Took 0.013098 seconds to synchronously load lazily loaded font '../../../Engine/Content/Editor/Slate/Fonts/Roboto-BoldCondensed.ttf' (158K)
[2018.02.15-12.11.03:536][565]LogSlate: Took 0.021335 seconds to synchronously load lazily loaded font '../../../Engine/Content/Editor/Slate/Fonts/Roboto-Italic.ttf' (157K)
[2018.02.15-12.11.04:966][601]LogRenderer: Reallocating scene render targets to support 808x464 NumSamples 1 (Frame:1).
[2018.02.15-12.13.20:331][961]BlueprintLog: New page: Compile ThirdPersonCharacter
[2018.02.15-12.13.21:696][961]BlueprintEditorCompileResults: Info 'ReturnValue' is already a 'Player Controller', you don't need  Cast To PlayerController .
[2018.02.15-12.13.21:696][961]BlueprintEditorCompileResults: Info 'ReturnValue' is already a 'Player Controller', you don't need  Cast To PlayerController .
[2018.02.15-12.13.24:763][994]LogSavePackage: Save=418.62ms
[2018.02.15-12.13.24:763][994]LogSavePackage: Moving '../../../../../../Users/Jamesrigby777/Documents/GitHub/TeamProject/Survival/Saved/ThirdPersonCharacter05E2535F4C801C42AC48799EDBC247FF.tmp' to '../../../../../../Users/Jamesrigby777/Documents/GitHub/TeamProject/Survival/Content/ThirdPersonBP/Blueprints/ThirdPersonCharacter.uasset'
[2018.02.15-12.13.24:770][994]LogSavePackage:Display: Finished SavePackage ../../../../../../Users/Jamesrigby777/Documents/GitHub/TeamProject/Survival/Content/ThirdPersonBP/Blueprints/ThirdPersonCharacter.uasset
[2018.02.15-12.13.46:843][762]LogAIModule: Creating AISystem for world alex
[2018.02.15-12.13.47:014][762]Cmd: MAP LOAD FILE="../../../../../../Users/Jamesrigby777/Documents/GitHub/TeamProject/Survival/Content/ThirdPersonBP/Maps/alex.umap" TEMPLATE=0 SHOWPROGRESS=1 FEATURELEVEL=3
[2018.02.15-12.13.47:015][762]LightingResults: New page: Lighting Build
[2018.02.15-12.13.47:178][762]LogContentBrowser: Native class hierarchy updated for 'StatsViewer' in 0.0014 seconds. Added 5 classes and 0 folders.
[2018.02.15-12.13.47:179][762]LoadErrors: New page: Loading map: alex.umap
[2018.02.15-12.13.47:207][762]MapCheck: New page: Map Check
[2018.02.15-12.13.47:207][762]LightingResults: New page: Lighting Build
[2018.02.15-12.13.47:471][762]LogEditorServer: Finished looking for orphan Actors (0.000 secs)
[2018.02.15-12.13.47:570][762]Cmd: MAP CHECKDEP NOCLEARLOG
[2018.02.15-12.13.47:709][762]MapCheck: Info Map check complete: 0 Error(s), 0 Warning(s), took 138.945ms to complete.
[2018.02.15-12.13.47:709][762]LogFileHelpers: Loading map 'alex' took 0.696
[2018.02.15-12.13.50:762][884]LogTemp: Repeting last play command: Selected Viewport
[2018.02.15-12.13.51:478][884]LogBlueprintUserMessages: Early PlayInEditor Detection: Level '/Game/ThirdPersonBP/Maps/alex.alex:PersistentLevel' has LevelScriptBlueprint '/Game/ThirdPersonBP/Maps/alex.alex:PersistentLevel.alex' with GeneratedClass '/Game/ThirdPersonBP/Maps/alex.alex_C' with ClassGeneratedBy '/Game/ThirdPersonBP/Maps/alex.alex:PersistentLevel.alex'
[2018.02.15-12.13.51:517][884]LogPlayLevel: PlayLevel: No blueprints needed recompiling
[2018.02.15-12.13.51:592][884]PIE: New page: PIE session: alex (15 Feb 2018 12:13:51)
[2018.02.15-12.13.51:592][884]LogPlayLevel: Creating play world package: /Game/ThirdPersonBP/Maps/UEDPIE_0_alex
[2018.02.15-12.13.51:632][884]LogPlayLevel: PIE: StaticDuplicateObject took: (0.040311s)
[2018.02.15-12.13.51:633][884]LogAIModule: Creating AISystem for world alex
[2018.02.15-12.13.51:634][884]LogPlayLevel: PIE: World Init took: (0.001210s)
[2018.02.15-12.13.51:634][884]LogPlayLevel: PIE: Created PIE world by copying editor world from /Game/ThirdPersonBP/Maps/alex.alex to /Game/ThirdPersonBP/Maps/UEDPIE_0_alex.alex (0.041959s)
[2018.02.15-12.13.51:695][884]LogInit: XAudio2 using 'Speaker/Headphone (Realtek High Definition Audio)' : 2 channels at 48 kHz using 32 bits per sample (channel mask 0x3)
[2018.02.15-12.13.51:714][884]LogInit: FAudioDevice initialized.
[2018.02.15-12.13.51:805][884]LogLoad: Game class is 'ThirdPersonGameMode_C'
[2018.02.15-12.13.51:809][884]LogWorld: Bringing World /Game/ThirdPersonBP/Maps/UEDPIE_0_alex.alex up for play (max tick rate 60) at 2018.02.15-12.13.51
[2018.02.15-12.13.51:809][884]LogWorld: Bringing up level for play took: 0.003361
[2018.02.15-12.13.51:967][884]LogContentBrowser: Native class hierarchy updated for 'MovieSceneCapture' in 0.0011 seconds. Added 11 classes and 0 folders.
[2018.02.15-12.13.51:980][884]PIE: Info Play in editor start time for /Game/ThirdPersonBP/Maps/UEDPIE_0_alex 0.952
[2018.02.15-12.13.51:980][884]LogBlueprintUserMessages: Late PlayInEditor Detection: Level '/Game/ThirdPersonBP/Maps/alex.alex:PersistentLevel' has LevelScriptBlueprint '/Game/ThirdPersonBP/Maps/alex.alex:PersistentLevel.alex' with GeneratedClass '/Game/ThirdPersonBP/Maps/alex.alex_C' with ClassGeneratedBy '/Game/ThirdPersonBP/Maps/alex.alex:PersistentLevel.alex'
[2018.02.15-12.14.06:669][725]LogBlueprintUserMessages: Early EndPlayMap Detection: Level '/Game/ThirdPersonBP/Maps/alex.alex:PersistentLevel' has LevelScriptBlueprint '/Game/ThirdPersonBP/Maps/alex.alex:PersistentLevel.alex' with GeneratedClass '/Game/ThirdPersonBP/Maps/alex.alex_C' with ClassGeneratedBy '/Game/ThirdPersonBP/Maps/alex.alex:PersistentLevel.alex'
[2018.02.15-12.14.06:779][725]LogBlueprintUserMessages: Late EndPlayMap Detection: Level '/Game/ThirdPersonBP/Maps/alex.alex:PersistentLevel' has LevelScriptBlueprint '/Game/ThirdPersonBP/Maps/alex.alex:PersistentLevel.alex' with GeneratedClass '/Game/ThirdPersonBP/Maps/alex.alex_C' with ClassGeneratedBy '/Game/ThirdPersonBP/Maps/alex.alex:PersistentLevel.alex'
[2018.02.15-12.15.14:963][622]BlueprintLog: New page: Compile ThirdPersonCharacter
[2018.02.15-12.15.15:732][622]BlueprintEditorCompileResults: Info 'ReturnValue' is already a 'Player Controller', you don't need  Cast To PlayerController .
[2018.02.15-12.15.15:732][622]BlueprintEditorCompileResults: Info 'ReturnValue' is already a 'Player Controller', you don't need  Cast To PlayerController .
[2018.02.15-12.15.16:842][628]LogSavePackage: Save=408.46ms
[2018.02.15-12.15.16:842][628]LogSavePackage: Moving '../../../../../../Users/Jamesrigby777/Documents/GitHub/TeamProject/Survival/Saved/ThirdPersonCharacter830205424F034EE2908F83B521D0020B.tmp' to '../../../../../../Users/Jamesrigby777/Documents/GitHub/TeamProject/Survival/Content/ThirdPersonBP/Blueprints/ThirdPersonCharacter.uasset'
[2018.02.15-12.15.16:849][628]LogSavePackage:Display: Finished SavePackage ../../../../../../Users/Jamesrigby777/Documents/GitHub/TeamProject/Survival/Content/ThirdPersonBP/Blueprints/ThirdPersonCharacter.uasset
[2018.02.15-12.15.18:526][682]LogTemp: Repeting last play command: Selected Viewport
[2018.02.15-12.15.18:566][682]LogBlueprintUserMessages: Early PlayInEditor Detection: Level '/Game/ThirdPersonBP/Maps/alex.alex:PersistentLevel' has LevelScriptBlueprint '/Game/ThirdPersonBP/Maps/alex.alex:PersistentLevel.alex' with GeneratedClass '/Game/ThirdPersonBP/Maps/alex.alex_C' with ClassGeneratedBy '/Game/ThirdPersonBP/Maps/alex.alex:PersistentLevel.alex'
[2018.02.15-12.15.18:566][682]LogPlayLevel: PlayLevel: No blueprints needed recompiling
[2018.02.15-12.15.18:566][682]PIE: New page: PIE session: alex (15 Feb 2018 12:15:18)
[2018.02.15-12.15.18:566][682]LogPlayLevel: Creating play world package: /Game/ThirdPersonBP/Maps/UEDPIE_0_alex
[2018.02.15-12.15.18:596][682]LogPlayLevel: PIE: StaticDuplicateObject took: (0.030041s)
[2018.02.15-12.15.18:597][682]LogAIModule: Creating AISystem for world alex
[2018.02.15-12.15.18:597][682]LogPlayLevel: PIE: World Init took: (0.001247s)
[2018.02.15-12.15.18:598][682]LogPlayLevel: PIE: Created PIE world by copying editor world from /Game/ThirdPersonBP/Maps/alex.alex to /Game/ThirdPersonBP/Maps/UEDPIE_0_alex.alex (0.031596s)
[2018.02.15-12.15.18:649][682]LogInit: XAudio2 using 'Speaker/Headphone (Realtek High Definition Audio)' : 2 channels at 48 kHz using 32 bits per sample (channel mask 0x3)
[2018.02.15-12.15.18:666][682]LogInit: FAudioDevice initialized.
[2018.02.15-12.15.18:705][682]LogLoad: Game class is 'ThirdPersonGameMode_C'
[2018.02.15-12.15.18:709][682]LogWorld: Bringing World /Game/ThirdPersonBP/Maps/UEDPIE_0_alex.alex up for play (max tick rate 60) at 2018.02.15-12.15.18
[2018.02.15-12.15.18:709][682]LogWorld: Bringing up level for play took: 0.003460
[2018.02.15-12.15.18:713][682]PIE: Info Play in editor start time for /Game/ThirdPersonBP/Maps/UEDPIE_0_alex -0.314
[2018.02.15-12.15.18:714][682]LogBlueprintUserMessages: Late PlayInEditor Detection: Level '/Game/ThirdPersonBP/Maps/alex.alex:PersistentLevel' has LevelScriptBlueprint '/Game/ThirdPersonBP/Maps/alex.alex:PersistentLevel.alex' with GeneratedClass '/Game/ThirdPersonBP/Maps/alex.alex_C' with ClassGeneratedBy '/Game/ThirdPersonBP/Maps/alex.alex:PersistentLevel.alex'
[2018.02.15-12.15.22:052][864]LogBlueprintUserMessages: Early EndPlayMap Detection: Level '/Game/ThirdPersonBP/Maps/alex.alex:PersistentLevel' has LevelScriptBlueprint '/Game/ThirdPersonBP/Maps/alex.alex:PersistentLevel.alex' with GeneratedClass '/Game/ThirdPersonBP/Maps/alex.alex_C' with ClassGeneratedBy '/Game/ThirdPersonBP/Maps/alex.alex:PersistentLevel.alex'
[2018.02.15-12.15.22:100][864]LogBlueprintUserMessages: Late EndPlayMap Detection: Level '/Game/ThirdPersonBP/Maps/alex.alex:PersistentLevel' has LevelScriptBlueprint '/Game/ThirdPersonBP/Maps/alex.alex:PersistentLevel.alex' with GeneratedClass '/Game/ThirdPersonBP/Maps/alex.alex_C' with ClassGeneratedBy '/Game/ThirdPersonBP/Maps/alex.alex:PersistentLevel.alex'
[2018.02.15-12.15.46:975][453]BlueprintLog: New page: Compile ThirdPersonCharacter
[2018.02.15-12.15.47:896][453]BlueprintEditorCompileResults: Info 'ReturnValue' is already a 'Player Controller', you don't need  Cast To PlayerController .
[2018.02.15-12.15.47:896][453]BlueprintEditorCompileResults: Info 'ReturnValue' is already a 'Player Controller', you don't need  Cast To PlayerController .
[2018.02.15-12.15.48:980][457]LogSavePackage: Save=422.93ms
[2018.02.15-12.15.48:981][457]LogSavePackage: Moving '../../../../../../Users/Jamesrigby777/Documents/GitHub/TeamProject/Survival/Saved/ThirdPersonCharacter4AA83C0544373BDAAC2D58BB438F287F.tmp' to '../../../../../../Users/Jamesrigby777/Documents/GitHub/TeamProject/Survival/Content/ThirdPersonBP/Blueprints/ThirdPersonCharacter.uasset'
[2018.02.15-12.15.48:987][457]LogSavePackage:Display: Finished SavePackage ../../../../../../Users/Jamesrigby777/Documents/GitHub/TeamProject/Survival/Content/ThirdPersonBP/Blueprints/ThirdPersonCharacter.uasset
[2018.02.15-12.15.50:464][505]LogTemp: Repeting last play command: Selected Viewport
[2018.02.15-12.15.50:499][505]LogBlueprintUserMessages: Early PlayInEditor Detection: Level '/Game/ThirdPersonBP/Maps/alex.alex:PersistentLevel' has LevelScriptBlueprint '/Game/ThirdPersonBP/Maps/alex.alex:PersistentLevel.alex' with GeneratedClass '/Game/ThirdPersonBP/Maps/alex.alex_C' with ClassGeneratedBy '/Game/ThirdPersonBP/Maps/alex.alex:PersistentLevel.alex'
[2018.02.15-12.15.50:500][505]LogPlayLevel: PlayLevel: No blueprints needed recompiling
[2018.02.15-12.15.50:500][505]PIE: New page: PIE session: alex (15 Feb 2018 12:15:50)
[2018.02.15-12.15.50:500][505]LogPlayLevel: Creating play world package: /Game/ThirdPersonBP/Maps/UEDPIE_0_alex
[2018.02.15-12.15.50:528][505]LogPlayLevel: PIE: StaticDuplicateObject took: (0.028141s)
[2018.02.15-12.15.50:529][505]LogAIModule: Creating AISystem for world alex
[2018.02.15-12.15.50:529][505]LogPlayLevel: PIE: World Init took: (0.001288s)
[2018.02.15-12.15.50:530][505]LogPlayLevel: PIE: Created PIE world by copying editor world from /Game/ThirdPersonBP/Maps/alex.alex to /Game/ThirdPersonBP/Maps/UEDPIE_0_alex.alex (0.029847s)
[2018.02.15-12.15.50:588][505]LogInit: XAudio2 using 'Speaker/Headphone (Realtek High Definition Audio)' : 2 channels at 48 kHz using 32 bits per sample (channel mask 0x3)
[2018.02.15-12.15.50:606][505]LogInit: FAudioDevice initialized.
[2018.02.15-12.15.50:640][505]LogLoad: Game class is 'ThirdPersonGameMode_C'
[2018.02.15-12.15.50:644][505]LogWorld: Bringing World /Game/ThirdPersonBP/Maps/UEDPIE_0_alex.alex up for play (max tick rate 60) at 2018.02.15-12.15.50
[2018.02.15-12.15.50:644][505]LogWorld: Bringing up level for play took: 0.003639
[2018.02.15-12.15.50:649][505]PIE: Info Play in editor start time for /Game/ThirdPersonBP/Maps/UEDPIE_0_alex -0.378
[2018.02.15-12.15.50:650][505]LogBlueprintUserMessages: Late PlayInEditor Detection: Level '/Game/ThirdPersonBP/Maps/alex.alex:PersistentLevel' has LevelScriptBlueprint '/Game/ThirdPersonBP/Maps/alex.alex:PersistentLevel.alex' with GeneratedClass '/Game/ThirdPersonBP/Maps/alex.alex_C' with ClassGeneratedBy '/Game/ThirdPersonBP/Maps/alex.alex:PersistentLevel.alex'
[2018.02.15-12.15.55:340][743]LogBlueprintUserMessages: Early EndPlayMap Detection: Level '/Game/ThirdPersonBP/Maps/alex.alex:PersistentLevel' has LevelScriptBlueprint '/Game/ThirdPersonBP/Maps/alex.alex:PersistentLevel.alex' with GeneratedClass '/Game/ThirdPersonBP/Maps/alex.alex_C' with ClassGeneratedBy '/Game/ThirdPersonBP/Maps/alex.alex:PersistentLevel.alex'
[2018.02.15-12.15.55:391][743]LogBlueprintUserMessages: Late EndPlayMap Detection: Level '/Game/ThirdPersonBP/Maps/alex.alex:PersistentLevel' has LevelScriptBlueprint '/Game/ThirdPersonBP/Maps/alex.alex:PersistentLevel.alex' with GeneratedClass '/Game/ThirdPersonBP/Maps/alex.alex_C' with ClassGeneratedBy '/Game/ThirdPersonBP/Maps/alex.alex:PersistentLevel.alex'
[2018.02.15-12.16.07:068][158]LogContentBrowser: Native class hierarchy updated for 'SkeletonEditor' in 0.0011 seconds. Added 1 classes and 2 folders.
[2018.02.15-12.16.07:540][158]LogActorComponent: RegisterComponentWithWorld: (/Engine/Transient.World_7:PersistentLevel.Actor_0.DebugSkelMeshComponent_0) Already registered. Aborting.
[2018.02.15-12.16.08:226][158]LogSkeletalMesh: USkeletalMeshComponent::InitArticulated : Bodies already created (/Engine/Transient.World_7:PersistentLevel.Actor_0.DebugSkelMeshComponent_0) - call TermArticulated first.
[2018.02.15-12.16.09:254][158]LogContentBrowser: Native class hierarchy updated for 'ClothingSystemEditorInterface' in 0.0014 seconds. Added 1 classes and 0 folders.
[2018.02.15-12.16.09:479][158]LogContentBrowser:Verbose: The majority of assets in the view are of type: AnimSequence
[2018.02.15-12.16.15:038][296]LogActorComponent: RegisterComponentWithWorld: (/Engine/Transient.World_10:PersistentLevel.Actor_1.DebugSkelMeshComponent_2) Already registered. Aborting.
[2018.02.15-12.16.15:107][296]LogSkeletalMesh: USkeletalMeshComponent::InitArticulated : Bodies already created (/Engine/Transient.World_10:PersistentLevel.Actor_1.DebugSkelMeshComponent_2) - call TermArticulated first.
[2018.02.15-12.16.15:842][296]LogContentBrowser:Verbose: The majority of assets in the view are of type: AnimSequence
[2018.02.15-12.17.17:046][825]LogAnimationCompression: Building Anim DDC data for AnimSequence /Game/ThirdPersonBP/Blueprints/Cricket_Bat/Animations/draw_a_great_sword_1.draw_a_great_sword_1
[2018.02.15-12.18.05:560][228]LogAnimationCompression: Building Anim DDC data for AnimSequence /Game/ThirdPersonBP/Blueprints/Cricket_Bat/Animations/draw_a_great_sword_2.draw_a_great_sword_2
[2018.02.15-12.22.27:007][495]BlueprintLog: New page: Compile ThirdPersonCharacter
[2018.02.15-12.22.28:262][495]BlueprintEditorCompileResults: Info 'ReturnValue' is already a 'Player Controller', you don't need  Cast To PlayerController .
[2018.02.15-12.22.28:262][495]BlueprintEditorCompileResults: Info 'ReturnValue' is already a 'Player Controller', you don't need  Cast To PlayerController .
[2018.02.15-12.22.29:432][507]LogSavePackage: Save=395.70ms
[2018.02.15-12.22.29:432][507]LogSavePackage: Moving '../../../../../../Users/Jamesrigby777/Documents/GitHub/TeamProject/Survival/Saved/ThirdPersonCharacter0CE1A8F545753652B3B64F877E8A1139.tmp' to '../../../../../../Users/Jamesrigby777/Documents/GitHub/TeamProject/Survival/Content/ThirdPersonBP/Blueprints/ThirdPersonCharacter.uasset'
[2018.02.15-12.22.29:437][507]LogSavePackage:Display: Finished SavePackage ../../../../../../Users/Jamesrigby777/Documents/GitHub/TeamProject/Survival/Content/ThirdPersonBP/Blueprints/ThirdPersonCharacter.uasset
[2018.02.15-12.22.31:241][561]LogTemp: Repeting last play command: Selected Viewport
[2018.02.15-12.22.31:278][561]LogBlueprintUserMessages: Early PlayInEditor Detection: Level '/Game/ThirdPersonBP/Maps/alex.alex:PersistentLevel' has LevelScriptBlueprint '/Game/ThirdPersonBP/Maps/alex.alex:PersistentLevel.alex' with GeneratedClass '/Game/ThirdPersonBP/Maps/alex.alex_C' with ClassGeneratedBy '/Game/ThirdPersonBP/Maps/alex.alex:PersistentLevel.alex'
[2018.02.15-12.22.31:278][561]LogPlayLevel: PlayLevel: No blueprints needed recompiling
[2018.02.15-12.22.31:278][561]PIE: New page: PIE session: alex (15 Feb 2018 12:22:31)
[2018.02.15-12.22.31:278][561]LogPlayLevel: Creating play world package: /Game/ThirdPersonBP/Maps/UEDPIE_0_alex
[2018.02.15-12.22.31:305][561]LogPlayLevel: PIE: StaticDuplicateObject took: (0.027219s)
[2018.02.15-12.22.31:307][561]LogAIModule: Creating AISystem for world alex
[2018.02.15-12.22.31:307][561]LogPlayLevel: PIE: World Init took: (0.001281s)
[2018.02.15-12.22.31:307][561]LogPlayLevel: PIE: Created PIE world by copying editor world from /Game/ThirdPersonBP/Maps/alex.alex to /Game/ThirdPersonBP/Maps/UEDPIE_0_alex.alex (0.028835s)
[2018.02.15-12.22.31:364][561]LogInit: XAudio2 using 'Speaker/Headphone (Realtek High Definition Audio)' : 2 channels at 48 kHz using 32 bits per sample (channel mask 0x3)
[2018.02.15-12.22.31:382][561]LogInit: FAudioDevice initialized.
[2018.02.15-12.22.31:419][561]LogLoad: Game class is 'ThirdPersonGameMode_C'
[2018.02.15-12.22.31:423][561]LogWorld: Bringing World /Game/ThirdPersonBP/Maps/UEDPIE_0_alex.alex up for play (max tick rate 60) at 2018.02.15-12.22.31
[2018.02.15-12.22.31:423][561]LogWorld: Bringing up level for play took: 0.003136
[2018.02.15-12.22.31:428][561]PIE: Info Play in editor start time for /Game/ThirdPersonBP/Maps/UEDPIE_0_alex 0.4
[2018.02.15-12.22.31:429][561]LogBlueprintUserMessages: Late PlayInEditor Detection: Level '/Game/ThirdPersonBP/Maps/alex.alex:PersistentLevel' has LevelScriptBlueprint '/Game/ThirdPersonBP/Maps/alex.alex:PersistentLevel.alex' with GeneratedClass '/Game/ThirdPersonBP/Maps/alex.alex_C' with ClassGeneratedBy '/Game/ThirdPersonBP/Maps/alex.alex:PersistentLevel.alex'
[2018.02.15-12.22.35:911][822]LogBlueprintUserMessages: Early EndPlayMap Detection: Level '/Game/ThirdPersonBP/Maps/alex.alex:PersistentLevel' has LevelScriptBlueprint '/Game/ThirdPersonBP/Maps/alex.alex:PersistentLevel.alex' with GeneratedClass '/Game/ThirdPersonBP/Maps/alex.alex_C' with ClassGeneratedBy '/Game/ThirdPersonBP/Maps/alex.alex:PersistentLevel.alex'
[2018.02.15-12.22.35:955][822]LogBlueprintUserMessages: Late EndPlayMap Detection: Level '/Game/ThirdPersonBP/Maps/alex.alex:PersistentLevel' has LevelScriptBlueprint '/Game/ThirdPersonBP/Maps/alex.alex:PersistentLevel.alex' with GeneratedClass '/Game/ThirdPersonBP/Maps/alex.alex_C' with ClassGeneratedBy '/Game/ThirdPersonBP/Maps/alex.alex:PersistentLevel.alex'
[2018.02.15-12.22.41:954][ 82]LogActorComponent: RegisterComponentWithWorld: (/Engine/Transient.World_15:PersistentLevel.Actor_2.DebugSkelMeshComponent_7) Already registered. Aborting.
[2018.02.15-12.22.42:055][ 82]LogSkeletalMesh: USkeletalMeshComponent::InitArticulated : Bodies already created (/Engine/Transient.World_15:PersistentLevel.Actor_2.DebugSkelMeshComponent_7) - call TermArticulated first.
[2018.02.15-12.22.43:007][ 83]LogRenderer: Reallocating scene render targets to support 808x576 NumSamples 1 (Frame:1).
[2018.02.15-12.25.26:296][310]LogSavePackage: Save=17.06ms
[2018.02.15-12.25.26:296][310]LogSavePackage: Moving '../../../../../../Users/Jamesrigby777/Documents/GitHub/TeamProject/Survival/Saved/great_sword_slash__4_33668AB742F033FC96F48D9FF7F12FDA.tmp' to '../../../../../../Users/Jamesrigby777/Documents/GitHub/TeamProject/Survival/Content/ThirdPersonBP/Blueprints/Cricket_Bat/Animations/great_sword_slash__4_.uasset'
[2018.02.15-12.25.26:302][310]LogSavePackage:Display: Finished SavePackage ../../../../../../Users/Jamesrigby777/Documents/GitHub/TeamProject/Survival/Content/ThirdPersonBP/Blueprints/Cricket_Bat/Animations/great_sword_slash__4_.uasset
[2018.02.15-12.25.30:191][415]LogActorComponent: RegisterComponentWithWorld: (/Engine/Transient.World_16:PersistentLevel.Actor_3.DebugSkelMeshComponent_8) Already registered. Aborting.
[2018.02.15-12.25.30:261][415]LogSkeletalMesh: USkeletalMeshComponent::InitArticulated : Bodies already created (/Engine/Transient.World_16:PersistentLevel.Actor_3.DebugSkelMeshComponent_8) - call TermArticulated first.
[2018.02.15-12.28.49:102][671]BlueprintLog: New page: Compile ThirdPersonCharacter
[2018.02.15-12.28.50:014][671]BlueprintEditorCompileResults: Info 'ReturnValue' is already a 'Player Controller', you don't need  Cast To PlayerController .
[2018.02.15-12.28.50:014][671]BlueprintEditorCompileResults: Info 'ReturnValue' is already a 'Player Controller', you don't need  Cast To PlayerController .
[2018.02.15-12.30.53:890][897]LogSavePackage: Save=238.28ms
[2018.02.15-12.30.53:890][897]LogSavePackage: Moving '../../../../../../Users/Jamesrigby777/Documents/GitHub/TeamProject/Survival/Saved/alex_Auto161891E5344C8EC2B5E84048EDB0C2620.tmp' to '../../../../../../Users/Jamesrigby777/Documents/GitHub/TeamProject/Survival/Saved/Autosaves/Game/ThirdPersonBP/Maps/alex_Auto1.umap'
[2018.02.15-12.30.53:893][897]LogSavePackage:Display: Finished SavePackage ../../../../../../Users/Jamesrigby777/Documents/GitHub/TeamProject/Survival/Saved/Autosaves/Game/ThirdPersonBP/Maps/alex_Auto1.umap
[2018.02.15-12.30.53:896][897]LogFileHelpers: Editor autosave (incl. sublevels) for '/Game/ThirdPersonBP/Maps/alex' took 0.334
[2018.02.15-12.30.53:896][897]LogFileHelpers: Editor autosave (incl. sublevels) for all levels took 0.334
[2018.02.15-12.30.53:900][897]OBJ SavePackage: Generating thumbnails for [1] asset(s) in package [/Game/ThirdPersonBP/Blueprints/ThirdPersonCharacter] ([1] browsable assets)...
[2018.02.15-12.30.53:926][897]OBJ SavePackage:     Rendered thumbnail for [Blueprint /Game/ThirdPersonBP/Blueprints/ThirdPersonCharacter.ThirdPersonCharacter]
[2018.02.15-12.30.53:926][897]OBJ SavePackage: Finished generating thumbnails for package [/Game/ThirdPersonBP/Blueprints/ThirdPersonCharacter]
[2018.02.15-12.30.54:296][897]LogSavePackage: Save=355.18ms
[2018.02.15-12.30.54:296][897]LogSavePackage: Moving '../../../../../../Users/Jamesrigby777/Documents/GitHub/TeamProject/Survival/Saved/ThirdPersonCharacter_Auto1FAB97D324935EE66F657C7AA820DCC3F.tmp' to '../../../../../../Users/Jamesrigby777/Documents/GitHub/TeamProject/Survival/Saved/Autosaves/Game/ThirdPersonBP/Blueprints/ThirdPersonCharacter_Auto1.uasset'
[2018.02.15-12.30.54:300][897]LogSavePackage:Display: Finished SavePackage ../../../../../../Users/Jamesrigby777/Documents/GitHub/TeamProject/Survival/Saved/Autosaves/Game/ThirdPersonBP/Blueprints/ThirdPersonCharacter_Auto1.uasset
[2018.02.15-12.30.54:303][897]OBJ SavePackage: Generating thumbnails for [0] asset(s) in package [/Game/ThirdPersonBP/Blueprints/Cricket_Bat/eve_j_gonzales_Skeleton] ([1] browsable assets)...
[2018.02.15-12.30.54:303][897]OBJ SavePackage: Finished generating thumbnails for package [/Game/ThirdPersonBP/Blueprints/Cricket_Bat/eve_j_gonzales_Skeleton]
[2018.02.15-12.30.54:359][897]LogSavePackage: Save=36.08ms
[2018.02.15-12.30.54:359][897]LogSavePackage: Moving '../../../../../../Users/Jamesrigby777/Documents/GitHub/TeamProject/Survival/Saved/eve_j_gonzales_Skeleton_Auto110B596F74BB7574A0B3E568177987182.tmp' to '../../../../../../Users/Jamesrigby777/Documents/GitHub/TeamProject/Survival/Saved/Autosaves/Game/ThirdPersonBP/Blueprints/Cricket_Bat/eve_j_gonzales_Skeleton_Auto1.uasset'
[2018.02.15-12.30.54:364][897]LogSavePackage:Display: Finished SavePackage ../../../../../../Users/Jamesrigby777/Documents/GitHub/TeamProject/Survival/Saved/Autosaves/Game/ThirdPersonBP/Blueprints/Cricket_Bat/eve_j_gonzales_Skeleton_Auto1.uasset
[2018.02.15-12.30.54:366][897]OBJ SavePackage: Generating thumbnails for [1] asset(s) in package [/Game/ThirdPersonBP/Blueprints/Cricket_Bat/Character_Movement_BS] ([1] browsable assets)...
[2018.02.15-12.30.54:402][897]OBJ SavePackage:     Rendered thumbnail for [BlendSpace /Game/ThirdPersonBP/Blueprints/Cricket_Bat/Character_Movement_BS.Character_Movement_BS]
[2018.02.15-12.30.54:402][897]OBJ SavePackage: Finished generating thumbnails for package [/Game/ThirdPersonBP/Blueprints/Cricket_Bat/Character_Movement_BS]
[2018.02.15-12.30.54:434][897]LogSavePackage: Save=16.36ms
[2018.02.15-12.30.54:434][897]LogSavePackage: Moving '../../../../../../Users/Jamesrigby777/Documents/GitHub/TeamProject/Survival/Saved/Character_Movement_BS_Auto1735E3A8B45D4246BAF682C827564BCDF.tmp' to '../../../../../../Users/Jamesrigby777/Documents/GitHub/TeamProject/Survival/Saved/Autosaves/Game/ThirdPersonBP/Blueprints/Cricket_Bat/Character_Movement_BS_Auto1.uasset'
[2018.02.15-12.30.54:437][897]LogSavePackage:Display: Finished SavePackage ../../../../../../Users/Jamesrigby777/Documents/GitHub/TeamProject/Survival/Saved/Autosaves/Game/ThirdPersonBP/Blueprints/Cricket_Bat/Character_Movement_BS_Auto1.uasset
[2018.02.15-12.30.54:437][897]LogFileHelpers: Auto-saving content packages took 0.540
[2018.02.15-12.31.57:641][558]BlueprintLog: New page: Compile ThirdPersonCharacter
[2018.02.15-12.31.58:382][558]BlueprintEditorCompileResults: Info 'ReturnValue' is already a 'Player Controller', you don't need  Cast To PlayerController .
[2018.02.15-12.31.58:382][558]BlueprintEditorCompileResults: Info 'ReturnValue' is already a 'Player Controller', you don't need  Cast To PlayerController .
[2018.02.15-12.32.00:114][587]LogSavePackage: Save=336.24ms
[2018.02.15-12.32.00:114][587]LogSavePackage: Moving '../../../../../../Users/Jamesrigby777/Documents/GitHub/TeamProject/Survival/Saved/ThirdPersonCharacterDBDE51374FB2528D89E2EF9C03CE84B3.tmp' to '../../../../../../Users/Jamesrigby777/Documents/GitHub/TeamProject/Survival/Content/ThirdPersonBP/Blueprints/ThirdPersonCharacter.uasset'
[2018.02.15-12.32.00:119][587]LogSavePackage:Display: Finished SavePackage ../../../../../../Users/Jamesrigby777/Documents/GitHub/TeamProject/Survival/Content/ThirdPersonBP/Blueprints/ThirdPersonCharacter.uasset
[2018.02.15-12.32.01:847][646]LogTemp: Repeting last play command: Selected Viewport
[2018.02.15-12.32.01:882][646]LogBlueprintUserMessages: Early PlayInEditor Detection: Level '/Game/ThirdPersonBP/Maps/alex.alex:PersistentLevel' has LevelScriptBlueprint '/Game/ThirdPersonBP/Maps/alex.alex:PersistentLevel.alex' with GeneratedClass '/Game/ThirdPersonBP/Maps/alex.alex_C' with ClassGeneratedBy '/Game/ThirdPersonBP/Maps/alex.alex:PersistentLevel.alex'
[2018.02.15-12.32.01:882][646]LogPlayLevel: PlayLevel: No blueprints needed recompiling
[2018.02.15-12.32.01:882][646]PIE: New page: PIE session: alex (15 Feb 2018 12:32:01)
[2018.02.15-12.32.01:882][646]LogPlayLevel: Creating play world package: /Game/ThirdPersonBP/Maps/UEDPIE_0_alex
[2018.02.15-12.32.01:908][646]LogPlayLevel: PIE: StaticDuplicateObject took: (0.025334s)
[2018.02.15-12.32.01:909][646]LogAIModule: Creating AISystem for world alex
[2018.02.15-12.32.01:909][646]LogPlayLevel: PIE: World Init took: (0.001139s)
[2018.02.15-12.32.01:909][646]LogPlayLevel: PIE: Created PIE world by copying editor world from /Game/ThirdPersonBP/Maps/alex.alex to /Game/ThirdPersonBP/Maps/UEDPIE_0_alex.alex (0.026776s)
[2018.02.15-12.32.01:955][646]LogInit: XAudio2 using 'Speaker/Headphone (Realtek High Definition Audio)' : 2 channels at 48 kHz using 32 bits per sample (channel mask 0x3)
[2018.02.15-12.32.01:971][646]LogInit: FAudioDevice initialized.
[2018.02.15-12.32.02:007][646]LogLoad: Game class is 'ThirdPersonGameMode_C'
[2018.02.15-12.32.02:010][646]LogWorld: Bringing World /Game/ThirdPersonBP/Maps/UEDPIE_0_alex.alex up for play (max tick rate 0) at 2018.02.15-12.32.02
[2018.02.15-12.32.02:011][646]LogWorld: Bringing up level for play took: 0.002962
[2018.02.15-12.32.02:017][646]PIE: Info Play in editor start time for /Game/ThirdPersonBP/Maps/UEDPIE_0_alex 0.989
[2018.02.15-12.32.02:017][646]LogBlueprintUserMessages: Late PlayInEditor Detection: Level '/Game/ThirdPersonBP/Maps/alex.alex:PersistentLevel' has LevelScriptBlueprint '/Game/ThirdPersonBP/Maps/alex.alex:PersistentLevel.alex' with GeneratedClass '/Game/ThirdPersonBP/Maps/alex.alex_C' with ClassGeneratedBy '/Game/ThirdPersonBP/Maps/alex.alex:PersistentLevel.alex'
[2018.02.15-12.32.03:279][717]LogBlueprintUserMessages: Early EndPlayMap Detection: Level '/Game/ThirdPersonBP/Maps/alex.alex:PersistentLevel' has LevelScriptBlueprint '/Game/ThirdPersonBP/Maps/alex.alex:PersistentLevel.alex' with GeneratedClass '/Game/ThirdPersonBP/Maps/alex.alex_C' with ClassGeneratedBy '/Game/ThirdPersonBP/Maps/alex.alex:PersistentLevel.alex'
[2018.02.15-12.32.03:320][717]LogBlueprintUserMessages: Late EndPlayMap Detection: Level '/Game/ThirdPersonBP/Maps/alex.alex:PersistentLevel' has LevelScriptBlueprint '/Game/ThirdPersonBP/Maps/alex.alex:PersistentLevel.alex' with GeneratedClass '/Game/ThirdPersonBP/Maps/alex.alex_C' with ClassGeneratedBy '/Game/ThirdPersonBP/Maps/alex.alex:PersistentLevel.alex'
[2018.02.15-12.32.15:019][ 30]Cmd: MODE GRID=1
[2018.02.15-12.32.43:807][783]BlueprintLog: New page: Compile ThirdPersonCharacter
[2018.02.15-12.32.44:535][783]BlueprintEditorCompileResults: Info 'ReturnValue' is already a 'Player Controller', you don't need  Cast To PlayerController .
[2018.02.15-12.32.44:535][783]BlueprintEditorCompileResults: Info 'ReturnValue' is already a 'Player Controller', you don't need  Cast To PlayerController .
[2018.02.15-12.32.45:712][797]LogSavePackage: Save=375.50ms
[2018.02.15-12.32.45:712][797]LogSavePackage: Moving '../../../../../../Users/Jamesrigby777/Documents/GitHub/TeamProject/Survival/Saved/ThirdPersonCharacter85EC7BB7494DEC6475C11F8931AA30C1.tmp' to '../../../../../../Users/Jamesrigby777/Documents/GitHub/TeamProject/Survival/Content/ThirdPersonBP/Blueprints/ThirdPersonCharacter.uasset'
[2018.02.15-12.32.45:725][797]LogSavePackage:Display: Finished SavePackage ../../../../../../Users/Jamesrigby777/Documents/GitHub/TeamProject/Survival/Content/ThirdPersonBP/Blueprints/ThirdPersonCharacter.uasset
[2018.02.15-12.32.47:485][856]LogTemp: Repeting last play command: Selected Viewport
[2018.02.15-12.32.47:520][856]LogBlueprintUserMessages: Early PlayInEditor Detection: Level '/Game/ThirdPersonBP/Maps/alex.alex:PersistentLevel' has LevelScriptBlueprint '/Game/ThirdPersonBP/Maps/alex.alex:PersistentLevel.alex' with GeneratedClass '/Game/ThirdPersonBP/Maps/alex.alex_C' with ClassGeneratedBy '/Game/ThirdPersonBP/Maps/alex.alex:PersistentLevel.alex'
[2018.02.15-12.32.47:520][856]LogPlayLevel: PlayLevel: No blueprints needed recompiling
[2018.02.15-12.32.47:521][856]PIE: New page: PIE session: alex (15 Feb 2018 12:32:47)
[2018.02.15-12.32.47:521][856]LogPlayLevel: Creating play world package: /Game/ThirdPersonBP/Maps/UEDPIE_0_alex
[2018.02.15-12.32.47:544][856]LogPlayLevel: PIE: StaticDuplicateObject took: (0.023729s)
[2018.02.15-12.32.47:545][856]LogAIModule: Creating AISystem for world alex
[2018.02.15-12.32.47:545][856]LogPlayLevel: PIE: World Init took: (0.001025s)
[2018.02.15-12.32.47:546][856]LogPlayLevel: PIE: Created PIE world by copying editor world from /Game/ThirdPersonBP/Maps/alex.alex to /Game/ThirdPersonBP/Maps/UEDPIE_0_alex.alex (0.025073s)
[2018.02.15-12.32.47:594][856]LogInit: XAudio2 using 'Speaker/Headphone (Realtek High Definition Audio)' : 2 channels at 48 kHz using 32 bits per sample (channel mask 0x3)
[2018.02.15-12.32.47:609][856]LogInit: FAudioDevice initialized.
[2018.02.15-12.32.47:644][856]LogLoad: Game class is 'ThirdPersonGameMode_C'
[2018.02.15-12.32.47:647][856]LogWorld: Bringing World /Game/ThirdPersonBP/Maps/UEDPIE_0_alex.alex up for play (max tick rate 0) at 2018.02.15-12.32.47
[2018.02.15-12.32.47:647][856]LogWorld: Bringing up level for play took: 0.002757
[2018.02.15-12.32.47:651][856]PIE: Info Play in editor start time for /Game/ThirdPersonBP/Maps/UEDPIE_0_alex 0.623
[2018.02.15-12.32.47:651][856]LogBlueprintUserMessages: Late PlayInEditor Detection: Level '/Game/ThirdPersonBP/Maps/alex.alex:PersistentLevel' has LevelScriptBlueprint '/Game/ThirdPersonBP/Maps/alex.alex:PersistentLevel.alex' with GeneratedClass '/Game/ThirdPersonBP/Maps/alex.alex_C' with ClassGeneratedBy '/Game/ThirdPersonBP/Maps/alex.alex:PersistentLevel.alex'
[2018.02.15-12.32.55:055][281]LogBlueprintUserMessages: Early EndPlayMap Detection: Level '/Game/ThirdPersonBP/Maps/alex.alex:PersistentLevel' has LevelScriptBlueprint '/Game/ThirdPersonBP/Maps/alex.alex:PersistentLevel.alex' with GeneratedClass '/Game/ThirdPersonBP/Maps/alex.alex_C' with ClassGeneratedBy '/Game/ThirdPersonBP/Maps/alex.alex:PersistentLevel.alex'
[2018.02.15-12.32.55:102][281]LogBlueprintUserMessages: Late EndPlayMap Detection: Level '/Game/ThirdPersonBP/Maps/alex.alex:PersistentLevel' has LevelScriptBlueprint '/Game/ThirdPersonBP/Maps/alex.alex:PersistentLevel.alex' with GeneratedClass '/Game/ThirdPersonBP/Maps/alex.alex_C' with ClassGeneratedBy '/Game/ThirdPersonBP/Maps/alex.alex:PersistentLevel.alex'
[2018.02.15-12.33.23:777][ 69]LogSavePackage: Save=15.74ms
[2018.02.15-12.33.23:778][ 69]LogSavePackage: Moving '../../../../../../Users/Jamesrigby777/Documents/GitHub/TeamProject/Survival/Saved/eve_j_gonzales_Skeleton129047674E58059060043580E10733CC.tmp' to '../../../../../../Users/Jamesrigby777/Documents/GitHub/TeamProject/Survival/Content/ThirdPersonBP/Blueprints/Cricket_Bat/eve_j_gonzales_Skeleton.uasset'
[2018.02.15-12.33.23:783][ 69]LogSavePackage:Display: Finished SavePackage ../../../../../../Users/Jamesrigby777/Documents/GitHub/TeamProject/Survival/Content/ThirdPersonBP/Blueprints/Cricket_Bat/eve_j_gonzales_Skeleton.uasset
[2018.02.15-12.33.28:492][197]LogSavePackage: Save=6.13ms
[2018.02.15-12.33.28:492][197]LogSavePackage: Moving '../../../../../../Users/Jamesrigby777/Documents/GitHub/TeamProject/Survival/Saved/Character_Movement_BS742BAE0247DFED0504398683E765EFDC.tmp' to '../../../../../../Users/Jamesrigby777/Documents/GitHub/TeamProject/Survival/Content/ThirdPersonBP/Blueprints/Cricket_Bat/Character_Movement_BS.uasset'
[2018.02.15-12.33.28:498][197]LogSavePackage:Display: Finished SavePackage ../../../../../../Users/Jamesrigby777/Documents/GitHub/TeamProject/Survival/Content/ThirdPersonBP/Blueprints/Cricket_Bat/Character_Movement_BS.uasset
[2018.02.15-12.36.55:570][328]LogActorComponent: RegisterComponentWithWorld: (/Engine/Transient.World_19:PersistentLevel.Actor_4.DebugSkelMeshComponent_10) Already registered. Aborting.
[2018.02.15-12.36.55:974][328]LogSkeletalMesh: USkeletalMeshComponent::InitArticulated : Bodies already created (/Engine/Transient.World_19:PersistentLevel.Actor_4.DebugSkelMeshComponent_10) - call TermArticulated first.
[2018.02.15-12.36.56:787][328]LogContentBrowser:Verbose: The majority of assets in the view are of type: AnimSequence
[2018.02.15-12.37.22:320][115]LogAnimationCompression: Building Anim DDC data for AnimSequence /Game/Mannequin/Animations/ThirdPersonJump_End.ThirdPersonJump_End
[2018.02.15-12.37.28:564][309]LogActorComponent: RegisterComponentWithWorld: (/Engine/Transient.World_22:PersistentLevel.Actor_5.DebugSkelMeshComponent_12) Already registered. Aborting.
[2018.02.15-12.37.28:603][309]LogSkeletalMesh: USkeletalMeshComponent::InitArticulated : Bodies already created (/Engine/Transient.World_22:PersistentLevel.Actor_5.DebugSkelMeshComponent_12) - call TermArticulated first.
[2018.02.15-12.37.30:763][354]LogActorComponent: RegisterComponentWithWorld: (/Engine/Transient.World_23:PersistentLevel.Actor_6.DebugSkelMeshComponent_13) Already registered. Aborting.
[2018.02.15-12.37.30:802][354]LogSkeletalMesh: USkeletalMeshComponent::InitArticulated : Bodies already created (/Engine/Transient.World_23:PersistentLevel.Actor_6.DebugSkelMeshComponent_13) - call TermArticulated first.
[2018.02.15-12.37.31:254][354]LogContentBrowser:Verbose: The majority of assets in the view are of type: AnimSequence
[2018.02.15-12.42.08:306][135]LogSavePackage: Save=379.28ms
[2018.02.15-12.42.08:306][135]LogSavePackage: Moving '../../../../../../Users/Jamesrigby777/Documents/GitHub/TeamProject/Survival/Saved/alex_Auto28C0D4EC74B2118AB76A7069005C6F33B.tmp' to '../../../../../../Users/Jamesrigby777/Documents/GitHub/TeamProject/Survival/Saved/Autosaves/Game/ThirdPersonBP/Maps/alex_Auto2.umap'
[2018.02.15-12.42.08:311][135]LogSavePackage:Display: Finished SavePackage ../../../../../../Users/Jamesrigby777/Documents/GitHub/TeamProject/Survival/Saved/Autosaves/Game/ThirdPersonBP/Maps/alex_Auto2.umap
[2018.02.15-12.42.08:317][135]LogFileHelpers: Editor autosave (incl. sublevels) for '/Game/ThirdPersonBP/Maps/alex' took 0.493
[2018.02.15-12.42.08:317][135]LogFileHelpers: Editor autosave (incl. sublevels) for all levels took 0.493
[2018.02.15-12.56.22:792][437]LogD3D11RHI: Timed out while waiting for GPU to catch up. (500 ms)
[2018.02.15-12.56.25:839][439]LogHttp:Warning: 0000026F647DB880: request failed, libcurl error: 6 (Couldn't resolve host name)
[2018.02.15-12.56.25:839][439]LogHttp:Warning: 0000026F647DB880: libcurl info message cache 0 (Connection 16 seems to be dead!)
[2018.02.15-12.56.25:839][439]LogHttp:Warning: 0000026F647DB880: libcurl info message cache 1 (Closing connection 16)
[2018.02.15-12.56.25:839][439]LogHttp:Warning: 0000026F647DB880: libcurl info message cache 2 (TLSv1.2 (OUT), TLS alert, Client hello (1):)
[2018.02.15-12.56.25:839][439]LogHttp:Warning: 0000026F647DB880: libcurl info message cache 3 (Could not resolve host: datarouter.ol.epicgames.com)
[2018.02.15-12.56.25:839][439]LogHttp:Warning: 0000026F647DB880: libcurl info message cache 4 (Closing connection 17)
[2018.02.15-12.56.47:789][477]LogD3D11RHI: Timed out while waiting for GPU to catch up. (500 ms)
[2018.02.15-12.57.32:751][740]LogSlate: Took 0.052180 seconds to synchronously load lazily loaded font '../../../Engine/Content/Slate/Fonts/DroidSansFallback.ttf' (3848K)
[2018.02.15-12.59.38:962][724]LogAnimationCompression: Building Anim DDC data for AnimSequence /Game/GR_Male_Hero_01/Animations/EpicDefaultAnimations/ThirdPersonRun.ThirdPersonRun
[2018.02.15-12.59.39:031][724]LogAnimationCompression: Building Anim DDC data for AnimSequence /Game/GR_Male_Hero_01/Animations/EpicDefaultAnimations/ThirdPersonWalk.ThirdPersonWalk
[2018.02.15-12.59.39:080][724]LogTexture:Display: Building textures: noise_nrm (BC5, 256X256)
[2018.02.15-12.59.39:356][724]LogTexture:Display: Building textures: hero_heroA_skin_nm (BC5, 2048X2048)
[2018.02.15-12.59.40:048][724]LogTexture:Display: Building textures: medieval_male_hero_color (AutoDXT, 2048X2048)
[2018.02.15-12.59.44:630][724]LogTexture:Display: Building textures: noise_pb (AutoDXT, 256X256)
[2018.02.15-12.59.44:803][724]LogTexture:Display: Building textures: 34542325234234 (AutoDXT, 2048X2048)
[2018.02.15-12.59.46:344][724]LogMaterial: Missing cached shader map for material mt_eye, compiling. 
[2018.02.15-12.59.46:558][724]LogAnimationCompression: Building Anim DDC data for AnimSequence /Game/GR_Male_Hero_01/Animations/EpicDefaultAnimations/ThirdPersonJump_End.ThirdPersonJump_End
[2018.02.15-12.59.46:592][724]LogAnimationCompression: Building Anim DDC data for AnimSequence /Game/GR_Male_Hero_01/Animations/EpicDefaultAnimations/ThirdPersonIdle.ThirdPersonIdle
[2018.02.15-12.59.46:707][724]LogAnimationCompression: Building Anim DDC data for AnimSequence /Game/GR_Male_Hero_01/Animations/EpicDefaultAnimations/ThirdPersonJump_Start.ThirdPersonJump_Start
[2018.02.15-12.59.46:927][724]LogAnimationCompression: Building Anim DDC data for AnimSequence /Game/GR_Male_Hero_01/Animations/EpicDefaultAnimations/ThirdPersonJump_Loop.ThirdPersonJump_Loop
[2018.02.15-12.59.47:290][724]LogTexture:Display: Building textures: hero_heroA_hair_nm (BC5, 2048X2048)
[2018.02.15-12.59.49:396][724]LogTexture:Display: Building textures: hero_hair_displ (AutoDXT, 2048X2048)
[2018.02.15-12.59.53:005][724]LogMaterial: Missing cached shader map for material mt_hair_01, compiling. 
[2018.02.15-12.59.53:098][724]LogMaterial: Missing cached shader map for material mt_eyeglass, compiling. 
[2018.02.15-12.59.53:955][724]LogTexture:Display: Building textures: hed_ao (AutoDXT, 4096X4096)
[2018.02.15-12.59.56:203][724]LogMaterial: Missing cached shader map for material mt_chr_skin_01, compiling. 
[2018.02.15-12.59.57:347][724]LogTexture:Display: Building textures: clt_ao (AutoDXT, 4096X4096)
[2018.02.15-13.00.03:065][724]LogTexture:Display: Building textures: clothes_02 (BC5, 4096X4096)
[2018.02.15-13.00.05:681][724]LogTexture:Display: Building textures: herobord (AutoDXT, 2048X2048)
[2018.02.15-13.00.06:331][724]LogMaterial: Missing cached shader map for material mt_base, compiling. 
[2018.02.15-13.00.06:430][724]LogMaterial: Missing cached shader map for material mt_base, compiling. 
[2018.02.15-13.00.06:584][724]LogMaterial: Missing cached shader map for material mt_base, compiling. 
[2018.02.15-13.00.30:403][166]LogSavePackage: Save=159.63ms
[2018.02.15-13.00.30:403][166]LogSavePackage: Moving '../../../../../../Users/Jamesrigby777/Documents/GitHub/TeamProject/Survival/Saved/ThirdPersonCharacterD442A868424F068E56D8A0A4CEBA42A2.tmp' to '../../../../../../Users/Jamesrigby777/Documents/GitHub/TeamProject/Survival/Content/GR_Male_Hero_01/Blueprints/ThirdPersonCharacter.uasset'
[2018.02.15-13.00.30:411][166]LogSavePackage:Display: Finished SavePackage ../../../../../../Users/Jamesrigby777/Documents/GitHub/TeamProject/Survival/Content/GR_Male_Hero_01/Blueprints/ThirdPersonCharacter.uasset
[2018.02.15-13.00.31:205][166]LogSavePackage: Save=434.82ms
[2018.02.15-13.00.31:205][166]LogSavePackage: Moving '../../../../../../Users/Jamesrigby777/Documents/GitHub/TeamProject/Survival/Saved/alexCF580611476EFB277E9E3FBBCB363763.tmp' to '../../../../../../Users/Jamesrigby777/Documents/GitHub/TeamProject/Survival/Content/ThirdPersonBP/Maps/alex.umap'
[2018.02.15-13.00.31:215][166]LogSavePackage:Display: Finished SavePackage ../../../../../../Users/Jamesrigby777/Documents/GitHub/TeamProject/Survival/Content/ThirdPersonBP/Maps/alex.umap
[2018.02.15-13.00.31:277][166]LogFileHelpers: Saving map 'alex' took 0.859
[2018.02.15-13.00.59:494][490]LogFileManager:Warning: MoveFile was unable to move 'C:/Users/Jamesrigby777/AppData/Local/Temp/UnrealShaderWorkingDir/5587922D48CCDA05DA0EAF87A1F22F20/2D13C9595477501839ECA37A25F7DB14F' to 'C:/Users/Jamesrigby777/AppData/Local/Temp/UnrealShaderWorkingDir/5587922D48CCDA05DA0EAF87A1F22F20/2/WorkerInputOnly.in', retrying in .5s...
[2018.02.15-13.00.59:858][491]LogFileManager:Warning: MoveFile recovered during retry!
