Log file open, 02/13/18 20:10:49
LogInit:Display: Running engine for game: Survival
LogPlatformFile: Not using cached read wrapper
LogInit:Display: RandInit(1668209375) SRandInit(1668209375).
LogTaskGraph: Started task graph with 5 named threads and 8 total threads with 1 sets of task threads.
LogStats: Stats thread started at 0.142506
LogInit: Using libcurl 7.47.1
LogInit:  - built for x86_64-pc-win32
LogInit:  - supports SSL with OpenSSL/1.0.2g
LogInit:  - supports HTTP deflate (compression) using libz 1.2.8
LogInit:  - other features:
LogInit:      CURL_VERSION_SSL
LogInit:      CURL_VERSION_LIBZ
LogInit:      CURL_VERSION_IPV6
LogInit:      CURL_VERSION_ASYNCHDNS
LogInit:      CURL_VERSION_LARGEFILE
LogInit:      CURL_VERSION_IDN
LogInit:  CurlRequestOptions (configurable via config and command line):
LogInit:  - bVerifyPeer = false  - Libcurl will NOT verify peer certificate
LogInit:  - bUseHttpProxy = false  - Libcurl will NOT use HTTP proxy
LogInit:  - bDontReuseConnections = false  - Libcurl will reuse connections
LogInit:  - CertBundlePath = nullptr  - Libcurl will use whatever was configured at build time.
LogInit: Build: ++UE4+Release-4.16-CL-3561208
LogInit: Engine Version: 4.16.3-3561208+++UE4+Release-4.16
LogInit: Compatible Engine Version: 4.16.0-3452394+++UE4+Release-4.16
LogInit: Net CL: 3452394
LogDevObjectVersion: Number of dev versions registered: 16
LogDevObjectVersion:   Dev-Blueprints (B0D832E4-1F89-4F0D-ACCF-7EB736FD4AA2): 9
LogDevObjectVersion:   Dev-Build (E1C64328-A22C-4D53-A36C-8E866417BD8C): 0
LogDevObjectVersion:   Dev-Core (375EC13C-06E4-48FB-B500-84F0262A717E): 2
LogDevObjectVersion:   Dev-Editor (E4B068ED-F494-42E9-A231-DA0B2E46BB41): 17
LogDevObjectVersion:   Dev-Framework (CFFC743F-43B0-4480-9391-14DF171D2073): 23
LogDevObjectVersion:   Dev-Mobile (B02B49B5-BB20-44E9-A304-32B752E40360): 0
LogDevObjectVersion:   Dev-Networking (A4E4105C-59A1-49B5-A7C5-40C4547EDFEE): 0
LogDevObjectVersion:   Dev-Online (39C831C9-5AE6-47DC-9A44-9C173E1C8E7C): 0
LogDevObjectVersion:   Dev-Physics (78F01B33-EBEA-4F98-B9B4-84EACCB95AA2): 0
LogDevObjectVersion:   Dev-Platform (6631380F-2D4D-43E0-8009-CF276956A95A): 0
LogDevObjectVersion:   Dev-Rendering (12F88B9F-8875-4AFC-A67C-D90C383ABD29): 15
LogDevObjectVersion:   Dev-Sequencer (7B5AE74C-D270-4C10-A958-57980B212A5A): 4
LogDevObjectVersion:   Dev-VR (D7296918-1DD6-4BDD-9DE2-64A83CC13884): 0
LogDevObjectVersion:   Dev-LoadTimes (C2A15278-BFE7-4AFE-6C17-90FF531DF755): 1
LogDevObjectVersion:   Private-Geometry (6EACA3D4-40EC-4CC1-B786-8BED09428FC5): 1
LogDevObjectVersion:   Dev-AnimPhys (29E575DD-E0A3-4627-9D10-D276232CDCEA): 3
LogInit: Compiled (64-bit): Jul 28 2017 11:49:47
LogInit: Compiled with Visual C++: 19.00.24215.01
LogInit: Build Configuration: Development
LogInit: Branch Name: ++UE4+Release-4.16
LogInit: Command line: -EpicPortal 
LogInit: Base directory: D:/UE_4.16/Engine/Binaries/Win64/
LogInit: Installed Engine Build: 1
LogInit: Presizing for max 8388607 objects, including 0 objects not considered by GC, pre-allocating 0 bytes for permanent pool.
LogInit: Object subsystem initialized
[2018.02.13-20.10.50:141][  0]LogInit: Selected Device Profile: [Windows]
[2018.02.13-20.10.50:141][  0]LogInit: Applying CVar settings loaded from the selected device profile: [Windows]
[2018.02.13-20.10.50:187][  0]LogInit: Computer: DESKTOP-HS3FJOD
[2018.02.13-20.10.50:187][  0]LogInit: User: alex
[2018.02.13-20.10.50:187][  0]LogInit: CPU Page size=4096, Cores=4
[2018.02.13-20.10.50:187][  0]LogInit: High frequency timer resolution =2.435774 MHz
[2018.02.13-20.10.50:188][  0]LogMemory: Memory total: Physical=7.9GB (8GB approx)
[2018.02.13-20.10.50:188][  0]LogMemory: Platform Memory Stats for Windows
[2018.02.13-20.10.50:188][  0]LogMemory: Process Physical Memory: 275.72 MB used, 275.72 MB peak
[2018.02.13-20.10.50:188][  0]LogMemory: Process Virtual Memory: 260.93 MB used, 260.93 MB peak
[2018.02.13-20.10.50:188][  0]LogMemory: Physical Memory: 6081.56 MB used,  2033.71 MB free, 8115.27 MB total
[2018.02.13-20.10.50:188][  0]LogMemory: Virtual Memory: 676.92 MB used,  2033.71 MB free, 134217728.00 MB total
[2018.02.13-20.10.50:276][  0]LogInit: Using OS detected language (en-GB).
[2018.02.13-20.10.50:276][  0]LogInit: Using OS detected locale (en-GB).
[2018.02.13-20.10.50:281][  0]LogTextLocalizationManager: No specific localization for 'en-GB' exists, so the 'en' localization will be used.
[2018.02.13-20.10.51:468][  0]LogD3D11RHI: D3D11 adapters:
[2018.02.13-20.10.51:511][  0]LogD3D11RHI:    0. 'NVIDIA GeForce GTX 860M' (Feature Level 11_0)
[2018.02.13-20.10.51:511][  0]LogD3D11RHI:       2010/0/4057 MB DedicatedVideo/DedicatedSystem/SharedSystem, Outputs:1, VendorId:0x10de
[2018.02.13-20.10.51:517][  0]LogD3D11RHI:    1. 'Intel(R) HD Graphics 4600' (Feature Level 11_0)
[2018.02.13-20.10.51:517][  0]LogD3D11RHI:       112/0/2048 MB DedicatedVideo/DedicatedSystem/SharedSystem, Outputs:0, VendorId:0x8086
[2018.02.13-20.10.51:518][  0]LogD3D11RHI:    2. 'Microsoft Basic Render Driver' (Feature Level 11_0)
[2018.02.13-20.10.51:518][  0]LogD3D11RHI:       0/0/4057 MB DedicatedVideo/DedicatedSystem/SharedSystem, Outputs:0, VendorId:0x1414
[2018.02.13-20.10.51:518][  0]LogD3D11RHI: Chosen D3D11 Adapter: 0
[2018.02.13-20.10.51:557][  0]LogD3D11RHI: Creating new Direct3DDevice
[2018.02.13-20.10.51:557][  0]LogD3D11RHI:     GPU DeviceId: 0x1392 (for the marketing name, search the web for "GPU Device Id")
[2018.02.13-20.10.51:557][  0]LogWindows: EnumDisplayDevices:
[2018.02.13-20.10.51:557][  0]LogWindows:    0. 'Intel(R) HD Graphics 4600' (P:1 D:1)
[2018.02.13-20.10.51:557][  0]LogWindows:    1. 'Intel(R) HD Graphics 4600' (P:0 D:0)
[2018.02.13-20.10.51:558][  0]LogWindows:    2. 'Intel(R) HD Graphics 4600' (P:0 D:0)
[2018.02.13-20.10.51:558][  0]LogWindows: DebugString: GetVideoDriverDetailsInvalid PrimaryIsNotTheChoosenAdapter GetVideoDriverDetailsInvalid PrimaryIsNotTheChoosenAdapter GetVideoDriverDetailsInvalid PrimaryIsNotTheChoosenAdapter FoundDriverCount:0 
[2018.02.13-20.10.51:558][  0]LogD3D11RHI:     Adapter Name: NVIDIA GeForce GTX 860M
[2018.02.13-20.10.51:558][  0]LogD3D11RHI:   Driver Version: Unknown (internal:Unknown, unified:Unknown)
[2018.02.13-20.10.51:558][  0]LogD3D11RHI:      Driver Date: Unknown
[2018.02.13-20.10.51:558][  0]LogRHI: Texture pool is 1361 MB (70% of 1945 MB)
[2018.02.13-20.10.51:585][  0]LogD3D11RHI: Async texture creation enabled
[2018.02.13-20.10.51:605][  0]LogD3D11RHI: GPU Timing Frequency: 1000.000000 (Debug: 2 2)
[2018.02.13-20.10.51:606][  0]LogShaderCompilers: Guid format shader working directory is -7 characters bigger than the processId version (C:/Users/alex/Documents/GitHub/TeamProject/Survival/Intermediate/Shaders/WorkingDirectory/68748/).
[2018.02.13-20.10.51:606][  0]LogShaderCompilers: Cleaned the shader compiler working directory 'C:/Users/alex/AppData/Local/Temp/UnrealShaderWorkingDir/51558EF64D6B475466A1DCAE20F9E335/'.
[2018.02.13-20.10.51:606][  0]LogShaderCompilers:Display: Using Local Shader Compiler.
[2018.02.13-20.10.52:999][  0]LogTemp:Display: Loaded TP AllDesktopTargetPlatform
[2018.02.13-20.10.53:047][  0]LogTemp:Display: Loaded TP MacClientTargetPlatform
[2018.02.13-20.10.53:097][  0]LogTemp:Display: Loaded TP MacNoEditorTargetPlatform
[2018.02.13-20.10.53:142][  0]LogTemp:Display: Loaded TP MacServerTargetPlatform
[2018.02.13-20.10.53:187][  0]LogTemp:Display: Loaded TP MacTargetPlatform
[2018.02.13-20.10.53:234][  0]LogTemp:Display: Loaded TP WindowsClientTargetPlatform
[2018.02.13-20.10.53:281][  0]LogTemp:Display: Loaded TP WindowsNoEditorTargetPlatform
[2018.02.13-20.10.53:329][  0]LogTemp:Display: Loaded TP WindowsServerTargetPlatform
[2018.02.13-20.10.53:367][  0]LogTemp:Display: Loaded TP WindowsTargetPlatform
[2018.02.13-20.10.53:410][  0]LogTemp:Display: Loaded TP AndroidTargetPlatform
[2018.02.13-20.10.53:454][  0]LogTemp:Display: Loaded TP Android_ASTCTargetPlatform
[2018.02.13-20.10.53:503][  0]LogTemp:Display: Loaded TP Android_ATCTargetPlatform
[2018.02.13-20.10.53:553][  0]LogTemp:Display: Loaded TP Android_DXTTargetPlatform
[2018.02.13-20.10.53:596][  0]LogTemp:Display: Loaded TP Android_ETC1TargetPlatform
[2018.02.13-20.10.53:643][  0]LogTemp:Display: Loaded TP Android_ETC2TargetPlatform
[2018.02.13-20.10.53:735][  0]LogTemp:Display: Loaded TP Android_MultiTargetPlatform
[2018.02.13-20.10.53:735][  0]LogTemp:Display: Loaded TP Android_PVRTCTargetPlatform
[2018.02.13-20.10.53:780][  0]LogTemp:Display: Loaded TP HTML5TargetPlatform
[2018.02.13-20.10.53:867][  0]LogTemp:Display: Loaded TP IOSTargetPlatform
[2018.02.13-20.10.53:893][  0]LogTemp:Display: Loaded TP TVOSTargetPlatform
[2018.02.13-20.10.53:942][  0]LogTemp:Display: Loaded TP LinuxClientTargetPlatform
[2018.02.13-20.10.53:993][  0]LogTemp:Display: Loaded TP LinuxNoEditorTargetPlatform
[2018.02.13-20.10.54:040][  0]LogTemp:Display: Loaded TP LinuxServerTargetPlatform
[2018.02.13-20.10.54:090][  0]LogTemp:Display: Loaded TP LinuxTargetPlatform
[2018.02.13-20.10.54:090][  0]LogTargetPlatformManager:Display: Building Assets For Windows
[2018.02.13-20.10.54:530][  0]LogDerivedDataCache:Display: Max Cache Size: 512 MB
[2018.02.13-20.10.54:644][  0]LogDerivedDataCache: Loaded boot cache 0.11s 90MB C:/Users/alex/AppData/Local/UnrealEngine/4.16/DerivedDataCache/Boot.ddc.
[2018.02.13-20.10.54:644][  0]LogDerivedDataCache:Display: Loaded Boot cache: C:/Users/alex/AppData/Local/UnrealEngine/4.16/DerivedDataCache/Boot.ddc
[2018.02.13-20.10.54:645][  0]LogDerivedDataCache: FDerivedDataBackendGraph:  Pak pak cache file C:/Users/alex/Documents/GitHub/TeamProject/Survival/DerivedDataCache/DDC.ddp not found, will not use a pak cache.
[2018.02.13-20.10.54:645][  0]LogDerivedDataCache: Unable to find inner node Pak for hierarchical cache Hierarchy.
[2018.02.13-20.10.54:645][  0]LogDerivedDataCache: FDerivedDataBackendGraph:  CompressedPak pak cache file C:/Users/alex/Documents/GitHub/TeamProject/Survival/DerivedDataCache/Compressed.ddp not found, will not use a pak cache.
[2018.02.13-20.10.54:645][  0]LogDerivedDataCache: Unable to find inner node CompressedPak for hierarchical cache Hierarchy.
[2018.02.13-20.10.54:662][  0]LogDerivedDataCache:Display: Pak cache opened for reading ../../../Engine/DerivedDataCache/Compressed.ddp.
[2018.02.13-20.10.54:675][  0]LogDerivedDataCache: Using Local data cache path C:/Users/alex/AppData/Local/UnrealEngine/Common/DerivedDataCache: Writable
[2018.02.13-20.10.54:686][  0]LogMaterial: Verifying Global Shaders for PCD3D_SM5
[2018.02.13-20.10.54:686][  0]LogSlate: Using Freetype 2.6.0
[2018.02.13-20.10.54:687][  0]LogSlate: SlateFontCache - WITH_FREETYPE: 1, WITH_HARFBUZZ: 1
[2018.02.13-20.10.54:687][  0]LogSlate: SlateFontCache - WITH_FREETYPE: 1, WITH_HARFBUZZ: 1
[2018.02.13-20.10.55:106][  0]LogInit: Selected Device Profile: [Windows]
[2018.02.13-20.10.55:202][  0]LogContentStreaming: Texture pool size is 0.00 MB
[2018.02.13-20.10.55:367][  0]LogMeshUtilities: Using QuadricMeshReduction for automatic static mesh reduction
[2018.02.13-20.10.55:405][  0]LogSimplygon: Simplygon DLL not present - disabling.
[2018.02.13-20.10.55:452][  0]LogMeshUtilities: Using SimplygonSwarm for distributed automatic mesh merging
[2018.02.13-20.10.55:452][  0]LogMeshUtilities: No automatic skeletal mesh reduction module available
[2018.02.13-20.10.55:452][  0]LogMeshUtilities: No automatic mesh merging module available
[2018.02.13-20.10.56:101][  0]LogNetVersion: Survival , NetCL: 3452394, EngineNetVer: 2, GameNetVer: 0 (Checksum: 3038584403)
[2018.02.13-20.10.56:163][  0]LogAssetRegistry: FAssetRegistry took 0.0263 seconds to start up
[2018.02.13-20.10.56:239][  0]LogPackageLocalizationCache: Processed 4 localized package path(s) for 2 prioritized culture(s) in 0.059298 seconds
[2018.02.13-20.10.56:246][  0]LogUObjectArray: 34194 objects as part of root set at end of initial load.
[2018.02.13-20.10.56:246][  0]LogUObjectAllocator: 7260424 out of 0 bytes used by permanent object pool.
[2018.02.13-20.10.56:246][  0]LogUObjectArray: CloseDisregardForGC: 0/0 objects in disregard for GC pool
[2018.02.13-20.10.56:293][  0]LogInit: WinSock: version 1.1 (2.2), MaxSocks=32767, MaxUdp=65467
[2018.02.13-20.10.58:889][  0]LogTcpMessaging: Initializing TcpMessaging bridge
[2018.02.13-20.10.58:928][  0]LogUdpMessaging: Initializing bridge on interface 0.0.0.0:0 to multicast group 230.0.0.1:6666.
[2018.02.13-20.10.59:460][  0]LogMaterial: Uniform references updated for custom material expression Custom.
[2018.02.13-20.10.59:933][  0]SourceControl: Info Source control is disabled
[2018.02.13-20.11.00:140][  0]SourceControl: Info Source control is disabled
[2018.02.13-20.11.00:191][  0]SourceControl: Info Source control is disabled
[2018.02.13-20.11.00:235][  0]SourceControl: Info Source control is disabled
[2018.02.13-20.11.00:940][  0]LogAndroidPermission: UAndroidPermissionCallbackProxy::GetInstance
[2018.02.13-20.11.01:587][  0]LogEngine: Initializing Engine...
[2018.02.13-20.11.01:588][  0]LogHMD: Failed to initialize OpenVR with code 110
[2018.02.13-20.11.01:848][  0]LogStats: UGameplayTagsManager::ConstructGameplayTagTree: Construct from data asset -  0.000 s
[2018.02.13-20.11.01:848][  0]LogStats: UGameplayTagsManager::ConstructGameplayTagTree: GameplayTagTreeChangedEvent.Broadcast -  0.000 s
[2018.02.13-20.11.02:032][  0]LogAIModule: Creating AISystem for world Untitled
[2018.02.13-20.11.02:043][  0]LogInit: XAudio2 using 'Speakers (Realtek High Definition Audio)' : 2 channels at 48 kHz using 32 bits per sample (channel mask 0x3)
[2018.02.13-20.11.02:080][  0]LogInit: FAudioDevice initialized.
[2018.02.13-20.11.02:150][  0]LogDerivedDataCache: Saved boot cache 0.07s 90MB C:/Users/alex/AppData/Local/UnrealEngine/4.16/DerivedDataCache/Boot.ddc.
[2018.02.13-20.11.02:178][  0]LogInit: Texture streaming: Enabled
[2018.02.13-20.11.02:302][  0]LogEngineSessionManager: EngineSessionManager initialized
[2018.02.13-20.11.02:653][  0]LogInit: Transaction tracking system initialized
[2018.02.13-20.11.02:922][  0]BlueprintLog: New page: Editor Load
[2018.02.13-20.11.03:837][  0]LocalizationService: Info Localization service is disabled
[2018.02.13-20.11.04:478][  0]LogConsoleResponse:Display: 
[2018.02.13-20.11.04:736][  0]LogCook:Display: Max memory allowance for cook 16384mb min free memory 0mb
[2018.02.13-20.11.04:737][  0]LogCook:Display: Mobile HDR setting 1
[2018.02.13-20.11.05:685][  0]LogFileCache: Scanning file cache for directory 'C:/Users/alex/Documents/GitHub/TeamProject/Survival/Content/' took 0.04s
[2018.02.13-20.11.05:733][  0]SourceControl: Info Source control is disabled
[2018.02.13-20.11.05:892][  0]LogSlate: Took 0.000624 seconds to synchronously load lazily loaded font '../../../Engine/Content/Slate/Fonts/Roboto-Regular.ttf' (155K)
[2018.02.13-20.11.21:225][  0]LogWindowsTextInputMethodSystem:Display: IME system now deactivated.
[2018.02.13-20.11.21:246][  0]LogWindowsTextInputMethodSystem:Display: IME system now deactivated.
[2018.02.13-20.11.21:248][  0]Cmd: MAP LOAD FILE="C:/Users/alex/Documents/GitHub/TeamProject/Survival/Content/ThirdPersonBP/Maps/ThirdPersonExampleMap.umap" TEMPLATE=0 SHOWPROGRESS=1 FEATURELEVEL=3
[2018.02.13-20.11.21:248][  0]LightingResults: New page: Lighting Build
[2018.02.13-20.11.21:336][  0]MapCheck: New page: Map Check
[2018.02.13-20.11.21:336][  0]LightingResults: New page: Lighting Build
[2018.02.13-20.11.23:476][  0]LogAIModule: Creating AISystem for world ThirdPersonExampleMap
[2018.02.13-20.11.23:924][  0]LogEditorServer: Finished looking for orphan Actors (0.000 secs)
[2018.02.13-20.11.24:021][  0]Cmd: MAP CHECKDEP NOCLEARLOG
[2018.02.13-20.11.24:111][  0]MapCheck: Info Map check complete: 0 Error(s), 0 Warning(s), took 89.721ms to complete.
[2018.02.13-20.11.24:111][  0]LogFileHelpers: Loading map 'ThirdPersonExampleMap' took 2.863
[2018.02.13-20.11.24:931][  0]LogStats:Warning: MetaData mismatch. Did you assign a stat to two groups? New //STATGROUP_Threads//SplashScreenThread///Thread_15020_0///####STATCAT_Advanced#### old //STATGROUP_Threads//SplashScreenThread///Thread_1b7bc_0///####STATCAT_Advanced####
[2018.02.13-20.11.24:931][  0]LogCollectionManager: Loaded 0 collections in 0.001563 seconds
[2018.02.13-20.11.25:125][  0]LogFileCache: Scanning file cache for directory 'C:/Users/alex/Documents/GitHub/TeamProject/Survival/Saved/Collections/' took 0.01s
[2018.02.13-20.11.25:125][  0]LogFileCache: Scanning file cache for directory 'C:/Users/alex/Documents/GitHub/TeamProject/Survival/Content/Developers/alex/Collections/' took 0.01s
[2018.02.13-20.11.25:125][  0]LogFileCache: Scanning file cache for directory 'C:/Users/alex/Documents/GitHub/TeamProject/Survival/Content/Collections/' took 0.01s
[2018.02.13-20.11.25:125][  0]LogCollectionManager: Rebuilt the GUID cache for 0 collections in 0.000006 seconds
[2018.02.13-20.11.25:167][  0]LogContentBrowser: Native class hierarchy populated in 0.0398 seconds. Added 2329 classes and 491 folders.
[2018.02.13-20.11.25:334][  0]LogContentBrowser: Native class hierarchy updated for 'WidgetCarousel' in 0.0006 seconds. Added 0 classes and 0 folders.
[2018.02.13-20.11.26:671][  0]LogContentBrowser: Native class hierarchy updated for 'AddContentDialog' in 0.0008 seconds. Added 0 classes and 0 folders.
[2018.02.13-20.11.26:761][  0]LogContentBrowser: Native class hierarchy updated for 'SceneOutliner' in 0.0012 seconds. Added 1 classes and 2 folders.
[2018.02.13-20.11.27:440][  0]LogCrashTracker: Crashtracker disabled due to settings.
[2018.02.13-20.11.27:532][  0]LogSlate: Took 0.000963 seconds to synchronously load lazily loaded font '../../../Engine/Content/Slate/Fonts/Roboto-Bold.ttf' (160K)
[2018.02.13-20.11.27:567][  0]LogSlate: Took 0.021776 seconds to synchronously load lazily loaded font '../../../Engine/Content/Editor/Slate/Fonts/FontAwesome.ttf' (139K)
[2018.02.13-20.11.28:061][  0]LogRenderer: Reallocating scene render targets to support 1208x576 NumSamples 1 (Frame:1).
[2018.02.13-20.11.28:248][  0]LogUObjectGlobals:Warning: Failed to find object 'Class None.'
[2018.02.13-20.11.28:321][  0]LogContentBrowser: Native class hierarchy updated for 'HierarchicalLODOutliner' in 0.0007 seconds. Added 1 classes and 2 folders.
[2018.02.13-20.11.28:322][  0]LogLoad: (Engine Initialization) Total time: 40.24 seconds
[2018.02.13-20.11.28:322][  0]LogLoad: (Engine Initialization) Total Blueprint compile time: 0.56 seconds
[2018.02.13-20.11.28:322][  0]LogExternalProfiler: No external profilers were discovered.  External profiling features will not be available.
[2018.02.13-20.11.28:662][  0]LogOcInput: OculusInput pre-init called
[2018.02.13-20.11.28:662][  0]LogHMD: Starting GearVRController plugin
[2018.02.13-20.11.28:751][  0]LogContentStreaming: Texture pool size now 1000 MB
[2018.02.13-20.11.28:995][  1]LogFileCache: Retrieving MD5 hashes for directory 'C:/Users/alex/Documents/GitHub/TeamProject/Survival/Content/' took 0.32s
[2018.02.13-20.11.29:341][  2]LogAssetRegistry: Asset discovery search completed in 33.2004 seconds
[2018.02.13-20.11.29:345][  2]LogCollectionManager: Rebuilt the object cache for 0 collections in 0.000001 seconds (found 0 objects)
[2018.02.13-20.11.29:345][  2]LogCollectionManager: Fixed up redirectors for 0 collections in 0.000050 seconds (updated 0 objects)
[2018.02.13-20.11.29:772][  3]LogSlate: Took 0.101968 seconds to synchronously load lazily loaded font '../../../Engine/Content/Slate/Fonts/Roboto-Light.ttf' (159K)
[2018.02.13-20.11.33:002][ 13]LogSlate: Took 0.000240 seconds to synchronously load lazily loaded font '../../../Engine/Content/Slate/Fonts/Roboto-Light.ttf' (159K)
[2018.02.13-20.11.44:989][610]LogSlate: Took 0.000353 seconds to synchronously load lazily loaded font '../../../Engine/Content/Slate/Fonts/Roboto-Light.ttf' (159K)
[2018.02.13-20.11.45:455][610]LogLinker:Warning: The file 'C:/Users/alex/Documents/GitHub/TeamProject/Survival/Content/PostApoc/Models/DoorFrame_Exterior.uasset' contains unrecognizable data, check that it is of the expected type.
[2018.02.13-20.11.45:456][610]LogLinker:Warning: The file 'C:/Users/alex/Documents/GitHub/TeamProject/Survival/Content/PostApoc/Models/DoorFrame_Exterior.uasset' contains unrecognizable data, check that it is of the expected type.
[2018.02.13-20.11.45:456][610]LogLinker:Warning: The file 'C:/Users/alex/Documents/GitHub/TeamProject/Survival/Content/PostApoc/Models/DoorFrame_Exterior.uasset' contains unrecognizable data, check that it is of the expected type.
[2018.02.13-20.11.45:457][610]LogLinker:Warning: The file 'C:/Users/alex/Documents/GitHub/TeamProject/Survival/Content/PostApoc/Models/DoorFrame_Exterior.uasset' contains unrecognizable data, check that it is of the expected type.
[2018.02.13-20.11.45:457][610]LogLinker:Warning: The file 'C:/Users/alex/Documents/GitHub/TeamProject/Survival/Content/PostApoc/Models/DoorFrame_Exterior.uasset' contains unrecognizable data, check that it is of the expected type.
[2018.02.13-20.11.45:457][610]LogLinker:Warning: The file 'C:/Users/alex/Documents/GitHub/TeamProject/Survival/Content/PostApoc/Models/DoorFrame_Exterior.uasset' contains unrecognizable data, check that it is of the expected type.
[2018.02.13-20.11.45:458][610]LogLinker:Warning: The file 'C:/Users/alex/Documents/GitHub/TeamProject/Survival/Content/PostApoc/Models/DoorFrame_Exterior.uasset' contains unrecognizable data, check that it is of the expected type.
[2018.02.13-20.11.45:458][610]LogLinker:Warning: The file 'C:/Users/alex/Documents/GitHub/TeamProject/Survival/Content/PostApoc/Models/DoorFrame_Exterior.uasset' contains unrecognizable data, check that it is of the expected type.
[2018.02.13-20.11.45:460][610]LogLinker:Warning: The file 'C:/Users/alex/Documents/GitHub/TeamProject/Survival/Content/PostApoc/Models/DoorFrame_Exterior.uasset' contains unrecognizable data, check that it is of the expected type.
[2018.02.13-20.11.45:461][610]LogLinker:Warning: The file 'C:/Users/alex/Documents/GitHub/TeamProject/Survival/Content/PostApoc/Models/DoorFrame_Exterior.uasset' contains unrecognizable data, check that it is of the expected type.
[2018.02.13-20.11.45:487][610]LogLinker:Warning: The file 'C:/Users/alex/Documents/GitHub/TeamProject/Survival/Content/PostApoc/Models/DoorFrame_Exterior.uasset' contains unrecognizable data, check that it is of the expected type.
[2018.02.13-20.11.45:487][610]LogLinker:Warning: The file 'C:/Users/alex/Documents/GitHub/TeamProject/Survival/Content/PostApoc/Models/DoorFrame_Exterior.uasset' contains unrecognizable data, check that it is of the expected type.
[2018.02.13-20.11.45:487][610]LogLinker:Warning: The file 'C:/Users/alex/Documents/GitHub/TeamProject/Survival/Content/PostApoc/Models/DoorFrame_Exterior.uasset' contains unrecognizable data, check that it is of the expected type.
[2018.02.13-20.11.45:488][610]LogLinker:Warning: The file 'C:/Users/alex/Documents/GitHub/TeamProject/Survival/Content/PostApoc/Models/DoorFrame_Exterior.uasset' contains unrecognizable data, check that it is of the expected type.
[2018.02.13-20.11.45:488][610]LogLinker:Warning: The file 'C:/Users/alex/Documents/GitHub/TeamProject/Survival/Content/PostApoc/Models/DoorFrame_Exterior.uasset' contains unrecognizable data, check that it is of the expected type.
[2018.02.13-20.11.45:489][610]LogLinker:Warning: The file 'C:/Users/alex/Documents/GitHub/TeamProject/Survival/Content/PostApoc/Models/DoorFrame_Exterior.uasset' contains unrecognizable data, check that it is of the expected type.
[2018.02.13-20.11.45:489][610]LogLinker:Warning: The file 'C:/Users/alex/Documents/GitHub/TeamProject/Survival/Content/PostApoc/Models/DoorFrame_Exterior.uasset' contains unrecognizable data, check that it is of the expected type.
[2018.02.13-20.11.45:489][610]LogLinker:Warning: The file 'C:/Users/alex/Documents/GitHub/TeamProject/Survival/Content/PostApoc/Models/DoorFrame_Exterior.uasset' contains unrecognizable data, check that it is of the expected type.
[2018.02.13-20.11.45:491][610]LogLinker:Warning: The file 'C:/Users/alex/Documents/GitHub/TeamProject/Survival/Content/PostApoc/Models/DoorFrame_Exterior.uasset' contains unrecognizable data, check that it is of the expected type.
[2018.02.13-20.11.45:491][610]LogLinker:Warning: The file 'C:/Users/alex/Documents/GitHub/TeamProject/Survival/Content/PostApoc/Models/DoorFrame_Exterior.uasset' contains unrecognizable data, check that it is of the expected type.
[2018.02.13-20.11.46:187][610]LogSlate: Took 0.000305 seconds to synchronously load lazily loaded font '../../../Engine/Content/Slate/Fonts/Roboto-Regular.ttf' (155K)
[2018.02.13-20.11.47:284][610]LogStaticMesh: Building static mesh Door_Metal_mdl...
[2018.02.13-20.11.47:307][610]LogStaticMesh: Built static mesh [0.02s] /Game/PostApoc/Models/Door_Metal_mdl.Door_Metal_mdl
[2018.02.13-20.11.47:329][610]LogMaterial: Missing cached shader map for material Bricks_mat, compiling. 
[2018.02.13-20.11.47:393][610]LogMaterial: Missing cached shader map for material -Foliage, compiling. 
[2018.02.13-20.11.47:520][610]LogMaterial: Missing cached shader map for material Chainlink_mat, compiling. 
[2018.02.13-20.11.47:572][610]LogMaterial: Missing cached shader map for material Brick_F_mat, compiling. 
[2018.02.13-20.11.47:627][610]LogMaterial: Missing cached shader map for material Trash_mat, compiling. 
[2018.02.13-20.11.47:694][610]LogMaterial: Missing cached shader map for material Table_mat, compiling. 
[2018.02.13-20.11.47:732][610]LogMaterial: Missing cached shader map for material StreetSign_mat, compiling. 
[2018.02.13-20.11.47:768][610]LogMaterial: Missing cached shader map for material StreetLight_mat, compiling. 
[2018.02.13-20.11.47:809][610]LogMaterial: Missing cached shader map for material StoreShelf_mat, compiling. 
[2018.02.13-20.11.47:846][610]LogMaterial: Missing cached shader map for material MetalPainted_Tint_mat, compiling. 
[2018.02.13-20.11.47:874][610]LogMaterial: Missing cached shader map for material Tile, compiling. 
[2018.02.13-20.11.47:897][610]LogTexture:Display: Building textures: LUT_example (BGRA8, 256X16)
[2018.02.13-20.11.47:911][610]LogMaterial: Missing cached shader map for material Billboard_Zelkova_A, compiling. 
[2018.02.13-20.11.48:074][610]LogMaterial: Missing cached shader map for material Bark_Zelkova_Mat, compiling. 
[2018.02.13-20.11.48:509][610]LogMaterial: Missing cached shader map for material WindowIndustrial_mat, compiling. 
[2018.02.13-20.11.48:608][610]LogMaterial: Missing cached shader map for material WoodCrate_mat, compiling. 
[2018.02.13-20.11.48:703][610]LogMaterial: Missing cached shader map for material StoreCashRegister_mat, compiling. 
[2018.02.13-20.11.48:788][610]LogMaterial: Missing cached shader map for material Plaster_mat, compiling. 
[2018.02.13-20.11.49:096][610]LogTexture:Display: Building textures: Brick_D_r (AutoDXT, 2048X2048)
[2018.02.13-20.11.51:099][610]LogTexture:Display: Building textures: Brick_D_n (BC5, 2048X2048)
[2018.02.13-20.11.51:945][610]LogTexture:Display: Building textures: Brick_D_H (AutoDXT, 2048X2048)
[2018.02.13-20.11.53:343][610]LogTexture:Display: Building textures: Brick_D_a (AutoDXT, 2048X2048)
[2018.02.13-20.11.56:338][610]LogStaticMesh: Building static mesh Industrial_LedgeCorner...
[2018.02.13-20.11.56:343][610]LogStaticMesh: Built static mesh [0.00s] /Game/PostApoc/Models/Industrial_LedgeCorner.Industrial_LedgeCorner
[2018.02.13-20.11.56:415][610]LogMaterial: Missing cached shader map for material MetalRollup_mat, compiling. 
[2018.02.13-20.11.57:057][610]LogStaticMesh: Building static mesh KitchenCupboard_Small_L...
[2018.02.13-20.11.57:062][610]LogStaticMesh: Built static mesh [0.01s] /Game/PostApoc/Models/KitchenCupboard_Small_L.KitchenCupboard_Small_L
[2018.02.13-20.11.57:064][610]LogStaticMesh: Building static mesh KitchenCupboard_Small_R...
[2018.02.13-20.11.57:069][610]LogStaticMesh: Built static mesh [0.01s] /Game/PostApoc/Models/KitchenCupboard_Small_R.KitchenCupboard_Small_R
[2018.02.13-20.11.57:115][610]LogMaterial: Missing cached shader map for material -Foliage, compiling. 
[2018.02.13-20.11.57:245][610]LogMaterial: Missing cached shader map for material Bookshelf_mat, compiling. 
[2018.02.13-20.11.57:326][610]LogMaterial: Missing cached shader map for material MetalClean_mat, compiling. 
[2018.02.13-20.11.57:403][610]LogTexture:Display: Building textures: Door_Metal_a (AutoDXT, 1024X1024)
[2018.02.13-20.11.58:100][610]LogTexture:Display: Building textures: Door_Metal_c (AutoDXT, 1024X1024)
[2018.02.13-20.11.58:516][610]LogTexture:Display: Building textures: Door_Metal_n (BC5, 1024X1024)
[2018.02.13-20.11.58:645][610]LogMaterial: Missing cached shader map for material DoorMetal_mat, compiling. 
[2018.02.13-20.11.58:687][610]LogMaterial: Missing cached shader map for material Boards_Mat, compiling. 
[2018.02.13-20.11.58:782][610]LogTexture:Display: Building textures: Cabinet_c (AutoDXT, 1024X1024)
[2018.02.13-20.11.59:289][610]LogStaticMesh: Building static mesh CeilingLight_mdl...
[2018.02.13-20.11.59:328][610]LogStaticMesh: Built static mesh [0.04s] /Game/PostApoc/Models/CeilingLight_mdl.CeilingLight_mdl
[2018.02.13-20.11.59:384][610]LogTexture:Display: Building textures: Cabinet_n (BC5, 1024X1024)
[2018.02.13-20.11.59:658][610]LogTexture:Display: Building textures: Cabinet_a (AutoDXT, 1024X1024)
[2018.02.13-20.12.00:275][610]LogStaticMesh: Building static mesh Cabinet_mdl...
[2018.02.13-20.12.00:464][610]LogStaticMesh: Built static mesh [0.19s] /Game/PostApoc/Models/Cabinet_mdl.Cabinet_mdl
[2018.02.13-20.12.00:489][610]LogMaterial: Missing cached shader map for material Cabinet_mat, compiling. 
[2018.02.13-20.12.00:559][610]LogTexture:Display: Building textures: Light_a (AutoDXT, 1024X1024)
[2018.02.13-20.12.01:273][610]LogTexture:Display: Building textures: Light_c (AutoDXT, 1024X1024)
[2018.02.13-20.12.01:554][610]LogTexture:Display: Building textures: Light_n (BC5, 1024X1024)
[2018.02.13-20.12.01:677][610]LogMaterial: Missing cached shader map for material CeilingLight_mat, compiling. 
[2018.02.13-20.12.01:712][610]LogMaterial: Missing cached shader map for material Bark_Birch_Mat, compiling. 
[2018.02.13-20.12.01:811][610]LogStaticMesh: Building static mesh DoorDouble_Exterior_L...
[2018.02.13-20.12.01:848][610]LogStaticMesh: Built static mesh [0.04s] /Game/PostApoc/Models/DoorDouble_Exterior_L.DoorDouble_Exterior_L
[2018.02.13-20.12.01:904][610]LogTexture:Display: Building textures: DoorDouble_Exterior_a (AutoDXT, 1024X1024)
[2018.02.13-20.12.02:461][610]LogTexture:Display: Building textures: DoorDouble_Exterior_c (AutoDXT, 1024X1024)
[2018.02.13-20.12.02:882][610]LogTexture:Display: Building textures: DoorDouble_Exterior_n (BC5, 1024X1024)
[2018.02.13-20.12.03:010][610]LogMaterial: Missing cached shader map for material DoorDoubleExterior_Mat, compiling. 
[2018.02.13-20.12.03:045][610]LogMaterial: Missing cached shader map for material Brick_mat, compiling. 
[2018.02.13-20.12.03:294][610]LogTexture:Display: Building textures: CementB_r (AutoDXT, 2048X2048)
[2018.02.13-20.12.04:894][610]LogTexture:Display: Building textures: CementB_n (BC5, 2048X2048)
[2018.02.13-20.12.05:705][610]LogTexture:Display: Building textures: CementB_a (AutoDXT, 2048X2048)
[2018.02.13-20.12.07:504][610]LogMaterial: Missing cached shader map for material CementB_mat, compiling. 
[2018.02.13-20.12.07:739][610]LogTexture:Display: Building textures: CementA_r (AutoDXT, 2048X2048)
[2018.02.13-20.12.09:323][610]LogTexture:Display: Building textures: CementA_Leaks_normal (BC5, 2048X2048)
[2018.02.13-20.12.09:887][610]LogMaterial: Missing cached shader map for material CementA_mat, compiling. 
[2018.02.13-20.12.10:003][610]LogMaterial: Missing cached shader map for material CobbleStone_A_Mat, compiling. 
[2018.02.13-20.12.10:044][610]LogMaterial: Missing cached shader map for material Road_mat, compiling. 
[2018.02.13-20.12.10:087][610]LogMaterial: Missing cached shader map for material Outlets_Mat, compiling. 
[2018.02.13-20.12.10:292][610]LogMaterial: Missing cached shader map for material EndTable_mat, compiling. 
[2018.02.13-20.12.10:648][610]LogTexture:Display: Building textures: Sidewalk_A_a (AutoDXT, 2048X2048)
[2018.02.13-20.12.14:002][610]LogTexture:Display: Building textures: Sidewalk_A_r (AutoDXT, 2048X2048)
[2018.02.13-20.12.16:482][610]LogMaterial: Missing cached shader map for material Sidewalk_A_mat, compiling. 
[2018.02.13-20.12.16:517][610]LogMaterial: Missing cached shader map for material StreetLightGlass_mat, compiling. 
[2018.02.13-20.12.16:616][610]LogMaterial: Missing cached shader map for material WallPaper_mat, compiling. 
[2018.02.13-20.12.16:836][610]LogTexture:Display: Building textures: WoodFloors_r (AutoDXT, 2048X2048)
[2018.02.13-20.12.19:047][610]LogTexture:Display: Building textures: WoodFloors_n (BC5, 2048X2048)
[2018.02.13-20.12.19:863][610]LogTexture:Display: Building textures: WoodFloors_a (AutoDXT, 2048X2048)
[2018.02.13-20.12.22:776][610]LogMaterial: Missing cached shader map for material WoodFloors_mat, compiling. 
[2018.02.13-20.12.22:847][610]LogMaterial: Missing cached shader map for material Drywall_Mat, compiling. 
[2018.02.13-20.12.22:881][610]LogAudioDerivedData:Display: Building compressed audio format OGG wave Ambiance_in_house...
[2018.02.13-20.12.23:798][610]LogMaterial: Missing cached shader map for material AirDuct_mat, compiling. 
[2018.02.13-20.12.23:839][610]LogAudioDerivedData:Display: Building compressed audio format OGG wave Nature_Ambience...
[2018.02.13-20.12.24:286][610]LogMaterial: Missing cached shader map for material Bark_AtlasCedar_Mat, compiling. 
[2018.02.13-20.12.24:551][610]LogTexture:Display: Building textures: Counter_r (AutoDXT, 2048X2048)
[2018.02.13-20.12.25:756][610]LogStaticMesh: Building static mesh KitchenCupboard_Bottom_L...
[2018.02.13-20.12.25:762][610]LogStaticMesh: Built static mesh [0.01s] /Game/PostApoc/Models/KitchenCupboard_Bottom_L.KitchenCupboard_Bottom_L
[2018.02.13-20.12.25:763][610]LogStaticMesh: Building static mesh KitchenDrawer...
[2018.02.13-20.12.25:774][610]LogStaticMesh: Built static mesh [0.01s] /Game/PostApoc/Models/KitchenDrawer.KitchenDrawer
[2018.02.13-20.12.25:777][610]LogStaticMesh: Building static mesh KitchenCupboard_Bottom_R...
[2018.02.13-20.12.25:782][610]LogStaticMesh: Built static mesh [0.01s] /Game/PostApoc/Models/KitchenCupboard_Bottom_R.KitchenCupboard_Bottom_R
[2018.02.13-20.12.25:784][610]LogStaticMesh: Building static mesh KitchenCounter_Long...
[2018.02.13-20.12.25:841][610]LogStaticMesh: Built static mesh [0.06s] /Game/PostApoc/Models/KitchenCounter_Long.KitchenCounter_Long
[2018.02.13-20.12.26:061][610]LogTexture:Display: Building textures: Counter_n (BC5, 2048X2048)
[2018.02.13-20.12.26:910][610]LogTexture:Display: Building textures: Counter_a (AutoDXT, 2048X2048)
[2018.02.13-20.12.29:962][610]LogMaterial: Missing cached shader map for material Counter_mat, compiling. 
[2018.02.13-20.12.30:083][610]LogMaterial: Missing cached shader map for material -Foliage, compiling. 
[2018.02.13-20.12.30:214][610]LogMaterial: Missing cached shader map for material Bench_mat, compiling. 
[2018.02.13-20.12.30:353][610]LogMaterial: Missing cached shader map for material DiningChair_mat, compiling. 
[2018.02.13-20.12.30:593][610]LogTexture:Display: Building textures: Decal_Leaks_a (AutoDXT, 2048X2048)
[2018.02.13-20.12.32:883][610]LogMaterial: Missing cached shader map for material Decal_Leaks_mat, compiling. 
[2018.02.13-20.12.33:119][610]LogTexture:Display: Building textures: CementA_Leaks_a (AutoDXT, 2048X2048)
[2018.02.13-20.12.35:172][610]LogMaterial: Missing cached shader map for material CementA_Leaks_mat, compiling. 
[2018.02.13-20.12.35:315][610]LogMaterial: Missing cached shader map for material Stove_mat, compiling. 
[2018.02.13-20.12.35:356][610]LogMaterial: Missing cached shader map for material HouseA_Mat, compiling. 
[2018.02.13-20.12.35:698][610]LogTexture:Display: Building textures: Grass_n (BC5, 2048X2048)
[2018.02.13-20.12.36:639][610]LogTexture:Display: Building textures: Grass_basecolor (AutoDXT, 2048X2048)
[2018.02.13-20.12.40:158][610]LogMaterial: Missing cached shader map for material Grass_Mat, compiling. 
[2018.02.13-20.12.40:211][610]LogMaterial: Missing cached shader map for material Stove_Glass_mat, compiling. 
[2018.02.13-20.12.40:278][610]LogStaticMesh: Building static mesh KitchenCounter_Small...
[2018.02.13-20.12.40:289][610]LogStaticMesh: Built static mesh [0.01s] /Game/PostApoc/Models/KitchenCounter_Small.KitchenCounter_Small
[2018.02.13-20.12.40:298][610]LogMaterial: Missing cached shader map for material PorchLights_A_mat, compiling. 
[2018.02.13-20.12.40:341][610]LogStaticMesh: Building static mesh KitchenCounter_Med...
[2018.02.13-20.12.40:372][610]LogStaticMesh: Built static mesh [0.03s] /Game/PostApoc/Models/KitchenCounter_Med.KitchenCounter_Med
[2018.02.13-20.12.40:405][610]LogStaticMesh: Building static mesh StoreDoor_mdl...
[2018.02.13-20.12.40:420][610]LogStaticMesh: Built static mesh [0.02s] /Game/PostApoc/Models/StoreDoor_mdl.StoreDoor_mdl
[2018.02.13-20.12.40:427][610]LogMaterial: Missing cached shader map for material Glass_mat, compiling. 
[2018.02.13-20.12.40:476][610]LogStaticMesh: Building static mesh DoorDoubleFrame_Exterior...
[2018.02.13-20.12.40:482][610]LogStaticMesh: Built static mesh [0.01s] /Game/PostApoc/Models/DoorDoubleFrame_Exterior.DoorDoubleFrame_Exterior
[2018.02.13-20.12.40:647][610]LogTexture:Display: Building textures: WoodPainted_Blue_a (AutoDXT, 2048X2048)
[2018.02.13-20.12.42:487][610]LogTexture:Display: Building textures: WoodPainted_n (BC5, 2048X2048)
[2018.02.13-20.12.43:253][610]LogTexture:Display: Building textures: WoodPainted_ao (AutoDXT, 2048X2048)
[2018.02.13-20.12.44:932][610]LogTexture:Display: Building textures: WoodPainted_r (AutoDXT, 2048X2048)
[2018.02.13-20.12.46:261][610]LogMaterial: Missing cached shader map for material WoodPainted_Blue_Mat, compiling. 
[2018.02.13-20.12.46:495][610]LogTexture:Display: Building textures: WoodPaintedRed_a (AutoDXT, 2048X2048)
[2018.02.13-20.12.48:080][610]LogMaterial: Missing cached shader map for material WoodPainted_Red_Mat, compiling. 
[2018.02.13-20.12.51:015][610]LogStaticMesh: Building static mesh Door_Exterior...
[2018.02.13-20.12.51:045][610]LogStaticMesh: Built static mesh [0.03s] /Game/PostApoc/Models/Door_Exterior.Door_Exterior
[2018.02.13-20.12.51:082][610]LogStaticMesh: Building static mesh Door_Interior...
[2018.02.13-20.12.51:098][610]LogStaticMesh: Built static mesh [0.02s] /Game/PostApoc/Models/Door_Interior.Door_Interior
[2018.02.13-20.12.51:101][610]LogStaticMesh: Building static mesh DoorFrame_Interior...
[2018.02.13-20.12.51:106][610]LogStaticMesh: Built static mesh [0.01s] /Game/PostApoc/Models/DoorFrame_Interior.DoorFrame_Interior
[2018.02.13-20.12.51:109][610]LogStaticMesh: Building static mesh Fridge_DoorA_mdl...
[2018.02.13-20.12.51:164][610]LogStaticMesh: Built static mesh [0.05s] /Game/PostApoc/Models/Fridge_DoorA_mdl.Fridge_DoorA_mdl
[2018.02.13-20.12.51:348][610]LogStaticMesh: Building static mesh KitchenCabinet_Long...
[2018.02.13-20.12.51:348][610]LogMeshUtilities: Invalid vertex normals found for mesh. Forcing recomputation of vertex normals for MikkTSpace. Fix mesh or disable "Use MikkTSpace Tangent Space" to avoid forced recomputation of normals.
[2018.02.13-20.12.51:367][610]LogStaticMesh: Built static mesh [0.02s] /Game/PostApoc/Models/KitchenCabinet_Long.KitchenCabinet_Long
[2018.02.13-20.12.51:369][610]LogStaticMesh: Building static mesh Painting_A...
[2018.02.13-20.12.51:377][610]LogStaticMesh: Built static mesh [0.01s] /Game/PostApoc/Models/Painting_A.Painting_A
[2018.02.13-20.12.51:379][610]LogStaticMesh: Building static mesh Painting_B...
[2018.02.13-20.12.51:388][610]LogStaticMesh: Built static mesh [0.01s] /Game/PostApoc/Models/Painting_B.Painting_B
[2018.02.13-20.12.51:389][610]LogStaticMesh: Building static mesh Painting_C...
[2018.02.13-20.12.51:398][610]LogStaticMesh: Built static mesh [0.01s] /Game/PostApoc/Models/Painting_C.Painting_C
[2018.02.13-20.12.51:400][610]LogStaticMesh: Building static mesh Painting_D...
[2018.02.13-20.12.51:409][610]LogStaticMesh: Built static mesh [0.01s] /Game/PostApoc/Models/Painting_D.Painting_D
[2018.02.13-20.12.51:904][610]LogTexture:Display: Building textures: CementA_normal (BC5, 2048X2048)
[2018.02.13-20.12.52:533][610]LogMaterial: Missing cached shader map for material CementPainted_Tint_mat, compiling. 
[2018.02.13-20.12.52:756][610]LogTexture:Display: Building textures: MetalSteel_r (AutoDXT, 2048X2048)
[2018.02.13-20.12.54:461][610]LogTexture:Display: Building textures: MetalSteel_n (BC5, 2048X2048)
[2018.02.13-20.12.55:109][610]LogTexture:Display: Building textures: Door_Exterior_a (AutoDXT, 1024X1024)
[2018.02.13-20.12.55:837][610]LogTexture:Display: Building textures: Door_Exterior_c (AutoDXT, 1024X1024)
[2018.02.13-20.12.56:362][610]LogTexture:Display: Building textures: Door_Exterior_n (BC5, 1024X1024)
[2018.02.13-20.12.56:504][610]LogMaterial: Missing cached shader map for material DoorExterior_Mat, compiling. 
[2018.02.13-20.12.56:579][610]LogTexture:Display: Building textures: door_interior_n (BC5, 1024X1024)
[2018.02.13-20.12.56:771][610]LogTexture:Display: Building textures: door_interior_c (AutoDXT, 1024X1024)
[2018.02.13-20.12.57:069][610]LogTexture:Display: Building textures: door_interior_a (AutoDXT, 1024X1024)
[2018.02.13-20.12.57:350][610]LogMaterial: Missing cached shader map for material DoorInterior_Mat, compiling. 
[2018.02.13-20.12.57:394][610]LogMaterial: Missing cached shader map for material Fridge_mat, compiling. 
[2018.02.13-20.12.57:434][610]LogMaterial: Missing cached shader map for material GarbageBin_mat, compiling. 
[2018.02.13-20.12.57:687][610]LogTexture:Display: Building textures: MetalSteel_b (AutoDXT, 2048X2048)
[2018.02.13-20.12.59:614][610]LogMaterial: Missing cached shader map for material MetalSteel, compiling. 
[2018.02.13-20.12.59:850][610]LogTexture:Display: Building textures: Wood_r (AutoDXT, 2048X2048)
[2018.02.13-20.13.01:816][610]LogTexture:Display: Building textures: Wood_n (BC5, 2048X2048)
[2018.02.13-20.13.02:655][610]LogTexture:Display: Building textures: Wood_a (AutoDXT, 2048X2048)
[2018.02.13-20.13.05:651][610]LogMaterial: Missing cached shader map for material Wood_mat, compiling. 
[2018.02.13-20.13.05:908][610]LogTexture:Display: Building textures: Stucco_A_a (AutoDXT, 2048X2048)
[2018.02.13-20.13.08:675][610]LogMaterial: Missing cached shader map for material Stucco_mat, compiling. 
[2018.02.13-20.13.08:719][610]LogMaterial: Missing cached shader map for material WoodKitchenCabinets_mat, compiling. 
[2018.02.13-20.13.08:796][610]LogTexture:Display: Building textures: KitchenCabinets_n (BC5, 1024X1024)
[2018.02.13-20.13.09:002][610]LogTexture:Display: Building textures: KitchenCabinets_c (AutoDXT, 1024X1024)
[2018.02.13-20.13.09:370][610]LogTexture:Display: Building textures: KitchenCabinets_a (AutoDXT, 1024X1024)
[2018.02.13-20.13.09:803][610]LogMaterial: Missing cached shader map for material KitchenCabinets_mat, compiling. 
[2018.02.13-20.13.10:098][610]LogTexture:Display: Building textures: Decal_Dirt_n (BC5, 2048X2048)
[2018.02.13-20.13.10:985][610]LogTexture:Display: Building textures: Decal_Dirt_a (AutoDXT, 2048X2048)
[2018.02.13-20.13.13:947][610]LogMaterial: Missing cached shader map for material Decal_Dirt_mat, compiling. 
[2018.02.13-20.13.14:169][610]LogTexture:Display: Building textures: Iron_roughness (AutoDXT, 2048X2048)
[2018.02.13-20.13.16:070][610]LogTexture:Display: Building textures: Iron_normal (BC5, 2048X2048)
[2018.02.13-20.13.16:837][610]LogTexture:Display: Building textures: Iron_basecolor (AutoDXT, 2048X2048)
[2018.02.13-20.13.19:542][610]LogMaterial: Missing cached shader map for material Iron_mat, compiling. 
[2018.02.13-20.13.19:595][610]LogMaterial: Missing cached shader map for material Curtains_Mat, compiling. 
[2018.02.13-20.13.19:636][610]LogMaterial: Missing cached shader map for material Couch_mat, compiling. 
[2018.02.13-20.13.19:675][610]LogMaterial: Missing cached shader map for material Concrete_mat, compiling. 
[2018.02.13-20.13.19:795][610]LogTexture:Display: Building textures: ClosetFrame_Interior_n (BC5, 1024X1024)
[2018.02.13-20.13.19:988][610]LogTexture:Display: Building textures: ClosetFrame_Interior_c (AutoDXT, 1024X1024)
[2018.02.13-20.13.20:451][610]LogTexture:Display: Building textures: ClosetFrame_Interior_a (AutoDXT, 1024X1024)
[2018.02.13-20.13.20:969][610]LogMaterial: Missing cached shader map for material ClosetInterior_Mat, compiling. 
[2018.02.13-20.13.21:172][610]LogTexture:Display: Building textures: Brick_B_r (AutoDXT, 2048X2048)
[2018.02.13-20.13.23:045][610]LogMaterial: Missing cached shader map for material ConcreteBarrier_mat, compiling. 
[2018.02.13-20.13.23:106][610]LogMaterial: Missing cached shader map for material Store_CeilingLight_mat, compiling. 
[2018.02.13-20.13.23:149][610]LogMaterial: Missing cached shader map for material StopSign_mat, compiling. 
[2018.02.13-20.13.23:195][610]LogMaterial: Missing cached shader map for material Shelf_B_mat, compiling. 
[2018.02.13-20.13.23:246][610]LogMaterial: Missing cached shader map for material Paper_mat, compiling. 
[2018.02.13-20.13.23:353][610]LogTexture:Display: Building textures: Paintings_r (AutoDXT, 1024X1024)
[2018.02.13-20.13.23:719][610]LogTexture:Display: Building textures: Paintings_n (BC5, 1024X1024)
[2018.02.13-20.13.23:943][610]LogTexture:Display: Building textures: Paintings_a (AutoDXT, 1024X1024)
[2018.02.13-20.13.24:808][610]LogMaterial: Missing cached shader map for material Paintings_mat, compiling. 
[2018.02.13-20.13.24:875][610]LogMaterial: Missing cached shader map for material Glass_Clean_mat, compiling. 
[2018.02.13-20.13.24:949][610]LogMaterial: Missing cached shader map for material Shelf_A_mat, compiling. 
[2018.02.13-20.13.24:997][610]LogMaterial: Missing cached shader map for material Rug_mat, compiling. 
[2018.02.13-20.13.25:040][610]LogMaterial: Missing cached shader map for material PorchLights_VariationB_mat, compiling. 
[2018.02.13-20.13.25:081][610]LogMaterial: Missing cached shader map for material Chair_mat, compiling. 
[2018.02.13-20.13.25:380][610]LogTexture:Display: Building textures: Bricks_Straight_a (AutoDXT, 2048X2048)
[2018.02.13-20.13.28:466][610]LogMaterial: Missing cached shader map for material Bricks_Straight_mat, compiling. 
[2018.02.13-20.13.28:505][610]LogMaterial: Missing cached shader map for material Brick_E_mat, compiling. 
[2018.02.13-20.13.28:566][610]LogTexture:Display: Building textures: base_n (BC5, 1024X1024)
[2018.02.13-20.13.28:725][610]LogTexture:Display: Building textures: base_a (AutoDXT, 1024X1024)
[2018.02.13-20.13.29:003][610]LogMaterial: Missing cached shader map for material Base_Mat, compiling. 
[2018.02.13-20.13.29:069][610]LogMaterial: Missing cached shader map for material StoreFridge_mat, compiling. 
[2018.02.13-20.13.29:137][610]LogMaterial: Missing cached shader map for material StoreFridge_Glass_mat, compiling. 
[2018.02.13-20.13.29:200][610]LogAIModule: Creating AISystem for world Demo
[2018.02.13-20.13.32:086][610]Cmd: MAP LOAD FILE="C:/Users/alex/Documents/GitHub/TeamProject/Survival/Content/PostApoc/Scenes/Demo.umap" TEMPLATE=0 SHOWPROGRESS=1 FEATURELEVEL=3
[2018.02.13-20.13.32:086][610]LightingResults: New page: Lighting Build
[2018.02.13-20.13.32:088][610]LoadErrors: New page: Loading map: Demo.umap
[2018.02.13-20.13.32:232][610]MapCheck: New page: Map Check
[2018.02.13-20.13.32:232][610]LightingResults: New page: Lighting Build
[2018.02.13-20.13.33:038][610]LogEditorServer: Finished looking for orphan Actors (0.001 secs)
[2018.02.13-20.13.33:134][610]Cmd: MAP CHECKDEP NOCLEARLOG
[2018.02.13-20.13.33:529][610]MapCheck: Info Map check complete: 0 Error(s), 0 Warning(s), took 394.618ms to complete.
[2018.02.13-20.13.33:542][610]LogFileHelpers: Loading map 'Demo' took 1.526
[2018.02.13-20.17.54:465][407]LogEditorViewport: Clicking on Actor (LMB): InstancedFoliageActor (InstancedFoliageActor)
[2018.02.13-20.17.57:763][461]LogEditorViewport: Clicking on Actor (LMB): StaticMeshActor (Road_Long5)
[2018.02.13-20.18.19:914][103]LogContentBrowser: Native class hierarchy updated for 'BlueprintGraph' in 0.0021 seconds. Added 112 classes and 0 folders.
[2018.02.13-20.18.22:885][103]LogSlate: Took 0.019786 seconds to synchronously load lazily loaded font '../../../Engine/Content/Editor/Slate/Fonts/Roboto-BoldCondensed.ttf' (158K)
[2018.02.13-20.18.31:899][315]LogEditorViewport: Clicking on Actor (LMB): TextRenderActor (TextRenderActor12)
[2018.02.13-20.19.14:159][861]LogEditorViewport: Clicking on Actor (context menu): StaticMeshActor (Road_Long5)
[2018.02.13-20.21.47:458][ 53]LogSavePackage: Save=1945.38ms
[2018.02.13-20.21.47:458][ 53]LogSavePackage: Moving 'C:/Users/alex/Documents/GitHub/TeamProject/Survival/Saved/Demo_Auto11229005B43C0CD672EC31481C16999F1.tmp' to 'C:/Users/alex/Documents/GitHub/TeamProject/Survival/Saved/Autosaves/Game/PostApoc/Scenes/Demo_Auto1.umap'
[2018.02.13-20.21.47:474][ 53]LogSavePackage:Display: Finished SavePackage C:/Users/alex/Documents/GitHub/TeamProject/Survival/Saved/Autosaves/Game/PostApoc/Scenes/Demo_Auto1.umap
[2018.02.13-20.21.47:540][ 53]LogFileHelpers: Editor autosave (incl. sublevels) for '/Game/PostApoc/Scenes/Demo' took 2.403
[2018.02.13-20.21.47:540][ 53]LogFileHelpers: Editor autosave (incl. sublevels) for all levels took 2.403
[2018.02.13-20.25.38:368][ 97]Cmd: OBJ SAVEPACKAGE PACKAGE="/Game/PostApoc/Scenes/Demo" FILE="C:/Users/alex/Documents/GitHub/TeamProject/Survival/Content/PostApoc/Scenes/Demo.umap" SILENT=true AUTOSAVING=false KEEPDIRTY=false
[2018.02.13-20.25.39:911][ 97]LogSavePackage: Save=1492.08ms
[2018.02.13-20.25.39:911][ 97]LogSavePackage: Moving 'C:/Users/alex/Documents/GitHub/TeamProject/Survival/Saved/DemoDABCCA3048A0E11FBA331797D0713375.tmp' to 'C:/Users/alex/Documents/GitHub/TeamProject/Survival/Content/PostApoc/Scenes/Demo.umap'
[2018.02.13-20.25.39:927][ 97]LogSavePackage:Display: Finished SavePackage C:/Users/alex/Documents/GitHub/TeamProject/Survival/Content/PostApoc/Scenes/Demo.umap
[2018.02.13-20.25.40:036][ 97]LogFileHelpers: Saving map 'Demo' took 1.849
[2018.02.13-20.25.40:585][ 98]Cmd: QUIT_EDITOR
[2018.02.13-20.25.40:978][ 98]LogWindowsTextInputMethodSystem:Display: IME system now deactivated.
[2018.02.13-20.25.41:032][ 98]LogExit: Preparing to exit.
[2018.02.13-20.25.42:210][ 98]LogExit: Editor shut down
[2018.02.13-20.25.42:240][ 98]LogExit: Transaction tracking system shut down
[2018.02.13-20.25.43:892][ 98]LogObj: Freed 0b from 0 cluster array pools.
[2018.02.13-20.25.43:892][ 98]LogExit: Object subsystem successfully closed.
[2018.02.13-20.25.44:138][ 98]LogD3D11RHI: Shutdown
[2018.02.13-20.25.44:138][ 98]LogD3D11RHI: CleanupD3DDevice
[2018.02.13-20.25.44:379][ 98]LogD3D11RHI: ~FD3D11DynamicRHI
[2018.02.13-20.25.45:186][ 98]LogModuleManager: Shutting down and abandoning module BlueprintGraph (528)
[2018.02.13-20.25.45:186][ 98]LogModuleManager: Shutting down and abandoning module BlueprintProfiler (526)
[2018.02.13-20.25.45:203][ 98]LogModuleManager: Shutting down and abandoning module HierarchicalLODOutliner (524)
[2018.02.13-20.25.45:207][ 98]LogModuleManager: Shutting down and abandoning module CrashTracker (522)
[2018.02.13-20.25.45:207][ 98]LogModuleManager: Shutting down and abandoning module SceneOutliner (520)
[2018.02.13-20.25.45:207][ 98]LogModuleManager: Shutting down and abandoning module AddContentDialog (518)
[2018.02.13-20.25.45:223][ 98]LogDirectoryWatcher: A directory notification for 'D:/UE_4.16/FeaturePacks/' was aborted.
[2018.02.13-20.25.45:247][ 98]LogModuleManager: Shutting down and abandoning module WidgetCarousel (517)
[2018.02.13-20.25.45:248][ 98]LogModuleManager: Shutting down and abandoning module EditorWidgets (514)
[2018.02.13-20.25.45:248][ 98]LogModuleManager: Shutting down and abandoning module CollectionManager (512)
[2018.02.13-20.25.45:248][ 98]LogDirectoryWatcher: A directory notification for 'C:/Users/alex/Documents/GitHub/TeamProject/Survival/Content/Collections/' was aborted.
[2018.02.13-20.25.45:248][ 98]LogDirectoryWatcher: A directory notification for 'C:/Users/alex/Documents/GitHub/TeamProject/Survival/Content/Developers/alex/Collections/' was aborted.
[2018.02.13-20.25.45:248][ 98]LogDirectoryWatcher: A directory notification for 'C:/Users/alex/Documents/GitHub/TeamProject/Survival/Saved/Collections/' was aborted.
[2018.02.13-20.25.45:249][ 98]LogModuleManager: Shutting down and abandoning module StatsViewer (510)
[2018.02.13-20.25.45:255][ 98]LogModuleManager: Shutting down and abandoning module FoliageEdit (508)
[2018.02.13-20.25.45:255][ 98]LogModuleManager: Shutting down and abandoning module LandscapeEditor (506)
[2018.02.13-20.25.45:301][ 98]LogModuleManager: Shutting down and abandoning module MeshPaintMode (504)
[2018.02.13-20.25.45:302][ 98]LogModuleManager: Shutting down and abandoning module SceneDepthPickerMode (502)
[2018.02.13-20.25.45:302][ 98]LogModuleManager: Shutting down and abandoning module ActorPickerMode (500)
[2018.02.13-20.25.45:302][ 98]LogModuleManager: Shutting down and abandoning module GeometryMode (498)
[2018.02.13-20.25.45:302][ 98]LogModuleManager: Shutting down and abandoning module TextureAlignMode (496)
[2018.02.13-20.25.45:302][ 98]LogModuleManager: Shutting down and abandoning module BspMode (494)
[2018.02.13-20.25.45:315][ 98]LogModuleManager: Shutting down and abandoning module HardwareSurvey (492)
[2018.02.13-20.25.45:333][ 98]LogModuleManager: Shutting down and abandoning module SequenceRecorderSections (490)
[2018.02.13-20.25.45:345][ 98]LogModuleManager: Shutting down and abandoning module AutomationWorker (488)
[2018.02.13-20.25.45:359][ 98]LogModuleManager: Shutting down and abandoning module MatineeToLevelSequence (486)
[2018.02.13-20.25.45:359][ 98]LogModuleManager: Shutting down and abandoning module LevelSequenceEditor (484)
[2018.02.13-20.25.45:439][ 98]LogModuleManager: Shutting down and abandoning module PlacementMode (483)
[2018.02.13-20.25.45:440][ 98]LogModuleManager: Shutting down and abandoning module WmfMediaFactory (480)
[2018.02.13-20.25.45:440][ 98]LogModuleManager: Shutting down and abandoning module WmfMediaEditor (478)
[2018.02.13-20.25.45:440][ 98]LogModuleManager: Shutting down and abandoning module AvfMediaFactory (476)
[2018.02.13-20.25.45:440][ 98]LogModuleManager: Shutting down and abandoning module AvfMediaEditor (474)
[2018.02.13-20.25.45:440][ 98]LogModuleManager: Shutting down and abandoning module AndroidMediaFactory (472)
[2018.02.13-20.25.45:440][ 98]LogModuleManager: Shutting down and abandoning module Media (471)
[2018.02.13-20.25.45:440][ 98]LogModuleManager: Shutting down and abandoning module AndroidMediaEditor (468)
[2018.02.13-20.25.45:440][ 98]LogModuleManager: Shutting down and abandoning module CharacterAI (466)
[2018.02.13-20.25.45:441][ 98]LogModuleManager: Shutting down and abandoning module AudioCapture (464)
[2018.02.13-20.25.45:470][ 98]LogModuleManager: Shutting down and abandoning module SequenceRecorder (463)
[2018.02.13-20.25.45:490][ 98]LogModuleManager: Shutting down and abandoning module SmartSnapping (460)
[2018.02.13-20.25.45:490][ 98]LogModuleManager: Shutting down and abandoning module SessionServices (458)
[2018.02.13-20.25.45:491][ 98]LogModuleManager: Shutting down and abandoning module ViewportSnapping (456)
[2018.02.13-20.25.45:491][ 98]LogModuleManager: Shutting down and abandoning module ViewportInteraction (454)
[2018.02.13-20.25.45:491][ 98]LogModuleManager: Shutting down and abandoning module ClothPainter (452)
[2018.02.13-20.25.45:559][ 98]LogModuleManager: Shutting down and abandoning module LogVisualizer (450)
[2018.02.13-20.25.45:588][ 98]LogModuleManager: Shutting down and abandoning module IntroTutorials (448)
[2018.02.13-20.25.45:637][ 98]LogModuleManager: Shutting down and abandoning module GameProjectGeneration (447)
[2018.02.13-20.25.45:660][ 98]LogModuleManager: Shutting down and abandoning module EditorLiveStreaming (444)
[2018.02.13-20.25.45:660][ 98]LogModuleManager: Shutting down and abandoning module IOSPlatformEditor (442)
[2018.02.13-20.25.45:674][ 98]LogModuleManager: Shutting down and abandoning module HTML5PlatformEditor (440)
[2018.02.13-20.25.45:674][ 98]LogModuleManager: Shutting down and abandoning module AndroidPlatformEditor (438)
[2018.02.13-20.25.45:674][ 98]LogModuleManager: Shutting down and abandoning module AndroidDeviceDetection (437)
[2018.02.13-20.25.46:492][ 98]LogModuleManager: Shutting down and abandoning module IOSRuntimeSettings (434)
[2018.02.13-20.25.46:492][ 98]LogModuleManager: Shutting down and abandoning module AndroidRuntimeSettings (432)
[2018.02.13-20.25.46:492][ 98]LogModuleManager: Shutting down and abandoning module InputBindingEditor (430)
[2018.02.13-20.25.46:550][ 98]LogModuleManager: Shutting down and abandoning module MergeActors (428)
[2018.02.13-20.25.46:556][ 98]LogModuleManager: Shutting down and abandoning module SizeMap (426)
[2018.02.13-20.25.46:556][ 98]LogModuleManager: Shutting down and abandoning module TreeMap (424)
[2018.02.13-20.25.46:566][ 98]LogModuleManager: Shutting down and abandoning module ReferenceViewer (422)
[2018.02.13-20.25.46:578][ 98]LogModuleManager: Shutting down and abandoning module LocalizationDashboard (420)
[2018.02.13-20.25.46:593][ 98]LogModuleManager: Shutting down and abandoning module LocalizationService (419)
[2018.02.13-20.25.46:603][ 98]LogModuleManager: Shutting down and abandoning module HardwareTargeting (416)
[2018.02.13-20.25.46:603][ 98]LogModuleManager: Shutting down and abandoning module DeviceProfileEditor (414)
[2018.02.13-20.25.46:614][ 98]LogModuleManager: Shutting down and abandoning module UndoHistory (412)
[2018.02.13-20.25.46:620][ 98]LogModuleManager: Shutting down and abandoning module UserFeedback (410)
[2018.02.13-20.25.46:620][ 98]LogModuleManager: Shutting down and abandoning module XmlParser (408)
[2018.02.13-20.25.46:628][ 98]LogModuleManager: Shutting down and abandoning module Blutility (406)
[2018.02.13-20.25.46:639][ 98]LogModuleManager: Shutting down and abandoning module ProjectSettingsViewer (404)
[2018.02.13-20.25.46:639][ 98]LogModuleManager: Shutting down and abandoning module ProjectTargetPlatformEditor (403)
[2018.02.13-20.25.46:640][ 98]LogModuleManager: Shutting down and abandoning module EditorSettingsViewer (400)
[2018.02.13-20.25.46:640][ 98]LogModuleManager: Shutting down and abandoning module SettingsEditor (398)
[2018.02.13-20.25.46:651][ 98]LogModuleManager: Shutting down and abandoning module ProjectLauncher (396)
[2018.02.13-20.25.46:673][ 98]LogModuleManager: Shutting down and abandoning module SessionFrontend (394)
[2018.02.13-20.25.46:682][ 98]LogModuleManager: Shutting down and abandoning module ProfilerClient (392)
[2018.02.13-20.25.46:694][ 98]LogModuleManager: Shutting down and abandoning module DeviceManager (390)
[2018.02.13-20.25.46:702][ 98]LogModuleManager: Shutting down and abandoning module TargetDeviceServices (389)
[2018.02.13-20.25.46:757][ 98]LogModuleManager: Shutting down and abandoning module AutomationController (386)
[2018.02.13-20.25.46:762][ 98]LogModuleManager: Shutting down and abandoning module AutomationWindow (384)
[2018.02.13-20.25.46:783][ 98]LogModuleManager: Shutting down and abandoning module Layers (382)
[2018.02.13-20.25.46:825][ 98]LogModuleManager: Shutting down and abandoning module ComponentVisualizers (380)
[2018.02.13-20.25.46:825][ 98]LogModuleManager: Shutting down and abandoning module DetailCustomizations (378)
[2018.02.13-20.25.46:830][ 98]LogModuleManager: Shutting down and abandoning module PackagesDialog (376)
[2018.02.13-20.25.46:830][ 98]LogModuleManager: Shutting down and abandoning module Persona (374)
[2018.02.13-20.25.46:853][ 98]LogModuleManager: Shutting down and abandoning module AdvancedPreviewScene (373)
[2018.02.13-20.25.46:853][ 98]LogModuleManager: Shutting down and abandoning module AnimGraph (371)
[2018.02.13-20.25.46:853][ 98]LogModuleManager: Shutting down and abandoning module Kismet (368)
[2018.02.13-20.25.46:890][ 98]LogModuleManager: Shutting down and abandoning module ClassViewer (366)
[2018.02.13-20.25.46:890][ 98]LogModuleManager: Shutting down and abandoning module Toolbox (364)
[2018.02.13-20.25.46:894][ 98]LogModuleManager: Shutting down and abandoning module ModuleUI (362)
[2018.02.13-20.25.46:917][ 98]LogModuleManager: Shutting down and abandoning module MovieSceneTools (360)
[2018.02.13-20.25.46:937][ 98]LogModuleManager: Shutting down and abandoning module OutputLog (358)
[2018.02.13-20.25.46:950][ 98]LogModuleManager: Shutting down and abandoning module GammaUI (356)
[2018.02.13-20.25.46:959][ 98]LogModuleManager: Shutting down and abandoning module Documentation (354)
[2018.02.13-20.25.46:959][ 98]LogModuleManager: Shutting down and abandoning module MovieSceneTracks (352)
[2018.02.13-20.25.46:959][ 98]LogModuleManager: Shutting down and abandoning module MovieScene (350)
[2018.02.13-20.25.46:959][ 98]LogModuleManager: Shutting down and abandoning module Niagara (348)
[2018.02.13-20.25.46:959][ 98]LogModuleManager: Shutting down and abandoning module NiagaraEditor (347)
[2018.02.13-20.25.46:989][ 98]LogModuleManager: Shutting down and abandoning module StreamingPauseRendering (344)
[2018.02.13-20.25.46:989][ 98]LogModuleManager: Shutting down and abandoning module AnalyticsET (342)
[2018.02.13-20.25.46:989][ 98]LogModuleManager: Shutting down and abandoning module PortalServices (340)
[2018.02.13-20.25.46:990][ 98]LogModuleManager: Shutting down and abandoning module PortalRpc (338)
[2018.02.13-20.25.46:990][ 98]LogModuleManager: Shutting down and abandoning module MessagingRpc (336)
[2018.02.13-20.25.46:990][ 98]LogModuleManager: Shutting down and abandoning module AIModule (334)
[2018.02.13-20.25.46:990][ 98]LogModuleManager: Shutting down and abandoning module GameplayDebugger (333)
[2018.02.13-20.25.46:994][ 98]LogModuleManager: Shutting down and abandoning module AITestSuite (331)
[2018.02.13-20.25.47:005][ 98]LogModuleManager: Shutting down and abandoning module ProfilerService (328)
[2018.02.13-20.25.47:017][ 98]LogModuleManager: Shutting down and abandoning module TaskGraph (326)
[2018.02.13-20.25.47:024][ 98]LogModuleManager: Shutting down and abandoning module SteamVRController (324)
[2018.02.13-20.25.47:024][ 98]LogModuleManager: Shutting down and abandoning module SteamVR (322)
[2018.02.13-20.25.47:024][ 98]LogModuleManager: Shutting down and abandoning module ProceduralMeshComponentEditor (320)
[2018.02.13-20.25.47:045][ 98]LogModuleManager: Shutting down and abandoning module ProceduralMeshComponent (318)
[2018.02.13-20.25.47:060][ 98]LogModuleManager: Shutting down and abandoning module OculusLibrary (316)
[2018.02.13-20.25.47:060][ 98]LogModuleManager: Shutting down and abandoning module OculusInput (314)
[2018.02.13-20.25.47:060][ 98]LogModuleManager: Shutting down and abandoning module MobilePatchingUtils (312)
[2018.02.13-20.25.47:060][ 98]LogModuleManager: Shutting down and abandoning module CustomMeshComponent (310)
[2018.02.13-20.25.47:060][ 98]LogModuleManager: Shutting down and abandoning module CableComponent (308)
[2018.02.13-20.25.47:068][ 98]LogModuleManager: Shutting down and abandoning module ArchVisCharacter (306)
[2018.02.13-20.25.47:068][ 98]LogModuleManager: Shutting down and abandoning module AndroidPermission (304)
[2018.02.13-20.25.47:068][ 98]LogModuleManager: Shutting down and abandoning module MediaPlayerEditor (300)
[2018.02.13-20.25.47:090][ 98]LogModuleManager: Shutting down and abandoning module HTML5Networking (298)
[2018.02.13-20.25.47:090][ 98]LogModuleManager: Shutting down and abandoning module AlembicImporter (296)
[2018.02.13-20.25.47:104][ 98]LogModuleManager: Shutting down and abandoning module AlembicLibrary (295)
[2018.02.13-20.25.47:104][ 98]LogModuleManager: Shutting down and abandoning module GeometryCache (294)
[2018.02.13-20.25.47:104][ 98]LogModuleManager: Shutting down and abandoning module GeometryCacheEd (293)
[2018.02.13-20.25.47:104][ 98]LogModuleManager: Shutting down and abandoning module SuperSearchEditor (288)
[2018.02.13-20.25.47:104][ 98]LogModuleManager: Shutting down and abandoning module SuperSearch (287)
[2018.02.13-20.25.47:104][ 98]LogModuleManager: Shutting down and abandoning module SpeedTreeImporter (284)
[2018.02.13-20.25.47:104][ 98]LogModuleManager: Shutting down and abandoning module PluginBrowser (282)
[2018.02.13-20.25.47:120][ 98]LogModuleManager: Shutting down and abandoning module MobileLauncherProfileWizard (280)
[2018.02.13-20.25.47:144][ 98]LogModuleManager: Shutting down and abandoning module VisualStudioSourceCodeAccess (278)
[2018.02.13-20.25.47:144][ 98]LogModuleManager: Shutting down and abandoning module DesktopPlatform (277)
[2018.02.13-20.25.47:144][ 98]LogModuleManager: Shutting down and abandoning module UObjectPlugin (274)
[2018.02.13-20.25.47:144][ 98]LogModuleManager: Shutting down and abandoning module SubversionSourceControl (272)
[2018.02.13-20.25.47:174][ 98]LogModuleManager: Shutting down and abandoning module PerforceSourceControl (270)
[2018.02.13-20.25.47:207][ 98]LogModuleManager: Shutting down and abandoning module GitSourceControl (268)
[2018.02.13-20.25.47:215][ 98]LogModuleManager: Shutting down and abandoning module SourceControl (267)
[2018.02.13-20.25.47:227][ 98]LogModuleManager: Shutting down and abandoning module LightPropagationVolumeEditor (264)
[2018.02.13-20.25.47:227][ 98]LogModuleManager: Shutting down and abandoning module PaperTiledImporter (262)
[2018.02.13-20.25.47:227][ 98]LogModuleManager: Shutting down and abandoning module PaperSpriteSheetImporter (260)
[2018.02.13-20.25.47:227][ 98]LogModuleManager: Shutting down and abandoning module Paper2DEditor (258)
[2018.02.13-20.25.47:238][ 98]LogModuleManager: Shutting down and abandoning module MeshPaint (257)
[2018.02.13-20.25.47:253][ 98]LogModuleManager: Shutting down and abandoning module LevelEditor (255)
[2018.02.13-20.25.47:260][ 98]LogModuleManager: Shutting down and abandoning module PixelInspectorModule (254)
[2018.02.13-20.25.47:276][ 98]LogModuleManager: Shutting down and abandoning module MainFrame (252)
[2018.02.13-20.25.47:284][ 98]LogModuleManager: Shutting down and abandoning module HotReload (251)
[2018.02.13-20.25.47:309][ 98]LogModuleManager: Shutting down and abandoning module PhysXVehiclesEditor (246)
[2018.02.13-20.25.47:328][ 98]LogModuleManager: Shutting down and abandoning module PhysXVehicles (244)
[2018.02.13-20.25.47:328][ 98]LogModuleManager: Shutting down and abandoning module LocationServicesBPLibrary (242)
[2018.02.13-20.25.47:328][ 98]LogModuleManager: Shutting down and abandoning module ImmediatePhysicsEditor (240)
[2018.02.13-20.25.47:328][ 98]LogModuleManager: Shutting down and abandoning module ImmediatePhysics (238)
[2018.02.13-20.25.47:332][ 98]LogModuleManager: Shutting down and abandoning module UdpMessaging (236)
[2018.02.13-20.25.47:432][ 98]LogModuleManager: Shutting down and abandoning module TcpMessaging (234)
[2018.02.13-20.25.47:540][ 98]LogModuleManager: Shutting down and abandoning module GameplayTagsEditor (232)
[2018.02.13-20.25.47:553][ 98]LogModuleManager: Shutting down and abandoning module FacialAnimationEditor (230)
[2018.02.13-20.25.47:556][ 98]LogModuleManager: Shutting down and abandoning module FacialAnimation (228)
[2018.02.13-20.25.47:556][ 98]LogModuleManager: Shutting down and abandoning module AssetManagerEditor (226)
[2018.02.13-20.25.47:599][ 98]LogModuleManager: Shutting down and abandoning module GraphEditor (225)
[2018.02.13-20.25.47:599][ 98]LogModuleManager: Shutting down and abandoning module ContentBrowser (223)
[2018.02.13-20.25.47:601][ 98]LogModuleManager: Shutting down and abandoning module LightPropagationVolumeRuntime (220)
[2018.02.13-20.25.47:601][ 98]LogModuleManager: Shutting down and abandoning module Paper2D (218)
[2018.02.13-20.25.47:605][ 98]LogModuleManager: Shutting down and abandoning module WindowsMoviePlayer (216)
[2018.02.13-20.25.47:605][ 98]LogModuleManager: Shutting down and abandoning module WmfMedia (214)
[2018.02.13-20.25.47:617][ 98]LogModuleManager: Shutting down and abandoning module ClothingSystemEditor (212)
[2018.02.13-20.25.47:617][ 98]LogModuleManager: Shutting down and abandoning module ClothingSystemRuntime (210)
[2018.02.13-20.25.47:644][ 98]LogModuleManager: Shutting down and abandoning module MediaAssets (208)
[2018.02.13-20.25.47:644][ 98]LogModuleManager: Shutting down and abandoning module GameLiveStreaming (206)
[2018.02.13-20.25.47:656][ 98]LogModuleManager: Shutting down and abandoning module VREditor (204)
[2018.02.13-20.25.47:661][ 98]LogModuleManager: Shutting down and abandoning module StringTableEditor (202)
[2018.02.13-20.25.47:698][ 98]LogModuleManager: Shutting down and abandoning module GameplayTasksEditor (200)
[2018.02.13-20.25.47:698][ 98]LogModuleManager: Shutting down and abandoning module BehaviorTreeEditor (198)
[2018.02.13-20.25.47:755][ 98]LogModuleManager: Shutting down and abandoning module FunctionalTesting (196)
[2018.02.13-20.25.47:755][ 98]LogModuleManager: Shutting down and abandoning module CollisionAnalyzer (194)
[2018.02.13-20.25.47:797][ 98]LogModuleManager: Shutting down and abandoning module UMG (192)
[2018.02.13-20.25.47:805][ 98]LogModuleManager: Shutting down and abandoning module UMGEditor (191)
[2018.02.13-20.25.47:848][ 98]LogModuleManager: Shutting down and abandoning module Sequencer (190)
[2018.02.13-20.25.47:875][ 98]LogModuleManager: Shutting down and abandoning module AssetTools (188)
[2018.02.13-20.25.47:982][ 98]LogModuleManager: Shutting down and abandoning module MessageLog (187)
[2018.02.13-20.25.47:982][ 98]LogModuleManager: Shutting down and abandoning module WorkspaceMenuStructure (186)
[2018.02.13-20.25.47:982][ 98]LogModuleManager: Shutting down and abandoning module SlateReflector (180)
[2018.02.13-20.25.48:005][ 98]LogModuleManager: Shutting down and abandoning module Slate (178)
[2018.02.13-20.25.48:005][ 98]LogModuleManager: Shutting down and abandoning module EditorStyle (176)
[2018.02.13-20.25.48:009][ 98]LogModuleManager: Shutting down and abandoning module SourceCodeAccess (174)
[2018.02.13-20.25.48:009][ 98]LogModuleManager: Shutting down and abandoning module HeadMountedDisplay (172)
[2018.02.13-20.25.48:009][ 98]LogModuleManager: Shutting down and abandoning module XAudio2 (170)
[2018.02.13-20.25.48:009][ 98]LogModuleManager: Shutting down and abandoning module Networking (168)
[2018.02.13-20.25.48:009][ 98]LogModuleManager: Shutting down and abandoning module Core (164)
[2018.02.13-20.25.48:009][ 98]LogModuleManager: Shutting down and abandoning module AssetRegistry (162)
[2018.02.13-20.25.48:171][ 98]LogDirectoryWatcher: A directory notification for '../../../Engine/Content/' was aborted.
[2018.02.13-20.25.48:171][ 98]LogDirectoryWatcher: A directory notification for 'C:/Users/alex/Documents/GitHub/TeamProject/Survival/Content/' was aborted.
[2018.02.13-20.25.48:171][ 98]LogDirectoryWatcher: A directory notification for '../../../Engine/Plugins/2D/Paper2D/Content/' was aborted.
[2018.02.13-20.25.48:171][ 98]LogDirectoryWatcher: A directory notification for '../../../Engine/Plugins/Runtime/GearVR/Content/' was aborted.
[2018.02.13-20.25.48:186][ 98]LogModuleManager: Shutting down and abandoning module DirectoryWatcher (161)
[2018.02.13-20.25.48:191][ 98]LogModuleManager: Shutting down and abandoning module KismetCompiler (158)
[2018.02.13-20.25.48:191][ 98]LogModuleManager: Shutting down and abandoning module LevelSequence (156)
[2018.02.13-20.25.48:191][ 98]LogModuleManager: Shutting down and abandoning module PhysXFormats (154)
[2018.02.13-20.25.48:191][ 98]LogModuleManager: Shutting down and abandoning module MeshUtilities (152)
[2018.02.13-20.25.48:194][ 98]LogModuleManager: Shutting down and abandoning module SimplygonSwarm (151)
[2018.02.13-20.25.48:204][ 98]LogModuleManager: Shutting down and abandoning module SimplygonMeshReduction (149)
[2018.02.13-20.25.48:204][ 98]LogModuleManager: Shutting down and abandoning module QuadricMeshReduction (147)
[2018.02.13-20.25.48:209][ 98]LogModuleManager: Shutting down and abandoning module DerivedDataCache (144)
[2018.02.13-20.25.48:285][ 98]LogDerivedDataCache: Shutdown
[2018.02.13-20.25.48:285][ 98]LogModuleManager: Shutting down and abandoning module TargetPlatform (142)
[2018.02.13-20.25.48:286][ 98]LogModuleManager: Shutting down and abandoning module VulkanShaderFormat (141)
[2018.02.13-20.25.48:297][ 98]LogModuleManager: Shutting down and abandoning module ShaderFormatVectorVM (139)
[2018.02.13-20.25.48:322][ 98]LogModuleManager: Shutting down and abandoning module ShaderFormatOpenGL (137)
[2018.02.13-20.25.48:325][ 98]LogModuleManager: Shutting down and abandoning module ShaderFormatD3D (135)
[2018.02.13-20.25.48:332][ 98]LogModuleManager: Shutting down and abandoning module MetalShaderFormat (133)
[2018.02.13-20.25.48:342][ 98]LogModuleManager: Shutting down and abandoning module TextureFormatUncompressed (131)
[2018.02.13-20.25.48:342][ 98]LogModuleManager: Shutting down and abandoning module TextureFormatPVR (129)
[2018.02.13-20.25.48:342][ 98]LogModuleManager: Shutting down and abandoning module TextureFormatDXT (127)
[2018.02.13-20.25.48:342][ 98]LogModuleManager: Shutting down and abandoning module TextureFormatIntelISPCTexComp (125)
[2018.02.13-20.25.48:350][ 98]LogModuleManager: Shutting down and abandoning module TextureFormatASTC (123)
[2018.02.13-20.25.48:350][ 98]LogModuleManager: Shutting down and abandoning module ImageWrapper (122)
[2018.02.13-20.25.48:350][ 98]LogModuleManager: Shutting down and abandoning module TextureFormatAndroid (119)
[2018.02.13-20.25.48:350][ 98]LogModuleManager: Shutting down and abandoning module AudioFormatOpus (117)
[2018.02.13-20.25.48:350][ 98]LogModuleManager: Shutting down and abandoning module AudioFormatOgg (115)
[2018.02.13-20.25.48:350][ 98]LogModuleManager: Shutting down and abandoning module AudioFormatADPCM (113)
[2018.02.13-20.25.48:350][ 98]LogModuleManager: Shutting down and abandoning module LinuxTargetPlatform (111)
[2018.02.13-20.25.48:350][ 98]LogModuleManager: Shutting down and abandoning module LinuxServerTargetPlatform (109)
[2018.02.13-20.25.48:350][ 98]LogModuleManager: Shutting down and abandoning module LinuxNoEditorTargetPlatform (107)
[2018.02.13-20.25.48:350][ 98]LogModuleManager: Shutting down and abandoning module LinuxClientTargetPlatform (105)
[2018.02.13-20.25.48:350][ 98]LogModuleManager: Shutting down and abandoning module TVOSTargetPlatform (103)
[2018.02.13-20.25.48:350][ 98]LogModuleManager: Shutting down and abandoning module Messaging (101)
[2018.02.13-20.25.48:350][ 98]LogModuleManager: Shutting down and abandoning module IOSTargetPlatform (99)
[2018.02.13-20.25.48:350][ 98]LogModuleManager: Shutting down and abandoning module HTML5TargetPlatform (97)
[2018.02.13-20.25.48:350][ 98]LogModuleManager: Shutting down and abandoning module Android_PVRTCTargetPlatform (95)
[2018.02.13-20.25.48:357][ 98]LogModuleManager: Shutting down and abandoning module Android_MultiTargetPlatform (93)
[2018.02.13-20.25.48:357][ 98]LogModuleManager: Shutting down and abandoning module Android_ETC2TargetPlatform (91)
[2018.02.13-20.25.48:364][ 98]LogModuleManager: Shutting down and abandoning module Android_ETC1TargetPlatform (89)
[2018.02.13-20.25.48:373][ 98]LogModuleManager: Shutting down and abandoning module Android_DXTTargetPlatform (87)
[2018.02.13-20.25.48:382][ 98]LogModuleManager: Shutting down and abandoning module Android_ATCTargetPlatform (85)
[2018.02.13-20.25.48:392][ 98]LogModuleManager: Shutting down and abandoning module Android_ASTCTargetPlatform (83)
[2018.02.13-20.25.48:392][ 98]LogModuleManager: Shutting down and abandoning module AndroidTargetPlatform (81)
[2018.02.13-20.25.48:404][ 98]LogModuleManager: Shutting down and abandoning module WindowsTargetPlatform (79)
[2018.02.13-20.25.48:405][ 98]LogModuleManager: Shutting down and abandoning module WindowsServerTargetPlatform (77)
[2018.02.13-20.25.48:405][ 98]LogModuleManager: Shutting down and abandoning module WindowsNoEditorTargetPlatform (75)
[2018.02.13-20.25.48:405][ 98]LogModuleManager: Shutting down and abandoning module WindowsClientTargetPlatform (73)
[2018.02.13-20.25.48:405][ 98]LogModuleManager: Shutting down and abandoning module MacTargetPlatform (71)
[2018.02.13-20.25.48:405][ 98]LogModuleManager: Shutting down and abandoning module MacServerTargetPlatform (69)
[2018.02.13-20.25.48:405][ 98]LogModuleManager: Shutting down and abandoning module MacNoEditorTargetPlatform (67)
[2018.02.13-20.25.48:405][ 98]LogModuleManager: Shutting down and abandoning module MacClientTargetPlatform (65)
[2018.02.13-20.25.48:405][ 98]LogModuleManager: Shutting down and abandoning module AllDesktopTargetPlatform (63)
[2018.02.13-20.25.48:405][ 98]LogModuleManager: Shutting down and abandoning module InputCore (60)
[2018.02.13-20.25.48:405][ 98]LogModuleManager: Shutting down and abandoning module Settings (58)
[2018.02.13-20.25.48:405][ 98]LogModuleManager: Shutting down and abandoning module OculusRift (56)
[2018.02.13-20.25.48:414][ 98]LogModuleManager: Shutting down and abandoning module GearVRController (54)
[2018.02.13-20.25.48:414][ 98]LogModuleManager: Shutting down and abandoning module GearVR (52)
[2018.02.13-20.25.48:426][ 98]LogModuleManager: Shutting down and abandoning module ExampleDeviceProfileSelector (50)
[2018.02.13-20.25.48:426][ 98]LogModuleManager: Shutting down and abandoning module OnlineBlueprintSupport (48)
[2018.02.13-20.25.48:426][ 98]LogModuleManager: Shutting down and abandoning module OnlineSubsystem (44)
[2018.02.13-20.25.48:426][ 98]LogOnline:Display: Unloading online subsystem: NULL
[2018.02.13-20.25.48:463][ 98]LogModuleManager: Shutting down and abandoning module XMPP (43)
[2018.02.13-20.25.48:480][ 98]LogModuleManager: Shutting down and abandoning module HTTP (41)
[2018.02.13-20.25.48:480][ 98]LogHttp:Display: Http module shutting down, but needs to wait on 1 outstanding Http requests:
[2018.02.13-20.25.48:487][ 98]LogHttp:Display: 	verb=[POST] url=[https://datarouter.ol.epicgames.com/datarouter/api/v1/public/data?SessionID=%7BC9A88002-473D-3FDB-CBB8-4BAF7AEB2627%7D&AppID=UEEditor.Rocket.Release&AppVersion=4.16.3-3561208%2B%2B%2BUE4%2BRelease-4.16&UserID=45990d8c459c3705c0a9cb87f027e809%7C43ea32e628e84879acc8357f4b1cc8e3%7Cb90d7bb2-1687-4024-89a9-e6b1c227c3ec&AppEnvironment=datacollector-binary&UploadType=eteventstream] status=Processing
[2018.02.13-20.25.48:506][ 98]LogModuleManager: Shutting down and abandoning module SSL (40)
[2018.02.13-20.25.48:521][ 98]LogModuleManager: Shutting down and abandoning module HTTPChunkInstaller (36)
[2018.02.13-20.25.48:559][ 98]LogModuleManager: Shutting down and abandoning module AnimationModifiers (34)
[2018.02.13-20.25.48:573][ 98]LogModuleManager: Shutting down and abandoning module PropertyEditor (33)
[2018.02.13-20.25.48:573][ 98]LogModuleManager: Shutting down and abandoning module AudioEditor (30)
[2018.02.13-20.25.48:628][ 98]LogModuleManager: Shutting down and abandoning module TextureCompressor (28)
[2018.02.13-20.25.48:628][ 98]LogModuleManager: Shutting down and abandoning module ShaderCore (26)
[2018.02.13-20.25.48:628][ 98]LogModuleManager: Shutting down and abandoning module Landscape (24)
[2018.02.13-20.25.48:628][ 98]LogModuleManager: Shutting down and abandoning module SlateRHIRenderer (22)
[2018.02.13-20.25.48:660][ 98]LogModuleManager: Shutting down and abandoning module OpenGLDrv (20)
[2018.02.13-20.25.48:674][ 98]LogModuleManager: Shutting down and abandoning module D3D11RHI (18)
[2018.02.13-20.25.48:674][ 98]LogModuleManager: Shutting down and abandoning module AnimGraphRuntime (16)
[2018.02.13-20.25.48:684][ 98]LogModuleManager: Shutting down and abandoning module Renderer (14)
[2018.02.13-20.25.48:684][ 98]LogModuleManager: Shutting down and abandoning module Engine (12)
[2018.02.13-20.25.48:684][ 98]LogModuleManager: Shutting down and abandoning module CoreUObject (10)
[2018.02.13-20.25.48:684][ 98]LogModuleManager: Shutting down and abandoning module NetworkFile (8)
[2018.02.13-20.25.48:710][ 98]LogModuleManager: Shutting down and abandoning module StreamingFile (6)
[2018.02.13-20.25.48:717][ 98]LogModuleManager: Shutting down and abandoning module SandboxFile (4)
[2018.02.13-20.25.48:717][ 98]LogModuleManager: Shutting down and abandoning module PakFile (2)
[2018.02.13-20.25.48:747][ 98]LogExit: Exiting.
[2018.02.13-20.25.48:780][ 98]Log file closed, 02/13/18 20:25:48
