Log file open, 03/21/18 19:07:21
LogInit:Display: Running engine for game: Survival
LogPlatformFile: Not using cached read wrapper
LogInit:Display: RandInit(-707206877) SRandInit(-707206877).
LogTaskGraph: Started task graph with 5 named threads and 8 total threads with 1 sets of task threads.
LogStats: Stats thread started at 0.102144
LogInit: Using libcurl 7.47.1
LogInit:  - built for x86_64-pc-win32
LogInit:  - supports SSL with OpenSSL/1.0.2g
LogInit:  - supports HTTP deflate (compression) using libz 1.2.8
LogInit:  - other features:
LogInit:      CURL_VERSION_SSL
LogInit:      CURL_VERSION_LIBZ
LogInit:      CURL_VERSION_IPV6
LogInit:      CURL_VERSION_ASYNCHDNS
LogInit:      CURL_VERSION_LARGEFILE
LogInit:      CURL_VERSION_IDN
LogInit:  CurlRequestOptions (configurable via config and command line):
LogInit:  - bVerifyPeer = false  - Libcurl will NOT verify peer certificate
LogInit:  - bUseHttpProxy = false  - Libcurl will NOT use HTTP proxy
LogInit:  - bDontReuseConnections = false  - Libcurl will reuse connections
LogInit:  - CertBundlePath = nullptr  - Libcurl will use whatever was configured at build time.
LogInit: Build: ++UE4+Release-4.16-CL-3561208
LogInit: Engine Version: 4.16.3-3561208+++UE4+Release-4.16
LogInit: Compatible Engine Version: 4.16.0-3452394+++UE4+Release-4.16
LogInit: Net CL: 3452394
LogDevObjectVersion: Number of dev versions registered: 16
LogDevObjectVersion:   Dev-Blueprints (B0D832E4-1F89-4F0D-ACCF-7EB736FD4AA2): 9
LogDevObjectVersion:   Dev-Build (E1C64328-A22C-4D53-A36C-8E866417BD8C): 0
LogDevObjectVersion:   Dev-Core (375EC13C-06E4-48FB-B500-84F0262A717E): 2
LogDevObjectVersion:   Dev-Editor (E4B068ED-F494-42E9-A231-DA0B2E46BB41): 17
LogDevObjectVersion:   Dev-Framework (CFFC743F-43B0-4480-9391-14DF171D2073): 23
LogDevObjectVersion:   Dev-Mobile (B02B49B5-BB20-44E9-A304-32B752E40360): 0
LogDevObjectVersion:   Dev-Networking (A4E4105C-59A1-49B5-A7C5-40C4547EDFEE): 0
LogDevObjectVersion:   Dev-Online (39C831C9-5AE6-47DC-9A44-9C173E1C8E7C): 0
LogDevObjectVersion:   Dev-Physics (78F01B33-EBEA-4F98-B9B4-84EACCB95AA2): 0
LogDevObjectVersion:   Dev-Platform (6631380F-2D4D-43E0-8009-CF276956A95A): 0
LogDevObjectVersion:   Dev-Rendering (12F88B9F-8875-4AFC-A67C-D90C383ABD29): 15
LogDevObjectVersion:   Dev-Sequencer (7B5AE74C-D270-4C10-A958-57980B212A5A): 4
LogDevObjectVersion:   Dev-VR (D7296918-1DD6-4BDD-9DE2-64A83CC13884): 0
LogDevObjectVersion:   Dev-LoadTimes (C2A15278-BFE7-4AFE-6C17-90FF531DF755): 1
LogDevObjectVersion:   Private-Geometry (6EACA3D4-40EC-4CC1-B786-8BED09428FC5): 1
LogDevObjectVersion:   Dev-AnimPhys (29E575DD-E0A3-4627-9D10-D276232CDCEA): 3
LogInit: Compiled (64-bit): Jul 28 2017 11:49:47
LogInit: Compiled with Visual C++: 19.00.24215.01
LogInit: Build Configuration: Development
LogInit: Branch Name: ++UE4+Release-4.16
LogInit: Command line:  
LogInit: Base directory: D:/UE_4.16/Engine/Binaries/Win64/
LogInit: Installed Engine Build: 1
LogInit: Presizing for max 8388607 objects, including 0 objects not considered by GC, pre-allocating 0 bytes for permanent pool.
LogInit: Object subsystem initialized
[2018.03.21-19.07.22:249][  0]LogInit: Selected Device Profile: [Windows]
[2018.03.21-19.07.22:249][  0]LogInit: Applying CVar settings loaded from the selected device profile: [Windows]
[2018.03.21-19.07.22:265][  0]LogInit: Computer: DESKTOP-HS3FJOD
[2018.03.21-19.07.22:265][  0]LogInit: User: alex
[2018.03.21-19.07.22:265][  0]LogInit: CPU Page size=4096, Cores=4
[2018.03.21-19.07.22:265][  0]LogInit: High frequency timer resolution =2.435780 MHz
[2018.03.21-19.07.22:266][  0]LogMemory: Memory total: Physical=7.9GB (8GB approx)
[2018.03.21-19.07.22:266][  0]LogMemory: Platform Memory Stats for Windows
[2018.03.21-19.07.22:266][  0]LogMemory: Process Physical Memory: 274.54 MB used, 274.54 MB peak
[2018.03.21-19.07.22:266][  0]LogMemory: Process Virtual Memory: 268.83 MB used, 268.83 MB peak
[2018.03.21-19.07.22:266][  0]LogMemory: Physical Memory: 7429.80 MB used,  685.48 MB free, 8115.27 MB total
[2018.03.21-19.07.22:266][  0]LogMemory: Virtual Memory: 684.39 MB used,  685.48 MB free, 134217728.00 MB total
[2018.03.21-19.07.22:356][  0]LogInit: Using OS detected language (en-GB).
[2018.03.21-19.07.22:356][  0]LogInit: Using OS detected locale (en-GB).
[2018.03.21-19.07.22:364][  0]LogTextLocalizationManager: No specific localization for 'en-GB' exists, so the 'en' localization will be used.
[2018.03.21-19.07.24:196][  0]LogD3D11RHI: D3D11 adapters:
[2018.03.21-19.07.24:271][  0]LogD3D11RHI:    0. 'NVIDIA GeForce GTX 860M' (Feature Level 11_0)
[2018.03.21-19.07.24:271][  0]LogD3D11RHI:       2010/0/4057 MB DedicatedVideo/DedicatedSystem/SharedSystem, Outputs:1, VendorId:0x10de
[2018.03.21-19.07.24:279][  0]LogD3D11RHI:    1. 'Intel(R) HD Graphics 4600' (Feature Level 11_0)
[2018.03.21-19.07.24:279][  0]LogD3D11RHI:       112/0/2048 MB DedicatedVideo/DedicatedSystem/SharedSystem, Outputs:0, VendorId:0x8086
[2018.03.21-19.07.24:281][  0]LogD3D11RHI:    2. 'Microsoft Basic Render Driver' (Feature Level 11_0)
[2018.03.21-19.07.24:281][  0]LogD3D11RHI:       0/0/4057 MB DedicatedVideo/DedicatedSystem/SharedSystem, Outputs:0, VendorId:0x1414
[2018.03.21-19.07.24:281][  0]LogD3D11RHI: Chosen D3D11 Adapter: 0
[2018.03.21-19.07.24:324][  0]LogD3D11RHI: Creating new Direct3DDevice
[2018.03.21-19.07.24:324][  0]LogD3D11RHI:     GPU DeviceId: 0x1392 (for the marketing name, search the web for "GPU Device Id")
[2018.03.21-19.07.24:324][  0]LogWindows: EnumDisplayDevices:
[2018.03.21-19.07.24:324][  0]LogWindows:    0. 'Intel(R) HD Graphics 4600' (P:1 D:1)
[2018.03.21-19.07.24:325][  0]LogWindows:    1. 'Intel(R) HD Graphics 4600' (P:0 D:0)
[2018.03.21-19.07.24:325][  0]LogWindows:    2. 'Intel(R) HD Graphics 4600' (P:0 D:0)
[2018.03.21-19.07.24:325][  0]LogWindows: DebugString: GetVideoDriverDetailsInvalid PrimaryIsNotTheChoosenAdapter GetVideoDriverDetailsInvalid PrimaryIsNotTheChoosenAdapter GetVideoDriverDetailsInvalid PrimaryIsNotTheChoosenAdapter FoundDriverCount:0 
[2018.03.21-19.07.24:325][  0]LogD3D11RHI:     Adapter Name: NVIDIA GeForce GTX 860M
[2018.03.21-19.07.24:325][  0]LogD3D11RHI:   Driver Version: Unknown (internal:Unknown, unified:Unknown)
[2018.03.21-19.07.24:325][  0]LogD3D11RHI:      Driver Date: Unknown
[2018.03.21-19.07.24:325][  0]LogRHI: Texture pool is 1361 MB (70% of 1945 MB)
[2018.03.21-19.07.24:366][  0]LogD3D11RHI: Async texture creation enabled
[2018.03.21-19.07.24:587][  0]LogD3D11RHI: GPU Timing Frequency: 1000.000000 (Debug: 2 2)
[2018.03.21-19.07.24:588][  0]LogShaderCompilers: Guid format shader working directory is -7 characters bigger than the processId version (C:/Users/alex/Documents/GitHub/TeamProject/Survival/Intermediate/Shaders/WorkingDirectory/71996/).
[2018.03.21-19.07.24:588][  0]LogShaderCompilers: Cleaned the shader compiler working directory 'C:/Users/alex/AppData/Local/Temp/UnrealShaderWorkingDir/54858A92485EC208DF5CCCB65A1C47B4/'.
[2018.03.21-19.07.24:588][  0]LogShaderCompilers:Display: Using Local Shader Compiler.
[2018.03.21-19.07.27:688][  0]LogTemp:Display: Loaded TP AllDesktopTargetPlatform
[2018.03.21-19.07.27:764][  0]LogTemp:Display: Loaded TP MacClientTargetPlatform
[2018.03.21-19.07.27:852][  0]LogTemp:Display: Loaded TP MacNoEditorTargetPlatform
[2018.03.21-19.07.27:959][  0]LogTemp:Display: Loaded TP MacServerTargetPlatform
[2018.03.21-19.07.28:078][  0]LogTemp:Display: Loaded TP MacTargetPlatform
[2018.03.21-19.07.28:181][  0]LogTemp:Display: Loaded TP WindowsClientTargetPlatform
[2018.03.21-19.07.28:294][  0]LogTemp:Display: Loaded TP WindowsNoEditorTargetPlatform
[2018.03.21-19.07.28:395][  0]LogTemp:Display: Loaded TP WindowsServerTargetPlatform
[2018.03.21-19.07.28:503][  0]LogTemp:Display: Loaded TP WindowsTargetPlatform
[2018.03.21-19.07.28:608][  0]LogTemp:Display: Loaded TP AndroidTargetPlatform
[2018.03.21-19.07.28:744][  0]LogTemp:Display: Loaded TP Android_ASTCTargetPlatform
[2018.03.21-19.07.28:830][  0]LogTemp:Display: Loaded TP Android_ATCTargetPlatform
[2018.03.21-19.07.28:957][  0]LogTemp:Display: Loaded TP Android_DXTTargetPlatform
[2018.03.21-19.07.29:026][  0]LogTemp:Display: Loaded TP Android_ETC1TargetPlatform
[2018.03.21-19.07.29:097][  0]LogTemp:Display: Loaded TP Android_ETC2TargetPlatform
[2018.03.21-19.07.29:240][  0]LogTemp:Display: Loaded TP Android_MultiTargetPlatform
[2018.03.21-19.07.29:240][  0]LogTemp:Display: Loaded TP Android_PVRTCTargetPlatform
[2018.03.21-19.07.29:287][  0]LogTemp:Display: Loaded TP HTML5TargetPlatform
[2018.03.21-19.07.29:467][  0]LogTemp:Display: Loaded TP IOSTargetPlatform
[2018.03.21-19.07.29:504][  0]LogTemp:Display: Loaded TP TVOSTargetPlatform
[2018.03.21-19.07.29:570][  0]LogTemp:Display: Loaded TP LinuxClientTargetPlatform
[2018.03.21-19.07.29:632][  0]LogTemp:Display: Loaded TP LinuxNoEditorTargetPlatform
[2018.03.21-19.07.29:696][  0]LogTemp:Display: Loaded TP LinuxServerTargetPlatform
[2018.03.21-19.07.29:774][  0]LogTemp:Display: Loaded TP LinuxTargetPlatform
[2018.03.21-19.07.29:774][  0]LogTargetPlatformManager:Display: Building Assets For Windows
[2018.03.21-19.07.31:424][  0]LogDerivedDataCache:Display: Max Cache Size: 512 MB
[2018.03.21-19.07.32:057][  0]LogDerivedDataCache: Loaded boot cache 0.63s 90MB C:/Users/alex/AppData/Local/UnrealEngine/4.16/DerivedDataCache/Boot.ddc.
[2018.03.21-19.07.32:057][  0]LogDerivedDataCache:Display: Loaded Boot cache: C:/Users/alex/AppData/Local/UnrealEngine/4.16/DerivedDataCache/Boot.ddc
[2018.03.21-19.07.32:057][  0]LogDerivedDataCache: FDerivedDataBackendGraph:  Pak pak cache file C:/Users/alex/Documents/GitHub/TeamProject/Survival/DerivedDataCache/DDC.ddp not found, will not use a pak cache.
[2018.03.21-19.07.32:057][  0]LogDerivedDataCache: Unable to find inner node Pak for hierarchical cache Hierarchy.
[2018.03.21-19.07.32:057][  0]LogDerivedDataCache: FDerivedDataBackendGraph:  CompressedPak pak cache file C:/Users/alex/Documents/GitHub/TeamProject/Survival/DerivedDataCache/Compressed.ddp not found, will not use a pak cache.
[2018.03.21-19.07.32:057][  0]LogDerivedDataCache: Unable to find inner node CompressedPak for hierarchical cache Hierarchy.
[2018.03.21-19.07.32:104][  0]LogDerivedDataCache:Display: Pak cache opened for reading ../../../Engine/DerivedDataCache/Compressed.ddp.
[2018.03.21-19.07.32:117][  0]LogDerivedDataCache: Using Local data cache path C:/Users/alex/AppData/Local/UnrealEngine/Common/DerivedDataCache: Writable
[2018.03.21-19.07.32:136][  0]LogMaterial: Verifying Global Shaders for PCD3D_SM5
[2018.03.21-19.07.32:137][  0]LogSlate: Using Freetype 2.6.0
[2018.03.21-19.07.32:167][  0]LogSlate: SlateFontCache - WITH_FREETYPE: 1, WITH_HARFBUZZ: 1
[2018.03.21-19.07.32:168][  0]LogSlate: SlateFontCache - WITH_FREETYPE: 1, WITH_HARFBUZZ: 1
[2018.03.21-19.07.47:866][  0]LogInit: Selected Device Profile: [Windows]
[2018.03.21-19.07.48:715][  0]LogContentStreaming: Texture pool size is 0.00 MB
[2018.03.21-19.07.51:265][  0]LogMeshUtilities: Using QuadricMeshReduction for automatic static mesh reduction
[2018.03.21-19.07.51:478][  0]LogSimplygon: Simplygon DLL not present - disabling.
[2018.03.21-19.07.51:626][  0]LogMeshUtilities: Using SimplygonSwarm for distributed automatic mesh merging
[2018.03.21-19.07.51:626][  0]LogMeshUtilities: No automatic skeletal mesh reduction module available
[2018.03.21-19.07.51:626][  0]LogMeshUtilities: No automatic mesh merging module available
[2018.03.21-19.07.54:408][  0]LogConfig:Warning: Failed to saved backup for config[TemplateDefs]
[2018.03.21-19.08.00:439][  0]LogNetVersion: Survival , NetCL: 3452394, EngineNetVer: 2, GameNetVer: 0 (Checksum: 3038584403)
[2018.03.21-19.08.01:051][  0]LogAssetRegistry: FAssetRegistry took 0.0604 seconds to start up
[2018.03.21-19.08.01:512][  0]LogAssetRegistry:Error: Failed to open file for write C:/Users/alex/Documents/GitHub/TeamProject/Survival/Intermediate/AssetRegistryCache/e8c2d44a.bin
[2018.03.21-19.08.01:593][  0]LogAssetRegistry:Error: Failed to open file for write C:/Users/alex/Documents/GitHub/TeamProject/Survival/Intermediate/AssetRegistryCache/aff1c699.bin
[2018.03.21-19.08.01:603][  0]LogAssetRegistry:Error: Failed to open file for write C:/Users/alex/Documents/GitHub/TeamProject/Survival/Intermediate/AssetRegistryCache/866581fd.bin
[2018.03.21-19.08.01:656][  0]LogAssetRegistry:Error: Failed to open file for write C:/Users/alex/Documents/GitHub/TeamProject/Survival/Intermediate/AssetRegistryCache/266574c4.bin
[2018.03.21-19.08.01:661][  0]LogAssetRegistry:Error: Failed to open file for write C:/Users/alex/Documents/GitHub/TeamProject/Survival/Intermediate/AssetRegistryCache/8c0e1344.bin
[2018.03.21-19.08.01:667][  0]LogFileManager:Warning: MoveFile was unable to move 'C:/Users/alex/Documents/GitHub/TeamProject/Survival/Intermediate/AssetRegistryCache/3cfcd8c6.bin.tmp' to 'C:/Users/alex/Documents/GitHub/TeamProject/Survival/Intermediate/AssetRegistryCache/3cfcd8c6.bin', retrying in .5s...
[2018.03.21-19.08.02:168][  0]LogFileManager:Warning: MoveFile was unable to move 'C:/Users/alex/Documents/GitHub/TeamProject/Survival/Intermediate/AssetRegistryCache/3cfcd8c6.bin.tmp' to 'C:/Users/alex/Documents/GitHub/TeamProject/Survival/Intermediate/AssetRegistryCache/3cfcd8c6.bin', retrying in .5s...
[2018.03.21-19.08.02:669][  0]LogFileManager:Warning: MoveFile was unable to move 'C:/Users/alex/Documents/GitHub/TeamProject/Survival/Intermediate/AssetRegistryCache/3cfcd8c6.bin.tmp' to 'C:/Users/alex/Documents/GitHub/TeamProject/Survival/Intermediate/AssetRegistryCache/3cfcd8c6.bin', retrying in .5s...
[2018.03.21-19.08.03:170][  0]LogFileManager:Warning: MoveFile was unable to move 'C:/Users/alex/Documents/GitHub/TeamProject/Survival/Intermediate/AssetRegistryCache/3cfcd8c6.bin.tmp' to 'C:/Users/alex/Documents/GitHub/TeamProject/Survival/Intermediate/AssetRegistryCache/3cfcd8c6.bin', retrying in .5s...
[2018.03.21-19.08.03:670][  0]LogFileManager:Warning: MoveFile was unable to move 'C:/Users/alex/Documents/GitHub/TeamProject/Survival/Intermediate/AssetRegistryCache/3cfcd8c6.bin.tmp' to 'C:/Users/alex/Documents/GitHub/TeamProject/Survival/Intermediate/AssetRegistryCache/3cfcd8c6.bin', retrying in .5s...
[2018.03.21-19.08.04:171][  0]LogFileManager:Warning: MoveFile was unable to move 'C:/Users/alex/Documents/GitHub/TeamProject/Survival/Intermediate/AssetRegistryCache/3cfcd8c6.bin.tmp' to 'C:/Users/alex/Documents/GitHub/TeamProject/Survival/Intermediate/AssetRegistryCache/3cfcd8c6.bin', retrying in .5s...
[2018.03.21-19.08.04:671][  0]LogFileManager:Warning: MoveFile was unable to move 'C:/Users/alex/Documents/GitHub/TeamProject/Survival/Intermediate/AssetRegistryCache/3cfcd8c6.bin.tmp' to 'C:/Users/alex/Documents/GitHub/TeamProject/Survival/Intermediate/AssetRegistryCache/3cfcd8c6.bin', retrying in .5s...
[2018.03.21-19.08.05:172][  0]LogFileManager:Warning: MoveFile was unable to move 'C:/Users/alex/Documents/GitHub/TeamProject/Survival/Intermediate/AssetRegistryCache/3cfcd8c6.bin.tmp' to 'C:/Users/alex/Documents/GitHub/TeamProject/Survival/Intermediate/AssetRegistryCache/3cfcd8c6.bin', retrying in .5s...
[2018.03.21-19.08.05:672][  0]LogFileManager:Warning: MoveFile was unable to move 'C:/Users/alex/Documents/GitHub/TeamProject/Survival/Intermediate/AssetRegistryCache/3cfcd8c6.bin.tmp' to 'C:/Users/alex/Documents/GitHub/TeamProject/Survival/Intermediate/AssetRegistryCache/3cfcd8c6.bin', retrying in .5s...
[2018.03.21-19.08.06:173][  0]LogFileManager:Warning: MoveFile was unable to move 'C:/Users/alex/Documents/GitHub/TeamProject/Survival/Intermediate/AssetRegistryCache/3cfcd8c6.bin.tmp' to 'C:/Users/alex/Documents/GitHub/TeamProject/Survival/Intermediate/AssetRegistryCache/3cfcd8c6.bin', retrying in .5s...
[2018.03.21-19.08.06:673][  0]LogFileManager:Error: Error moving file 'C:/Users/alex/Documents/GitHub/TeamProject/Survival/Intermediate/AssetRegistryCache/3cfcd8c6.bin.tmp' to 'C:/Users/alex/Documents/GitHub/TeamProject/Survival/Intermediate/AssetRegistryCache/3cfcd8c6.bin'.
[2018.03.21-19.08.06:679][  0]LogPackageLocalizationCache: Processed 4 localized package path(s) for 2 prioritized culture(s) in 5.314377 seconds
[2018.03.21-19.08.06:687][  0]LogUObjectArray: 34194 objects as part of root set at end of initial load.
[2018.03.21-19.08.06:687][  0]LogUObjectAllocator: 7260424 out of 0 bytes used by permanent object pool.
[2018.03.21-19.08.06:687][  0]LogUObjectArray: CloseDisregardForGC: 0/0 objects in disregard for GC pool
[2018.03.21-19.08.06:736][  0]LogInit: WinSock: version 1.1 (2.2), MaxSocks=32767, MaxUdp=65467
[2018.03.21-20.14.09:552][  0]LogTcpMessaging: Initializing TcpMessaging bridge
[2018.03.21-20.14.09:688][  0]LogUdpMessaging: Initializing bridge on interface 0.0.0.0:0 to multicast group 230.0.0.1:6666.
[2018.03.21-20.14.16:668][  0]LogAssetRegistry:Error: Failed to open file for write C:/Users/alex/Documents/GitHub/TeamProject/Survival/Intermediate/CachedAssetRegistry.bin
[2018.03.21-20.14.16:668][  0]LogConfig:Warning: Failed to saved backup for config[InternationalizationExport]
[2018.03.21-20.14.19:182][  0]LogMaterial: Uniform references updated for custom material expression Custom.
[2018.03.21-20.14.30:193][  0]SourceControl: Info Source control is disabled
[2018.03.21-20.14.30:639][  0]SourceControl: Info Source control is disabled
[2018.03.21-20.14.32:334][  0]SourceControl: Info Source control is disabled
[2018.03.21-20.14.32:648][  0]SourceControl: Info Source control is disabled
[2018.03.21-20.14.39:606][  0]LogAndroidPermission: UAndroidPermissionCallbackProxy::GetInstance
[2018.03.21-20.14.48:355][  0]LogEngine: Initializing Engine...
[2018.03.21-20.14.48:821][  0]LogHMD: Failed to initialize OpenVR with code 110
[2018.03.21-20.14.53:608][  0]LogStats: UGameplayTagsManager::ConstructGameplayTagTree: Construct from data asset -  0.000 s
[2018.03.21-20.14.53:649][  0]LogStats: UGameplayTagsManager::ConstructGameplayTagTree: GameplayTagTreeChangedEvent.Broadcast -  0.000 s
[2018.03.21-20.15.01:379][  0]LogAIModule: Creating AISystem for world Untitled
[2018.03.21-20.15.04:471][  0]LogInit: XAudio2 using 'Speakers (Realtek High Definition Audio)' : 2 channels at 48 kHz using 32 bits per sample (channel mask 0x3)
[2018.03.21-20.15.04:677][  0]LogInit: FAudioDevice initialized.
[2018.03.21-20.15.04:837][  0]LogDerivedDataCache:Error: Could not save memory cache C:/Users/alex/AppData/Local/UnrealEngine/4.16/DerivedDataCache/Boot.ddc.
[2018.03.21-20.15.05:701][  0]LogInit: Texture streaming: Enabled
[2018.03.21-20.15.06:159][  0]LogEngineSessionManager: EngineSessionManager initialized
[2018.03.21-20.15.10:678][  0]LogInit: Transaction tracking system initialized
[2018.03.21-20.15.14:638][  0]BlueprintLog: New page: Editor Load
[2018.03.21-20.15.28:730][  0]LogConfig:Warning: Failed to saved backup for config[LocalizationServiceSettings]
[2018.03.21-20.15.28:736][  0]LocalizationService: Info Localization service is disabled
[2018.03.21-20.15.36:957][  0]LogConsoleResponse:Display: 
[2018.03.21-20.15.51:069][  0]LogCook:Display: Max memory allowance for cook 16384mb min free memory 0mb
[2018.03.21-20.15.51:069][  0]LogCook:Display: Mobile HDR setting 1
[2018.03.21-20.15.51:101][  0]LogFileCache: Scanning file cache for directory 'C:/Users/alex/Documents/GitHub/TeamProject/Survival/Content/' took 0.13s
[2018.03.21-20.16.02:064][  0]SourceControl: Info Source control is disabled
[2018.03.21-20.16.02:274][  0]Cmd: MAP LOAD FILE="C:/Users/alex/Documents/GitHub/TeamProject/Survival/Content/Maps/newMAP.umap" TEMPLATE=0 SHOWPROGRESS=1 FEATURELEVEL=3
[2018.03.21-20.16.02:441][  0]LightingResults: New page: Lighting Build
[2018.03.21-20.16.04:049][  0]MapCheck: New page: Map Check
[2018.03.21-20.16.04:049][  0]LightingResults: New page: Lighting Build
[2018.03.21-20.16.36:375][  0]LogPhysics:Warning: PHYSX: (D:\Build\++UE4+Release-4.16+PhysX_Compile\Sync\Engine\Source\ThirdParty\PhysX\PhysX_3.4\Source\PhysXCooking\src\convex\QuickHullConvexHullLib.cpp 934) eINTERNAL_ERROR : QuickHullConvexHullLib::findSimplex: Simplex input points appers to be coplanar.
[2018.03.21-20.16.36:375][  0]LogPhysics:Warning: PHYSX: (D:\Build\++UE4+Release-4.16+PhysX_Compile\Sync\Engine\Source\ThirdParty\PhysX\PhysX_3.4\Source\PhysXCooking\src\convex\QuickHullConvexHullLib.cpp 934) eINTERNAL_ERROR : QuickHullConvexHullLib::findSimplex: Simplex input points appers to be coplanar.
[2018.03.21-20.16.36:375][  0]LogPhysics:Warning: Failed to cook convex: /Game/NewModels/key.key 0 (FlipX:1). The remaining elements will not get cooked.
[2018.03.21-20.17.02:972][  0]LogAIModule: Creating AISystem for world newMAP
[2018.03.21-20.17.16:259][  0]LogEditorServer: Finished looking for orphan Actors (0.020 secs)
[2018.03.21-20.17.20:612][  0]Cmd: MAP CHECKDEP NOCLEARLOG
[2018.03.21-20.17.28:596][  0]MapCheck: Info Map check complete: 0 Error(s), 0 Warning(s), took 7,860.922ms to complete.
[2018.03.21-20.17.28:646][  0]LogFileHelpers: Loading map 'newMAP' took 86.425
[2018.03.21-20.17.39:629][  0]LogCollectionManager: Loaded 0 collections in 0.001724 seconds
[2018.03.21-20.17.45:676][  0]LogFileCache: Scanning file cache for directory 'C:/Users/alex/Documents/GitHub/TeamProject/Survival/Saved/Collections/' took 0.01s
[2018.03.21-20.17.45:676][  0]LogFileCache: Scanning file cache for directory 'C:/Users/alex/Documents/GitHub/TeamProject/Survival/Content/Developers/alex/Collections/' took 0.01s
[2018.03.21-20.17.45:676][  0]LogFileCache: Scanning file cache for directory 'C:/Users/alex/Documents/GitHub/TeamProject/Survival/Content/Collections/' took 0.01s
[2018.03.21-20.17.45:676][  0]LogCollectionManager: Rebuilt the GUID cache for 0 collections in 0.000002 seconds
[2018.03.21-20.17.49:458][  0]LogContentBrowser: Native class hierarchy populated in 3.7759 seconds. Added 2329 classes and 491 folders.
[2018.03.21-20.17.49:976][  0]LogContentBrowser: Native class hierarchy updated for 'WidgetCarousel' in 0.0086 seconds. Added 0 classes and 0 folders.
[2018.03.21-20.17.52:969][  0]LogContentBrowser: Native class hierarchy updated for 'AddContentDialog' in 0.0009 seconds. Added 0 classes and 0 folders.
[2018.03.21-20.17.53:285][  0]LogContentBrowser: Native class hierarchy updated for 'SceneOutliner' in 0.0008 seconds. Added 1 classes and 2 folders.
[2018.03.21-20.17.55:277][  0]LogCrashTracker: Crashtracker disabled due to settings.
[2018.03.21-20.17.56:185][  0]LogSlate: Took 0.034266 seconds to synchronously load lazily loaded font '../../../Engine/Content/Slate/Fonts/Roboto-Regular.ttf' (155K)
[2018.03.21-20.17.56:340][  0]LogSlate: Took 0.029877 seconds to synchronously load lazily loaded font '../../../Engine/Content/Slate/Fonts/Roboto-Bold.ttf' (160K)
[2018.03.21-20.17.56:978][  0]LogSlate: Took 0.107132 seconds to synchronously load lazily loaded font '../../../Engine/Content/Editor/Slate/Fonts/FontAwesome.ttf' (139K)
[2018.03.21-20.17.59:678][  0]LogRenderer: Reallocating scene render targets to support 1392x612 NumSamples 1 (Frame:1).
[2018.03.21-20.18.06:531][  0]LogUObjectGlobals:Warning: Failed to find object 'Class None.'
[2018.03.21-20.18.07:112][  0]LogContentBrowser: Native class hierarchy updated for 'HierarchicalLODOutliner' in 0.0013 seconds. Added 1 classes and 2 folders.
[2018.03.21-20.18.07:112][  0]LogLoad: (Engine Initialization) Total time: 4247.26 seconds
[2018.03.21-20.18.07:112][  0]LogLoad: (Engine Initialization) Total Blueprint compile time: 10.67 seconds
[2018.03.21-20.18.07:113][  0]LogExternalProfiler: No external profilers were discovered.  External profiling features will not be available.
[2018.03.21-20.18.07:765][  0]LogOcInput: OculusInput pre-init called
[2018.03.21-20.18.07:803][  0]LogHMD: Starting GearVRController plugin
[2018.03.21-20.18.09:796][  0]LogContentStreaming: Texture pool size now 1000 MB
[2018.03.21-20.18.11:617][  1]LogSlate: Took 0.036195 seconds to synchronously load lazily loaded font '../../../Engine/Content/Slate/Fonts/Roboto-Light.ttf' (159K)
[2018.03.21-20.18.16:259][ 13]LogFileCache: Retrieving MD5 hashes for directory 'C:/Users/alex/Documents/GitHub/TeamProject/Survival/Content/' took 7.95s
[2018.03.21-20.18.22:601][ 32]LogAssetRegistry: Asset discovery search completed in 4221.5836 seconds
[2018.03.21-20.18.22:714][ 32]LogCollectionManager: Rebuilt the object cache for 0 collections in 0.000002 seconds (found 0 objects)
[2018.03.21-20.18.22:714][ 32]LogCollectionManager: Fixed up redirectors for 0 collections in 0.000072 seconds (updated 0 objects)
[2018.03.21-20.18.24:503][ 33]LogSlate: Took 0.080544 seconds to synchronously load lazily loaded font '../../../Engine/Content/Slate/Fonts/Roboto-Light.ttf' (159K)
[2018.03.21-20.19.08:567][131]LogFileManager:Warning: MoveFile was unable to move 'C:/Users/alex/Documents/GitHub/TeamProject/Survival/Intermediate/ReimportCache/3688439234.bin.tmp' to 'C:/Users/alex/Documents/GitHub/TeamProject/Survival/Intermediate/ReimportCache/3688439234.bin', retrying in .5s...
[2018.03.21-20.19.09:068][131]LogFileManager:Warning: MoveFile was unable to move 'C:/Users/alex/Documents/GitHub/TeamProject/Survival/Intermediate/ReimportCache/3688439234.bin.tmp' to 'C:/Users/alex/Documents/GitHub/TeamProject/Survival/Intermediate/ReimportCache/3688439234.bin', retrying in .5s...
[2018.03.21-20.19.09:571][131]LogFileManager:Warning: MoveFile was unable to move 'C:/Users/alex/Documents/GitHub/TeamProject/Survival/Intermediate/ReimportCache/3688439234.bin.tmp' to 'C:/Users/alex/Documents/GitHub/TeamProject/Survival/Intermediate/ReimportCache/3688439234.bin', retrying in .5s...
[2018.03.21-20.19.10:071][131]LogFileManager:Warning: MoveFile was unable to move 'C:/Users/alex/Documents/GitHub/TeamProject/Survival/Intermediate/ReimportCache/3688439234.bin.tmp' to 'C:/Users/alex/Documents/GitHub/TeamProject/Survival/Intermediate/ReimportCache/3688439234.bin', retrying in .5s...
[2018.03.21-20.19.10:571][131]LogFileManager:Warning: MoveFile was unable to move 'C:/Users/alex/Documents/GitHub/TeamProject/Survival/Intermediate/ReimportCache/3688439234.bin.tmp' to 'C:/Users/alex/Documents/GitHub/TeamProject/Survival/Intermediate/ReimportCache/3688439234.bin', retrying in .5s...
[2018.03.21-20.19.11:072][131]LogFileManager:Warning: MoveFile was unable to move 'C:/Users/alex/Documents/GitHub/TeamProject/Survival/Intermediate/ReimportCache/3688439234.bin.tmp' to 'C:/Users/alex/Documents/GitHub/TeamProject/Survival/Intermediate/ReimportCache/3688439234.bin', retrying in .5s...
[2018.03.21-20.19.11:573][131]LogFileManager:Warning: MoveFile was unable to move 'C:/Users/alex/Documents/GitHub/TeamProject/Survival/Intermediate/ReimportCache/3688439234.bin.tmp' to 'C:/Users/alex/Documents/GitHub/TeamProject/Survival/Intermediate/ReimportCache/3688439234.bin', retrying in .5s...
[2018.03.21-20.19.12:074][131]LogFileManager:Warning: MoveFile was unable to move 'C:/Users/alex/Documents/GitHub/TeamProject/Survival/Intermediate/ReimportCache/3688439234.bin.tmp' to 'C:/Users/alex/Documents/GitHub/TeamProject/Survival/Intermediate/ReimportCache/3688439234.bin', retrying in .5s...
[2018.03.21-20.19.12:575][131]LogFileManager:Warning: MoveFile was unable to move 'C:/Users/alex/Documents/GitHub/TeamProject/Survival/Intermediate/ReimportCache/3688439234.bin.tmp' to 'C:/Users/alex/Documents/GitHub/TeamProject/Survival/Intermediate/ReimportCache/3688439234.bin', retrying in .5s...
[2018.03.21-20.19.13:076][131]LogFileManager:Warning: MoveFile was unable to move 'C:/Users/alex/Documents/GitHub/TeamProject/Survival/Intermediate/ReimportCache/3688439234.bin.tmp' to 'C:/Users/alex/Documents/GitHub/TeamProject/Survival/Intermediate/ReimportCache/3688439234.bin', retrying in .5s...
[2018.03.21-20.19.13:576][131]LogFileManager:Error: Error moving file 'C:/Users/alex/Documents/GitHub/TeamProject/Survival/Intermediate/ReimportCache/3688439234.bin.tmp' to 'C:/Users/alex/Documents/GitHub/TeamProject/Survival/Intermediate/ReimportCache/3688439234.bin'.
[2018.03.21-20.19.23:762][131]LogStats: FPlatformStackWalk::StackWalkAndDump - 10.179 s
[2018.03.21-20.19.23:762][131]LogOutputDevice:Error: === Handled ensure: ===
[2018.03.21-20.19.23:762][131]LogOutputDevice:Error: 
[2018.03.21-20.19.23:762][131]LogOutputDevice:Error: Ensure condition failed: bMoved [File:D:\Build\++UE4+Release-4.16+Compile\Sync\Engine\Source\Developer\DirectoryWatcher\Private\FileCache.cpp] [Line: 540]
[2018.03.21-20.19.23:762][131]LogOutputDevice:Error: Unable to move file-cache for 'C:/Users/alex/Documents/GitHub/TeamProject/Survival/Content/' from 'C:/Users/alex/Documents/GitHub/TeamProject/Survival/Intermediate/ReimportCache/3688439234.bin.tmp' to 'C:/Users/alex/Documents/GitHub/TeamProject/Survival/Intermediate/ReimportCache/3688439234.bin' (free disk space: 0)
[2018.03.21-20.19.23:762][131]LogOutputDevice:Error: Stack: 
[2018.03.21-20.19.23:762][131]LogOutputDevice:Error: UE4Editor-Core.dll!0x000000006BCDE2B6
[2018.03.21-20.19.23:762][131]LogOutputDevice:Error: UE4Editor-Core.dll!0x000000006BA8B8C2
[2018.03.21-20.19.23:762][131]LogOutputDevice:Error: UE4Editor-Core.dll!0x000000006BAA1E86
[2018.03.21-20.19.23:762][131]LogOutputDevice:Error: UE4Editor-DirectoryWatcher.dll!0x000000007A051ECC
[2018.03.21-20.19.23:762][131]LogOutputDevice:Error: UE4Editor-UnrealEd.dll!0x000000004933F2C7
[2018.03.21-20.19.23:762][131]LogOutputDevice:Error: UE4Editor-UnrealEd.dll!0x0000000049321AC7
[2018.03.21-20.19.23:762][131]LogOutputDevice:Error: UE4Editor-UnrealEd.dll!0x00000000492C0D69
[2018.03.21-20.19.23:762][131]LogOutputDevice:Error: UE4Editor-UnrealEd.dll!0x0000000049295B0F
[2018.03.21-20.19.23:762][131]LogOutputDevice:Error: UE4Editor-UnrealEd.dll!0x00000000492D6206
[2018.03.21-20.19.23:762][131]LogOutputDevice:Error: UE4Editor-UnrealEd.dll!0x00000000492C1B01
[2018.03.21-20.19.23:762][131]LogOutputDevice:Error: UE4Editor-UnrealEd.dll!0x000000004933D538
[2018.03.21-20.19.23:762][131]LogOutputDevice:Error: UE4Editor-UnrealEd.dll!0x000000004933F110
[2018.03.21-20.19.23:762][131]LogOutputDevice:Error: UE4Editor-UnrealEd.dll!0x00000000496147C5
[2018.03.21-20.19.23:762][131]LogOutputDevice:Error: UE4Editor-UnrealEd.dll!0x0000000049612496
[2018.03.21-20.19.23:762][131]LogOutputDevice:Error: UE4Editor-UnrealEd.dll!0x0000000049E38D86
[2018.03.21-20.19.23:762][131]LogOutputDevice:Error: UE4Editor.exe!0x000000009295E2B2
[2018.03.21-20.19.23:762][131]LogOutputDevice:Error: UE4Editor.exe!0x000000009294F0B0
[2018.03.21-20.19.23:762][131]LogOutputDevice:Error: UE4Editor.exe!0x000000009294F12A
[2018.03.21-20.19.23:762][131]LogOutputDevice:Error: UE4Editor.exe!0x0000000092960CF9
[2018.03.21-20.19.23:762][131]LogOutputDevice:Error: UE4Editor.exe!0x00000000929625F7
[2018.03.21-20.19.23:762][131]LogOutputDevice:Error: KERNEL32.DLL!0x00000000B45C1FE4
[2018.03.21-20.19.23:762][131]LogOutputDevice:Error: ntdll.dll!0x00000000B5CFEFC1
[2018.03.21-20.19.23:762][131]LogOutputDevice:Error: 
[2018.03.21-20.19.23:780][131]LogStats:                SubmitErrorReport -  0.009 s
[2018.03.21-20.19.39:058][131]LogStats:                    SendNewReport - 15.278 s
[2018.03.21-20.19.39:058][131]LogStats:             FDebug::EnsureFailed - 25.482 s
[2018.03.21-20.20.30:781][283]LogWindowsTextInputMethodSystem:Display: IME system now deactivated.
[2018.03.21-20.20.32:270][284]Cmd: QUIT_EDITOR
[2018.03.21-20.20.33:299][284]LogExit: Preparing to exit.
[2018.03.21-20.20.37:762][284]LogExit: Editor shut down
[2018.03.21-20.20.37:871][284]LogExit: Transaction tracking system shut down
[2018.03.21-20.20.42:716][284]LogObj: Freed 0b from 0 cluster array pools.
[2018.03.21-20.20.42:717][284]LogExit: Object subsystem successfully closed.
[2018.03.21-20.20.43:364][284]LogD3D11RHI: Shutdown
[2018.03.21-20.20.43:364][284]LogD3D11RHI: CleanupD3DDevice
[2018.03.21-20.20.44:194][284]LogD3D11RHI: ~FD3D11DynamicRHI
[2018.03.21-20.20.46:398][284]LogModuleManager: Shutting down and abandoning module HierarchicalLODOutliner (524)
[2018.03.21-20.20.46:418][284]LogModuleManager: Shutting down and abandoning module CrashTracker (522)
[2018.03.21-20.20.46:418][284]LogModuleManager: Shutting down and abandoning module SceneOutliner (520)
[2018.03.21-20.20.46:431][284]LogModuleManager: Shutting down and abandoning module AddContentDialog (518)
[2018.03.21-20.20.46:454][284]LogDirectoryWatcher: A directory notification for 'D:/UE_4.16/FeaturePacks/' was aborted.
[2018.03.21-20.20.46:475][284]LogModuleManager: Shutting down and abandoning module WidgetCarousel (517)
[2018.03.21-20.20.46:475][284]LogModuleManager: Shutting down and abandoning module EditorWidgets (514)
[2018.03.21-20.20.46:475][284]LogModuleManager: Shutting down and abandoning module CollectionManager (512)
[2018.03.21-20.20.46:475][284]LogDirectoryWatcher: A directory notification for 'C:/Users/alex/Documents/GitHub/TeamProject/Survival/Content/Collections/' was aborted.
[2018.03.21-20.20.46:475][284]LogDirectoryWatcher: A directory notification for 'C:/Users/alex/Documents/GitHub/TeamProject/Survival/Content/Developers/alex/Collections/' was aborted.
[2018.03.21-20.20.46:475][284]LogDirectoryWatcher: A directory notification for 'C:/Users/alex/Documents/GitHub/TeamProject/Survival/Saved/Collections/' was aborted.
[2018.03.21-20.20.46:475][284]LogModuleManager: Shutting down and abandoning module StatsViewer (510)
[2018.03.21-20.20.46:557][284]LogModuleManager: Shutting down and abandoning module FoliageEdit (508)
[2018.03.21-20.20.46:557][284]LogModuleManager: Shutting down and abandoning module LandscapeEditor (506)
[2018.03.21-20.20.46:697][284]LogModuleManager: Shutting down and abandoning module MeshPaintMode (504)
[2018.03.21-20.20.46:768][284]LogModuleManager: Shutting down and abandoning module SceneDepthPickerMode (502)
[2018.03.21-20.20.46:768][284]LogModuleManager: Shutting down and abandoning module ActorPickerMode (500)
[2018.03.21-20.20.46:769][284]LogModuleManager: Shutting down and abandoning module GeometryMode (498)
[2018.03.21-20.20.46:786][284]LogModuleManager: Shutting down and abandoning module TextureAlignMode (496)
[2018.03.21-20.20.46:786][284]LogModuleManager: Shutting down and abandoning module BspMode (494)
[2018.03.21-20.20.46:803][284]LogModuleManager: Shutting down and abandoning module HardwareSurvey (492)
[2018.03.21-20.20.46:812][284]LogModuleManager: Shutting down and abandoning module SequenceRecorderSections (490)
[2018.03.21-20.20.46:812][284]LogModuleManager: Shutting down and abandoning module AutomationWorker (488)
[2018.03.21-20.20.46:817][284]LogModuleManager: Shutting down and abandoning module MatineeToLevelSequence (486)
[2018.03.21-20.20.46:845][284]LogModuleManager: Shutting down and abandoning module LevelSequenceEditor (484)
[2018.03.21-20.20.47:055][284]LogModuleManager: Shutting down and abandoning module PlacementMode (483)
[2018.03.21-20.20.47:055][284]LogModuleManager: Shutting down and abandoning module WmfMediaFactory (480)
[2018.03.21-20.20.47:055][284]LogModuleManager: Shutting down and abandoning module WmfMediaEditor (478)
[2018.03.21-20.20.47:055][284]LogModuleManager: Shutting down and abandoning module AvfMediaFactory (476)
[2018.03.21-20.20.47:055][284]LogModuleManager: Shutting down and abandoning module AvfMediaEditor (474)
[2018.03.21-20.20.47:055][284]LogModuleManager: Shutting down and abandoning module AndroidMediaFactory (472)
[2018.03.21-20.20.47:059][284]LogModuleManager: Shutting down and abandoning module Media (471)
[2018.03.21-20.20.47:059][284]LogModuleManager: Shutting down and abandoning module AndroidMediaEditor (468)
[2018.03.21-20.20.47:059][284]LogModuleManager: Shutting down and abandoning module CharacterAI (466)
[2018.03.21-20.20.47:059][284]LogModuleManager: Shutting down and abandoning module AudioCapture (464)
[2018.03.21-20.20.47:077][284]LogModuleManager: Shutting down and abandoning module SequenceRecorder (463)
[2018.03.21-20.20.47:141][284]LogModuleManager: Shutting down and abandoning module SmartSnapping (460)
[2018.03.21-20.20.47:142][284]LogModuleManager: Shutting down and abandoning module SessionServices (458)
[2018.03.21-20.20.47:142][284]LogModuleManager: Shutting down and abandoning module ViewportSnapping (456)
[2018.03.21-20.20.47:142][284]LogModuleManager: Shutting down and abandoning module ViewportInteraction (454)
[2018.03.21-20.20.47:147][284]LogModuleManager: Shutting down and abandoning module ClothPainter (452)
[2018.03.21-20.20.47:223][284]LogModuleManager: Shutting down and abandoning module LogVisualizer (450)
[2018.03.21-20.20.47:265][284]LogModuleManager: Shutting down and abandoning module IntroTutorials (448)
[2018.03.21-20.20.47:297][284]LogModuleManager: Shutting down and abandoning module GameProjectGeneration (447)
[2018.03.21-20.20.47:320][284]LogModuleManager: Shutting down and abandoning module EditorLiveStreaming (444)
[2018.03.21-20.20.47:333][284]LogModuleManager: Shutting down and abandoning module IOSPlatformEditor (442)
[2018.03.21-20.20.47:343][284]LogModuleManager: Shutting down and abandoning module HTML5PlatformEditor (440)
[2018.03.21-20.20.47:343][284]LogModuleManager: Shutting down and abandoning module AndroidPlatformEditor (438)
[2018.03.21-20.20.47:351][284]LogModuleManager: Shutting down and abandoning module AndroidDeviceDetection (437)
[2018.03.21-20.20.47:826][284]LogModuleManager: Shutting down and abandoning module IOSRuntimeSettings (434)
[2018.03.21-20.20.47:826][284]LogModuleManager: Shutting down and abandoning module AndroidRuntimeSettings (432)
[2018.03.21-20.20.47:826][284]LogModuleManager: Shutting down and abandoning module InputBindingEditor (430)
[2018.03.21-20.20.47:826][284]LogModuleManager: Shutting down and abandoning module MergeActors (428)
[2018.03.21-20.20.47:826][284]LogModuleManager: Shutting down and abandoning module SizeMap (426)
[2018.03.21-20.20.47:826][284]LogModuleManager: Shutting down and abandoning module TreeMap (424)
[2018.03.21-20.20.47:826][284]LogModuleManager: Shutting down and abandoning module ReferenceViewer (422)
[2018.03.21-20.20.47:826][284]LogModuleManager: Shutting down and abandoning module LocalizationDashboard (420)
[2018.03.21-20.20.47:867][284]LogModuleManager: Shutting down and abandoning module LocalizationService (419)
[2018.03.21-20.20.47:876][284]LogModuleManager: Shutting down and abandoning module HardwareTargeting (416)
[2018.03.21-20.20.47:876][284]LogModuleManager: Shutting down and abandoning module DeviceProfileEditor (414)
[2018.03.21-20.20.47:887][284]LogModuleManager: Shutting down and abandoning module UndoHistory (412)
[2018.03.21-20.20.47:894][284]LogModuleManager: Shutting down and abandoning module UserFeedback (410)
[2018.03.21-20.20.47:894][284]LogModuleManager: Shutting down and abandoning module XmlParser (408)
[2018.03.21-20.20.47:907][284]LogModuleManager: Shutting down and abandoning module Blutility (406)
[2018.03.21-20.20.47:907][284]LogModuleManager: Shutting down and abandoning module ProjectSettingsViewer (404)
[2018.03.21-20.20.47:907][284]LogModuleManager: Shutting down and abandoning module ProjectTargetPlatformEditor (403)
[2018.03.21-20.20.47:920][284]LogModuleManager: Shutting down and abandoning module EditorSettingsViewer (400)
[2018.03.21-20.20.47:920][284]LogModuleManager: Shutting down and abandoning module SettingsEditor (398)
[2018.03.21-20.20.47:932][284]LogModuleManager: Shutting down and abandoning module ProjectLauncher (396)
[2018.03.21-20.20.47:947][284]LogModuleManager: Shutting down and abandoning module SessionFrontend (394)
[2018.03.21-20.20.47:958][284]LogModuleManager: Shutting down and abandoning module ProfilerClient (392)
[2018.03.21-20.20.47:967][284]LogModuleManager: Shutting down and abandoning module DeviceManager (390)
[2018.03.21-20.20.47:988][284]LogModuleManager: Shutting down and abandoning module TargetDeviceServices (389)
[2018.03.21-20.20.48:053][284]LogModuleManager: Shutting down and abandoning module AutomationController (386)
[2018.03.21-20.20.48:082][284]LogModuleManager: Shutting down and abandoning module AutomationWindow (384)
[2018.03.21-20.20.48:099][284]LogModuleManager: Shutting down and abandoning module Layers (382)
[2018.03.21-20.20.48:116][284]LogModuleManager: Shutting down and abandoning module ComponentVisualizers (380)
[2018.03.21-20.20.48:116][284]LogModuleManager: Shutting down and abandoning module DetailCustomizations (378)
[2018.03.21-20.20.48:190][284]LogModuleManager: Shutting down and abandoning module PackagesDialog (376)
[2018.03.21-20.20.48:219][284]LogModuleManager: Shutting down and abandoning module Persona (374)
[2018.03.21-20.20.48:275][284]LogModuleManager: Shutting down and abandoning module AdvancedPreviewScene (373)
[2018.03.21-20.20.48:275][284]LogModuleManager: Shutting down and abandoning module AnimGraph (371)
[2018.03.21-20.20.48:275][284]LogModuleManager: Shutting down and abandoning module Kismet (368)
[2018.03.21-20.20.48:297][284]LogModuleManager: Shutting down and abandoning module ClassViewer (366)
[2018.03.21-20.20.48:318][284]LogModuleManager: Shutting down and abandoning module Toolbox (364)
[2018.03.21-20.20.48:318][284]LogModuleManager: Shutting down and abandoning module ModuleUI (362)
[2018.03.21-20.20.48:326][284]LogModuleManager: Shutting down and abandoning module MovieSceneTools (360)
[2018.03.21-20.20.48:429][284]LogModuleManager: Shutting down and abandoning module OutputLog (358)
[2018.03.21-20.20.48:478][284]LogModuleManager: Shutting down and abandoning module GammaUI (356)
[2018.03.21-20.20.48:490][284]LogModuleManager: Shutting down and abandoning module Documentation (354)
[2018.03.21-20.20.48:491][284]LogModuleManager: Shutting down and abandoning module MovieSceneTracks (352)
[2018.03.21-20.20.48:491][284]LogModuleManager: Shutting down and abandoning module MovieScene (350)
[2018.03.21-20.20.48:491][284]LogModuleManager: Shutting down and abandoning module Niagara (348)
[2018.03.21-20.20.48:491][284]LogModuleManager: Shutting down and abandoning module NiagaraEditor (347)
[2018.03.21-20.20.48:536][284]LogModuleManager: Shutting down and abandoning module StreamingPauseRendering (344)
[2018.03.21-20.20.48:536][284]LogModuleManager: Shutting down and abandoning module AnalyticsET (342)
[2018.03.21-20.20.48:536][284]LogModuleManager: Shutting down and abandoning module PortalServices (340)
[2018.03.21-20.20.48:537][284]LogModuleManager: Shutting down and abandoning module PortalRpc (338)
[2018.03.21-20.20.48:537][284]LogModuleManager: Shutting down and abandoning module MessagingRpc (336)
[2018.03.21-20.20.48:537][284]LogModuleManager: Shutting down and abandoning module AIModule (334)
[2018.03.21-20.20.48:577][284]LogModuleManager: Shutting down and abandoning module GameplayDebugger (333)
[2018.03.21-20.20.48:580][284]LogModuleManager: Shutting down and abandoning module AITestSuite (331)
[2018.03.21-20.20.48:588][284]LogModuleManager: Shutting down and abandoning module ProfilerService (328)
[2018.03.21-20.20.48:654][284]LogModuleManager: Shutting down and abandoning module TaskGraph (326)
[2018.03.21-20.20.48:654][284]LogModuleManager: Shutting down and abandoning module SteamVRController (324)
[2018.03.21-20.20.48:654][284]LogModuleManager: Shutting down and abandoning module SteamVR (322)
[2018.03.21-20.20.48:654][284]LogModuleManager: Shutting down and abandoning module ProceduralMeshComponentEditor (320)
[2018.03.21-20.20.48:654][284]LogModuleManager: Shutting down and abandoning module ProceduralMeshComponent (318)
[2018.03.21-20.20.48:656][284]LogModuleManager: Shutting down and abandoning module OculusLibrary (316)
[2018.03.21-20.20.48:657][284]LogModuleManager: Shutting down and abandoning module OculusInput (314)
[2018.03.21-20.20.48:657][284]LogModuleManager: Shutting down and abandoning module MobilePatchingUtils (312)
[2018.03.21-20.20.48:657][284]LogModuleManager: Shutting down and abandoning module CustomMeshComponent (310)
[2018.03.21-20.20.48:657][284]LogModuleManager: Shutting down and abandoning module CableComponent (308)
[2018.03.21-20.20.48:674][284]LogModuleManager: Shutting down and abandoning module ArchVisCharacter (306)
[2018.03.21-20.20.48:674][284]LogModuleManager: Shutting down and abandoning module AndroidPermission (304)
[2018.03.21-20.20.48:674][284]LogModuleManager: Shutting down and abandoning module MediaPlayerEditor (300)
[2018.03.21-20.20.48:693][284]LogModuleManager: Shutting down and abandoning module HTML5Networking (298)
[2018.03.21-20.20.48:693][284]LogModuleManager: Shutting down and abandoning module AlembicImporter (296)
[2018.03.21-20.20.48:706][284]LogModuleManager: Shutting down and abandoning module AlembicLibrary (295)
[2018.03.21-20.20.48:734][284]LogModuleManager: Shutting down and abandoning module GeometryCache (294)
[2018.03.21-20.20.48:734][284]LogModuleManager: Shutting down and abandoning module GeometryCacheEd (293)
[2018.03.21-20.20.48:734][284]LogModuleManager: Shutting down and abandoning module SuperSearchEditor (288)
[2018.03.21-20.20.48:734][284]LogModuleManager: Shutting down and abandoning module SuperSearch (287)
[2018.03.21-20.20.48:734][284]LogModuleManager: Shutting down and abandoning module SpeedTreeImporter (284)
[2018.03.21-20.20.48:734][284]LogModuleManager: Shutting down and abandoning module PluginBrowser (282)
[2018.03.21-20.20.48:767][284]LogModuleManager: Shutting down and abandoning module MobileLauncherProfileWizard (280)
[2018.03.21-20.20.48:809][284]LogModuleManager: Shutting down and abandoning module VisualStudioSourceCodeAccess (278)
[2018.03.21-20.20.48:833][284]LogModuleManager: Shutting down and abandoning module DesktopPlatform (277)
[2018.03.21-20.20.48:846][284]LogModuleManager: Shutting down and abandoning module UObjectPlugin (274)
[2018.03.21-20.20.48:846][284]LogModuleManager: Shutting down and abandoning module SubversionSourceControl (272)
[2018.03.21-20.20.48:874][284]LogModuleManager: Shutting down and abandoning module PerforceSourceControl (270)
[2018.03.21-20.20.48:898][284]LogModuleManager: Shutting down and abandoning module GitSourceControl (268)
[2018.03.21-20.20.48:899][284]LogModuleManager: Shutting down and abandoning module SourceControl (267)
[2018.03.21-20.20.48:909][284]LogModuleManager: Shutting down and abandoning module LightPropagationVolumeEditor (264)
[2018.03.21-20.20.48:909][284]LogModuleManager: Shutting down and abandoning module PaperTiledImporter (262)
[2018.03.21-20.20.48:909][284]LogModuleManager: Shutting down and abandoning module PaperSpriteSheetImporter (260)
[2018.03.21-20.20.48:909][284]LogModuleManager: Shutting down and abandoning module Paper2DEditor (258)
[2018.03.21-20.20.48:947][284]LogModuleManager: Shutting down and abandoning module MeshPaint (257)
[2018.03.21-20.20.48:965][284]LogModuleManager: Shutting down and abandoning module LevelEditor (255)
[2018.03.21-20.20.48:981][284]LogModuleManager: Shutting down and abandoning module PixelInspectorModule (254)
[2018.03.21-20.20.49:016][284]LogModuleManager: Shutting down and abandoning module MainFrame (252)
[2018.03.21-20.20.49:028][284]LogModuleManager: Shutting down and abandoning module HotReload (251)
[2018.03.21-20.20.49:115][284]LogModuleManager: Shutting down and abandoning module PhysXVehiclesEditor (246)
[2018.03.21-20.20.49:123][284]LogModuleManager: Shutting down and abandoning module PhysXVehicles (244)
[2018.03.21-20.20.49:123][284]LogModuleManager: Shutting down and abandoning module LocationServicesBPLibrary (242)
[2018.03.21-20.20.49:123][284]LogModuleManager: Shutting down and abandoning module ImmediatePhysicsEditor (240)
[2018.03.21-20.20.49:123][284]LogModuleManager: Shutting down and abandoning module ImmediatePhysics (238)
[2018.03.21-20.20.49:123][284]LogModuleManager: Shutting down and abandoning module UdpMessaging (236)
[2018.03.21-20.20.49:237][284]LogModuleManager: Shutting down and abandoning module TcpMessaging (234)
[2018.03.21-20.20.49:338][284]LogModuleManager: Shutting down and abandoning module GameplayTagsEditor (232)
[2018.03.21-20.20.49:413][284]LogModuleManager: Shutting down and abandoning module FacialAnimationEditor (230)
[2018.03.21-20.20.49:427][284]LogModuleManager: Shutting down and abandoning module FacialAnimation (228)
[2018.03.21-20.20.49:427][284]LogModuleManager: Shutting down and abandoning module AssetManagerEditor (226)
[2018.03.21-20.20.49:499][284]LogModuleManager: Shutting down and abandoning module GraphEditor (225)
[2018.03.21-20.20.49:568][284]LogModuleManager: Shutting down and abandoning module ContentBrowser (223)
[2018.03.21-20.20.49:571][284]LogModuleManager: Shutting down and abandoning module LightPropagationVolumeRuntime (220)
[2018.03.21-20.20.49:571][284]LogModuleManager: Shutting down and abandoning module Paper2D (218)
[2018.03.21-20.20.49:571][284]LogModuleManager: Shutting down and abandoning module WindowsMoviePlayer (216)
[2018.03.21-20.20.49:571][284]LogModuleManager: Shutting down and abandoning module WmfMedia (214)
[2018.03.21-20.20.49:582][284]LogModuleManager: Shutting down and abandoning module ClothingSystemEditor (212)
[2018.03.21-20.20.49:582][284]LogModuleManager: Shutting down and abandoning module ClothingSystemRuntime (210)
[2018.03.21-20.20.49:610][284]LogModuleManager: Shutting down and abandoning module MediaAssets (208)
[2018.03.21-20.20.49:610][284]LogModuleManager: Shutting down and abandoning module GameLiveStreaming (206)
[2018.03.21-20.20.49:616][284]LogModuleManager: Shutting down and abandoning module VREditor (204)
[2018.03.21-20.20.49:624][284]LogModuleManager: Shutting down and abandoning module StringTableEditor (202)
[2018.03.21-20.20.49:645][284]LogModuleManager: Shutting down and abandoning module GameplayTasksEditor (200)
[2018.03.21-20.20.49:645][284]LogModuleManager: Shutting down and abandoning module BehaviorTreeEditor (198)
[2018.03.21-20.20.49:742][284]LogModuleManager: Shutting down and abandoning module FunctionalTesting (196)
[2018.03.21-20.20.49:742][284]LogModuleManager: Shutting down and abandoning module CollisionAnalyzer (194)
[2018.03.21-20.20.49:758][284]LogModuleManager: Shutting down and abandoning module UMG (192)
[2018.03.21-20.20.49:783][284]LogModuleManager: Shutting down and abandoning module UMGEditor (191)
[2018.03.21-20.20.49:826][284]LogModuleManager: Shutting down and abandoning module Sequencer (190)
[2018.03.21-20.20.49:856][284]LogModuleManager: Shutting down and abandoning module AssetTools (188)
[2018.03.21-20.20.49:967][284]LogModuleManager: Shutting down and abandoning module MessageLog (187)
[2018.03.21-20.20.49:972][284]LogModuleManager: Shutting down and abandoning module WorkspaceMenuStructure (186)
[2018.03.21-20.20.49:995][284]LogModuleManager: Shutting down and abandoning module SlateReflector (180)
[2018.03.21-20.20.50:014][284]LogModuleManager: Shutting down and abandoning module Slate (178)
[2018.03.21-20.20.50:015][284]LogModuleManager: Shutting down and abandoning module EditorStyle (176)
[2018.03.21-20.20.50:110][284]LogModuleManager: Shutting down and abandoning module SourceCodeAccess (174)
[2018.03.21-20.20.50:128][284]LogModuleManager: Shutting down and abandoning module HeadMountedDisplay (172)
[2018.03.21-20.20.50:128][284]LogModuleManager: Shutting down and abandoning module XAudio2 (170)
[2018.03.21-20.20.50:128][284]LogModuleManager: Shutting down and abandoning module Networking (168)
[2018.03.21-20.20.50:128][284]LogModuleManager: Shutting down and abandoning module Core (164)
[2018.03.21-20.20.50:128][284]LogModuleManager: Shutting down and abandoning module AssetRegistry (162)
[2018.03.21-20.20.50:345][284]LogAssetRegistry:Error: Failed to open file for write C:/Users/alex/Documents/GitHub/TeamProject/Survival/Intermediate/CachedAssetRegistry.bin
[2018.03.21-20.20.50:345][284]LogDirectoryWatcher: A directory notification for '../../../Engine/Content/' was aborted.
[2018.03.21-20.20.50:345][284]LogDirectoryWatcher: A directory notification for 'C:/Users/alex/Documents/GitHub/TeamProject/Survival/Content/' was aborted.
[2018.03.21-20.20.50:346][284]LogDirectoryWatcher: A directory notification for '../../../Engine/Plugins/2D/Paper2D/Content/' was aborted.
[2018.03.21-20.20.50:346][284]LogDirectoryWatcher: A directory notification for '../../../Engine/Plugins/Runtime/GearVR/Content/' was aborted.
[2018.03.21-20.20.50:376][284]LogModuleManager: Shutting down and abandoning module DirectoryWatcher (161)
[2018.03.21-20.20.50:383][284]LogModuleManager: Shutting down and abandoning module KismetCompiler (158)
[2018.03.21-20.20.50:383][284]LogModuleManager: Shutting down and abandoning module LevelSequence (156)
[2018.03.21-20.20.50:383][284]LogModuleManager: Shutting down and abandoning module PhysXFormats (154)
[2018.03.21-20.20.50:383][284]LogModuleManager: Shutting down and abandoning module MeshUtilities (152)
[2018.03.21-20.20.50:405][284]LogModuleManager: Shutting down and abandoning module SimplygonSwarm (151)
[2018.03.21-20.20.50:462][284]LogModuleManager: Shutting down and abandoning module SimplygonMeshReduction (149)
[2018.03.21-20.20.50:462][284]LogModuleManager: Shutting down and abandoning module QuadricMeshReduction (147)
[2018.03.21-20.20.50:466][284]LogModuleManager: Shutting down and abandoning module DerivedDataCache (144)
[2018.03.21-20.20.50:480][284]LogDerivedDataCache: Shutdown
[2018.03.21-20.20.50:480][284]LogModuleManager: Shutting down and abandoning module TargetPlatform (142)
[2018.03.21-20.20.50:481][284]LogModuleManager: Shutting down and abandoning module VulkanShaderFormat (141)
[2018.03.21-20.20.50:490][284]LogModuleManager: Shutting down and abandoning module ShaderFormatVectorVM (139)
[2018.03.21-20.20.50:499][284]LogModuleManager: Shutting down and abandoning module ShaderFormatOpenGL (137)
[2018.03.21-20.20.50:505][284]LogModuleManager: Shutting down and abandoning module ShaderFormatD3D (135)
[2018.03.21-20.20.50:511][284]LogModuleManager: Shutting down and abandoning module MetalShaderFormat (133)
[2018.03.21-20.20.50:525][284]LogModuleManager: Shutting down and abandoning module TextureFormatUncompressed (131)
[2018.03.21-20.20.50:525][284]LogModuleManager: Shutting down and abandoning module TextureFormatPVR (129)
[2018.03.21-20.20.50:525][284]LogModuleManager: Shutting down and abandoning module TextureFormatDXT (127)
[2018.03.21-20.20.50:525][284]LogModuleManager: Shutting down and abandoning module TextureFormatIntelISPCTexComp (125)
[2018.03.21-20.20.50:531][284]LogModuleManager: Shutting down and abandoning module TextureFormatASTC (123)
[2018.03.21-20.20.50:531][284]LogModuleManager: Shutting down and abandoning module ImageWrapper (122)
[2018.03.21-20.20.50:531][284]LogModuleManager: Shutting down and abandoning module TextureFormatAndroid (119)
[2018.03.21-20.20.50:531][284]LogModuleManager: Shutting down and abandoning module AudioFormatOpus (117)
[2018.03.21-20.20.50:531][284]LogModuleManager: Shutting down and abandoning module AudioFormatOgg (115)
[2018.03.21-20.20.50:540][284]LogModuleManager: Shutting down and abandoning module AudioFormatADPCM (113)
[2018.03.21-20.20.50:541][284]LogModuleManager: Shutting down and abandoning module LinuxTargetPlatform (111)
[2018.03.21-20.20.50:542][284]LogModuleManager: Shutting down and abandoning module LinuxServerTargetPlatform (109)
[2018.03.21-20.20.50:542][284]LogModuleManager: Shutting down and abandoning module LinuxNoEditorTargetPlatform (107)
[2018.03.21-20.20.50:542][284]LogModuleManager: Shutting down and abandoning module LinuxClientTargetPlatform (105)
[2018.03.21-20.20.50:553][284]LogModuleManager: Shutting down and abandoning module TVOSTargetPlatform (103)
[2018.03.21-20.20.50:553][284]LogModuleManager: Shutting down and abandoning module Messaging (101)
[2018.03.21-20.20.50:553][284]LogModuleManager: Shutting down and abandoning module IOSTargetPlatform (99)
[2018.03.21-20.20.50:553][284]LogModuleManager: Shutting down and abandoning module HTML5TargetPlatform (97)
[2018.03.21-20.20.50:553][284]LogModuleManager: Shutting down and abandoning module Android_PVRTCTargetPlatform (95)
[2018.03.21-20.20.50:553][284]LogModuleManager: Shutting down and abandoning module Android_MultiTargetPlatform (93)
[2018.03.21-20.20.50:553][284]LogModuleManager: Shutting down and abandoning module Android_ETC2TargetPlatform (91)
[2018.03.21-20.20.50:553][284]LogModuleManager: Shutting down and abandoning module Android_ETC1TargetPlatform (89)
[2018.03.21-20.20.50:553][284]LogModuleManager: Shutting down and abandoning module Android_DXTTargetPlatform (87)
[2018.03.21-20.20.50:553][284]LogModuleManager: Shutting down and abandoning module Android_ATCTargetPlatform (85)
[2018.03.21-20.20.50:553][284]LogModuleManager: Shutting down and abandoning module Android_ASTCTargetPlatform (83)
[2018.03.21-20.20.50:553][284]LogModuleManager: Shutting down and abandoning module AndroidTargetPlatform (81)
[2018.03.21-20.20.50:553][284]LogModuleManager: Shutting down and abandoning module WindowsTargetPlatform (79)
[2018.03.21-20.20.50:553][284]LogModuleManager: Shutting down and abandoning module WindowsServerTargetPlatform (77)
[2018.03.21-20.20.50:567][284]LogModuleManager: Shutting down and abandoning module WindowsNoEditorTargetPlatform (75)
[2018.03.21-20.20.50:578][284]LogModuleManager: Shutting down and abandoning module WindowsClientTargetPlatform (73)
[2018.03.21-20.20.50:588][284]LogModuleManager: Shutting down and abandoning module MacTargetPlatform (71)
[2018.03.21-20.20.50:589][284]LogModuleManager: Shutting down and abandoning module MacServerTargetPlatform (69)
[2018.03.21-20.20.50:598][284]LogModuleManager: Shutting down and abandoning module MacNoEditorTargetPlatform (67)
[2018.03.21-20.20.50:598][284]LogModuleManager: Shutting down and abandoning module MacClientTargetPlatform (65)
[2018.03.21-20.20.50:608][284]LogModuleManager: Shutting down and abandoning module AllDesktopTargetPlatform (63)
[2018.03.21-20.20.50:608][284]LogModuleManager: Shutting down and abandoning module InputCore (60)
[2018.03.21-20.20.50:608][284]LogModuleManager: Shutting down and abandoning module Settings (58)
[2018.03.21-20.20.50:608][284]LogModuleManager: Shutting down and abandoning module OculusRift (56)
[2018.03.21-20.20.50:626][284]LogModuleManager: Shutting down and abandoning module GearVRController (54)
[2018.03.21-20.20.50:626][284]LogModuleManager: Shutting down and abandoning module GearVR (52)
[2018.03.21-20.20.50:634][284]LogModuleManager: Shutting down and abandoning module ExampleDeviceProfileSelector (50)
[2018.03.21-20.20.50:634][284]LogModuleManager: Shutting down and abandoning module OnlineBlueprintSupport (48)
[2018.03.21-20.20.50:634][284]LogModuleManager: Shutting down and abandoning module OnlineSubsystem (44)
[2018.03.21-20.20.50:647][284]LogOnline:Display: Unloading online subsystem: NULL
[2018.03.21-20.20.50:689][284]LogModuleManager: Shutting down and abandoning module XMPP (43)
[2018.03.21-20.20.50:708][284]LogModuleManager: Shutting down and abandoning module HTTP (41)
[2018.03.21-20.20.50:708][284]LogHttp:Display: Http module shutting down, but needs to wait on 1 outstanding Http requests:
[2018.03.21-20.20.50:715][284]LogHttp:Display: 	verb=[POST] url=[https://datarouter.ol.epicgames.com/datarouter/api/v1/public/data?SessionID=%7B4695F9A8-4434-4DAB-B354-87B665C13327%7D&AppID=UEEditor.Rocket.Release&AppVersion=4.16.3-3561208%2B%2B%2BUE4%2BRelease-4.16&UserID=45990d8c459c3705c0a9cb87f027e809%7C43ea32e628e84879acc8357f4b1cc8e3%7Cb90d7bb2-1687-4024-89a9-e6b1c227c3ec&AppEnvironment=datacollector-binary&UploadType=eteventstream] status=Processing
[2018.03.21-20.20.50:734][284]LogModuleManager: Shutting down and abandoning module SSL (40)
[2018.03.21-20.20.50:774][284]LogModuleManager: Shutting down and abandoning module HTTPChunkInstaller (36)
[2018.03.21-20.20.50:780][284]LogModuleManager: Shutting down and abandoning module AnimationModifiers (34)
[2018.03.21-20.20.50:796][284]LogModuleManager: Shutting down and abandoning module PropertyEditor (33)
[2018.03.21-20.20.50:852][284]LogModuleManager: Shutting down and abandoning module AudioEditor (30)
[2018.03.21-20.20.50:871][284]LogModuleManager: Shutting down and abandoning module TextureCompressor (28)
[2018.03.21-20.20.50:907][284]LogModuleManager: Shutting down and abandoning module ShaderCore (26)
[2018.03.21-20.20.50:907][284]LogModuleManager: Shutting down and abandoning module Landscape (24)
[2018.03.21-20.20.50:907][284]LogModuleManager: Shutting down and abandoning module SlateRHIRenderer (22)
[2018.03.21-20.20.50:948][284]LogModuleManager: Shutting down and abandoning module OpenGLDrv (20)
[2018.03.21-20.20.50:965][284]LogModuleManager: Shutting down and abandoning module D3D11RHI (18)
[2018.03.21-20.20.50:965][284]LogModuleManager: Shutting down and abandoning module AnimGraphRuntime (16)
[2018.03.21-20.20.50:965][284]LogModuleManager: Shutting down and abandoning module Renderer (14)
[2018.03.21-20.20.50:965][284]LogModuleManager: Shutting down and abandoning module Engine (12)
[2018.03.21-20.20.50:965][284]LogModuleManager: Shutting down and abandoning module CoreUObject (10)
[2018.03.21-20.20.50:965][284]LogModuleManager: Shutting down and abandoning module NetworkFile (8)
[2018.03.21-20.20.51:001][284]LogModuleManager: Shutting down and abandoning module StreamingFile (6)
[2018.03.21-20.20.51:001][284]LogModuleManager: Shutting down and abandoning module SandboxFile (4)
[2018.03.21-20.20.51:001][284]LogModuleManager: Shutting down and abandoning module PakFile (2)
[2018.03.21-20.20.51:048][284]LogExit: Exiting.
[2018.03.21-20.20.51:108][284]Log file closed, 03/21/18 20:20:51
