Log file open, 02/10/18 09:12:01
LogInit:Display: Running engine for game: Survival
LogPlatformFile: Not using cached read wrapper
LogInit:Display: RandInit(-146712325) SRandInit(-146712325).
LogTaskGraph: Started task graph with 5 named threads and 8 total threads with 1 sets of task threads.
LogStats: Stats thread started at 0.096874
LogInit: Using libcurl 7.47.1
LogInit:  - built for x86_64-pc-win32
LogInit:  - supports SSL with OpenSSL/1.0.2g
LogInit:  - supports HTTP deflate (compression) using libz 1.2.8
LogInit:  - other features:
LogInit:      CURL_VERSION_SSL
LogInit:      CURL_VERSION_LIBZ
LogInit:      CURL_VERSION_IPV6
LogInit:      CURL_VERSION_ASYNCHDNS
LogInit:      CURL_VERSION_LARGEFILE
LogInit:      CURL_VERSION_IDN
LogInit:  CurlRequestOptions (configurable via config and command line):
LogInit:  - bVerifyPeer = false  - Libcurl will NOT verify peer certificate
LogInit:  - bUseHttpProxy = false  - Libcurl will NOT use HTTP proxy
LogInit:  - bDontReuseConnections = false  - Libcurl will reuse connections
LogInit:  - CertBundlePath = nullptr  - Libcurl will use whatever was configured at build time.
LogInit: Build: ++UE4+Release-4.16-CL-3561208
LogInit: Engine Version: 4.16.3-3561208+++UE4+Release-4.16
LogInit: Compatible Engine Version: 4.16.0-3452394+++UE4+Release-4.16
LogInit: Net CL: 3452394
LogDevObjectVersion: Number of dev versions registered: 16
LogDevObjectVersion:   Dev-Blueprints (B0D832E4-1F89-4F0D-ACCF-7EB736FD4AA2): 9
LogDevObjectVersion:   Dev-Build (E1C64328-A22C-4D53-A36C-8E866417BD8C): 0
LogDevObjectVersion:   Dev-Core (375EC13C-06E4-48FB-B500-84F0262A717E): 2
LogDevObjectVersion:   Dev-Editor (E4B068ED-F494-42E9-A231-DA0B2E46BB41): 17
LogDevObjectVersion:   Dev-Framework (CFFC743F-43B0-4480-9391-14DF171D2073): 23
LogDevObjectVersion:   Dev-Mobile (B02B49B5-BB20-44E9-A304-32B752E40360): 0
LogDevObjectVersion:   Dev-Networking (A4E4105C-59A1-49B5-A7C5-40C4547EDFEE): 0
LogDevObjectVersion:   Dev-Online (39C831C9-5AE6-47DC-9A44-9C173E1C8E7C): 0
LogDevObjectVersion:   Dev-Physics (78F01B33-EBEA-4F98-B9B4-84EACCB95AA2): 0
LogDevObjectVersion:   Dev-Platform (6631380F-2D4D-43E0-8009-CF276956A95A): 0
LogDevObjectVersion:   Dev-Rendering (12F88B9F-8875-4AFC-A67C-D90C383ABD29): 15
LogDevObjectVersion:   Dev-Sequencer (7B5AE74C-D270-4C10-A958-57980B212A5A): 4
LogDevObjectVersion:   Dev-VR (D7296918-1DD6-4BDD-9DE2-64A83CC13884): 0
LogDevObjectVersion:   Dev-LoadTimes (C2A15278-BFE7-4AFE-6C17-90FF531DF755): 1
LogDevObjectVersion:   Private-Geometry (6EACA3D4-40EC-4CC1-B786-8BED09428FC5): 1
LogDevObjectVersion:   Dev-AnimPhys (29E575DD-E0A3-4627-9D10-D276232CDCEA): 3
LogInit: Compiled (64-bit): Jul 28 2017 11:49:47
LogInit: Compiled with Visual C++: 19.00.24215.01
LogInit: Build Configuration: Development
LogInit: Branch Name: ++UE4+Release-4.16
LogInit: Command line: -EpicPortal 
LogInit: Base directory: D:/UE_4.16/Engine/Binaries/Win64/
LogInit: Installed Engine Build: 1
LogInit: Presizing for max 8388607 objects, including 0 objects not considered by GC, pre-allocating 0 bytes for permanent pool.
LogInit: Object subsystem initialized
[2018.02.10-09.12.02:349][  0]LogInit: Selected Device Profile: [Windows]
[2018.02.10-09.12.02:349][  0]LogInit: Applying CVar settings loaded from the selected device profile: [Windows]
[2018.02.10-09.12.02:426][  0]LogInit: Computer: DESKTOP-HS3FJOD
[2018.02.10-09.12.02:426][  0]LogInit: User: alex
[2018.02.10-09.12.02:426][  0]LogInit: CPU Page size=4096, Cores=4
[2018.02.10-09.12.02:426][  0]LogInit: High frequency timer resolution =2.435774 MHz
[2018.02.10-09.12.02:427][  0]LogMemory: Memory total: Physical=7.9GB (8GB approx)
[2018.02.10-09.12.02:427][  0]LogMemory: Platform Memory Stats for Windows
[2018.02.10-09.12.02:427][  0]LogMemory: Process Physical Memory: 275.82 MB used, 275.82 MB peak
[2018.02.10-09.12.02:427][  0]LogMemory: Process Virtual Memory: 261.09 MB used, 261.09 MB peak
[2018.02.10-09.12.02:427][  0]LogMemory: Physical Memory: 6881.87 MB used,  1233.40 MB free, 8115.27 MB total
[2018.02.10-09.12.02:427][  0]LogMemory: Virtual Memory: 676.92 MB used,  1233.40 MB free, 134217728.00 MB total
[2018.02.10-09.12.02:850][  0]LogInit: Using OS detected language (en-GB).
[2018.02.10-09.12.02:850][  0]LogInit: Using OS detected locale (en-GB).
[2018.02.10-09.12.03:110][  0]LogTextLocalizationManager: No specific localization for 'en-GB' exists, so the 'en' localization will be used.
[2018.02.10-09.12.04:378][  0]LogD3D11RHI: D3D11 adapters:
[2018.02.10-09.12.04:424][  0]LogD3D11RHI:    0. 'NVIDIA GeForce GTX 860M' (Feature Level 11_0)
[2018.02.10-09.12.04:424][  0]LogD3D11RHI:       2010/0/4057 MB DedicatedVideo/DedicatedSystem/SharedSystem, Outputs:1, VendorId:0x10de
[2018.02.10-09.12.04:431][  0]LogD3D11RHI:    1. 'Intel(R) HD Graphics 4600' (Feature Level 11_0)
[2018.02.10-09.12.04:431][  0]LogD3D11RHI:       112/0/2048 MB DedicatedVideo/DedicatedSystem/SharedSystem, Outputs:0, VendorId:0x8086
[2018.02.10-09.12.04:433][  0]LogD3D11RHI:    2. 'Microsoft Basic Render Driver' (Feature Level 11_0)
[2018.02.10-09.12.04:433][  0]LogD3D11RHI:       0/0/4057 MB DedicatedVideo/DedicatedSystem/SharedSystem, Outputs:0, VendorId:0x1414
[2018.02.10-09.12.04:433][  0]LogD3D11RHI: Chosen D3D11 Adapter: 0
[2018.02.10-09.12.04:456][  0]LogD3D11RHI: Creating new Direct3DDevice
[2018.02.10-09.12.04:456][  0]LogD3D11RHI:     GPU DeviceId: 0x1392 (for the marketing name, search the web for "GPU Device Id")
[2018.02.10-09.12.04:456][  0]LogWindows: EnumDisplayDevices:
[2018.02.10-09.12.04:456][  0]LogWindows:    0. 'Intel(R) HD Graphics 4600' (P:1 D:1)
[2018.02.10-09.12.04:456][  0]LogWindows:    1. 'Intel(R) HD Graphics 4600' (P:0 D:0)
[2018.02.10-09.12.04:456][  0]LogWindows:    2. 'Intel(R) HD Graphics 4600' (P:0 D:0)
[2018.02.10-09.12.04:456][  0]LogWindows: DebugString: GetVideoDriverDetailsInvalid PrimaryIsNotTheChoosenAdapter GetVideoDriverDetailsInvalid PrimaryIsNotTheChoosenAdapter GetVideoDriverDetailsInvalid PrimaryIsNotTheChoosenAdapter FoundDriverCount:0 
[2018.02.10-09.12.04:456][  0]LogD3D11RHI:     Adapter Name: NVIDIA GeForce GTX 860M
[2018.02.10-09.12.04:456][  0]LogD3D11RHI:   Driver Version: Unknown (internal:Unknown, unified:Unknown)
[2018.02.10-09.12.04:456][  0]LogD3D11RHI:      Driver Date: Unknown
[2018.02.10-09.12.04:456][  0]LogRHI: Texture pool is 1361 MB (70% of 1945 MB)
[2018.02.10-09.12.04:482][  0]LogD3D11RHI: Async texture creation enabled
[2018.02.10-09.12.04:500][  0]LogD3D11RHI: GPU Timing Frequency: 1000.000000 (Debug: 2 2)
[2018.02.10-09.12.04:501][  0]LogShaderCompilers: Guid format shader working directory is -7 characters bigger than the processId version (C:/Users/alex/Documents/GitHub/TeamProject/Survival/Intermediate/Shaders/WorkingDirectory/53188/).
[2018.02.10-09.12.04:501][  0]LogShaderCompilers: Cleaned the shader compiler working directory 'C:/Users/alex/AppData/Local/Temp/UnrealShaderWorkingDir/485C865F411FA89F926C3D9866C9B6AF/'.
[2018.02.10-09.12.04:501][  0]LogShaderCompilers:Display: Using Local Shader Compiler.
[2018.02.10-09.12.05:732][  0]LogTemp:Display: Loaded TP AllDesktopTargetPlatform
[2018.02.10-09.12.05:778][  0]LogTemp:Display: Loaded TP MacClientTargetPlatform
[2018.02.10-09.12.05:824][  0]LogTemp:Display: Loaded TP MacNoEditorTargetPlatform
[2018.02.10-09.12.05:870][  0]LogTemp:Display: Loaded TP MacServerTargetPlatform
[2018.02.10-09.12.05:915][  0]LogTemp:Display: Loaded TP MacTargetPlatform
[2018.02.10-09.12.05:964][  0]LogTemp:Display: Loaded TP WindowsClientTargetPlatform
[2018.02.10-09.12.06:011][  0]LogTemp:Display: Loaded TP WindowsNoEditorTargetPlatform
[2018.02.10-09.12.06:058][  0]LogTemp:Display: Loaded TP WindowsServerTargetPlatform
[2018.02.10-09.12.06:099][  0]LogTemp:Display: Loaded TP WindowsTargetPlatform
[2018.02.10-09.12.06:147][  0]LogTemp:Display: Loaded TP AndroidTargetPlatform
[2018.02.10-09.12.06:196][  0]LogTemp:Display: Loaded TP Android_ASTCTargetPlatform
[2018.02.10-09.12.06:243][  0]LogTemp:Display: Loaded TP Android_ATCTargetPlatform
[2018.02.10-09.12.06:288][  0]LogTemp:Display: Loaded TP Android_DXTTargetPlatform
[2018.02.10-09.12.06:340][  0]LogTemp:Display: Loaded TP Android_ETC1TargetPlatform
[2018.02.10-09.12.06:393][  0]LogTemp:Display: Loaded TP Android_ETC2TargetPlatform
[2018.02.10-09.12.06:484][  0]LogTemp:Display: Loaded TP Android_MultiTargetPlatform
[2018.02.10-09.12.06:484][  0]LogTemp:Display: Loaded TP Android_PVRTCTargetPlatform
[2018.02.10-09.12.06:520][  0]LogTemp:Display: Loaded TP HTML5TargetPlatform
[2018.02.10-09.12.06:603][  0]LogTemp:Display: Loaded TP IOSTargetPlatform
[2018.02.10-09.12.06:642][  0]LogTemp:Display: Loaded TP TVOSTargetPlatform
[2018.02.10-09.12.06:709][  0]LogTemp:Display: Loaded TP LinuxClientTargetPlatform
[2018.02.10-09.12.06:753][  0]LogTemp:Display: Loaded TP LinuxNoEditorTargetPlatform
[2018.02.10-09.12.06:800][  0]LogTemp:Display: Loaded TP LinuxServerTargetPlatform
[2018.02.10-09.12.06:862][  0]LogTemp:Display: Loaded TP LinuxTargetPlatform
[2018.02.10-09.12.06:862][  0]LogTargetPlatformManager:Display: Building Assets For Windows
[2018.02.10-09.12.07:336][  0]LogDerivedDataCache:Display: Max Cache Size: 512 MB
[2018.02.10-09.12.07:454][  0]LogDerivedDataCache: Loaded boot cache 0.12s 90MB C:/Users/alex/AppData/Local/UnrealEngine/4.16/DerivedDataCache/Boot.ddc.
[2018.02.10-09.12.07:454][  0]LogDerivedDataCache:Display: Loaded Boot cache: C:/Users/alex/AppData/Local/UnrealEngine/4.16/DerivedDataCache/Boot.ddc
[2018.02.10-09.12.07:454][  0]LogDerivedDataCache: FDerivedDataBackendGraph:  Pak pak cache file C:/Users/alex/Documents/GitHub/TeamProject/Survival/DerivedDataCache/DDC.ddp not found, will not use a pak cache.
[2018.02.10-09.12.07:454][  0]LogDerivedDataCache: Unable to find inner node Pak for hierarchical cache Hierarchy.
[2018.02.10-09.12.07:454][  0]LogDerivedDataCache: FDerivedDataBackendGraph:  CompressedPak pak cache file C:/Users/alex/Documents/GitHub/TeamProject/Survival/DerivedDataCache/Compressed.ddp not found, will not use a pak cache.
[2018.02.10-09.12.07:454][  0]LogDerivedDataCache: Unable to find inner node CompressedPak for hierarchical cache Hierarchy.
[2018.02.10-09.12.07:472][  0]LogDerivedDataCache:Display: Pak cache opened for reading ../../../Engine/DerivedDataCache/Compressed.ddp.
[2018.02.10-09.12.07:484][  0]LogDerivedDataCache: Using Local data cache path C:/Users/alex/AppData/Local/UnrealEngine/Common/DerivedDataCache: Writable
[2018.02.10-09.12.07:495][  0]LogMaterial: Verifying Global Shaders for PCD3D_SM5
[2018.02.10-09.12.07:496][  0]LogSlate: Using Freetype 2.6.0
[2018.02.10-09.12.07:497][  0]LogSlate: SlateFontCache - WITH_FREETYPE: 1, WITH_HARFBUZZ: 1
[2018.02.10-09.12.07:497][  0]LogSlate: SlateFontCache - WITH_FREETYPE: 1, WITH_HARFBUZZ: 1
[2018.02.10-09.12.07:858][  0]LogInit: Selected Device Profile: [Windows]
[2018.02.10-09.12.07:943][  0]LogContentStreaming: Texture pool size is 0.00 MB
[2018.02.10-09.12.08:105][  0]LogMeshUtilities: Using QuadricMeshReduction for automatic static mesh reduction
[2018.02.10-09.12.08:144][  0]LogSimplygon: Simplygon DLL not present - disabling.
[2018.02.10-09.12.08:192][  0]LogMeshUtilities: Using SimplygonSwarm for distributed automatic mesh merging
[2018.02.10-09.12.08:192][  0]LogMeshUtilities: No automatic skeletal mesh reduction module available
[2018.02.10-09.12.08:192][  0]LogMeshUtilities: No automatic mesh merging module available
[2018.02.10-09.12.08:804][  0]LogNetVersion: Survival , NetCL: 3452394, EngineNetVer: 2, GameNetVer: 0 (Checksum: 3038584403)
[2018.02.10-09.12.08:863][  0]LogAssetRegistry: FAssetRegistry took 0.0259 seconds to start up
[2018.02.10-09.12.08:931][  0]LogPackageLocalizationCache: Processed 4 localized package path(s) for 2 prioritized culture(s) in 0.049599 seconds
[2018.02.10-09.12.08:937][  0]LogUObjectArray: 34194 objects as part of root set at end of initial load.
[2018.02.10-09.12.08:937][  0]LogUObjectAllocator: 7260416 out of 0 bytes used by permanent object pool.
[2018.02.10-09.12.08:937][  0]LogUObjectArray: CloseDisregardForGC: 0/0 objects in disregard for GC pool
[2018.02.10-09.12.08:984][  0]LogInit: WinSock: version 1.1 (2.2), MaxSocks=32767, MaxUdp=65467
[2018.02.10-09.12.11:551][  0]LogTcpMessaging: Initializing TcpMessaging bridge
[2018.02.10-09.12.11:590][  0]LogUdpMessaging: Initializing bridge on interface 0.0.0.0:0 to multicast group 230.0.0.1:6666.
[2018.02.10-09.12.12:141][  0]LogMaterial: Uniform references updated for custom material expression Custom.
[2018.02.10-09.12.12:621][  0]SourceControl: Info Source control is disabled
[2018.02.10-09.12.12:793][  0]SourceControl: Info Source control is disabled
[2018.02.10-09.12.12:841][  0]SourceControl: Info Source control is disabled
[2018.02.10-09.12.12:886][  0]SourceControl: Info Source control is disabled
[2018.02.10-09.12.13:546][  0]LogAndroidPermission: UAndroidPermissionCallbackProxy::GetInstance
[2018.02.10-09.12.14:154][  0]LogEngine: Initializing Engine...
[2018.02.10-09.12.14:155][  0]LogHMD: Failed to initialize OpenVR with code 110
[2018.02.10-09.12.14:429][  0]LogStats: UGameplayTagsManager::ConstructGameplayTagTree: Construct from data asset -  0.000 s
[2018.02.10-09.12.14:429][  0]LogStats: UGameplayTagsManager::ConstructGameplayTagTree: GameplayTagTreeChangedEvent.Broadcast -  0.000 s
[2018.02.10-09.12.14:543][  0]LogAIModule: Creating AISystem for world Untitled
[2018.02.10-09.12.14:552][  0]LogInit: XAudio2 using 'Speakers (Realtek High Definition Audio)' : 2 channels at 48 kHz using 32 bits per sample (channel mask 0x3)
[2018.02.10-09.12.14:571][  0]LogInit: FAudioDevice initialized.
[2018.02.10-09.12.14:636][  0]LogDerivedDataCache: Saved boot cache 0.07s 90MB C:/Users/alex/AppData/Local/UnrealEngine/4.16/DerivedDataCache/Boot.ddc.
[2018.02.10-09.12.14:651][  0]LogInit: Texture streaming: Enabled
[2018.02.10-09.12.14:726][  0]LogEngineSessionManager: EngineSessionManager initialized
[2018.02.10-09.12.14:937][  0]LogInit: Transaction tracking system initialized
[2018.02.10-09.12.15:310][  0]BlueprintLog: New page: Editor Load
[2018.02.10-09.12.16:221][  0]LocalizationService: Info Localization service is disabled
[2018.02.10-09.12.16:869][  0]LogConsoleResponse:Display: 
[2018.02.10-09.12.17:012][  0]LogCook:Display: Max memory allowance for cook 16384mb min free memory 0mb
[2018.02.10-09.12.17:012][  0]LogCook:Display: Mobile HDR setting 1
[2018.02.10-09.12.17:935][  0]LogFileCache: Scanning file cache for directory 'C:/Users/alex/Documents/GitHub/TeamProject/Survival/Content/' took 0.02s
[2018.02.10-09.12.17:980][  0]SourceControl: Info Source control is disabled
[2018.02.10-09.12.17:980][  0]Cmd: MAP LOAD FILE="C:/Users/alex/Documents/GitHub/TeamProject/Survival/Content/ThirdPersonBP/Maps/ThirdPersonExampleMap.umap" TEMPLATE=0 SHOWPROGRESS=1 FEATURELEVEL=3
[2018.02.10-09.12.17:980][  0]LightingResults: New page: Lighting Build
[2018.02.10-09.12.18:017][  0]MapCheck: New page: Map Check
[2018.02.10-09.12.18:017][  0]LightingResults: New page: Lighting Build
[2018.02.10-09.12.18:663][  0]LogAIModule: Creating AISystem for world ThirdPersonExampleMap
[2018.02.10-09.12.18:677][  0]LogEditorServer: Finished looking for orphan Actors (0.000 secs)
[2018.02.10-09.12.18:702][  0]Cmd: MAP CHECKDEP NOCLEARLOG
[2018.02.10-09.12.18:774][  0]MapCheck: Info Map check complete: 0 Error(s), 0 Warning(s), took 71.191ms to complete.
[2018.02.10-09.12.18:774][  0]LogFileHelpers: Loading map 'ThirdPersonExampleMap' took 0.794
[2018.02.10-09.12.18:943][  0]LogCollectionManager: Loaded 0 collections in 0.000919 seconds
[2018.02.10-09.12.19:014][  0]LogFileCache: Scanning file cache for directory 'C:/Users/alex/Documents/GitHub/TeamProject/Survival/Saved/Collections/' took 0.01s
[2018.02.10-09.12.19:014][  0]LogFileCache: Scanning file cache for directory 'C:/Users/alex/Documents/GitHub/TeamProject/Survival/Content/Developers/alex/Collections/' took 0.01s
[2018.02.10-09.12.19:014][  0]LogFileCache: Scanning file cache for directory 'C:/Users/alex/Documents/GitHub/TeamProject/Survival/Content/Collections/' took 0.01s
[2018.02.10-09.12.19:014][  0]LogCollectionManager: Rebuilt the GUID cache for 0 collections in 0.000001 seconds
[2018.02.10-09.12.19:025][  0]LogContentBrowser: Native class hierarchy populated in 0.0111 seconds. Added 2329 classes and 491 folders.
[2018.02.10-09.12.19:079][  0]LogContentBrowser: Native class hierarchy updated for 'WidgetCarousel' in 0.0006 seconds. Added 0 classes and 0 folders.
[2018.02.10-09.12.19:137][  0]LogContentBrowser: Native class hierarchy updated for 'AddContentDialog' in 0.0008 seconds. Added 0 classes and 0 folders.
[2018.02.10-09.12.19:178][  0]LogContentBrowser: Native class hierarchy updated for 'SceneOutliner' in 0.0006 seconds. Added 1 classes and 2 folders.
[2018.02.10-09.12.19:213][  0]LogCrashTracker: Crashtracker disabled due to settings.
[2018.02.10-09.12.19:220][  0]LogUObjectGlobals:Warning: Failed to find object 'Class None.'
[2018.02.10-09.12.19:292][  0]LogContentBrowser: Native class hierarchy updated for 'HierarchicalLODOutliner' in 0.0008 seconds. Added 1 classes and 2 folders.
[2018.02.10-09.12.19:293][  0]LogLoad: (Engine Initialization) Total time: 21.94 seconds
[2018.02.10-09.12.19:293][  0]LogLoad: (Engine Initialization) Total Blueprint compile time: 0.20 seconds
[2018.02.10-09.12.19:293][  0]LogExternalProfiler: No external profilers were discovered.  External profiling features will not be available.
[2018.02.10-09.12.19:632][  0]LogOcInput: OculusInput pre-init called
[2018.02.10-09.12.19:632][  0]LogHMD: Starting GearVRController plugin
[2018.02.10-09.12.19:664][  0]LogContentStreaming: Texture pool size now 1000 MB
[2018.02.10-09.12.19:665][  0]LogSlate: Took 0.000266 seconds to synchronously load lazily loaded font '../../../Engine/Content/Slate/Fonts/Roboto-Regular.ttf' (155K)
[2018.02.10-09.12.19:667][  0]LogSlate: Took 0.000193 seconds to synchronously load lazily loaded font '../../../Engine/Content/Slate/Fonts/Roboto-Bold.ttf' (160K)
[2018.02.10-09.12.19:671][  0]LogSlate: Took 0.000287 seconds to synchronously load lazily loaded font '../../../Engine/Content/Editor/Slate/Fonts/FontAwesome.ttf' (139K)
[2018.02.10-09.12.19:795][  0]LogSlate: Took 0.000258 seconds to synchronously load lazily loaded font '../../../Engine/Content/Slate/Fonts/Roboto-Light.ttf' (159K)
[2018.02.10-09.12.19:973][  1]LogRenderer: Reallocating scene render targets to support 860x392 NumSamples 1 (Frame:1).
[2018.02.10-09.12.19:973][  1]LogFileCache: Retrieving MD5 hashes for directory 'C:/Users/alex/Documents/GitHub/TeamProject/Survival/Content/' took 0.33s
[2018.02.10-09.12.19:994][  1]LogAssetRegistry: Asset discovery search completed in 11.1529 seconds
[2018.02.10-09.12.19:996][  1]LogCollectionManager: Rebuilt the object cache for 0 collections in 0.000000 seconds (found 0 objects)
[2018.02.10-09.12.19:996][  1]LogCollectionManager: Fixed up redirectors for 0 collections in 0.000031 seconds (updated 0 objects)
[2018.02.10-09.12.39:732][484]LogEditorViewport: Clicking on Actor (LMB): StaticMeshActor (Wall7)
[2018.02.10-09.12.43:823][586]LogEditorViewport: Clicking on Actor (context menu): StaticMeshActor (Wall7)
[2018.02.10-09.12.53:555][ 20]LogEditorViewport: Clicking on Actor (context menu): StaticMeshActor (Wall7)
[2018.02.10-09.12.54:937][ 91]LogEditorViewport: Clicking on Actor (LMB): StaticMeshActor (Wall7)
[2018.02.10-09.12.55:282][110]LogEditorViewport: Clicking on Actor (LMB): StaticMeshActor (Wall7)
[2018.02.10-09.12.55:885][145]LogEditorViewport: Clicking on Actor (context menu): StaticMeshActor (Wall7)
[2018.02.10-09.12.57:023][212]LogEditorViewport: Clicking on Actor (LMB): StaticMeshActor (Wall7)
[2018.02.10-09.13.15:045][ 74]LogEditorViewport: Clicking on Actor (LMB): StaticMeshActor (Wall9)
[2018.02.10-09.13.32:736][ 89]LogRenderer: Reallocating scene render targets to support 1208x576 NumSamples 1 (Frame:2965).
[2018.02.10-18.41.54:986][828]LogEditorViewport: Clicking on Actor (context menu): StaticMeshActor (Wall9)
[2018.02.10-18.42.00:492][129]LogSlate: Took 0.020863 seconds to synchronously load lazily loaded font '../../../Engine/Content/Editor/Slate/Fonts/Roboto-Italic.ttf' (157K)
[2018.02.10-18.42.00:742][142]LogEditorViewport: Clicking on Actor (LMB): StaticMeshActor (Ramp_StaticMesh)
[2018.02.10-18.42.01:534][182]LogEditorViewport: Clicking on Actor (LMB): StaticMeshActor (Floor)
[2018.02.10-18.43.04:914][794]LogEditorViewport: Clicking on Actor (LMB): StaticMeshActor (RightArm_StaticMesh)
[2018.02.10-18.43.07:407][902]LogEditorViewport: Clicking on Actor (LMB): StaticMeshActor (Floor)
[2018.02.10-18.43.16:833][455]Cmd: TRANSACTION UNDO
[2018.02.10-18.43.16:833][455]LogEditorTransaction: Undo Move Actors
[2018.02.10-18.43.16:965][455]LogSlate: Took 0.018628 seconds to synchronously load lazily loaded font '../../../Engine/Content/Slate/Fonts/Roboto-Light.ttf' (159K)
[2018.02.10-18.43.44:617][ 38]Cmd: DELETE
[2018.02.10-18.43.44:617][ 38]Cmd: ACTOR DELETE
[2018.02.10-18.43.44:846][ 38]LogEditorActor: Deleted Actor: NavModifierVolume
[2018.02.10-18.43.44:902][ 38]LogEditorActor: Deleted 1 Actors (0.104 secs)
[2018.02.10-18.43.47:044][157]LogEditorViewport: Clicking on Actor (LMB): StaticMeshActor (Ramp_StaticMesh)
[2018.02.10-18.43.50:201][343]Cmd: DELETE
[2018.02.10-18.43.50:201][343]Cmd: ACTOR DELETE
[2018.02.10-18.43.50:202][343]LogEditorActor: Deleted Actor: StaticMeshActor
[2018.02.10-18.43.50:215][343]LogEditorActor: Deleted 1 Actors (0.013 secs)
[2018.02.10-18.43.50:864][372]LogEditorViewport: Clicking on Actor (LMB): StaticMeshActor (LeftArm_StaticMesh)
[2018.02.10-18.43.50:952][374]Cmd: DELETE
[2018.02.10-18.43.50:952][374]Cmd: ACTOR DELETE
[2018.02.10-18.43.50:952][374]LogEditorActor: Deleted Actor: StaticMeshActor
[2018.02.10-18.43.50:966][374]LogEditorActor: Deleted 1 Actors (0.014 secs)
[2018.02.10-18.43.51:547][409]LogEditorViewport: Clicking on Actor (LMB): StaticMeshActor (Floor)
[2018.02.10-18.43.52:135][441]LogEditorViewport: Clicking on Actor (LMB): StaticMeshActor (CubeMesh)
[2018.02.10-18.43.52:512][460]Cmd: DELETE
[2018.02.10-18.43.52:512][460]Cmd: ACTOR DELETE
[2018.02.10-18.43.52:513][460]LogEditorActor: Deleted Actor: StaticMeshActor
[2018.02.10-18.43.52:528][460]LogEditorActor: Deleted 1 Actors (0.016 secs)
[2018.02.10-18.43.52:882][481]LogEditorViewport: Clicking on Actor (LMB): StaticMeshActor (RightArm_StaticMesh)
[2018.02.10-18.43.52:985][484]Cmd: DELETE
[2018.02.10-18.43.52:985][484]Cmd: ACTOR DELETE
[2018.02.10-18.43.52:986][484]LogEditorActor: Deleted Actor: StaticMeshActor
[2018.02.10-18.43.53:000][484]LogEditorActor: Deleted 1 Actors (0.014 secs)
[2018.02.10-18.43.53:565][518]LogEditorViewport: Clicking on Actor (LMB): StaticMeshActor (Bump_StaticMesh)
[2018.02.10-18.43.53:630][519]Cmd: DELETE
[2018.02.10-18.43.53:630][519]Cmd: ACTOR DELETE
[2018.02.10-18.43.53:631][519]LogEditorActor: Deleted Actor: StaticMeshActor
[2018.02.10-18.43.53:643][519]LogEditorActor: Deleted 1 Actors (0.012 secs)
[2018.02.10-18.43.54:450][567]LogEditorViewport: Clicking on Actor (LMB): StaticMeshActor (Linear_Stair_StaticMesh)
[2018.02.10-18.43.54:523][568]Cmd: DELETE
[2018.02.10-18.43.54:523][568]Cmd: ACTOR DELETE
[2018.02.10-18.43.54:524][568]LogEditorActor: Deleted Actor: StaticMeshActor
[2018.02.10-18.43.54:534][568]LogEditorActor: Deleted 1 Actors (0.011 secs)
[2018.02.10-18.43.57:630][753]LogEditorViewport: Clicking on Actor (LMB): StaticMeshActor (Floor)
[2018.02.10-18.45.05:974][696]LogEditorActor: Deleted Actor: RecastNavMesh
[2018.02.10-18.45.05:989][696]LogEditorActor: Deleted 1 Actors (0.015 secs)
[2018.02.10-18.45.38:573][471]LogTemp: Repeting last play command: Selected Viewport
[2018.02.10-18.45.38:778][471]LogBlueprintUserMessages: Early PlayInEditor Detection: Level '/Game/ThirdPersonBP/Maps/ThirdPersonExampleMap.ThirdPersonExampleMap:PersistentLevel' has LevelScriptBlueprint '/Game/ThirdPersonBP/Maps/ThirdPersonExampleMap.ThirdPersonExampleMap:PersistentLevel.ThirdPersonExampleMap' with GeneratedClass '/Game/ThirdPersonBP/Maps/ThirdPersonExampleMap.ThirdPersonExampleMap_C' with ClassGeneratedBy '/Game/ThirdPersonBP/Maps/ThirdPersonExampleMap.ThirdPersonExampleMap:PersistentLevel.ThirdPersonExampleMap'
[2018.02.10-18.45.38:801][471]LogPlayLevel: PlayLevel: No blueprints needed recompiling
[2018.02.10-18.45.38:908][471]PIE: New page: PIE session: ThirdPersonExampleMap (10 Feb 2018 18:45:38)
[2018.02.10-18.45.38:942][471]LogPlayLevel: Creating play world package: /Game/ThirdPersonBP/Maps/UEDPIE_0_ThirdPersonExampleMap
[2018.02.10-18.45.39:040][471]LogPlayLevel: PIE: StaticDuplicateObject took: (0.097607s)
[2018.02.10-18.45.39:043][471]LogAIModule: Creating AISystem for world ThirdPersonExampleMap
[2018.02.10-18.45.39:044][471]LogPlayLevel: PIE: World Init took: (0.003118s)
[2018.02.10-18.45.39:044][471]LogPlayLevel: PIE: Created PIE world by copying editor world from /Game/ThirdPersonBP/Maps/ThirdPersonExampleMap.ThirdPersonExampleMap to /Game/ThirdPersonBP/Maps/UEDPIE_0_ThirdPersonExampleMap.ThirdPersonExampleMap (0.101260s)
[2018.02.10-18.45.39:130][471]LogInit: XAudio2 using 'Speakers (Realtek High Definition Audio)' : 2 channels at 48 kHz using 32 bits per sample (channel mask 0x3)
[2018.02.10-18.45.39:154][471]LogInit: FAudioDevice initialized.
[2018.02.10-18.45.39:282][471]LogLoad: Game class is 'ThirdPersonGameMode_C'
[2018.02.10-18.45.39:467][471]LogWorld: Bringing World /Game/ThirdPersonBP/Maps/UEDPIE_0_ThirdPersonExampleMap.ThirdPersonExampleMap up for play (max tick rate 60) at 2018.02.10-18.45.39
[2018.02.10-18.45.39:764][471]LogWorld: Bringing up level for play took: 0.307247
[2018.02.10-18.45.44:660][471]LogContentBrowser: Native class hierarchy updated for 'MovieSceneCapture' in 0.0012 seconds. Added 11 classes and 0 folders.
[2018.02.10-18.45.44:788][471]PIE: Info Play in editor start time for /Game/ThirdPersonBP/Maps/UEDPIE_0_ThirdPersonExampleMap 5.144
[2018.02.10-18.45.44:789][471]LogBlueprintUserMessages: Late PlayInEditor Detection: Level '/Game/ThirdPersonBP/Maps/ThirdPersonExampleMap.ThirdPersonExampleMap:PersistentLevel' has LevelScriptBlueprint '/Game/ThirdPersonBP/Maps/ThirdPersonExampleMap.ThirdPersonExampleMap:PersistentLevel.ThirdPersonExampleMap' with GeneratedClass '/Game/ThirdPersonBP/Maps/ThirdPersonExampleMap.ThirdPersonExampleMap_C' with ClassGeneratedBy '/Game/ThirdPersonBP/Maps/ThirdPersonExampleMap.ThirdPersonExampleMap:PersistentLevel.ThirdPersonExampleMap'
[2018.02.10-18.46.01:782][444]LogBlueprintUserMessages: Early EndPlayMap Detection: Level '/Game/ThirdPersonBP/Maps/ThirdPersonExampleMap.ThirdPersonExampleMap:PersistentLevel' has LevelScriptBlueprint '/Game/ThirdPersonBP/Maps/ThirdPersonExampleMap.ThirdPersonExampleMap:PersistentLevel.ThirdPersonExampleMap' with GeneratedClass '/Game/ThirdPersonBP/Maps/ThirdPersonExampleMap.ThirdPersonExampleMap_C' with ClassGeneratedBy '/Game/ThirdPersonBP/Maps/ThirdPersonExampleMap.ThirdPersonExampleMap:PersistentLevel.ThirdPersonExampleMap'
[2018.02.10-18.46.02:005][444]LogBlueprintUserMessages: Late EndPlayMap Detection: Level '/Game/ThirdPersonBP/Maps/ThirdPersonExampleMap.ThirdPersonExampleMap:PersistentLevel' has LevelScriptBlueprint '/Game/ThirdPersonBP/Maps/ThirdPersonExampleMap.ThirdPersonExampleMap:PersistentLevel.ThirdPersonExampleMap' with GeneratedClass '/Game/ThirdPersonBP/Maps/ThirdPersonExampleMap.ThirdPersonExampleMap_C' with ClassGeneratedBy '/Game/ThirdPersonBP/Maps/ThirdPersonExampleMap.ThirdPersonExampleMap:PersistentLevel.ThirdPersonExampleMap'
[2018.02.10-18.46.04:192][556]LogEditorViewport: Clicking on Actor (LMB): Zombie_C (Zombie)
[2018.02.10-18.46.04:861][559]LogEditorViewport: Clicking on Actor (LMB): Zombie_C (Zombie)
[2018.02.10-18.47.11:418][444]LogEditorActor: Deleted Actor: NavMeshBoundsVolume
[2018.02.10-18.47.11:430][444]LogEditorActor: Deleted 1 Actors (0.012 secs)
[2018.02.10-18.47.31:403][630]LogEditorActor: Deleted Actor: Zombie_C
[2018.02.10-18.47.31:412][630]LogEditorActor: Deleted 1 Actors (0.010 secs)
[2018.02.10-18.47.33:962][757]LogSlate: Took 0.000308 seconds to synchronously load lazily loaded font '../../../Engine/Content/Slate/Fonts/Roboto-Light.ttf' (159K)
[2018.02.10-18.47.34:695][757]LogSlate: Took 0.011667 seconds to synchronously load lazily loaded font '../../../Engine/Content/Slate/Fonts/Roboto-Regular.ttf' (155K)
[2018.02.10-18.47.35:259][757]LogContentBrowser: Native class hierarchy updated for 'BlueprintGraph' in 0.0013 seconds. Added 112 classes and 0 folders.
[2018.02.10-18.47.37:607][757]LogSlate: Took 0.023689 seconds to synchronously load lazily loaded font '../../../Engine/Content/Editor/Slate/Fonts/Roboto-BoldCondensed.ttf' (158K)
[2018.02.10-18.47.43:945][ 15]LogRenderer: Reallocating scene render targets to support 1372x712 NumSamples 1 (Frame:1).
[2018.02.10-18.48.22:698][617]LogTexture:Display: Building textures: Char_M_Cardboard_Skin_Mask (AutoDXT, 2048X2048)
[2018.02.10-18.48.23:366][617]LogTexture:Display: Building textures: Char_M_Cardboard_D (DXT1, 2048X2048)
[2018.02.10-18.48.25:890][617]LogTexture:Display: Building textures: Char_M_Cardboard_N (BC5, 2048X2048)
[2018.02.10-18.48.26:360][617]LogMaterial: Missing cached shader map for material M_Char_Cardboard, compiling. 
[2018.02.10-18.49.12:694][419]LogSlate:Warning: Prevented a slow task dialog from being summoned while a context menu was open
[2018.02.10-18.49.15:044][499]LogSlate:Warning: Prevented a slow task dialog from being summoned while a context menu was open
[2018.02.10-18.49.21:829][802]BlueprintLog: New page: Compile Zombie
[2018.02.10-18.49.23:808][857]Cmd: OBJ SAVEPACKAGE PACKAGE="/Game/AI/Zombie" FILE="C:/Users/alex/Documents/GitHub/TeamProject/Survival/Content/AI/Zombie.uasset" SILENT=true
[2018.02.10-18.49.24:003][857]LogSavePackage: Save=145.89ms
[2018.02.10-18.49.24:003][857]LogSavePackage: Moving 'C:/Users/alex/Documents/GitHub/TeamProject/Survival/Saved/Zombie6D4DA0A541BAC1390D9542838D9F67B6.tmp' to 'C:/Users/alex/Documents/GitHub/TeamProject/Survival/Content/AI/Zombie.uasset'
[2018.02.10-18.49.24:007][857]LogSavePackage:Display: Finished SavePackage C:/Users/alex/Documents/GitHub/TeamProject/Survival/Content/AI/Zombie.uasset
[2018.02.10-18.49.35:938][541]LogContentBrowser: Native class hierarchy updated for 'SkeletonEditor' in 0.0009 seconds. Added 1 classes and 2 folders.
[2018.02.10-18.49.36:014][541]LogLinker:Warning: Can't find file '/Game/InfinityBladeWarriors/Character/CompleteCharacters/SK_CharM_Warrior'
[2018.02.10-18.49.36:015][541]LogLinker:Warning: Can't find file '/Game/InfinityBladeWarriors/Character/CompleteCharacters/SK_CharM_Warrior'
[2018.02.10-18.49.36:015][541]LogUObjectGlobals:Warning: Failed to find object 'SkeletalMesh /Game/InfinityBladeWarriors/Character/CompleteCharacters/SK_CharM_Warrior.SK_CharM_Warrior'
[2018.02.10-18.49.36:620][541]LogActorComponent: RegisterComponentWithWorld: (/Engine/Transient.World_5:PersistentLevel.Actor_0.DebugSkelMeshComponent_0) Already registered. Aborting.
[2018.02.10-18.49.38:027][541]LogContentBrowser: Native class hierarchy updated for 'ClothingSystemEditorInterface' in 0.0008 seconds. Added 1 classes and 0 folders.
[2018.02.10-18.49.38:056][542]LogRenderer: Reallocating scene render targets to support 1372x888 NumSamples 1 (Frame:1).
[2018.02.10-18.49.57:038][367]LogSavePackage: Save=169.30ms
[2018.02.10-18.49.57:038][367]LogSavePackage: Moving 'C:/Users/alex/Documents/GitHub/TeamProject/Survival/Saved/ThirdPersonExampleMap53BCB2204877D726851287856F839BF1.tmp' to 'C:/Users/alex/Documents/GitHub/TeamProject/Survival/Content/ThirdPersonBP/Maps/ThirdPersonExampleMap.umap'
[2018.02.10-18.49.57:042][367]LogSavePackage:Display: Finished SavePackage C:/Users/alex/Documents/GitHub/TeamProject/Survival/Content/ThirdPersonBP/Maps/ThirdPersonExampleMap.umap
[2018.02.10-18.50.02:104][643]LogActorComponent: RegisterComponentWithWorld: (/Engine/Transient.World_6:PersistentLevel.Actor_1.DebugSkelMeshComponent_1) Already registered. Aborting.
[2018.02.10-18.50.25:527][707]LogEditorViewport: Clicking on Actor (LMB): StaticMeshActor (Floor)
[2018.02.10-18.50.26:743][776]LogTemp: Repeting last play command: Selected Viewport
[2018.02.10-18.50.26:770][776]LogBlueprintUserMessages: Early PlayInEditor Detection: Level '/Game/ThirdPersonBP/Maps/ThirdPersonExampleMap.ThirdPersonExampleMap:PersistentLevel' has LevelScriptBlueprint '/Game/ThirdPersonBP/Maps/ThirdPersonExampleMap.ThirdPersonExampleMap:PersistentLevel.ThirdPersonExampleMap' with GeneratedClass '/Game/ThirdPersonBP/Maps/ThirdPersonExampleMap.ThirdPersonExampleMap_C' with ClassGeneratedBy '/Game/ThirdPersonBP/Maps/ThirdPersonExampleMap.ThirdPersonExampleMap:PersistentLevel.ThirdPersonExampleMap'
[2018.02.10-18.50.26:770][776]LogPlayLevel: PlayLevel: No blueprints needed recompiling
[2018.02.10-18.50.26:770][776]PIE: New page: PIE session: ThirdPersonExampleMap (10 Feb 2018 18:50:26)
[2018.02.10-18.50.26:770][776]LogPlayLevel: Creating play world package: /Game/ThirdPersonBP/Maps/UEDPIE_0_ThirdPersonExampleMap
[2018.02.10-18.50.26:798][776]LogPlayLevel: PIE: StaticDuplicateObject took: (0.027701s)
[2018.02.10-18.50.26:799][776]LogAIModule: Creating AISystem for world ThirdPersonExampleMap
[2018.02.10-18.50.26:800][776]LogPlayLevel: PIE: World Init took: (0.001397s)
[2018.02.10-18.50.26:800][776]LogPlayLevel: PIE: Created PIE world by copying editor world from /Game/ThirdPersonBP/Maps/ThirdPersonExampleMap.ThirdPersonExampleMap to /Game/ThirdPersonBP/Maps/UEDPIE_0_ThirdPersonExampleMap.ThirdPersonExampleMap (0.029486s)
[2018.02.10-18.50.26:833][776]LogInit: XAudio2 using 'Speakers (Realtek High Definition Audio)' : 2 channels at 48 kHz using 32 bits per sample (channel mask 0x3)
[2018.02.10-18.50.26:851][776]LogInit: FAudioDevice initialized.
[2018.02.10-18.50.26:948][776]LogLoad: Game class is 'ThirdPersonGameMode_C'
[2018.02.10-18.50.26:952][776]LogWorld: Bringing World /Game/ThirdPersonBP/Maps/UEDPIE_0_ThirdPersonExampleMap.ThirdPersonExampleMap up for play (max tick rate 60) at 2018.02.10-18.50.26
[2018.02.10-18.50.26:953][776]LogWorld: Bringing up level for play took: 0.002971
[2018.02.10-18.50.26:954][776]PIE: Info Play in editor start time for /Game/ThirdPersonBP/Maps/UEDPIE_0_ThirdPersonExampleMap -0.689
[2018.02.10-18.50.26:955][776]LogBlueprintUserMessages: Late PlayInEditor Detection: Level '/Game/ThirdPersonBP/Maps/ThirdPersonExampleMap.ThirdPersonExampleMap:PersistentLevel' has LevelScriptBlueprint '/Game/ThirdPersonBP/Maps/ThirdPersonExampleMap.ThirdPersonExampleMap:PersistentLevel.ThirdPersonExampleMap' with GeneratedClass '/Game/ThirdPersonBP/Maps/ThirdPersonExampleMap.ThirdPersonExampleMap_C' with ClassGeneratedBy '/Game/ThirdPersonBP/Maps/ThirdPersonExampleMap.ThirdPersonExampleMap:PersistentLevel.ThirdPersonExampleMap'
[2018.02.10-18.50.49:327][ 85]LogBlueprintUserMessages: Early EndPlayMap Detection: Level '/Game/ThirdPersonBP/Maps/ThirdPersonExampleMap.ThirdPersonExampleMap:PersistentLevel' has LevelScriptBlueprint '/Game/ThirdPersonBP/Maps/ThirdPersonExampleMap.ThirdPersonExampleMap:PersistentLevel.ThirdPersonExampleMap' with GeneratedClass '/Game/ThirdPersonBP/Maps/ThirdPersonExampleMap.ThirdPersonExampleMap_C' with ClassGeneratedBy '/Game/ThirdPersonBP/Maps/ThirdPersonExampleMap.ThirdPersonExampleMap:PersistentLevel.ThirdPersonExampleMap'
[2018.02.10-18.50.49:381][ 85]LogBlueprintUserMessages: Late EndPlayMap Detection: Level '/Game/ThirdPersonBP/Maps/ThirdPersonExampleMap.ThirdPersonExampleMap:PersistentLevel' has LevelScriptBlueprint '/Game/ThirdPersonBP/Maps/ThirdPersonExampleMap.ThirdPersonExampleMap:PersistentLevel.ThirdPersonExampleMap' with GeneratedClass '/Game/ThirdPersonBP/Maps/ThirdPersonExampleMap.ThirdPersonExampleMap_C' with ClassGeneratedBy '/Game/ThirdPersonBP/Maps/ThirdPersonExampleMap.ThirdPersonExampleMap:PersistentLevel.ThirdPersonExampleMap'
[2018.02.10-18.50.56:049][352]Cmd: QUIT_EDITOR
[2018.02.10-18.50.56:466][352]LogWindowsTextInputMethodSystem:Display: IME system now deactivated.
[2018.02.10-18.50.56:540][352]LogExit: Preparing to exit.
[2018.02.10-18.50.58:037][352]LogExit: Editor shut down
[2018.02.10-18.50.58:070][352]LogExit: Transaction tracking system shut down
[2018.02.10-18.50.59:618][352]LogObj: Freed 0b from 0 cluster array pools.
[2018.02.10-18.50.59:618][352]LogExit: Object subsystem successfully closed.
[2018.02.10-18.50.59:824][352]LogD3D11RHI: Shutdown
[2018.02.10-18.50.59:824][352]LogD3D11RHI: CleanupD3DDevice
[2018.02.10-18.51.00:052][352]LogD3D11RHI: ~FD3D11DynamicRHI
[2018.02.10-18.51.00:822][352]LogModuleManager: Shutting down and abandoning module SkeletalMeshEditor (536)
[2018.02.10-18.51.00:822][352]LogModuleManager: Shutting down and abandoning module ClothingSystemEditorInterface (534)
[2018.02.10-18.51.00:822][352]LogModuleManager: Shutting down and abandoning module SkeletonEditor (532)
[2018.02.10-18.51.00:822][352]LogModuleManager: Shutting down and abandoning module BlueprintGraph (530)
[2018.02.10-18.51.00:822][352]LogModuleManager: Shutting down and abandoning module BlueprintProfiler (528)
[2018.02.10-18.51.00:886][352]LogModuleManager: Shutting down and abandoning module MovieSceneCapture (526)
[2018.02.10-18.51.00:886][352]LogModuleManager: Shutting down and abandoning module HierarchicalLODOutliner (524)
[2018.02.10-18.51.00:889][352]LogModuleManager: Shutting down and abandoning module CrashTracker (522)
[2018.02.10-18.51.00:889][352]LogModuleManager: Shutting down and abandoning module SceneOutliner (520)
[2018.02.10-18.51.00:889][352]LogModuleManager: Shutting down and abandoning module AddContentDialog (518)
[2018.02.10-18.51.00:904][352]LogDirectoryWatcher: A directory notification for 'D:/UE_4.16/FeaturePacks/' was aborted.
[2018.02.10-18.51.00:921][352]LogModuleManager: Shutting down and abandoning module WidgetCarousel (517)
[2018.02.10-18.51.00:921][352]LogModuleManager: Shutting down and abandoning module EditorWidgets (514)
[2018.02.10-18.51.00:921][352]LogModuleManager: Shutting down and abandoning module CollectionManager (512)
[2018.02.10-18.51.00:921][352]LogDirectoryWatcher: A directory notification for 'C:/Users/alex/Documents/GitHub/TeamProject/Survival/Content/Collections/' was aborted.
[2018.02.10-18.51.00:921][352]LogDirectoryWatcher: A directory notification for 'C:/Users/alex/Documents/GitHub/TeamProject/Survival/Content/Developers/alex/Collections/' was aborted.
[2018.02.10-18.51.00:921][352]LogDirectoryWatcher: A directory notification for 'C:/Users/alex/Documents/GitHub/TeamProject/Survival/Saved/Collections/' was aborted.
[2018.02.10-18.51.00:921][352]LogModuleManager: Shutting down and abandoning module StatsViewer (510)
[2018.02.10-18.51.00:925][352]LogModuleManager: Shutting down and abandoning module FoliageEdit (508)
[2018.02.10-18.51.00:925][352]LogModuleManager: Shutting down and abandoning module LandscapeEditor (506)
[2018.02.10-18.51.00:960][352]LogModuleManager: Shutting down and abandoning module MeshPaintMode (504)
[2018.02.10-18.51.00:960][352]LogModuleManager: Shutting down and abandoning module SceneDepthPickerMode (502)
[2018.02.10-18.51.00:960][352]LogModuleManager: Shutting down and abandoning module ActorPickerMode (500)
[2018.02.10-18.51.00:960][352]LogModuleManager: Shutting down and abandoning module GeometryMode (498)
[2018.02.10-18.51.00:960][352]LogModuleManager: Shutting down and abandoning module TextureAlignMode (496)
[2018.02.10-18.51.00:960][352]LogModuleManager: Shutting down and abandoning module BspMode (494)
[2018.02.10-18.51.00:973][352]LogModuleManager: Shutting down and abandoning module HardwareSurvey (492)
[2018.02.10-18.51.00:992][352]LogModuleManager: Shutting down and abandoning module SequenceRecorderSections (490)
[2018.02.10-18.51.01:004][352]LogModuleManager: Shutting down and abandoning module AutomationWorker (488)
[2018.02.10-18.51.01:018][352]LogModuleManager: Shutting down and abandoning module MatineeToLevelSequence (486)
[2018.02.10-18.51.01:029][352]LogModuleManager: Shutting down and abandoning module LevelSequenceEditor (484)
[2018.02.10-18.51.01:110][352]LogModuleManager: Shutting down and abandoning module PlacementMode (483)
[2018.02.10-18.51.01:111][352]LogModuleManager: Shutting down and abandoning module WmfMediaFactory (480)
[2018.02.10-18.51.01:111][352]LogModuleManager: Shutting down and abandoning module WmfMediaEditor (478)
[2018.02.10-18.51.01:111][352]LogModuleManager: Shutting down and abandoning module AvfMediaFactory (476)
[2018.02.10-18.51.01:111][352]LogModuleManager: Shutting down and abandoning module AvfMediaEditor (474)
[2018.02.10-18.51.01:111][352]LogModuleManager: Shutting down and abandoning module AndroidMediaFactory (472)
[2018.02.10-18.51.01:111][352]LogModuleManager: Shutting down and abandoning module Media (471)
[2018.02.10-18.51.01:111][352]LogModuleManager: Shutting down and abandoning module AndroidMediaEditor (468)
[2018.02.10-18.51.01:111][352]LogModuleManager: Shutting down and abandoning module CharacterAI (466)
[2018.02.10-18.51.01:111][352]LogModuleManager: Shutting down and abandoning module AudioCapture (464)
[2018.02.10-18.51.01:140][352]LogModuleManager: Shutting down and abandoning module SequenceRecorder (463)
[2018.02.10-18.51.01:160][352]LogModuleManager: Shutting down and abandoning module SmartSnapping (460)
[2018.02.10-18.51.01:160][352]LogModuleManager: Shutting down and abandoning module SessionServices (458)
[2018.02.10-18.51.01:160][352]LogModuleManager: Shutting down and abandoning module ViewportSnapping (456)
[2018.02.10-18.51.01:160][352]LogModuleManager: Shutting down and abandoning module ViewportInteraction (454)
[2018.02.10-18.51.01:160][352]LogModuleManager: Shutting down and abandoning module ClothPainter (452)
[2018.02.10-18.51.01:174][352]LogModuleManager: Shutting down and abandoning module LogVisualizer (450)
[2018.02.10-18.51.01:204][352]LogModuleManager: Shutting down and abandoning module IntroTutorials (448)
[2018.02.10-18.51.01:253][352]LogModuleManager: Shutting down and abandoning module GameProjectGeneration (447)
[2018.02.10-18.51.01:275][352]LogModuleManager: Shutting down and abandoning module EditorLiveStreaming (444)
[2018.02.10-18.51.01:275][352]LogModuleManager: Shutting down and abandoning module IOSPlatformEditor (442)
[2018.02.10-18.51.01:300][352]LogModuleManager: Shutting down and abandoning module HTML5PlatformEditor (440)
[2018.02.10-18.51.01:300][352]LogModuleManager: Shutting down and abandoning module AndroidPlatformEditor (438)
[2018.02.10-18.51.01:300][352]LogModuleManager: Shutting down and abandoning module AndroidDeviceDetection (437)
[2018.02.10-18.51.02:238][352]LogModuleManager: Shutting down and abandoning module IOSRuntimeSettings (434)
[2018.02.10-18.51.02:238][352]LogModuleManager: Shutting down and abandoning module AndroidRuntimeSettings (432)
[2018.02.10-18.51.02:238][352]LogModuleManager: Shutting down and abandoning module InputBindingEditor (430)
[2018.02.10-18.51.02:298][352]LogModuleManager: Shutting down and abandoning module MergeActors (428)
[2018.02.10-18.51.02:303][352]LogModuleManager: Shutting down and abandoning module SizeMap (426)
[2018.02.10-18.51.02:303][352]LogModuleManager: Shutting down and abandoning module TreeMap (424)
[2018.02.10-18.51.02:314][352]LogModuleManager: Shutting down and abandoning module ReferenceViewer (422)
[2018.02.10-18.51.02:325][352]LogModuleManager: Shutting down and abandoning module LocalizationDashboard (420)
[2018.02.10-18.51.02:341][352]LogModuleManager: Shutting down and abandoning module LocalizationService (419)
[2018.02.10-18.51.02:350][352]LogModuleManager: Shutting down and abandoning module HardwareTargeting (416)
[2018.02.10-18.51.02:351][352]LogModuleManager: Shutting down and abandoning module DeviceProfileEditor (414)
[2018.02.10-18.51.02:362][352]LogModuleManager: Shutting down and abandoning module UndoHistory (412)
[2018.02.10-18.51.02:368][352]LogModuleManager: Shutting down and abandoning module UserFeedback (410)
[2018.02.10-18.51.02:368][352]LogModuleManager: Shutting down and abandoning module XmlParser (408)
[2018.02.10-18.51.02:376][352]LogModuleManager: Shutting down and abandoning module Blutility (406)
[2018.02.10-18.51.02:387][352]LogModuleManager: Shutting down and abandoning module ProjectSettingsViewer (404)
[2018.02.10-18.51.02:387][352]LogModuleManager: Shutting down and abandoning module ProjectTargetPlatformEditor (403)
[2018.02.10-18.51.02:388][352]LogModuleManager: Shutting down and abandoning module EditorSettingsViewer (400)
[2018.02.10-18.51.02:388][352]LogModuleManager: Shutting down and abandoning module SettingsEditor (398)
[2018.02.10-18.51.02:398][352]LogModuleManager: Shutting down and abandoning module ProjectLauncher (396)
[2018.02.10-18.51.02:421][352]LogModuleManager: Shutting down and abandoning module SessionFrontend (394)
[2018.02.10-18.51.02:429][352]LogModuleManager: Shutting down and abandoning module ProfilerClient (392)
[2018.02.10-18.51.02:442][352]LogModuleManager: Shutting down and abandoning module DeviceManager (390)
[2018.02.10-18.51.02:449][352]LogModuleManager: Shutting down and abandoning module TargetDeviceServices (389)
[2018.02.10-18.51.02:505][352]LogModuleManager: Shutting down and abandoning module AutomationController (386)
[2018.02.10-18.51.02:509][352]LogModuleManager: Shutting down and abandoning module AutomationWindow (384)
[2018.02.10-18.51.02:530][352]LogModuleManager: Shutting down and abandoning module Layers (382)
[2018.02.10-18.51.02:571][352]LogModuleManager: Shutting down and abandoning module ComponentVisualizers (380)
[2018.02.10-18.51.02:571][352]LogModuleManager: Shutting down and abandoning module DetailCustomizations (378)
[2018.02.10-18.51.02:588][352]LogModuleManager: Shutting down and abandoning module PackagesDialog (376)
[2018.02.10-18.51.02:588][352]LogModuleManager: Shutting down and abandoning module Persona (374)
[2018.02.10-18.51.02:588][352]LogModuleManager: Shutting down and abandoning module AdvancedPreviewScene (373)
[2018.02.10-18.51.02:588][352]LogModuleManager: Shutting down and abandoning module AnimGraph (371)
[2018.02.10-18.51.02:588][352]LogModuleManager: Shutting down and abandoning module Kismet (368)
[2018.02.10-18.51.02:608][352]LogModuleManager: Shutting down and abandoning module ClassViewer (366)
[2018.02.10-18.51.02:615][352]LogModuleManager: Shutting down and abandoning module Toolbox (364)
[2018.02.10-18.51.02:619][352]LogModuleManager: Shutting down and abandoning module ModuleUI (362)
[2018.02.10-18.51.02:642][352]LogModuleManager: Shutting down and abandoning module MovieSceneTools (360)
[2018.02.10-18.51.02:662][352]LogModuleManager: Shutting down and abandoning module OutputLog (358)
[2018.02.10-18.51.02:675][352]LogModuleManager: Shutting down and abandoning module GammaUI (356)
[2018.02.10-18.51.02:683][352]LogModuleManager: Shutting down and abandoning module Documentation (354)
[2018.02.10-18.51.02:683][352]LogModuleManager: Shutting down and abandoning module MovieSceneTracks (352)
[2018.02.10-18.51.02:683][352]LogModuleManager: Shutting down and abandoning module MovieScene (350)
[2018.02.10-18.51.02:683][352]LogModuleManager: Shutting down and abandoning module Niagara (348)
[2018.02.10-18.51.02:683][352]LogModuleManager: Shutting down and abandoning module NiagaraEditor (347)
[2018.02.10-18.51.02:715][352]LogModuleManager: Shutting down and abandoning module StreamingPauseRendering (344)
[2018.02.10-18.51.02:715][352]LogModuleManager: Shutting down and abandoning module AnalyticsET (342)
[2018.02.10-18.51.02:715][352]LogModuleManager: Shutting down and abandoning module PortalServices (340)
[2018.02.10-18.51.02:715][352]LogModuleManager: Shutting down and abandoning module PortalRpc (338)
[2018.02.10-18.51.02:715][352]LogModuleManager: Shutting down and abandoning module MessagingRpc (336)
[2018.02.10-18.51.02:715][352]LogModuleManager: Shutting down and abandoning module AIModule (334)
[2018.02.10-18.51.02:715][352]LogModuleManager: Shutting down and abandoning module GameplayDebugger (333)
[2018.02.10-18.51.02:715][352]LogModuleManager: Shutting down and abandoning module AITestSuite (331)
[2018.02.10-18.51.02:731][352]LogModuleManager: Shutting down and abandoning module ProfilerService (328)
[2018.02.10-18.51.02:926][352]LogModuleManager: Shutting down and abandoning module TaskGraph (326)
[2018.02.10-18.51.02:936][352]LogModuleManager: Shutting down and abandoning module SteamVRController (324)
[2018.02.10-18.51.02:937][352]LogModuleManager: Shutting down and abandoning module SteamVR (322)
[2018.02.10-18.51.02:937][352]LogModuleManager: Shutting down and abandoning module ProceduralMeshComponentEditor (320)
[2018.02.10-18.51.02:952][352]LogModuleManager: Shutting down and abandoning module ProceduralMeshComponent (318)
[2018.02.10-18.51.02:974][352]LogModuleManager: Shutting down and abandoning module OculusLibrary (316)
[2018.02.10-18.51.02:974][352]LogModuleManager: Shutting down and abandoning module OculusInput (314)
[2018.02.10-18.51.02:974][352]LogModuleManager: Shutting down and abandoning module MobilePatchingUtils (312)
[2018.02.10-18.51.02:974][352]LogModuleManager: Shutting down and abandoning module CustomMeshComponent (310)
[2018.02.10-18.51.02:974][352]LogModuleManager: Shutting down and abandoning module CableComponent (308)
[2018.02.10-18.51.02:997][352]LogModuleManager: Shutting down and abandoning module ArchVisCharacter (306)
[2018.02.10-18.51.02:997][352]LogModuleManager: Shutting down and abandoning module AndroidPermission (304)
[2018.02.10-18.51.02:997][352]LogModuleManager: Shutting down and abandoning module MediaPlayerEditor (300)
[2018.02.10-18.51.03:011][352]LogModuleManager: Shutting down and abandoning module HTML5Networking (298)
[2018.02.10-18.51.03:011][352]LogModuleManager: Shutting down and abandoning module AlembicImporter (296)
[2018.02.10-18.51.03:018][352]LogModuleManager: Shutting down and abandoning module AlembicLibrary (295)
[2018.02.10-18.51.03:018][352]LogModuleManager: Shutting down and abandoning module GeometryCache (294)
[2018.02.10-18.51.03:018][352]LogModuleManager: Shutting down and abandoning module GeometryCacheEd (293)
[2018.02.10-18.51.03:019][352]LogModuleManager: Shutting down and abandoning module SuperSearchEditor (288)
[2018.02.10-18.51.03:019][352]LogModuleManager: Shutting down and abandoning module SuperSearch (287)
[2018.02.10-18.51.03:019][352]LogModuleManager: Shutting down and abandoning module SpeedTreeImporter (284)
[2018.02.10-18.51.03:019][352]LogModuleManager: Shutting down and abandoning module PluginBrowser (282)
[2018.02.10-18.51.03:045][352]LogModuleManager: Shutting down and abandoning module MobileLauncherProfileWizard (280)
[2018.02.10-18.51.03:074][352]LogModuleManager: Shutting down and abandoning module VisualStudioSourceCodeAccess (278)
[2018.02.10-18.51.03:074][352]LogModuleManager: Shutting down and abandoning module DesktopPlatform (277)
[2018.02.10-18.51.03:074][352]LogModuleManager: Shutting down and abandoning module UObjectPlugin (274)
[2018.02.10-18.51.03:074][352]LogModuleManager: Shutting down and abandoning module SubversionSourceControl (272)
[2018.02.10-18.51.03:083][352]LogModuleManager: Shutting down and abandoning module PerforceSourceControl (270)
[2018.02.10-18.51.03:112][352]LogModuleManager: Shutting down and abandoning module GitSourceControl (268)
[2018.02.10-18.51.03:118][352]LogModuleManager: Shutting down and abandoning module SourceControl (267)
[2018.02.10-18.51.03:129][352]LogModuleManager: Shutting down and abandoning module LightPropagationVolumeEditor (264)
[2018.02.10-18.51.03:129][352]LogModuleManager: Shutting down and abandoning module PaperTiledImporter (262)
[2018.02.10-18.51.03:129][352]LogModuleManager: Shutting down and abandoning module PaperSpriteSheetImporter (260)
[2018.02.10-18.51.03:129][352]LogModuleManager: Shutting down and abandoning module Paper2DEditor (258)
[2018.02.10-18.51.03:151][352]LogModuleManager: Shutting down and abandoning module MeshPaint (257)
[2018.02.10-18.51.03:166][352]LogModuleManager: Shutting down and abandoning module LevelEditor (255)
[2018.02.10-18.51.03:173][352]LogModuleManager: Shutting down and abandoning module PixelInspectorModule (254)
[2018.02.10-18.51.03:189][352]LogModuleManager: Shutting down and abandoning module MainFrame (252)
[2018.02.10-18.51.03:196][352]LogModuleManager: Shutting down and abandoning module HotReload (251)
[2018.02.10-18.51.03:240][352]LogModuleManager: Shutting down and abandoning module PhysXVehiclesEditor (246)
[2018.02.10-18.51.03:252][352]LogModuleManager: Shutting down and abandoning module PhysXVehicles (244)
[2018.02.10-18.51.03:252][352]LogModuleManager: Shutting down and abandoning module LocationServicesBPLibrary (242)
[2018.02.10-18.51.03:252][352]LogModuleManager: Shutting down and abandoning module ImmediatePhysicsEditor (240)
[2018.02.10-18.51.03:252][352]LogModuleManager: Shutting down and abandoning module ImmediatePhysics (238)
[2018.02.10-18.51.03:262][352]LogModuleManager: Shutting down and abandoning module UdpMessaging (236)
[2018.02.10-18.51.03:364][352]LogModuleManager: Shutting down and abandoning module TcpMessaging (234)
[2018.02.10-18.51.03:474][352]LogModuleManager: Shutting down and abandoning module GameplayTagsEditor (232)
[2018.02.10-18.51.03:500][352]LogModuleManager: Shutting down and abandoning module FacialAnimationEditor (230)
[2018.02.10-18.51.03:503][352]LogModuleManager: Shutting down and abandoning module FacialAnimation (228)
[2018.02.10-18.51.03:504][352]LogModuleManager: Shutting down and abandoning module AssetManagerEditor (226)
[2018.02.10-18.51.03:546][352]LogModuleManager: Shutting down and abandoning module GraphEditor (225)
[2018.02.10-18.51.03:546][352]LogModuleManager: Shutting down and abandoning module ContentBrowser (223)
[2018.02.10-18.51.03:548][352]LogModuleManager: Shutting down and abandoning module LightPropagationVolumeRuntime (220)
[2018.02.10-18.51.03:548][352]LogModuleManager: Shutting down and abandoning module Paper2D (218)
[2018.02.10-18.51.03:554][352]LogModuleManager: Shutting down and abandoning module WindowsMoviePlayer (216)
[2018.02.10-18.51.03:554][352]LogModuleManager: Shutting down and abandoning module WmfMedia (214)
[2018.02.10-18.51.03:592][352]LogModuleManager: Shutting down and abandoning module ClothingSystemEditor (212)
[2018.02.10-18.51.03:592][352]LogModuleManager: Shutting down and abandoning module ClothingSystemRuntime (210)
[2018.02.10-18.51.03:612][352]LogModuleManager: Shutting down and abandoning module MediaAssets (208)
[2018.02.10-18.51.03:612][352]LogModuleManager: Shutting down and abandoning module GameLiveStreaming (206)
[2018.02.10-18.51.03:623][352]LogModuleManager: Shutting down and abandoning module VREditor (204)
[2018.02.10-18.51.03:629][352]LogModuleManager: Shutting down and abandoning module StringTableEditor (202)
[2018.02.10-18.51.03:711][352]LogModuleManager: Shutting down and abandoning module GameplayTasksEditor (200)
[2018.02.10-18.51.03:711][352]LogModuleManager: Shutting down and abandoning module BehaviorTreeEditor (198)
[2018.02.10-18.51.03:760][352]LogModuleManager: Shutting down and abandoning module FunctionalTesting (196)
[2018.02.10-18.51.03:760][352]LogModuleManager: Shutting down and abandoning module CollisionAnalyzer (194)
[2018.02.10-18.51.03:766][352]LogModuleManager: Shutting down and abandoning module UMG (192)
[2018.02.10-18.51.03:774][352]LogModuleManager: Shutting down and abandoning module UMGEditor (191)
[2018.02.10-18.51.03:828][352]LogModuleManager: Shutting down and abandoning module Sequencer (190)
[2018.02.10-18.51.03:855][352]LogModuleManager: Shutting down and abandoning module AssetTools (188)
[2018.02.10-18.51.03:922][352]LogModuleManager: Shutting down and abandoning module MessageLog (187)
[2018.02.10-18.51.03:922][352]LogModuleManager: Shutting down and abandoning module WorkspaceMenuStructure (186)
[2018.02.10-18.51.03:922][352]LogModuleManager: Shutting down and abandoning module SlateReflector (180)
[2018.02.10-18.51.03:952][352]LogModuleManager: Shutting down and abandoning module Slate (178)
[2018.02.10-18.51.03:952][352]LogModuleManager: Shutting down and abandoning module EditorStyle (176)
[2018.02.10-18.51.03:965][352]LogModuleManager: Shutting down and abandoning module SourceCodeAccess (174)
[2018.02.10-18.51.03:965][352]LogModuleManager: Shutting down and abandoning module HeadMountedDisplay (172)
[2018.02.10-18.51.03:965][352]LogModuleManager: Shutting down and abandoning module XAudio2 (170)
[2018.02.10-18.51.03:965][352]LogModuleManager: Shutting down and abandoning module Networking (168)
[2018.02.10-18.51.03:965][352]LogModuleManager: Shutting down and abandoning module Core (164)
[2018.02.10-18.51.03:965][352]LogModuleManager: Shutting down and abandoning module AssetRegistry (162)
[2018.02.10-18.51.04:108][352]LogDirectoryWatcher: A directory notification for '../../../Engine/Content/' was aborted.
[2018.02.10-18.51.04:108][352]LogDirectoryWatcher: A directory notification for 'C:/Users/alex/Documents/GitHub/TeamProject/Survival/Content/' was aborted.
[2018.02.10-18.51.04:108][352]LogDirectoryWatcher: A directory notification for '../../../Engine/Plugins/2D/Paper2D/Content/' was aborted.
[2018.02.10-18.51.04:108][352]LogDirectoryWatcher: A directory notification for '../../../Engine/Plugins/Runtime/GearVR/Content/' was aborted.
[2018.02.10-18.51.04:132][352]LogModuleManager: Shutting down and abandoning module DirectoryWatcher (161)
[2018.02.10-18.51.04:137][352]LogModuleManager: Shutting down and abandoning module KismetCompiler (158)
[2018.02.10-18.51.04:137][352]LogModuleManager: Shutting down and abandoning module LevelSequence (156)
[2018.02.10-18.51.04:137][352]LogModuleManager: Shutting down and abandoning module PhysXFormats (154)
[2018.02.10-18.51.04:137][352]LogModuleManager: Shutting down and abandoning module MeshUtilities (152)
[2018.02.10-18.51.04:160][352]LogModuleManager: Shutting down and abandoning module SimplygonSwarm (151)
[2018.02.10-18.51.04:173][352]LogModuleManager: Shutting down and abandoning module SimplygonMeshReduction (149)
[2018.02.10-18.51.04:173][352]LogModuleManager: Shutting down and abandoning module QuadricMeshReduction (147)
[2018.02.10-18.51.04:178][352]LogModuleManager: Shutting down and abandoning module DerivedDataCache (144)
[2018.02.10-18.51.04:205][352]LogDerivedDataCache: Shutdown
[2018.02.10-18.51.04:205][352]LogModuleManager: Shutting down and abandoning module TargetPlatform (142)
[2018.02.10-18.51.04:205][352]LogModuleManager: Shutting down and abandoning module VulkanShaderFormat (141)
[2018.02.10-18.51.04:211][352]LogModuleManager: Shutting down and abandoning module ShaderFormatVectorVM (139)
[2018.02.10-18.51.04:236][352]LogModuleManager: Shutting down and abandoning module ShaderFormatOpenGL (137)
[2018.02.10-18.51.04:239][352]LogModuleManager: Shutting down and abandoning module ShaderFormatD3D (135)
[2018.02.10-18.51.04:245][352]LogModuleManager: Shutting down and abandoning module MetalShaderFormat (133)
[2018.02.10-18.51.04:255][352]LogModuleManager: Shutting down and abandoning module TextureFormatUncompressed (131)
[2018.02.10-18.51.04:255][352]LogModuleManager: Shutting down and abandoning module TextureFormatPVR (129)
[2018.02.10-18.51.04:255][352]LogModuleManager: Shutting down and abandoning module TextureFormatDXT (127)
[2018.02.10-18.51.04:255][352]LogModuleManager: Shutting down and abandoning module TextureFormatIntelISPCTexComp (125)
[2018.02.10-18.51.04:263][352]LogModuleManager: Shutting down and abandoning module TextureFormatASTC (123)
[2018.02.10-18.51.04:263][352]LogModuleManager: Shutting down and abandoning module ImageWrapper (122)
[2018.02.10-18.51.04:263][352]LogModuleManager: Shutting down and abandoning module TextureFormatAndroid (119)
[2018.02.10-18.51.04:263][352]LogModuleManager: Shutting down and abandoning module AudioFormatOpus (117)
[2018.02.10-18.51.04:263][352]LogModuleManager: Shutting down and abandoning module AudioFormatOgg (115)
[2018.02.10-18.51.04:263][352]LogModuleManager: Shutting down and abandoning module AudioFormatADPCM (113)
[2018.02.10-18.51.04:263][352]LogModuleManager: Shutting down and abandoning module LinuxTargetPlatform (111)
[2018.02.10-18.51.04:263][352]LogModuleManager: Shutting down and abandoning module LinuxServerTargetPlatform (109)
[2018.02.10-18.51.04:263][352]LogModuleManager: Shutting down and abandoning module LinuxNoEditorTargetPlatform (107)
[2018.02.10-18.51.04:263][352]LogModuleManager: Shutting down and abandoning module LinuxClientTargetPlatform (105)
[2018.02.10-18.51.04:263][352]LogModuleManager: Shutting down and abandoning module TVOSTargetPlatform (103)
[2018.02.10-18.51.04:263][352]LogModuleManager: Shutting down and abandoning module Messaging (101)
[2018.02.10-18.51.04:264][352]LogModuleManager: Shutting down and abandoning module IOSTargetPlatform (99)
[2018.02.10-18.51.04:264][352]LogModuleManager: Shutting down and abandoning module HTML5TargetPlatform (97)
[2018.02.10-18.51.04:264][352]LogModuleManager: Shutting down and abandoning module Android_PVRTCTargetPlatform (95)
[2018.02.10-18.51.04:270][352]LogModuleManager: Shutting down and abandoning module Android_MultiTargetPlatform (93)
[2018.02.10-18.51.04:270][352]LogModuleManager: Shutting down and abandoning module Android_ETC2TargetPlatform (91)
[2018.02.10-18.51.04:278][352]LogModuleManager: Shutting down and abandoning module Android_ETC1TargetPlatform (89)
[2018.02.10-18.51.04:286][352]LogModuleManager: Shutting down and abandoning module Android_DXTTargetPlatform (87)
[2018.02.10-18.51.04:295][352]LogModuleManager: Shutting down and abandoning module Android_ATCTargetPlatform (85)
[2018.02.10-18.51.04:305][352]LogModuleManager: Shutting down and abandoning module Android_ASTCTargetPlatform (83)
[2018.02.10-18.51.04:305][352]LogModuleManager: Shutting down and abandoning module AndroidTargetPlatform (81)
[2018.02.10-18.51.04:318][352]LogModuleManager: Shutting down and abandoning module WindowsTargetPlatform (79)
[2018.02.10-18.51.04:318][352]LogModuleManager: Shutting down and abandoning module WindowsServerTargetPlatform (77)
[2018.02.10-18.51.04:318][352]LogModuleManager: Shutting down and abandoning module WindowsNoEditorTargetPlatform (75)
[2018.02.10-18.51.04:318][352]LogModuleManager: Shutting down and abandoning module WindowsClientTargetPlatform (73)
[2018.02.10-18.51.04:318][352]LogModuleManager: Shutting down and abandoning module MacTargetPlatform (71)
[2018.02.10-18.51.04:319][352]LogModuleManager: Shutting down and abandoning module MacServerTargetPlatform (69)
[2018.02.10-18.51.04:319][352]LogModuleManager: Shutting down and abandoning module MacNoEditorTargetPlatform (67)
[2018.02.10-18.51.04:319][352]LogModuleManager: Shutting down and abandoning module MacClientTargetPlatform (65)
[2018.02.10-18.51.04:319][352]LogModuleManager: Shutting down and abandoning module AllDesktopTargetPlatform (63)
[2018.02.10-18.51.04:319][352]LogModuleManager: Shutting down and abandoning module InputCore (60)
[2018.02.10-18.51.04:319][352]LogModuleManager: Shutting down and abandoning module Settings (58)
[2018.02.10-18.51.04:319][352]LogModuleManager: Shutting down and abandoning module OculusRift (56)
[2018.02.10-18.51.04:335][352]LogModuleManager: Shutting down and abandoning module GearVRController (54)
[2018.02.10-18.51.04:335][352]LogModuleManager: Shutting down and abandoning module GearVR (52)
[2018.02.10-18.51.04:353][352]LogModuleManager: Shutting down and abandoning module ExampleDeviceProfileSelector (50)
[2018.02.10-18.51.04:353][352]LogModuleManager: Shutting down and abandoning module OnlineBlueprintSupport (48)
[2018.02.10-18.51.04:353][352]LogModuleManager: Shutting down and abandoning module OnlineSubsystem (44)
[2018.02.10-18.51.04:353][352]LogOnline:Display: Unloading online subsystem: NULL
[2018.02.10-18.51.04:411][352]LogModuleManager: Shutting down and abandoning module XMPP (43)
[2018.02.10-18.51.04:438][352]LogModuleManager: Shutting down and abandoning module HTTP (41)
[2018.02.10-18.51.04:438][352]LogHttp:Display: Http module shutting down, but needs to wait on 1 outstanding Http requests:
[2018.02.10-18.51.04:445][352]LogHttp:Display: 	verb=[POST] url=[https://datarouter.ol.epicgames.com/datarouter/api/v1/public/data?SessionID=%7B91783E8A-449F-7F3A-4A6E-00B0671C8880%7D&AppID=UEEditor.Rocket.Release&AppVersion=4.16.3-3561208%2B%2B%2BUE4%2BRelease-4.16&UserID=45990d8c459c3705c0a9cb87f027e809%7C43ea32e628e84879acc8357f4b1cc8e3%7Cb90d7bb2-1687-4024-89a9-e6b1c227c3ec&AppEnvironment=datacollector-binary&UploadType=eteventstream] status=Processing
[2018.02.10-18.51.04:457][352]LogModuleManager: Shutting down and abandoning module SSL (40)
[2018.02.10-18.51.04:466][352]LogModuleManager: Shutting down and abandoning module HTTPChunkInstaller (36)
[2018.02.10-18.51.04:511][352]LogModuleManager: Shutting down and abandoning module AnimationModifiers (34)
[2018.02.10-18.51.04:519][352]LogModuleManager: Shutting down and abandoning module PropertyEditor (33)
[2018.02.10-18.51.04:519][352]LogModuleManager: Shutting down and abandoning module AudioEditor (30)
[2018.02.10-18.51.04:531][352]LogModuleManager: Shutting down and abandoning module TextureCompressor (28)
[2018.02.10-18.51.04:531][352]LogModuleManager: Shutting down and abandoning module ShaderCore (26)
[2018.02.10-18.51.04:531][352]LogModuleManager: Shutting down and abandoning module Landscape (24)
[2018.02.10-18.51.04:531][352]LogModuleManager: Shutting down and abandoning module SlateRHIRenderer (22)
[2018.02.10-18.51.04:564][352]LogModuleManager: Shutting down and abandoning module OpenGLDrv (20)
[2018.02.10-18.51.04:577][352]LogModuleManager: Shutting down and abandoning module D3D11RHI (18)
[2018.02.10-18.51.04:577][352]LogModuleManager: Shutting down and abandoning module AnimGraphRuntime (16)
[2018.02.10-18.51.04:586][352]LogModuleManager: Shutting down and abandoning module Renderer (14)
[2018.02.10-18.51.04:586][352]LogModuleManager: Shutting down and abandoning module Engine (12)
[2018.02.10-18.51.04:586][352]LogModuleManager: Shutting down and abandoning module CoreUObject (10)
[2018.02.10-18.51.04:586][352]LogModuleManager: Shutting down and abandoning module NetworkFile (8)
[2018.02.10-18.51.04:611][352]LogModuleManager: Shutting down and abandoning module StreamingFile (6)
[2018.02.10-18.51.04:619][352]LogModuleManager: Shutting down and abandoning module SandboxFile (4)
[2018.02.10-18.51.04:619][352]LogModuleManager: Shutting down and abandoning module PakFile (2)
[2018.02.10-18.51.04:649][352]LogExit: Exiting.
[2018.02.10-18.51.04:664][352]Log file closed, 02/10/18 18:51:04
