Log file open, 02/01/18 13:09:56
LogInit:Display: Running engine for game: Survival
LogPlatformFile: Not using cached read wrapper
LogInit:Display: RandInit(563263261) SRandInit(563263262).
LogTaskGraph: Started task graph with 5 named threads and 6 total threads with 1 sets of task threads.
LogStats: Stats thread started at 0.202487
LogInit: Using libcurl 7.47.1
LogInit:  - built for x86_64-pc-win32
LogInit:  - supports SSL with OpenSSL/1.0.2g
LogInit:  - supports HTTP deflate (compression) using libz 1.2.8
LogInit:  - other features:
LogInit:      CURL_VERSION_SSL
LogInit:      CURL_VERSION_LIBZ
LogInit:      CURL_VERSION_IPV6
LogInit:      CURL_VERSION_ASYNCHDNS
LogInit:      CURL_VERSION_LARGEFILE
LogInit:      CURL_VERSION_IDN
LogInit:  CurlRequestOptions (configurable via config and command line):
LogInit:  - bVerifyPeer = false  - Libcurl will NOT verify peer certificate
LogInit:  - bUseHttpProxy = false  - Libcurl will NOT use HTTP proxy
LogInit:  - bDontReuseConnections = false  - Libcurl will reuse connections
LogInit:  - CertBundlePath = nullptr  - Libcurl will use whatever was configured at build time.
LogInit: Build: ++UE4+Release-4.16-CL-3561208
LogInit: Engine Version: 4.16.3-3561208+++UE4+Release-4.16
LogInit: Compatible Engine Version: 4.16.0-3452394+++UE4+Release-4.16
LogInit: Net CL: 3452394
LogDevObjectVersion: Number of dev versions registered: 16
LogDevObjectVersion:   Dev-Blueprints (B0D832E4-1F89-4F0D-ACCF-7EB736FD4AA2): 9
LogDevObjectVersion:   Dev-Build (E1C64328-A22C-4D53-A36C-8E866417BD8C): 0
LogDevObjectVersion:   Dev-Core (375EC13C-06E4-48FB-B500-84F0262A717E): 2
LogDevObjectVersion:   Dev-Editor (E4B068ED-F494-42E9-A231-DA0B2E46BB41): 17
LogDevObjectVersion:   Dev-Framework (CFFC743F-43B0-4480-9391-14DF171D2073): 23
LogDevObjectVersion:   Dev-Mobile (B02B49B5-BB20-44E9-A304-32B752E40360): 0
LogDevObjectVersion:   Dev-Networking (A4E4105C-59A1-49B5-A7C5-40C4547EDFEE): 0
LogDevObjectVersion:   Dev-Online (39C831C9-5AE6-47DC-9A44-9C173E1C8E7C): 0
LogDevObjectVersion:   Dev-Physics (78F01B33-EBEA-4F98-B9B4-84EACCB95AA2): 0
LogDevObjectVersion:   Dev-Platform (6631380F-2D4D-43E0-8009-CF276956A95A): 0
LogDevObjectVersion:   Dev-Rendering (12F88B9F-8875-4AFC-A67C-D90C383ABD29): 15
LogDevObjectVersion:   Dev-Sequencer (7B5AE74C-D270-4C10-A958-57980B212A5A): 4
LogDevObjectVersion:   Dev-VR (D7296918-1DD6-4BDD-9DE2-64A83CC13884): 0
LogDevObjectVersion:   Dev-LoadTimes (C2A15278-BFE7-4AFE-6C17-90FF531DF755): 1
LogDevObjectVersion:   Private-Geometry (6EACA3D4-40EC-4CC1-B786-8BED09428FC5): 1
LogDevObjectVersion:   Dev-AnimPhys (29E575DD-E0A3-4627-9D10-D276232CDCEA): 3
LogInit: Compiled (64-bit): Jul 28 2017 11:49:47
LogInit: Compiled with Visual C++: 19.00.24215.01
LogInit: Build Configuration: Development
LogInit: Branch Name: ++UE4+Release-4.16
LogInit: Command line:  
LogInit: Base directory: C:/Program Files/Epic Games/UE_4.16/Engine/Binaries/Win64/
LogInit: Installed Engine Build: 1
LogInit: Presizing for max 8388607 objects, including 0 objects not considered by GC, pre-allocating 0 bytes for permanent pool.
LogInit: Object subsystem initialized
[2018.02.01-13.09.59:812][  0]LogInit: Selected Device Profile: [Windows]
[2018.02.01-13.09.59:812][  0]LogInit: Applying CVar settings loaded from the selected device profile: [Windows]
[2018.02.01-13.10.00:031][  0]LogInit: Computer: LAPTOP-RA57JA6K
[2018.02.01-13.10.00:031][  0]LogInit: User: Jamesrigby777
[2018.02.01-13.10.00:031][  0]LogInit: CPU Page size=4096, Cores=2
[2018.02.01-13.10.00:031][  0]LogInit: High frequency timer resolution =1.945312 MHz
[2018.02.01-13.10.00:050][  0]LogMemory: Memory total: Physical=7.9GB (8GB approx)
[2018.02.01-13.10.00:050][  0]LogMemory: Platform Memory Stats for Windows
[2018.02.01-13.10.00:050][  0]LogMemory: Process Physical Memory: 272.80 MB used, 272.80 MB peak
[2018.02.01-13.10.00:050][  0]LogMemory: Process Virtual Memory: 266.47 MB used, 266.47 MB peak
[2018.02.01-13.10.00:050][  0]LogMemory: Physical Memory: 3266.16 MB used,  4817.25 MB free, 8083.41 MB total
[2018.02.01-13.10.00:050][  0]LogMemory: Virtual Memory: 680.15 MB used,  4817.25 MB free, 134217728.00 MB total
[2018.02.01-13.10.03:629][  0]LogInit: Using OS detected language (en-GB).
[2018.02.01-13.10.03:629][  0]LogInit: Using OS detected locale (en-GB).
[2018.02.01-13.10.03:876][  0]LogTextLocalizationManager: No specific localization for 'en-GB' exists, so the 'en' localization will be used.
[2018.02.01-13.10.09:927][  0]LogD3D11RHI: D3D11 adapters:
[2018.02.01-13.10.09:940][  0]LogD3D11RHI:    0. 'Intel(R) HD Graphics 520' (Feature Level 11_0)
[2018.02.01-13.10.09:940][  0]LogD3D11RHI:       128/0/4041 MB DedicatedVideo/DedicatedSystem/SharedSystem, Outputs:1, VendorId:0x8086
[2018.02.01-13.10.09:946][  0]LogD3D11RHI:    1. 'Microsoft Basic Render Driver' (Feature Level 11_0)
[2018.02.01-13.10.09:946][  0]LogD3D11RHI:       0/0/4041 MB DedicatedVideo/DedicatedSystem/SharedSystem, Outputs:0, VendorId:0x1414
[2018.02.01-13.10.09:946][  0]LogD3D11RHI: Chosen D3D11 Adapter: 0
[2018.02.01-13.10.09:979][  0]LogD3D11RHI: Creating new Direct3DDevice
[2018.02.01-13.10.09:979][  0]LogD3D11RHI:     GPU DeviceId: 0x1916 (for the marketing name, search the web for "GPU Device Id")
[2018.02.01-13.10.09:979][  0]LogWindows: EnumDisplayDevices:
[2018.02.01-13.10.09:979][  0]LogWindows:    0. 'Intel(R) HD Graphics 520' (P:1 D:1)
[2018.02.01-13.10.09:979][  0]LogWindows:    1. 'Intel(R) HD Graphics 520' (P:0 D:0)
[2018.02.01-13.10.09:979][  0]LogWindows:    2. 'Intel(R) HD Graphics 520' (P:0 D:0)
[2018.02.01-13.10.09:979][  0]LogWindows: DebugString: GetVideoDriverDetailsInvalid PrimaryIsNotTheChoosenAdapter GetVideoDriverDetailsInvalid PrimaryIsNotTheChoosenAdapter GetVideoDriverDetailsInvalid PrimaryIsNotTheChoosenAdapter FoundDriverCount:0 
[2018.02.01-13.10.09:979][  0]LogD3D11RHI:     Adapter Name: Intel(R) HD Graphics 520
[2018.02.01-13.10.09:980][  0]LogD3D11RHI:   Driver Version: Unknown (internal:Unknown, unified:Unknown)
[2018.02.01-13.10.09:980][  0]LogD3D11RHI:      Driver Date: Unknown
[2018.02.01-13.10.09:980][  0]LogRHI: Texture pool is 1361 MB (70% of 1945 MB)
[2018.02.01-13.10.09:988][  0]LogD3D11RHI: Async texture creation enabled
[2018.02.01-13.10.10:413][  0]LogD3D11RHI: GPU Timing Frequency: 12.000000 (Debug: 2 0)
[2018.02.01-13.10.10:531][  0]LogShaderCompilers: Guid format shader working directory is -18 characters bigger than the processId version (../../../../../../Users/Jamesrigby777/Documents/Unreal Projects/Survival/Intermediate/Shaders/WorkingDirectory/9008/).
[2018.02.01-13.10.10:531][  0]LogShaderCompilers: Cleaned the shader compiler working directory 'C:/Users/Jamesrigby777/AppData/Local/Temp/UnrealShaderWorkingDir/F0429F694E553D0C27BED1A6CA2E5FB7/'.
[2018.02.01-13.10.10:549][  0]LogShaderCompilers:Display: Using Local Shader Compiler.
[2018.02.01-13.10.19:560][  0]LogTemp:Display: Loaded TP AllDesktopTargetPlatform
[2018.02.01-13.10.19:807][  0]LogTemp:Display: Loaded TP MacClientTargetPlatform
[2018.02.01-13.10.20:011][  0]LogTemp:Display: Loaded TP MacNoEditorTargetPlatform
[2018.02.01-13.10.20:378][  0]LogTemp:Display: Loaded TP MacServerTargetPlatform
[2018.02.01-13.10.20:571][  0]LogTemp:Display: Loaded TP MacTargetPlatform
[2018.02.01-13.10.20:723][  0]LogTemp:Display: Loaded TP WindowsClientTargetPlatform
[2018.02.01-13.10.21:035][  0]LogTemp:Display: Loaded TP WindowsNoEditorTargetPlatform
[2018.02.01-13.10.21:244][  0]LogTemp:Display: Loaded TP WindowsServerTargetPlatform
[2018.02.01-13.10.21:385][  0]LogTemp:Display: Loaded TP WindowsTargetPlatform
[2018.02.01-13.10.21:579][  0]LogTemp:Display: Loaded TP AndroidTargetPlatform
[2018.02.01-13.10.21:887][  0]LogTemp:Display: Loaded TP Android_ASTCTargetPlatform
[2018.02.01-13.10.22:116][  0]LogTemp:Display: Loaded TP Android_ATCTargetPlatform
[2018.02.01-13.10.22:356][  0]LogTemp:Display: Loaded TP Android_DXTTargetPlatform
[2018.02.01-13.10.22:839][  0]LogTemp:Display: Loaded TP Android_ETC1TargetPlatform
[2018.02.01-13.10.23:157][  0]LogTemp:Display: Loaded TP Android_ETC2TargetPlatform
[2018.02.01-13.10.23:545][  0]LogTemp:Display: Loaded TP Android_MultiTargetPlatform
[2018.02.01-13.10.23:545][  0]LogTemp:Display: Loaded TP Android_PVRTCTargetPlatform
[2018.02.01-13.10.23:672][  0]LogTemp:Display: Loaded TP HTML5TargetPlatform
[2018.02.01-13.10.24:116][  0]LogTemp:Display: Loaded TP IOSTargetPlatform
[2018.02.01-13.10.24:195][  0]LogTemp:Display: Loaded TP TVOSTargetPlatform
[2018.02.01-13.10.24:342][  0]LogTemp:Display: Loaded TP LinuxClientTargetPlatform
[2018.02.01-13.10.24:523][  0]LogTemp:Display: Loaded TP LinuxNoEditorTargetPlatform
[2018.02.01-13.10.25:232][  0]LogTemp:Display: Loaded TP LinuxServerTargetPlatform
[2018.02.01-13.10.25:747][  0]LogTemp:Display: Loaded TP LinuxTargetPlatform
[2018.02.01-13.10.25:747][  0]LogTargetPlatformManager:Display: Building Assets For Windows
[2018.02.01-13.10.35:591][  0]LogDerivedDataCache:Display: Max Cache Size: 512 MB
[2018.02.01-13.10.44:641][  0]LogDerivedDataCache: Loaded boot cache 9.01s 90MB C:/Users/Jamesrigby777/AppData/Local/UnrealEngine/4.16/DerivedDataCache/Boot.ddc.
[2018.02.01-13.10.44:642][  0]LogDerivedDataCache:Display: Loaded Boot cache: C:/Users/Jamesrigby777/AppData/Local/UnrealEngine/4.16/DerivedDataCache/Boot.ddc
[2018.02.01-13.10.44:642][  0]LogDerivedDataCache: FDerivedDataBackendGraph:  Pak pak cache file ../../../../../../Users/Jamesrigby777/Documents/Unreal Projects/Survival/DerivedDataCache/DDC.ddp not found, will not use a pak cache.
[2018.02.01-13.10.44:642][  0]LogDerivedDataCache: Unable to find inner node Pak for hierarchical cache Hierarchy.
[2018.02.01-13.10.44:643][  0]LogDerivedDataCache: FDerivedDataBackendGraph:  CompressedPak pak cache file ../../../../../../Users/Jamesrigby777/Documents/Unreal Projects/Survival/DerivedDataCache/Compressed.ddp not found, will not use a pak cache.
[2018.02.01-13.10.44:643][  0]LogDerivedDataCache: Unable to find inner node CompressedPak for hierarchical cache Hierarchy.
[2018.02.01-13.10.45:186][  0]LogDerivedDataCache:Display: Pak cache opened for reading ../../../Engine/DerivedDataCache/Compressed.ddp.
[2018.02.01-13.10.45:261][  0]LogDerivedDataCache: Using Local data cache path C:/Users/Jamesrigby777/AppData/Local/UnrealEngine/Common/DerivedDataCache: Writable
[2018.02.01-13.10.45:999][  0]LogMaterial: Verifying Global Shaders for PCD3D_SM5
[2018.02.01-13.10.47:484][  0]LogSlate: Using Freetype 2.6.0
[2018.02.01-13.10.47:836][  0]LogSlate: SlateFontCache - WITH_FREETYPE: 1, WITH_HARFBUZZ: 1
[2018.02.01-13.10.47:836][  0]LogSlate: SlateFontCache - WITH_FREETYPE: 1, WITH_HARFBUZZ: 1
[2018.02.01-13.11.21:091][  0]LogInit: Selected Device Profile: [Windows]
[2018.02.01-13.11.24:096][  0]LogContentStreaming: Texture pool size is 0.00 MB
[2018.02.01-13.11.26:880][  0]LogMeshUtilities: Using QuadricMeshReduction for automatic static mesh reduction
[2018.02.01-13.11.27:728][  0]LogSimplygon: Simplygon DLL not present - disabling.
[2018.02.01-13.11.28:604][  0]LogMeshUtilities: Using SimplygonSwarm for distributed automatic mesh merging
[2018.02.01-13.11.28:604][  0]LogMeshUtilities: No automatic skeletal mesh reduction module available
[2018.02.01-13.11.28:604][  0]LogMeshUtilities: No automatic mesh merging module available
[2018.02.01-13.11.38:912][  0]LogNetVersion: Survival , NetCL: 3452394, EngineNetVer: 2, GameNetVer: 0 (Checksum: 3038584403)
[2018.02.01-13.11.39:687][  0]LogAssetRegistry: FAssetRegistry took 0.2076 seconds to start up
[2018.02.01-13.11.40:481][  0]LogPackageLocalizationCache: Processed 4 localized package path(s) for 2 prioritized culture(s) in 0.514237 seconds
[2018.02.01-13.11.40:599][  0]LogUObjectArray: 34194 objects as part of root set at end of initial load.
[2018.02.01-13.11.40:599][  0]LogUObjectAllocator: 7260424 out of 0 bytes used by permanent object pool.
[2018.02.01-13.11.40:599][  0]LogUObjectArray: CloseDisregardForGC: 0/0 objects in disregard for GC pool
[2018.02.01-13.11.41:031][  0]LogInit: WinSock: version 1.1 (2.2), MaxSocks=32767, MaxUdp=65467
[2018.02.01-13.12.07:109][  0]LogTcpMessaging: Initializing TcpMessaging bridge
[2018.02.01-13.12.07:311][  0]LogUdpMessaging: Initializing bridge on interface 0.0.0.0:0 to multicast group 230.0.0.1:6666.
[2018.02.01-13.12.11:158][  0]LogMaterial: Uniform references updated for custom material expression Custom.
[2018.02.01-13.12.14:675][  0]SourceControl: Info Source control is disabled
[2018.02.01-13.12.14:708][  0]SourceControl: Info Source control is disabled
[2018.02.01-13.12.15:383][  0]SourceControl: Info Source control is disabled
[2018.02.01-13.12.15:683][  0]SourceControl: Info Source control is disabled
[2018.02.01-13.12.20:492][  0]LogAndroidPermission: UAndroidPermissionCallbackProxy::GetInstance
[2018.02.01-13.12.25:498][  0]LogEngine: Initializing Engine...
[2018.02.01-13.12.25:545][  0]LogHMD: Failed to initialize OpenVR with code 110
[2018.02.01-13.12.26:715][  0]LogStats: UGameplayTagsManager::ConstructGameplayTagTree: Construct from data asset -  0.000 s
[2018.02.01-13.12.26:716][  0]LogStats: UGameplayTagsManager::ConstructGameplayTagTree: GameplayTagTreeChangedEvent.Broadcast -  0.000 s
[2018.02.01-13.12.27:759][  0]LogAIModule: Creating AISystem for world Untitled
[2018.02.01-13.12.27:937][  0]LogInit: XAudio2 using 'Speaker/Headphone (Realtek High Definition Audio)' : 2 channels at 48 kHz using 32 bits per sample (channel mask 0x3)
[2018.02.01-13.12.28:040][  0]LogInit: FAudioDevice initialized.
[2018.02.01-13.12.28:185][  0]LogDerivedDataCache: Saved boot cache 0.14s 90MB C:/Users/Jamesrigby777/AppData/Local/UnrealEngine/4.16/DerivedDataCache/Boot.ddc.
[2018.02.01-13.12.28:200][  0]LogInit: Texture streaming: Enabled
[2018.02.01-13.12.28:503][  0]LogEngineSessionManager: EngineSessionManager initialized
[2018.02.01-13.12.29:599][  0]LogInit: Transaction tracking system initialized
[2018.02.01-13.12.32:900][  0]BlueprintLog: New page: Editor Load
[2018.02.01-13.12.42:731][  0]LocalizationService: Info Localization service is disabled
[2018.02.01-13.12.50:162][  0]LogConsoleResponse:Display: 
[2018.02.01-13.12.55:320][  0]LogFileCache: Scanning file cache for directory 'C:/Users/Jamesrigby777/Documents/Unreal Projects/Survival/Content/' took 0.11s
[2018.02.01-13.12.55:320][  0]LogCook:Display: Max memory allowance for cook 16384mb min free memory 0mb
[2018.02.01-13.12.55:320][  0]LogCook:Display: Mobile HDR setting 1
[2018.02.01-13.13.09:317][  0]SourceControl: Info Source control is disabled
[2018.02.01-13.13.09:607][  0]Cmd: MAP LOAD FILE="../../../../../../Users/Jamesrigby777/Documents/Unreal Projects/Survival/Content/ThirdPersonBP/Maps/ThirdPersonExampleMap.umap" TEMPLATE=0 SHOWPROGRESS=1 FEATURELEVEL=3
[2018.02.01-13.13.09:804][  0]LightingResults: New page: Lighting Build
[2018.02.01-13.13.10:970][  0]MapCheck: New page: Map Check
[2018.02.01-13.13.10:970][  0]LightingResults: New page: Lighting Build
[2018.02.01-13.13.18:605][  0]LogAIModule: Creating AISystem for world ThirdPersonExampleMap
[2018.02.01-13.13.20:063][  0]LogEditorServer: Finished looking for orphan Actors (0.000 secs)
[2018.02.01-13.13.20:992][  0]Cmd: MAP CHECKDEP NOCLEARLOG
[2018.02.01-13.13.21:150][  0]MapCheck: Info Map check complete: 0 Error(s), 0 Warning(s), took 124.385ms to complete.
[2018.02.01-13.13.21:150][  0]LogFileHelpers: Loading map 'ThirdPersonExampleMap' took 11.632
[2018.02.01-13.13.24:716][  0]LogCollectionManager: Loaded 0 collections in 0.004017 seconds
[2018.02.01-13.13.26:209][  0]LogFileCache: Scanning file cache for directory 'C:/Users/Jamesrigby777/Documents/Unreal Projects/Survival/Saved/Collections/' took 0.01s
[2018.02.01-13.13.26:209][  0]LogFileCache: Scanning file cache for directory 'C:/Users/Jamesrigby777/Documents/Unreal Projects/Survival/Content/Developers/Jamesrigby777/Collections/' took 0.02s
[2018.02.01-13.13.26:209][  0]LogFileCache: Scanning file cache for directory 'C:/Users/Jamesrigby777/Documents/Unreal Projects/Survival/Content/Collections/' took 0.01s
[2018.02.01-13.13.26:209][  0]LogCollectionManager: Rebuilt the GUID cache for 0 collections in 0.000007 seconds
[2018.02.01-13.13.26:341][  0]LogContentBrowser: Native class hierarchy populated in 0.1046 seconds. Added 2329 classes and 491 folders.
[2018.02.01-13.13.26:907][  0]LogContentBrowser: Native class hierarchy updated for 'WidgetCarousel' in 0.0016 seconds. Added 0 classes and 0 folders.
[2018.02.01-13.13.29:460][  0]LogContentBrowser: Native class hierarchy updated for 'AddContentDialog' in 0.0067 seconds. Added 0 classes and 0 folders.
[2018.02.01-13.13.29:815][  0]LogContentBrowser: Native class hierarchy updated for 'SceneOutliner' in 0.0025 seconds. Added 1 classes and 2 folders.
[2018.02.01-13.13.30:888][  0]LogCrashTracker: Crashtracker disabled due to settings.
[2018.02.01-13.13.31:171][  0]LogSlate: Took 0.019968 seconds to synchronously load lazily loaded font '../../../Engine/Content/Slate/Fonts/Roboto-Regular.ttf' (155K)
[2018.02.01-13.13.31:199][  0]LogSlate: Took 0.022842 seconds to synchronously load lazily loaded font '../../../Engine/Content/Slate/Fonts/Roboto-Bold.ttf' (160K)
[2018.02.01-13.13.31:327][  0]LogSlate: Took 0.040201 seconds to synchronously load lazily loaded font '../../../Engine/Content/Editor/Slate/Fonts/FontAwesome.ttf' (139K)
[2018.02.01-13.13.32:125][  0]LogRenderer: Reallocating scene render targets to support 792x400 NumSamples 1 (Frame:1).
[2018.02.01-13.13.39:401][  0]LogUObjectGlobals:Warning: Failed to find object 'Class None.'
[2018.02.01-13.13.40:777][  0]LogContentBrowser: Native class hierarchy updated for 'HierarchicalLODOutliner' in 0.0046 seconds. Added 1 classes and 2 folders.
[2018.02.01-13.13.40:778][  0]LogLoad: (Engine Initialization) Total time: 234.77 seconds
[2018.02.01-13.13.40:778][  0]LogLoad: (Engine Initialization) Total Blueprint compile time: 2.14 seconds
[2018.02.01-13.13.40:778][  0]LogExternalProfiler: No external profilers were discovered.  External profiling features will not be available.
[2018.02.01-13.13.41:155][  0]LogOcInput: OculusInput pre-init called
[2018.02.01-13.13.41:155][  0]LogHMD: Starting GearVRController plugin
[2018.02.01-13.13.41:473][  0]LogContentStreaming: Texture pool size now 400 MB
[2018.02.01-13.13.42:722][  0]LogSlate: Took 0.158208 seconds to synchronously load lazily loaded font '../../../Engine/Content/Slate/Fonts/Roboto-Light.ttf' (159K)
[2018.02.01-13.13.44:941][  7]LogAssetRegistry: Asset discovery search completed in 125.2889 seconds
[2018.02.01-13.13.44:949][  7]LogCollectionManager: Rebuilt the object cache for 0 collections in 0.000001 seconds (found 0 objects)
[2018.02.01-13.13.44:949][  7]LogCollectionManager: Fixed up redirectors for 0 collections in 0.000122 seconds (updated 0 objects)
[2018.02.01-13.14.12:413][489]LogSlate: Took 0.000800 seconds to synchronously load lazily loaded font '../../../Engine/Content/Slate/Fonts/Roboto-Light.ttf' (159K)
[2018.02.01-13.14.13:143][489]LogSlate: Took 0.000322 seconds to synchronously load lazily loaded font '../../../Engine/Content/Slate/Fonts/Roboto-Regular.ttf' (155K)
[2018.02.01-13.14.14:835][489]LogContentBrowser: Native class hierarchy updated for 'BlueprintGraph' in 0.0014 seconds. Added 112 classes and 0 folders.
[2018.02.01-13.14.19:690][489]LogSlate: Took 0.012575 seconds to synchronously load lazily loaded font '../../../Engine/Content/Editor/Slate/Fonts/Roboto-BoldCondensed.ttf' (158K)
[2018.02.01-13.14.22:416][490]LogSlate: Took 0.067641 seconds to synchronously load lazily loaded font '../../../Engine/Content/Editor/Slate/Fonts/Roboto-Italic.ttf' (157K)
[2018.02.01-13.16.01:190][495]LogTemp: Repeting last play command: Selected Viewport
[2018.02.01-13.16.01:527][495]LogBlueprintUserMessages: Early PlayInEditor Detection: Level '/Game/ThirdPersonBP/Maps/ThirdPersonExampleMap.ThirdPersonExampleMap:PersistentLevel' has LevelScriptBlueprint '/Game/ThirdPersonBP/Maps/ThirdPersonExampleMap.ThirdPersonExampleMap:PersistentLevel.ThirdPersonExampleMap' with GeneratedClass '/Game/ThirdPersonBP/Maps/ThirdPersonExampleMap.ThirdPersonExampleMap_C' with ClassGeneratedBy '/Game/ThirdPersonBP/Maps/ThirdPersonExampleMap.ThirdPersonExampleMap:PersistentLevel.ThirdPersonExampleMap'
[2018.02.01-13.16.01:527][495]LogPlayLevel: PlayLevel: No blueprints needed recompiling
[2018.02.01-13.16.01:558][495]PIE: New page: PIE session: ThirdPersonExampleMap (1 Feb 2018 13:16:01)
[2018.02.01-13.16.01:559][495]LogPlayLevel: Creating play world package: /Game/ThirdPersonBP/Maps/UEDPIE_0_ThirdPersonExampleMap
[2018.02.01-13.16.01:713][495]LogPlayLevel: PIE: StaticDuplicateObject took: (0.154190s)
[2018.02.01-13.16.01:717][495]LogAIModule: Creating AISystem for world ThirdPersonExampleMap
[2018.02.01-13.16.01:718][495]LogPlayLevel: PIE: World Init took: (0.004576s)
[2018.02.01-13.16.01:719][495]LogPlayLevel: PIE: Created PIE world by copying editor world from /Game/ThirdPersonBP/Maps/ThirdPersonExampleMap.ThirdPersonExampleMap to /Game/ThirdPersonBP/Maps/UEDPIE_0_ThirdPersonExampleMap.ThirdPersonExampleMap (0.160019s)
[2018.02.01-13.16.01:872][495]LogInit: XAudio2 using 'Speaker/Headphone (Realtek High Definition Audio)' : 2 channels at 48 kHz using 32 bits per sample (channel mask 0x3)
[2018.02.01-13.16.01:928][495]LogInit: FAudioDevice initialized.
[2018.02.01-13.16.02:067][495]LogLoad: Game class is 'ThirdPersonGameMode_C'
[2018.02.01-13.16.02:100][495]LogWorld: Bringing World /Game/ThirdPersonBP/Maps/UEDPIE_0_ThirdPersonExampleMap.ThirdPersonExampleMap up for play (max tick rate 60) at 2018.02.01-13.16.02
[2018.02.01-13.16.02:102][495]LogWorld: Bringing up level for play took: 0.029872
[2018.02.01-13.16.02:373][495]LogContentBrowser: Native class hierarchy updated for 'MovieSceneCapture' in 0.0011 seconds. Added 11 classes and 0 folders.
[2018.02.01-13.16.02:392][495]PIE: Info Play in editor start time for /Game/ThirdPersonBP/Maps/UEDPIE_0_ThirdPersonExampleMap 0.192
[2018.02.01-13.16.02:393][495]LogBlueprintUserMessages: Late PlayInEditor Detection: Level '/Game/ThirdPersonBP/Maps/ThirdPersonExampleMap.ThirdPersonExampleMap:PersistentLevel' has LevelScriptBlueprint '/Game/ThirdPersonBP/Maps/ThirdPersonExampleMap.ThirdPersonExampleMap:PersistentLevel.ThirdPersonExampleMap' with GeneratedClass '/Game/ThirdPersonBP/Maps/ThirdPersonExampleMap.ThirdPersonExampleMap_C' with ClassGeneratedBy '/Game/ThirdPersonBP/Maps/ThirdPersonExampleMap.ThirdPersonExampleMap:PersistentLevel.ThirdPersonExampleMap'
[2018.02.01-13.16.41:513][224]LogBlueprintUserMessages: Early EndPlayMap Detection: Level '/Game/ThirdPersonBP/Maps/ThirdPersonExampleMap.ThirdPersonExampleMap:PersistentLevel' has LevelScriptBlueprint '/Game/ThirdPersonBP/Maps/ThirdPersonExampleMap.ThirdPersonExampleMap:PersistentLevel.ThirdPersonExampleMap' with GeneratedClass '/Game/ThirdPersonBP/Maps/ThirdPersonExampleMap.ThirdPersonExampleMap_C' with ClassGeneratedBy '/Game/ThirdPersonBP/Maps/ThirdPersonExampleMap.ThirdPersonExampleMap:PersistentLevel.ThirdPersonExampleMap'
[2018.02.01-13.16.41:639][224]LogBlueprintUserMessages: Late EndPlayMap Detection: Level '/Game/ThirdPersonBP/Maps/ThirdPersonExampleMap.ThirdPersonExampleMap:PersistentLevel' has LevelScriptBlueprint '/Game/ThirdPersonBP/Maps/ThirdPersonExampleMap.ThirdPersonExampleMap:PersistentLevel.ThirdPersonExampleMap' with GeneratedClass '/Game/ThirdPersonBP/Maps/ThirdPersonExampleMap.ThirdPersonExampleMap_C' with ClassGeneratedBy '/Game/ThirdPersonBP/Maps/ThirdPersonExampleMap.ThirdPersonExampleMap:PersistentLevel.ThirdPersonExampleMap'
[2018.02.01-13.16.48:779][377]LogRenderer: Reallocating scene render targets to support 808x588 NumSamples 1 (Frame:1).
[2018.02.01-14.07.49:167][ 39]LogD3D11RHI: Timed out while waiting for GPU to catch up. (500 ms)
[2018.02.01-14.07.52:797][ 42]LogHttp:Warning: 0000025A6FE2AB00: request failed, libcurl error: 6 (Couldn't resolve host name)
[2018.02.01-14.07.52:797][ 42]LogHttp:Warning: 0000025A6FE2AB00: libcurl info message cache 0 (Connection 10 seems to be dead!)
[2018.02.01-14.07.52:798][ 42]LogHttp:Warning: 0000025A6FE2AB00: libcurl info message cache 1 (Closing connection 10)
[2018.02.01-14.07.52:798][ 42]LogHttp:Warning: 0000025A6FE2AB00: libcurl info message cache 2 (Could not resolve host: datarouter.ol.epicgames.com)
[2018.02.01-14.07.52:798][ 42]LogHttp:Warning: 0000025A6FE2AB00: libcurl info message cache 3 (Closing connection 11)
[2018.02.01-14.54.46:034][179]LogLinker: Can't find file '/Game/ThirdPersonBP/Blueprints/HUD'
[2018.02.01-14.54.46:035][179]LogLinker: Can't find file '/Game/ThirdPersonBP/Blueprints/HUD'
[2018.02.01-14.54.54:993][224]LogSlate: Took 0.014128 seconds to synchronously load lazily loaded font '../../../Engine/Content/Slate/Fonts/Roboto-Light.ttf' (159K)
[2018.02.01-14.55.12:580][291]LogFileHelpers: Editor autosave (incl. sublevels) for '/Game/ThirdPersonBP/Maps/ThirdPersonExampleMap' took 0.325
[2018.02.01-14.55.12:723][291]OBJ SavePackage: Generating thumbnails for [0] asset(s) in package [/Game/ThirdPersonBP/Blueprints/HUD] ([1] browsable assets)...
[2018.02.01-14.55.12:723][291]OBJ SavePackage: Finished generating thumbnails for package [/Game/ThirdPersonBP/Blueprints/HUD]
[2018.02.01-14.55.13:027][291]LogSavePackage: Save=268.82ms
[2018.02.01-14.55.13:029][291]LogSavePackage: Moving '../../../../../../Users/Jamesrigby777/Documents/Unreal Projects/Survival/Saved/HUD_Auto14ADCD73D4E91C4AE1C41E9B127B83D31.tmp' to '../../../../../../Users/Jamesrigby777/Documents/Unreal Projects/Survival/Saved/Autosaves/Game/ThirdPersonBP/Blueprints/HUD_Auto1.uasset'
[2018.02.01-14.55.13:050][291]LogSavePackage:Display: Finished SavePackage ../../../../../../Users/Jamesrigby777/Documents/Unreal Projects/Survival/Saved/Autosaves/Game/ThirdPersonBP/Blueprints/HUD_Auto1.uasset
[2018.02.01-14.55.13:051][291]LogFileHelpers: Auto-saving content packages took 0.459
[2018.02.01-14.57.17:224][820]AssetReimport: New page: Outstanding source content changes 14:57:17
[2018.02.01-14.57.17:249][820]LogFactory: FactoryCreateFile: FontFace with FontFileImportFactory (0 0 C:/Users/Jamesrigby777/Documents/Unreal Projects/Survival/Content/Font/28 Days Later.ttf)
[2018.02.01-14.57.21:707][821]LogSlate: Took 0.001040 seconds to synchronously load lazily loaded font '../../../Engine/Content/Slate/Fonts/Roboto-Light.ttf' (159K)
[2018.02.01-14.57.21:724][821]LogSlate: Took 0.000928 seconds to synchronously load lazily loaded font '../../../Engine/Content/Slate/Fonts/Roboto-Light.ttf' (159K)
[2018.02.01-14.57.21:753][821]LogSlate: Took 0.014182 seconds to synchronously load lazily loaded font '../../../Engine/Content/Slate/Fonts/Roboto-Regular.ttf' (155K)
[2018.02.01-14.57.21:830][821]Cmd: OBJ SAVEPACKAGE PACKAGE="/Game/Font/28_Days_Later" FILE="../../../../../../Users/Jamesrigby777/Documents/Unreal Projects/Survival/Content/Font/28_Days_Later.uasset" SILENT=true
[2018.02.01-14.57.21:857][821]LogSavePackage: Save=18.07ms
[2018.02.01-14.57.21:857][821]LogSavePackage: Moving '../../../../../../Users/Jamesrigby777/Documents/Unreal Projects/Survival/Saved/28_Days_Later4A139FE949C507CB72683AADD8D1C085.tmp' to '../../../../../../Users/Jamesrigby777/Documents/Unreal Projects/Survival/Content/Font/28_Days_Later.uasset'
[2018.02.01-14.57.21:887][821]LogSavePackage:Display: Finished SavePackage ../../../../../../Users/Jamesrigby777/Documents/Unreal Projects/Survival/Content/Font/28_Days_Later.uasset
[2018.02.01-14.57.21:948][821]LogSlate: Took 0.018127 seconds to synchronously load lazily loaded font '../../../Engine/Content/Slate/Fonts/Roboto-Bold.ttf' (160K)
[2018.02.01-14.57.21:987][821]LogSlate: Took 0.017059 seconds to synchronously load lazily loaded font '../../../Engine/Content/Editor/Slate/Fonts/FontAwesome.ttf' (139K)
[2018.02.01-14.57.21:999][821]LogSlate: Took 0.000909 seconds to synchronously load lazily loaded font '../../../Engine/Content/Slate/Fonts/Roboto-Light.ttf' (159K)
[2018.02.01-14.57.22:035][821]LogSlate: Took 0.003595 seconds to synchronously load lazily loaded font '../../../Engine/Content/Editor/Slate/Fonts/Roboto-BoldCondensed.ttf' (158K)
[2018.02.01-14.57.24:925][890]AssetReimport: Info Importing new asset /Game/Font/28_Days_Later.
[2018.02.01-14.57.51:898][552]Cmd: TRANSACTION UNDO
[2018.02.01-14.57.51:898][552]LogEditorTransaction: Undo Move Anchor
[2018.02.01-14.58.24:222][341]LogSlate: Took 0.051757 seconds to synchronously load lazily loaded font '../../../Engine/Content/Slate/Fonts/DroidSansFallback.ttf' (3848K)
[2018.02.01-15.00.16:052][128]LogUObjectHash:Warning: Ambiguous search, could be VerticalBox /Game/ThirdPersonBP/Blueprints/HUD.HUD:WidgetTree.VerticalBox_0 or VerticalBox /Engine/Transient.World_3:HUD_C_6.WidgetTree_6.VerticalBox_0
[2018.02.01-15.00.16:052][128]LogUObjectHash:Warning: Ambiguous search, could be VerticalBox /Game/ThirdPersonBP/Blueprints/HUD.HUD:WidgetTree.VerticalBox_0 or VerticalBox /Engine/Transient.World_3:HUD_C_7.WidgetTree_7.VerticalBox_0
[2018.02.01-15.00.16:052][128]LogUObjectHash:Warning: Ambiguous search, could be VerticalBox /Game/ThirdPersonBP/Blueprints/HUD.HUD:WidgetTree.VerticalBox_0 or VerticalBox /Engine/Transient.World_3:HUD_C_8.WidgetTree_8.VerticalBox_0
[2018.02.01-15.00.16:053][128]LogUObjectHash:Warning: Ambiguous search, could be VerticalBox /Game/ThirdPersonBP/Blueprints/HUD.HUD:WidgetTree.VerticalBox_0 or VerticalBox /Engine/Transient.World_3:HUD_C_9.WidgetTree_9.VerticalBox_0
[2018.02.01-15.00.16:053][128]LogUObjectHash:Warning: Ambiguous search, could be VerticalBox /Game/ThirdPersonBP/Blueprints/HUD.HUD:WidgetTree.VerticalBox_0 or VerticalBox /Engine/Transient.World_3:HUD_C_10.WidgetTree_10.VerticalBox_0
[2018.02.01-15.00.16:060][128]LogProperty:Warning: Illegal TEXT reference to a private object in external package (VerticalBoxSlot /Game/ThirdPersonBP/Blueprints/HUD.HUD:WidgetTree.VerticalBox_0.VerticalBoxSlot_0) from referencer (HorizontalBox /Engine/UMG/Editor/Transient.HorizontalBox_0).  Import failed...
[2018.02.01-15.00.16:060][128]LogProperty:Warning: ObjectProperty /Script/UMG.Widget:Slot: unresolved reference to 'VerticalBoxSlot'VerticalBox_0.VerticalBoxSlot_0''
[2018.02.01-15.06.07:448][839]LogFileHelpers: Editor autosave (incl. sublevels) for '/Game/ThirdPersonBP/Maps/ThirdPersonExampleMap' took 0.110
[2018.02.01-15.06.07:451][839]OBJ SavePackage: Generating thumbnails for [0] asset(s) in package [/Game/ThirdPersonBP/Blueprints/HUD] ([1] browsable assets)...
[2018.02.01-15.06.07:464][839]OBJ SavePackage: Finished generating thumbnails for package [/Game/ThirdPersonBP/Blueprints/HUD]
[2018.02.01-15.06.07:501][839]LogSavePackage: Save=32.99ms
[2018.02.01-15.06.07:501][839]LogSavePackage: Moving '../../../../../../Users/Jamesrigby777/Documents/Unreal Projects/Survival/Saved/HUD_Auto25C30353643B3998940C0958BADAAD846.tmp' to '../../../../../../Users/Jamesrigby777/Documents/Unreal Projects/Survival/Saved/Autosaves/Game/ThirdPersonBP/Blueprints/HUD_Auto2.uasset'
[2018.02.01-15.06.07:506][839]LogSavePackage:Display: Finished SavePackage ../../../../../../Users/Jamesrigby777/Documents/Unreal Projects/Survival/Saved/Autosaves/Game/ThirdPersonBP/Blueprints/HUD_Auto2.uasset
[2018.02.01-15.06.07:508][839]OBJ SavePackage: Generating thumbnails for [1] asset(s) in package [/Game/Font/28_Days_Later_Font] ([1] browsable assets)...
[2018.02.01-15.06.07:536][839]OBJ SavePackage:     Rendered thumbnail for [Font /Game/Font/28_Days_Later_Font.28_Days_Later_Font]
[2018.02.01-15.06.07:536][839]OBJ SavePackage: Finished generating thumbnails for package [/Game/Font/28_Days_Later_Font]
[2018.02.01-15.06.07:617][839]LogSavePackage: Save=77.93ms
[2018.02.01-15.06.07:617][839]LogSavePackage: Moving '../../../../../../Users/Jamesrigby777/Documents/Unreal Projects/Survival/Saved/28_Days_Later_Font_Auto206B2E4F4403F8397AC15F6B921E85DF7.tmp' to '../../../../../../Users/Jamesrigby777/Documents/Unreal Projects/Survival/Saved/Autosaves/Game/Font/28_Days_Later_Font_Auto2.uasset'
[2018.02.01-15.06.07:628][839]LogSavePackage:Display: Finished SavePackage ../../../../../../Users/Jamesrigby777/Documents/Unreal Projects/Survival/Saved/Autosaves/Game/Font/28_Days_Later_Font_Auto2.uasset
[2018.02.01-15.06.07:628][839]LogFileHelpers: Auto-saving content packages took 0.179
[2018.02.01-15.06.57:133][ 84]BlueprintLog: New page: Compile HUD
[2018.02.01-15.06.57:991][ 84]BlueprintEditorCompileResults: Info Fast Template Successfully Created.
[2018.02.01-15.06.59:044][107]Cmd: OBJ SAVEPACKAGE PACKAGE="/Game/ThirdPersonBP/Blueprints/HUD" FILE="../../../../../../Users/Jamesrigby777/Documents/Unreal Projects/Survival/Content/ThirdPersonBP/Blueprints/HUD.uasset" SILENT=true
[2018.02.01-15.06.59:130][107]LogSavePackage: Save=75.85ms
[2018.02.01-15.06.59:130][107]LogSavePackage: Moving '../../../../../../Users/Jamesrigby777/Documents/Unreal Projects/Survival/Saved/HUD294FDBE2486867B7E85501B58AD3F339.tmp' to '../../../../../../Users/Jamesrigby777/Documents/Unreal Projects/Survival/Content/ThirdPersonBP/Blueprints/HUD.uasset'
[2018.02.01-15.06.59:139][107]LogSavePackage:Display: Finished SavePackage ../../../../../../Users/Jamesrigby777/Documents/Unreal Projects/Survival/Content/ThirdPersonBP/Blueprints/HUD.uasset
[2018.02.01-15.12.38:887][563]BlueprintLog: New page: Compile HUD
[2018.02.01-15.12.38:944][563]LogLinker: Can't find file '/Game/Font/28_Days_Later_Font'
[2018.02.01-15.12.38:945][563]LogLinker: Can't find file for asset '/Game/Font/28_Days_Later_Font' while loading ../../../../../../Users/Jamesrigby777/Documents/Unreal Projects/Survival/Content/ThirdPersonBP/Blueprints/HUD.uasset.
[2018.02.01-15.12.38:945][563]LogLinker: Can't find file '/Game/Font/28_Days_Later_Font'
[2018.02.01-15.12.38:946][563]LogLinker: Can't find file for asset '/Game/Font/28_Days_Later_Font' while loading ../../../../../../Users/Jamesrigby777/Documents/Unreal Projects/Survival/Content/ThirdPersonBP/Blueprints/HUD.uasset.
[2018.02.01-15.12.39:169][563]BlueprintEditorCompileResults: Info Fast Template Successfully Created.
[2018.02.01-15.12.40:091][586]Cmd: OBJ SAVEPACKAGE PACKAGE="/Game/ThirdPersonBP/Blueprints/HUD" FILE="../../../../../../Users/Jamesrigby777/Documents/Unreal Projects/Survival/Content/ThirdPersonBP/Blueprints/HUD.uasset" SILENT=true
[2018.02.01-15.12.40:414][586]LogSavePackage: Save=55.36ms
[2018.02.01-15.12.40:414][586]LogSavePackage: Moving '../../../../../../Users/Jamesrigby777/Documents/Unreal Projects/Survival/Saved/HUD60B74DC149C5C41B1697E4BF6FEB379F.tmp' to '../../../../../../Users/Jamesrigby777/Documents/Unreal Projects/Survival/Content/ThirdPersonBP/Blueprints/HUD.uasset'
[2018.02.01-15.12.40:420][586]LogSavePackage:Display: Finished SavePackage ../../../../../../Users/Jamesrigby777/Documents/Unreal Projects/Survival/Content/ThirdPersonBP/Blueprints/HUD.uasset
[2018.02.01-15.13.58:052][476]BlueprintLog: New page: Compile HUD
[2018.02.01-15.13.58:099][476]LogLinker: Can't find file '/Game/Font/28_Days_Later_Font'
[2018.02.01-15.13.58:099][476]LogLinker: Can't find file for asset '/Game/Font/28_Days_Later_Font' while loading ../../../../../../Users/Jamesrigby777/Documents/Unreal Projects/Survival/Content/ThirdPersonBP/Blueprints/HUD.uasset.
[2018.02.01-15.13.58:099][476]LogLinker: Can't find file '/Game/Font/28_Days_Later_Font'
[2018.02.01-15.13.58:099][476]LogLinker: Can't find file for asset '/Game/Font/28_Days_Later_Font' while loading ../../../../../../Users/Jamesrigby777/Documents/Unreal Projects/Survival/Content/ThirdPersonBP/Blueprints/HUD.uasset.
[2018.02.01-15.13.58:257][476]BlueprintEditorCompileResults: Info Fast Template Successfully Created.
[2018.02.01-15.13.59:183][499]Cmd: OBJ SAVEPACKAGE PACKAGE="/Game/ThirdPersonBP/Blueprints/HUD" FILE="../../../../../../Users/Jamesrigby777/Documents/Unreal Projects/Survival/Content/ThirdPersonBP/Blueprints/HUD.uasset" SILENT=true
[2018.02.01-15.13.59:271][499]LogSavePackage: Save=65.83ms
[2018.02.01-15.13.59:271][499]LogSavePackage: Moving '../../../../../../Users/Jamesrigby777/Documents/Unreal Projects/Survival/Saved/HUDF6C582F04DE99D16BA091EB5049EF303.tmp' to '../../../../../../Users/Jamesrigby777/Documents/Unreal Projects/Survival/Content/ThirdPersonBP/Blueprints/HUD.uasset'
[2018.02.01-15.13.59:278][499]LogSavePackage:Display: Finished SavePackage ../../../../../../Users/Jamesrigby777/Documents/Unreal Projects/Survival/Content/ThirdPersonBP/Blueprints/HUD.uasset
[2018.02.01-15.16.36:487][772]LogEditorViewport: Clicking on Actor (LMB): StaticMeshActor (Wall9)
[2018.02.01-15.16.37:813][772]LogEditorViewport: Clicking on Actor (LMB): StaticMeshActor (Wall9)
[2018.02.01-15.16.37:852][772]LogEditorViewport: Clicking on Actor (context menu): StaticMeshActor (Floor)
[2018.02.01-15.16.40:591][817]LogEditorViewport: Clicking on Actor (LMB): StaticMeshActor (Floor)
[2018.02.01-15.16.50:680][ 31]Cmd: OBJ SAVEPACKAGE PACKAGE="/Game/Font/28_Days_Later_Font" FILE="../../../../../../Users/Jamesrigby777/Documents/Unreal Projects/Survival/Content/Font/28_Days_Later_Font.uasset" SILENT=true
[2018.02.01-15.16.50:690][ 31]LogSavePackage: Save=7.33ms
[2018.02.01-15.16.50:690][ 31]LogSavePackage: Moving '../../../../../../Users/Jamesrigby777/Documents/Unreal Projects/Survival/Saved/28_Days_Later_Font8B59F44144443DFAB84A76B156FEF830.tmp' to '../../../../../../Users/Jamesrigby777/Documents/Unreal Projects/Survival/Content/Font/28_Days_Later_Font.uasset'
[2018.02.01-15.16.50:696][ 31]LogSavePackage:Display: Finished SavePackage ../../../../../../Users/Jamesrigby777/Documents/Unreal Projects/Survival/Content/Font/28_Days_Later_Font.uasset
[2018.02.01-15.17.05:818][281]LogSlate: Only BGRA pngs, bmps or icos are supported in by External Image Picker
[2018.02.01-15.17.06:000][282]LogTemp: Executing iPhonePackager certificates Engine -bundlename com.YourCompany.Survival
[2018.02.01-15.17.06:000][282]LogTemp: CWD: C:\Program Files\Epic Games\UE_4.16\Engine\Binaries\DotNET\IOS
[2018.02.01-15.17.06:000][282]LogTemp: Initial Dir: C:\Program Files\Epic Games\UE_4.16
[2018.02.01-15.17.06:000][282]LogTemp: Env CWD: C:\Program Files\Epic Games\UE_4.16\Engine\Binaries\DotNET\IOS
[2018.02.01-15.17.06:000][282]LogTemp: BranchPath = LAPTOP-RA57JA6K/C/Program Files/Epic Games/UE_4.16/Engine/Binaries --- GameBranchPath = LAPTOP-RA57JA6K/C/Program Files/Epic Games/UE_4.16/Engine/Binaries
[2018.02.01-15.17.06:000][282]LogTemp: IPP ERROR: Could not find provision directory 'C:\Users\Jamesrigby777\AppData\Local/Apple Computer/MobileDevice/Provisioning Profiles/'.
[2018.02.01-15.17.19:439][616]LogTemp: Repeting last play command: Selected Viewport
[2018.02.01-15.17.19:471][616]LogBlueprintUserMessages: Early PlayInEditor Detection: Level '/Game/ThirdPersonBP/Maps/ThirdPersonExampleMap.ThirdPersonExampleMap:PersistentLevel' has LevelScriptBlueprint '/Game/ThirdPersonBP/Maps/ThirdPersonExampleMap.ThirdPersonExampleMap:PersistentLevel.ThirdPersonExampleMap' with GeneratedClass '/Game/ThirdPersonBP/Maps/ThirdPersonExampleMap.ThirdPersonExampleMap_C' with ClassGeneratedBy '/Game/ThirdPersonBP/Maps/ThirdPersonExampleMap.ThirdPersonExampleMap:PersistentLevel.ThirdPersonExampleMap'
[2018.02.01-15.17.19:471][616]LogPlayLevel: PlayLevel: No blueprints needed recompiling
[2018.02.01-15.17.19:471][616]PIE: New page: PIE session: ThirdPersonExampleMap (1 Feb 2018 15:17:19)
[2018.02.01-15.17.19:471][616]LogPlayLevel: Creating play world package: /Game/ThirdPersonBP/Maps/UEDPIE_0_ThirdPersonExampleMap
[2018.02.01-15.17.19:523][616]LogPlayLevel: PIE: StaticDuplicateObject took: (0.052003s)
[2018.02.01-15.17.19:524][616]LogAIModule: Creating AISystem for world ThirdPersonExampleMap
[2018.02.01-15.17.19:524][616]LogPlayLevel: PIE: World Init took: (0.001078s)
[2018.02.01-15.17.19:525][616]LogPlayLevel: PIE: Created PIE world by copying editor world from /Game/ThirdPersonBP/Maps/ThirdPersonExampleMap.ThirdPersonExampleMap to /Game/ThirdPersonBP/Maps/UEDPIE_0_ThirdPersonExampleMap.ThirdPersonExampleMap (0.053439s)
[2018.02.01-15.17.19:597][616]LogInit: XAudio2 using 'Speaker/Headphone (Realtek High Definition Audio)' : 2 channels at 48 kHz using 32 bits per sample (channel mask 0x3)
[2018.02.01-15.17.19:625][616]LogInit: FAudioDevice initialized.
[2018.02.01-15.17.19:661][616]LogLoad: Game class is 'ThirdPersonGameMode_C'
[2018.02.01-15.17.19:665][616]LogWorld: Bringing World /Game/ThirdPersonBP/Maps/UEDPIE_0_ThirdPersonExampleMap.ThirdPersonExampleMap up for play (max tick rate 0) at 2018.02.01-15.17.19
[2018.02.01-15.17.19:666][616]LogWorld: Bringing up level for play took: 0.004073
[2018.02.01-15.17.19:668][616]PIE: Info Play in editor start time for /Game/ThirdPersonBP/Maps/UEDPIE_0_ThirdPersonExampleMap -0.525
[2018.02.01-15.17.19:668][616]LogBlueprintUserMessages: Late PlayInEditor Detection: Level '/Game/ThirdPersonBP/Maps/ThirdPersonExampleMap.ThirdPersonExampleMap:PersistentLevel' has LevelScriptBlueprint '/Game/ThirdPersonBP/Maps/ThirdPersonExampleMap.ThirdPersonExampleMap:PersistentLevel.ThirdPersonExampleMap' with GeneratedClass '/Game/ThirdPersonBP/Maps/ThirdPersonExampleMap.ThirdPersonExampleMap_C' with ClassGeneratedBy '/Game/ThirdPersonBP/Maps/ThirdPersonExampleMap.ThirdPersonExampleMap:PersistentLevel.ThirdPersonExampleMap'
[2018.02.01-15.17.24:073][877]LogBlueprintUserMessages: Early EndPlayMap Detection: Level '/Game/ThirdPersonBP/Maps/ThirdPersonExampleMap.ThirdPersonExampleMap:PersistentLevel' has LevelScriptBlueprint '/Game/ThirdPersonBP/Maps/ThirdPersonExampleMap.ThirdPersonExampleMap:PersistentLevel.ThirdPersonExampleMap' with GeneratedClass '/Game/ThirdPersonBP/Maps/ThirdPersonExampleMap.ThirdPersonExampleMap_C' with ClassGeneratedBy '/Game/ThirdPersonBP/Maps/ThirdPersonExampleMap.ThirdPersonExampleMap:PersistentLevel.ThirdPersonExampleMap'
[2018.02.01-15.17.24:145][877]LogBlueprintUserMessages: Late EndPlayMap Detection: Level '/Game/ThirdPersonBP/Maps/ThirdPersonExampleMap.ThirdPersonExampleMap:PersistentLevel' has LevelScriptBlueprint '/Game/ThirdPersonBP/Maps/ThirdPersonExampleMap.ThirdPersonExampleMap:PersistentLevel.ThirdPersonExampleMap' with GeneratedClass '/Game/ThirdPersonBP/Maps/ThirdPersonExampleMap.ThirdPersonExampleMap_C' with ClassGeneratedBy '/Game/ThirdPersonBP/Maps/ThirdPersonExampleMap.ThirdPersonExampleMap:PersistentLevel.ThirdPersonExampleMap'
[2018.02.01-15.17.46:257][410]LogEditorViewport: Clicking on Actor (LMB): StaticMeshActor (Wall10)
[2018.02.01-15.17.59:625][784]LogTemp: Repeting last play command: Selected Viewport
[2018.02.01-15.17.59:668][784]LogBlueprintUserMessages: Early PlayInEditor Detection: Level '/Game/ThirdPersonBP/Maps/ThirdPersonExampleMap.ThirdPersonExampleMap:PersistentLevel' has LevelScriptBlueprint '/Game/ThirdPersonBP/Maps/ThirdPersonExampleMap.ThirdPersonExampleMap:PersistentLevel.ThirdPersonExampleMap' with GeneratedClass '/Game/ThirdPersonBP/Maps/ThirdPersonExampleMap.ThirdPersonExampleMap_C' with ClassGeneratedBy '/Game/ThirdPersonBP/Maps/ThirdPersonExampleMap.ThirdPersonExampleMap:PersistentLevel.ThirdPersonExampleMap'
[2018.02.01-15.17.59:668][784]LogPlayLevel: PlayLevel: No blueprints needed recompiling
[2018.02.01-15.17.59:668][784]PIE: New page: PIE session: ThirdPersonExampleMap (1 Feb 2018 15:17:59)
[2018.02.01-15.17.59:668][784]LogPlayLevel: Creating play world package: /Game/ThirdPersonBP/Maps/UEDPIE_0_ThirdPersonExampleMap
[2018.02.01-15.17.59:706][784]LogPlayLevel: PIE: StaticDuplicateObject took: (0.037314s)
[2018.02.01-15.17.59:707][784]LogAIModule: Creating AISystem for world ThirdPersonExampleMap
[2018.02.01-15.17.59:707][784]LogPlayLevel: PIE: World Init took: (0.001530s)
[2018.02.01-15.17.59:708][784]LogPlayLevel: PIE: Created PIE world by copying editor world from /Game/ThirdPersonBP/Maps/ThirdPersonExampleMap.ThirdPersonExampleMap to /Game/ThirdPersonBP/Maps/UEDPIE_0_ThirdPersonExampleMap.ThirdPersonExampleMap (0.039246s)
[2018.02.01-15.17.59:759][784]LogInit: XAudio2 using 'Speaker/Headphone (Realtek High Definition Audio)' : 2 channels at 48 kHz using 32 bits per sample (channel mask 0x3)
[2018.02.01-15.17.59:775][784]LogInit: FAudioDevice initialized.
[2018.02.01-15.17.59:807][784]LogLoad: Game class is 'ThirdPersonGameMode_C'
[2018.02.01-15.17.59:810][784]LogWorld: Bringing World /Game/ThirdPersonBP/Maps/UEDPIE_0_ThirdPersonExampleMap.ThirdPersonExampleMap up for play (max tick rate 0) at 2018.02.01-15.17.59
[2018.02.01-15.17.59:811][784]LogWorld: Bringing up level for play took: 0.004064
[2018.02.01-15.17.59:814][784]PIE: Info Play in editor start time for /Game/ThirdPersonBP/Maps/UEDPIE_0_ThirdPersonExampleMap -0.378
[2018.02.01-15.17.59:815][784]LogBlueprintUserMessages: Late PlayInEditor Detection: Level '/Game/ThirdPersonBP/Maps/ThirdPersonExampleMap.ThirdPersonExampleMap:PersistentLevel' has LevelScriptBlueprint '/Game/ThirdPersonBP/Maps/ThirdPersonExampleMap.ThirdPersonExampleMap:PersistentLevel.ThirdPersonExampleMap' with GeneratedClass '/Game/ThirdPersonBP/Maps/ThirdPersonExampleMap.ThirdPersonExampleMap_C' with ClassGeneratedBy '/Game/ThirdPersonBP/Maps/ThirdPersonExampleMap.ThirdPersonExampleMap:PersistentLevel.ThirdPersonExampleMap'
[2018.02.01-15.18.05:484][120]LogBlueprintUserMessages: Early EndPlayMap Detection: Level '/Game/ThirdPersonBP/Maps/ThirdPersonExampleMap.ThirdPersonExampleMap:PersistentLevel' has LevelScriptBlueprint '/Game/ThirdPersonBP/Maps/ThirdPersonExampleMap.ThirdPersonExampleMap:PersistentLevel.ThirdPersonExampleMap' with GeneratedClass '/Game/ThirdPersonBP/Maps/ThirdPersonExampleMap.ThirdPersonExampleMap_C' with ClassGeneratedBy '/Game/ThirdPersonBP/Maps/ThirdPersonExampleMap.ThirdPersonExampleMap:PersistentLevel.ThirdPersonExampleMap'
[2018.02.01-15.18.05:558][120]LogBlueprintUserMessages: Late EndPlayMap Detection: Level '/Game/ThirdPersonBP/Maps/ThirdPersonExampleMap.ThirdPersonExampleMap:PersistentLevel' has LevelScriptBlueprint '/Game/ThirdPersonBP/Maps/ThirdPersonExampleMap.ThirdPersonExampleMap:PersistentLevel.ThirdPersonExampleMap' with GeneratedClass '/Game/ThirdPersonBP/Maps/ThirdPersonExampleMap.ThirdPersonExampleMap_C' with ClassGeneratedBy '/Game/ThirdPersonBP/Maps/ThirdPersonExampleMap.ThirdPersonExampleMap:PersistentLevel.ThirdPersonExampleMap'
[2018.02.01-15.18.10:777][250]LogRenderer: Reallocating scene render targets to support 872x588 NumSamples 1 (Frame:41019).
[2018.02.01-15.18.10:856][251]LogRenderer: Reallocating scene render targets to support 912x588 NumSamples 1 (Frame:41021).
[2018.02.01-15.18.11:013][252]LogRenderer: Reallocating scene render targets to support 940x588 NumSamples 1 (Frame:41023).
[2018.02.01-15.18.11:234][255]LogRenderer: Reallocating scene render targets to support 1056x588 NumSamples 1 (Frame:41028).
[2018.02.01-15.18.11:319][256]LogRenderer: Reallocating scene render targets to support 1060x588 NumSamples 1 (Frame:41030).
[2018.02.01-15.18.13:118][295]LogTemp: Repeting last play command: Selected Viewport
[2018.02.01-15.18.13:144][295]LogBlueprintUserMessages: Early PlayInEditor Detection: Level '/Game/ThirdPersonBP/Maps/ThirdPersonExampleMap.ThirdPersonExampleMap:PersistentLevel' has LevelScriptBlueprint '/Game/ThirdPersonBP/Maps/ThirdPersonExampleMap.ThirdPersonExampleMap:PersistentLevel.ThirdPersonExampleMap' with GeneratedClass '/Game/ThirdPersonBP/Maps/ThirdPersonExampleMap.ThirdPersonExampleMap_C' with ClassGeneratedBy '/Game/ThirdPersonBP/Maps/ThirdPersonExampleMap.ThirdPersonExampleMap:PersistentLevel.ThirdPersonExampleMap'
[2018.02.01-15.18.13:144][295]LogPlayLevel: PlayLevel: No blueprints needed recompiling
[2018.02.01-15.18.13:145][295]PIE: New page: PIE session: ThirdPersonExampleMap (1 Feb 2018 15:18:13)
[2018.02.01-15.18.13:145][295]LogPlayLevel: Creating play world package: /Game/ThirdPersonBP/Maps/UEDPIE_0_ThirdPersonExampleMap
[2018.02.01-15.18.13:186][295]LogPlayLevel: PIE: StaticDuplicateObject took: (0.041348s)
[2018.02.01-15.18.13:190][295]LogAIModule: Creating AISystem for world ThirdPersonExampleMap
[2018.02.01-15.18.13:191][295]LogPlayLevel: PIE: World Init took: (0.004532s)
[2018.02.01-15.18.13:191][295]LogPlayLevel: PIE: Created PIE world by copying editor world from /Game/ThirdPersonBP/Maps/ThirdPersonExampleMap.ThirdPersonExampleMap to /Game/ThirdPersonBP/Maps/UEDPIE_0_ThirdPersonExampleMap.ThirdPersonExampleMap (0.046350s)
[2018.02.01-15.18.13:236][295]LogInit: XAudio2 using 'Speaker/Headphone (Realtek High Definition Audio)' : 2 channels at 48 kHz using 32 bits per sample (channel mask 0x3)
[2018.02.01-15.18.13:251][295]LogInit: FAudioDevice initialized.
[2018.02.01-15.18.13:293][295]LogLoad: Game class is 'ThirdPersonGameMode_C'
[2018.02.01-15.18.13:304][295]LogWorld: Bringing World /Game/ThirdPersonBP/Maps/UEDPIE_0_ThirdPersonExampleMap.ThirdPersonExampleMap up for play (max tick rate 0) at 2018.02.01-15.18.13
[2018.02.01-15.18.13:305][295]LogWorld: Bringing up level for play took: 0.009296
[2018.02.01-15.18.13:309][295]PIE: Info Play in editor start time for /Game/ThirdPersonBP/Maps/UEDPIE_0_ThirdPersonExampleMap 1.117
[2018.02.01-15.18.13:310][295]LogBlueprintUserMessages: Late PlayInEditor Detection: Level '/Game/ThirdPersonBP/Maps/ThirdPersonExampleMap.ThirdPersonExampleMap:PersistentLevel' has LevelScriptBlueprint '/Game/ThirdPersonBP/Maps/ThirdPersonExampleMap.ThirdPersonExampleMap:PersistentLevel.ThirdPersonExampleMap' with GeneratedClass '/Game/ThirdPersonBP/Maps/ThirdPersonExampleMap.ThirdPersonExampleMap_C' with ClassGeneratedBy '/Game/ThirdPersonBP/Maps/ThirdPersonExampleMap.ThirdPersonExampleMap:PersistentLevel.ThirdPersonExampleMap'
[2018.02.01-15.18.19:536][618]LogBlueprintUserMessages: Early EndPlayMap Detection: Level '/Game/ThirdPersonBP/Maps/ThirdPersonExampleMap.ThirdPersonExampleMap:PersistentLevel' has LevelScriptBlueprint '/Game/ThirdPersonBP/Maps/ThirdPersonExampleMap.ThirdPersonExampleMap:PersistentLevel.ThirdPersonExampleMap' with GeneratedClass '/Game/ThirdPersonBP/Maps/ThirdPersonExampleMap.ThirdPersonExampleMap_C' with ClassGeneratedBy '/Game/ThirdPersonBP/Maps/ThirdPersonExampleMap.ThirdPersonExampleMap:PersistentLevel.ThirdPersonExampleMap'
[2018.02.01-15.18.19:654][618]LogBlueprintUserMessages: Late EndPlayMap Detection: Level '/Game/ThirdPersonBP/Maps/ThirdPersonExampleMap.ThirdPersonExampleMap:PersistentLevel' has LevelScriptBlueprint '/Game/ThirdPersonBP/Maps/ThirdPersonExampleMap.ThirdPersonExampleMap:PersistentLevel.ThirdPersonExampleMap' with GeneratedClass '/Game/ThirdPersonBP/Maps/ThirdPersonExampleMap.ThirdPersonExampleMap_C' with ClassGeneratedBy '/Game/ThirdPersonBP/Maps/ThirdPersonExampleMap.ThirdPersonExampleMap:PersistentLevel.ThirdPersonExampleMap'
[2018.02.01-15.18.38:934][ 69]LogEditorViewport: Clicking on Actor (LMB): StaticMeshActor (Floor)
[2018.02.01-15.19.10:719][783]BlueprintLog: New page: Compile ThirdPersonGameMode
[2018.02.01-15.19.11:892][797]LogSavePackage: Save=46.67ms
[2018.02.01-15.19.11:892][797]LogSavePackage: Moving '../../../../../../Users/Jamesrigby777/Documents/Unreal Projects/Survival/Saved/ThirdPersonGameModeFFD079774181BDC14DB6A897C9A3BC7D.tmp' to '../../../../../../Users/Jamesrigby777/Documents/Unreal Projects/Survival/Content/ThirdPersonBP/Blueprints/ThirdPersonGameMode.uasset'
[2018.02.01-15.19.11:904][797]LogSavePackage:Display: Finished SavePackage ../../../../../../Users/Jamesrigby777/Documents/Unreal Projects/Survival/Content/ThirdPersonBP/Blueprints/ThirdPersonGameMode.uasset
[2018.02.01-15.19.14:986][874]LogTemp: Repeting last play command: Selected Viewport
[2018.02.01-15.19.15:018][874]LogBlueprintUserMessages: Early PlayInEditor Detection: Level '/Game/ThirdPersonBP/Maps/ThirdPersonExampleMap.ThirdPersonExampleMap:PersistentLevel' has LevelScriptBlueprint '/Game/ThirdPersonBP/Maps/ThirdPersonExampleMap.ThirdPersonExampleMap:PersistentLevel.ThirdPersonExampleMap' with GeneratedClass '/Game/ThirdPersonBP/Maps/ThirdPersonExampleMap.ThirdPersonExampleMap_C' with ClassGeneratedBy '/Game/ThirdPersonBP/Maps/ThirdPersonExampleMap.ThirdPersonExampleMap:PersistentLevel.ThirdPersonExampleMap'
[2018.02.01-15.19.15:018][874]LogPlayLevel: PlayLevel: No blueprints needed recompiling
[2018.02.01-15.19.15:018][874]PIE: New page: PIE session: ThirdPersonExampleMap (1 Feb 2018 15:19:15)
[2018.02.01-15.19.15:018][874]LogPlayLevel: Creating play world package: /Game/ThirdPersonBP/Maps/UEDPIE_0_ThirdPersonExampleMap
[2018.02.01-15.19.15:059][874]LogPlayLevel: PIE: StaticDuplicateObject took: (0.040472s)
[2018.02.01-15.19.15:060][874]LogAIModule: Creating AISystem for world ThirdPersonExampleMap
[2018.02.01-15.19.15:060][874]LogPlayLevel: PIE: World Init took: (0.001135s)
[2018.02.01-15.19.15:060][874]LogPlayLevel: PIE: Created PIE world by copying editor world from /Game/ThirdPersonBP/Maps/ThirdPersonExampleMap.ThirdPersonExampleMap to /Game/ThirdPersonBP/Maps/UEDPIE_0_ThirdPersonExampleMap.ThirdPersonExampleMap (0.041942s)
[2018.02.01-15.19.15:112][874]LogInit: XAudio2 using 'Speaker/Headphone (Realtek High Definition Audio)' : 2 channels at 48 kHz using 32 bits per sample (channel mask 0x3)
[2018.02.01-15.19.15:128][874]LogInit: FAudioDevice initialized.
[2018.02.01-15.19.15:161][874]LogLoad: Game class is 'ThirdPersonGameMode_C'
[2018.02.01-15.19.15:164][874]LogWorld: Bringing World /Game/ThirdPersonBP/Maps/UEDPIE_0_ThirdPersonExampleMap.ThirdPersonExampleMap up for play (max tick rate 0) at 2018.02.01-15.19.15
[2018.02.01-15.19.15:164][874]LogWorld: Bringing up level for play took: 0.002854
[2018.02.01-15.19.15:165][874]PIE: Info Play in editor start time for /Game/ThirdPersonBP/Maps/UEDPIE_0_ThirdPersonExampleMap 0.973
[2018.02.01-15.19.15:166][874]LogBlueprintUserMessages: Late PlayInEditor Detection: Level '/Game/ThirdPersonBP/Maps/ThirdPersonExampleMap.ThirdPersonExampleMap:PersistentLevel' has LevelScriptBlueprint '/Game/ThirdPersonBP/Maps/ThirdPersonExampleMap.ThirdPersonExampleMap:PersistentLevel.ThirdPersonExampleMap' with GeneratedClass '/Game/ThirdPersonBP/Maps/ThirdPersonExampleMap.ThirdPersonExampleMap_C' with ClassGeneratedBy '/Game/ThirdPersonBP/Maps/ThirdPersonExampleMap.ThirdPersonExampleMap:PersistentLevel.ThirdPersonExampleMap'
[2018.02.01-15.19.17:223][985]LogBlueprintUserMessages: Early EndPlayMap Detection: Level '/Game/ThirdPersonBP/Maps/ThirdPersonExampleMap.ThirdPersonExampleMap:PersistentLevel' has LevelScriptBlueprint '/Game/ThirdPersonBP/Maps/ThirdPersonExampleMap.ThirdPersonExampleMap:PersistentLevel.ThirdPersonExampleMap' with GeneratedClass '/Game/ThirdPersonBP/Maps/ThirdPersonExampleMap.ThirdPersonExampleMap_C' with ClassGeneratedBy '/Game/ThirdPersonBP/Maps/ThirdPersonExampleMap.ThirdPersonExampleMap:PersistentLevel.ThirdPersonExampleMap'
[2018.02.01-15.19.17:317][985]LogBlueprintUserMessages: Late EndPlayMap Detection: Level '/Game/ThirdPersonBP/Maps/ThirdPersonExampleMap.ThirdPersonExampleMap:PersistentLevel' has LevelScriptBlueprint '/Game/ThirdPersonBP/Maps/ThirdPersonExampleMap.ThirdPersonExampleMap:PersistentLevel.ThirdPersonExampleMap' with GeneratedClass '/Game/ThirdPersonBP/Maps/ThirdPersonExampleMap.ThirdPersonExampleMap_C' with ClassGeneratedBy '/Game/ThirdPersonBP/Maps/ThirdPersonExampleMap.ThirdPersonExampleMap:PersistentLevel.ThirdPersonExampleMap'
[2018.02.01-15.26.09:789][370]LogWindowsTextInputMethodSystem:Display: IME system now deactivated.
[2018.02.01-15.26.10:127][371]Cmd: QUIT_EDITOR
[2018.02.01-15.26.10:600][371]LogExit: Preparing to exit.
[2018.02.01-15.26.12:143][371]LogDirectoryWatcher: A directory notification for 'C:/Users/Jamesrigby777/Documents/Unreal Projects/Survival/Content/' was aborted.
[2018.02.01-15.26.12:773][371]LogExit: Editor shut down
[2018.02.01-15.26.12:894][371]LogExit: Transaction tracking system shut down
[2018.02.01-15.26.15:732][371]LogObj: Freed 0b from 0 cluster array pools.
[2018.02.01-15.26.15:739][371]LogExit: Object subsystem successfully closed.
[2018.02.01-15.26.16:039][371]LogD3D11RHI: Shutdown
[2018.02.01-15.26.16:039][371]LogD3D11RHI: CleanupD3DDevice
[2018.02.01-15.26.16:403][371]LogD3D11RHI: ~FD3D11DynamicRHI
[2018.02.01-15.26.18:287][371]LogModuleManager: Shutting down and abandoning module ExternalImagePicker (534)
[2018.02.01-15.26.18:308][371]LogModuleManager: Shutting down and abandoning module SequencerWidgets (532)
[2018.02.01-15.26.18:308][371]LogModuleManager: Shutting down and abandoning module MovieSceneCapture (530)
[2018.02.01-15.26.18:308][371]LogModuleManager: Shutting down and abandoning module BlueprintGraph (528)
[2018.02.01-15.26.18:308][371]LogModuleManager: Shutting down and abandoning module BlueprintProfiler (526)
[2018.02.01-15.26.18:544][371]LogModuleManager: Shutting down and abandoning module HierarchicalLODOutliner (524)
[2018.02.01-15.26.18:575][371]LogModuleManager: Shutting down and abandoning module CrashTracker (522)
[2018.02.01-15.26.18:576][371]LogModuleManager: Shutting down and abandoning module SceneOutliner (520)
[2018.02.01-15.26.18:576][371]LogModuleManager: Shutting down and abandoning module AddContentDialog (518)
[2018.02.01-15.26.18:612][371]LogDirectoryWatcher: A directory notification for 'C:/Program Files/Epic Games/UE_4.16/FeaturePacks/' was aborted.
[2018.02.01-15.26.18:790][371]LogModuleManager: Shutting down and abandoning module WidgetCarousel (517)
[2018.02.01-15.26.18:790][371]LogModuleManager: Shutting down and abandoning module EditorWidgets (514)
[2018.02.01-15.26.18:790][371]LogModuleManager: Shutting down and abandoning module CollectionManager (512)
[2018.02.01-15.26.18:790][371]LogDirectoryWatcher: A directory notification for 'C:/Users/Jamesrigby777/Documents/Unreal Projects/Survival/Content/Collections/' was aborted.
