Log file open, 02/09/18 12:50:03
LogInit:Display: Running engine for game: Survival
LogPlatformFile: Not using cached read wrapper
LogInit:Display: RandInit(821954640) SRandInit(821954640).
LogTaskGraph: Started task graph with 5 named threads and 8 total threads with 1 sets of task threads.
LogStats: Stats thread started at 0.102714
LogInit: Using libcurl 7.47.1
LogInit:  - built for x86_64-pc-win32
LogInit:  - supports SSL with OpenSSL/1.0.2g
LogInit:  - supports HTTP deflate (compression) using libz 1.2.8
LogInit:  - other features:
LogInit:      CURL_VERSION_SSL
LogInit:      CURL_VERSION_LIBZ
LogInit:      CURL_VERSION_IPV6
LogInit:      CURL_VERSION_ASYNCHDNS
LogInit:      CURL_VERSION_LARGEFILE
LogInit:      CURL_VERSION_IDN
LogInit:  CurlRequestOptions (configurable via config and command line):
LogInit:  - bVerifyPeer = false  - Libcurl will NOT verify peer certificate
LogInit:  - bUseHttpProxy = false  - Libcurl will NOT use HTTP proxy
LogInit:  - bDontReuseConnections = false  - Libcurl will reuse connections
LogInit:  - CertBundlePath = nullptr  - Libcurl will use whatever was configured at build time.
LogInit: Build: ++UE4+Release-4.16-CL-3561208
LogInit: Engine Version: 4.16.3-3561208+++UE4+Release-4.16
LogInit: Compatible Engine Version: 4.16.0-3452394+++UE4+Release-4.16
LogInit: Net CL: 3452394
LogDevObjectVersion: Number of dev versions registered: 16
LogDevObjectVersion:   Dev-Blueprints (B0D832E4-1F89-4F0D-ACCF-7EB736FD4AA2): 9
LogDevObjectVersion:   Dev-Build (E1C64328-A22C-4D53-A36C-8E866417BD8C): 0
LogDevObjectVersion:   Dev-Core (375EC13C-06E4-48FB-B500-84F0262A717E): 2
LogDevObjectVersion:   Dev-Editor (E4B068ED-F494-42E9-A231-DA0B2E46BB41): 17
LogDevObjectVersion:   Dev-Framework (CFFC743F-43B0-4480-9391-14DF171D2073): 23
LogDevObjectVersion:   Dev-Mobile (B02B49B5-BB20-44E9-A304-32B752E40360): 0
LogDevObjectVersion:   Dev-Networking (A4E4105C-59A1-49B5-A7C5-40C4547EDFEE): 0
LogDevObjectVersion:   Dev-Online (39C831C9-5AE6-47DC-9A44-9C173E1C8E7C): 0
LogDevObjectVersion:   Dev-Physics (78F01B33-EBEA-4F98-B9B4-84EACCB95AA2): 0
LogDevObjectVersion:   Dev-Platform (6631380F-2D4D-43E0-8009-CF276956A95A): 0
LogDevObjectVersion:   Dev-Rendering (12F88B9F-8875-4AFC-A67C-D90C383ABD29): 15
LogDevObjectVersion:   Dev-Sequencer (7B5AE74C-D270-4C10-A958-57980B212A5A): 4
LogDevObjectVersion:   Dev-VR (D7296918-1DD6-4BDD-9DE2-64A83CC13884): 0
LogDevObjectVersion:   Dev-LoadTimes (C2A15278-BFE7-4AFE-6C17-90FF531DF755): 1
LogDevObjectVersion:   Private-Geometry (6EACA3D4-40EC-4CC1-B786-8BED09428FC5): 1
LogDevObjectVersion:   Dev-AnimPhys (29E575DD-E0A3-4627-9D10-D276232CDCEA): 3
LogInit: Compiled (64-bit): Jul 28 2017 11:49:47
LogInit: Compiled with Visual C++: 19.00.24215.01
LogInit: Build Configuration: Development
LogInit: Branch Name: ++UE4+Release-4.16
LogInit: Command line: -EpicPortal 
LogInit: Base directory: C:/Program Files/Epic Games/UE_4.16/Engine/Binaries/Win64/
LogInit: Installed Engine Build: 1
LogInit: Presizing for max 8388607 objects, including 0 objects not considered by GC, pre-allocating 0 bytes for permanent pool.
LogInit: Object subsystem initialized
[2018.02.09-12.50.04:159][  0]LogInit: Selected Device Profile: [Windows]
[2018.02.09-12.50.04:159][  0]LogInit: Applying CVar settings loaded from the selected device profile: [Windows]
[2018.02.09-12.50.04:195][  0]LogInit: Computer: SJ304-12
[2018.02.09-12.50.04:195][  0]LogInit: User: u1459276
[2018.02.09-12.50.04:195][  0]LogInit: CPU Page size=4096, Cores=4
[2018.02.09-12.50.04:195][  0]LogInit: High frequency timer resolution =3.507505 MHz
[2018.02.09-12.50.04:195][  0]LogMemory: Memory total: Physical=15.8GB (16GB approx)
[2018.02.09-12.50.04:195][  0]LogMemory: Platform Memory Stats for Windows
[2018.02.09-12.50.04:195][  0]LogMemory: Process Physical Memory: 273.44 MB used, 273.44 MB peak
[2018.02.09-12.50.04:195][  0]LogMemory: Process Virtual Memory: 261.09 MB used, 261.09 MB peak
[2018.02.09-12.50.04:195][  0]LogMemory: Physical Memory: 7413.94 MB used,  8808.42 MB free, 16222.36 MB total
[2018.02.09-12.50.04:195][  0]LogMemory: Virtual Memory: 638.63 MB used,  8808.42 MB free, 134217728.00 MB total
[2018.02.09-12.50.04:389][  0]LogInit: Using OS detected language (en-US).
[2018.02.09-12.50.04:389][  0]LogInit: Using OS detected locale (en-GB).
[2018.02.09-12.50.04:394][  0]LogTextLocalizationManager: No specific localization for 'en-US' exists, so the 'en' localization will be used.
[2018.02.09-12.50.05:462][  0]LogD3D11RHI: D3D11 adapters:
[2018.02.09-12.50.05:502][  0]LogD3D11RHI:    0. 'NVIDIA GeForce GTX 970' (Feature Level 11_0)
[2018.02.09-12.50.05:502][  0]LogD3D11RHI:       4058/0/8111 MB DedicatedVideo/DedicatedSystem/SharedSystem, Outputs:2, VendorId:0x10de
[2018.02.09-12.50.05:511][  0]LogD3D11RHI:    1. 'Intel(R) HD Graphics 4600' (Feature Level 11_0)
[2018.02.09-12.50.05:511][  0]LogD3D11RHI:       112/0/2048 MB DedicatedVideo/DedicatedSystem/SharedSystem, Outputs:0, VendorId:0x8086
[2018.02.09-12.50.05:513][  0]LogD3D11RHI:    2. 'Microsoft Basic Render Driver' (Feature Level 11_0)
[2018.02.09-12.50.05:513][  0]LogD3D11RHI:       0/0/8111 MB DedicatedVideo/DedicatedSystem/SharedSystem, Outputs:0, VendorId:0x1414
[2018.02.09-12.50.05:513][  0]LogD3D11RHI: Chosen D3D11 Adapter: 0
[2018.02.09-12.50.05:517][  0]LogD3D11RHI: Creating new Direct3DDevice
[2018.02.09-12.50.05:517][  0]LogD3D11RHI:     GPU DeviceId: 0x13c2 (for the marketing name, search the web for "GPU Device Id")
[2018.02.09-12.50.05:517][  0]LogWindows: EnumDisplayDevices:
[2018.02.09-12.50.05:517][  0]LogWindows:    0. 'NVIDIA GeForce GTX 970' (P:0 D:1)
[2018.02.09-12.50.05:517][  0]LogWindows:    1. 'NVIDIA GeForce GTX 970' (P:1 D:1)
[2018.02.09-12.50.05:517][  0]LogWindows:    2. 'NVIDIA GeForce GTX 970' (P:0 D:0)
[2018.02.09-12.50.05:518][  0]LogWindows:    3. 'NVIDIA GeForce GTX 970' (P:0 D:0)
[2018.02.09-12.50.05:518][  0]LogWindows:    4. 'Intel(R) HD Graphics 4600' (P:0 D:0)
[2018.02.09-12.50.05:518][  0]LogWindows:    5. 'Intel(R) HD Graphics 4600' (P:0 D:0)
[2018.02.09-12.50.05:518][  0]LogWindows:    6. 'Intel(R) HD Graphics 4600' (P:0 D:0)
[2018.02.09-12.50.05:518][  0]LogWindows: DebugString: PrimaryIsNotTheChoosenAdapter PrimaryIsNotTheChoosenAdapter PrimaryIsNotTheChoosenAdapter FoundDriverCount:4 
[2018.02.09-12.50.05:518][  0]LogD3D11RHI:     Adapter Name: NVIDIA GeForce GTX 970
[2018.02.09-12.50.05:518][  0]LogD3D11RHI:   Driver Version: 385.28 (internal:22.21.13.8528, unified:385.28)
[2018.02.09-12.50.05:518][  0]LogD3D11RHI:      Driver Date: 8-9-2017
[2018.02.09-12.50.05:518][  0]LogRHI: Texture pool is 1361 MB (70% of 1945 MB)
[2018.02.09-12.50.05:541][  0]LogD3D11RHI: Async texture creation enabled
[2018.02.09-12.50.05:551][  0]LogD3D11RHI: GPU Timing Frequency: 1000.000000 (Debug: 2 1)
[2018.02.09-12.50.05:554][  0]LogShaderCompilers: Guid format shader working directory is 13 characters bigger than the processId version (H:/Team Project/TeamProject/Survival/Intermediate/Shaders/WorkingDirectory/1232/).
[2018.02.09-12.50.05:554][  0]LogShaderCompilers: Cleaned the shader compiler working directory 'C:/Users/u1459276/AppData/Local/Temp/UnrealShaderWorkingDir/E74DB0094B5D369E21E706B08B347FB1/'.
[2018.02.09-12.50.05:554][  0]LogShaderCompilers:Display: Using Local Shader Compiler.
[2018.02.09-12.50.06:760][  0]LogTemp:Display: Loaded TP AllDesktopTargetPlatform
[2018.02.09-12.50.06:881][  0]LogTemp:Display: Loaded TP MacClientTargetPlatform
[2018.02.09-12.50.07:000][  0]LogTemp:Display: Loaded TP MacNoEditorTargetPlatform
[2018.02.09-12.50.07:120][  0]LogTemp:Display: Loaded TP MacServerTargetPlatform
[2018.02.09-12.50.07:238][  0]LogTemp:Display: Loaded TP MacTargetPlatform
[2018.02.09-12.50.07:360][  0]LogTemp:Display: Loaded TP WindowsClientTargetPlatform
[2018.02.09-12.50.07:477][  0]LogTemp:Display: Loaded TP WindowsNoEditorTargetPlatform
[2018.02.09-12.50.07:594][  0]LogTemp:Display: Loaded TP WindowsServerTargetPlatform
[2018.02.09-12.50.07:704][  0]LogTemp:Display: Loaded TP WindowsTargetPlatform
[2018.02.09-12.50.07:820][  0]LogTemp:Display: Loaded TP AndroidTargetPlatform
[2018.02.09-12.50.07:936][  0]LogTemp:Display: Loaded TP Android_ASTCTargetPlatform
[2018.02.09-12.50.08:051][  0]LogTemp:Display: Loaded TP Android_ATCTargetPlatform
[2018.02.09-12.50.08:168][  0]LogTemp:Display: Loaded TP Android_DXTTargetPlatform
[2018.02.09-12.50.08:286][  0]LogTemp:Display: Loaded TP Android_ETC1TargetPlatform
[2018.02.09-12.50.08:406][  0]LogTemp:Display: Loaded TP Android_ETC2TargetPlatform
[2018.02.09-12.50.08:641][  0]LogTemp:Display: Loaded TP Android_MultiTargetPlatform
[2018.02.09-12.50.08:641][  0]LogTemp:Display: Loaded TP Android_PVRTCTargetPlatform
[2018.02.09-12.50.08:751][  0]LogTemp:Display: Loaded TP HTML5TargetPlatform
[2018.02.09-12.50.08:947][  0]LogTemp:Display: Loaded TP IOSTargetPlatform
[2018.02.09-12.50.09:017][  0]LogTemp:Display: Loaded TP TVOSTargetPlatform
[2018.02.09-12.50.09:137][  0]LogTemp:Display: Loaded TP LinuxClientTargetPlatform
[2018.02.09-12.50.09:253][  0]LogTemp:Display: Loaded TP LinuxNoEditorTargetPlatform
[2018.02.09-12.50.09:377][  0]LogTemp:Display: Loaded TP LinuxServerTargetPlatform
[2018.02.09-12.50.09:494][  0]LogTemp:Display: Loaded TP LinuxTargetPlatform
[2018.02.09-12.50.09:494][  0]LogTargetPlatformManager:Display: Building Assets For Windows
[2018.02.09-12.50.10:784][  0]LogDerivedDataCache:Display: Max Cache Size: 512 MB
[2018.02.09-12.50.10:852][  0]LogDerivedDataCache: Loaded boot cache 0.07s 90MB C:/Users/u1459276/AppData/Local/UnrealEngine/4.16/DerivedDataCache/Boot.ddc.
[2018.02.09-12.50.10:852][  0]LogDerivedDataCache:Display: Loaded Boot cache: C:/Users/u1459276/AppData/Local/UnrealEngine/4.16/DerivedDataCache/Boot.ddc
[2018.02.09-12.50.10:853][  0]LogDerivedDataCache: FDerivedDataBackendGraph:  Pak pak cache file H:/Team Project/TeamProject/Survival/DerivedDataCache/DDC.ddp not found, will not use a pak cache.
[2018.02.09-12.50.10:853][  0]LogDerivedDataCache: Unable to find inner node Pak for hierarchical cache Hierarchy.
[2018.02.09-12.50.10:854][  0]LogDerivedDataCache: FDerivedDataBackendGraph:  CompressedPak pak cache file H:/Team Project/TeamProject/Survival/DerivedDataCache/Compressed.ddp not found, will not use a pak cache.
[2018.02.09-12.50.10:854][  0]LogDerivedDataCache: Unable to find inner node CompressedPak for hierarchical cache Hierarchy.
[2018.02.09-12.50.10:874][  0]LogDerivedDataCache:Display: Pak cache opened for reading ../../../Engine/DerivedDataCache/Compressed.ddp.
[2018.02.09-12.50.10:887][  0]LogDerivedDataCache: Using Local data cache path C:/Users/u1459276/AppData/Local/UnrealEngine/Common/DerivedDataCache: Writable
[2018.02.09-12.50.10:896][  0]LogMaterial: Verifying Global Shaders for PCD3D_SM5
[2018.02.09-12.50.10:896][  0]LogSlate: Using Freetype 2.6.0
[2018.02.09-12.50.10:898][  0]LogSlate: SlateFontCache - WITH_FREETYPE: 1, WITH_HARFBUZZ: 1
[2018.02.09-12.50.10:898][  0]LogSlate: SlateFontCache - WITH_FREETYPE: 1, WITH_HARFBUZZ: 1
[2018.02.09-12.50.11:282][  0]LogInit: Selected Device Profile: [Windows]
[2018.02.09-12.50.11:349][  0]LogContentStreaming: Texture pool size is 0.00 MB
[2018.02.09-12.50.11:615][  0]LogMeshUtilities: Using QuadricMeshReduction for automatic static mesh reduction
[2018.02.09-12.50.11:732][  0]LogSimplygon: Simplygon DLL not present - disabling.
[2018.02.09-12.50.11:854][  0]LogMeshUtilities: Using SimplygonSwarm for distributed automatic mesh merging
[2018.02.09-12.50.11:854][  0]LogMeshUtilities: No automatic skeletal mesh reduction module available
[2018.02.09-12.50.11:854][  0]LogMeshUtilities: No automatic mesh merging module available
[2018.02.09-12.50.12:709][  0]LogNetVersion: Survival , NetCL: 3452394, EngineNetVer: 2, GameNetVer: 0 (Checksum: 3038584403)
[2018.02.09-12.50.12:809][  0]LogAssetRegistry: FAssetRegistry took 0.0271 seconds to start up
[2018.02.09-12.50.13:010][  0]LogPackageLocalizationCache: Processed 4 localized package path(s) for 2 prioritized culture(s) in 0.138866 seconds
[2018.02.09-12.50.13:016][  0]LogUObjectArray: 34194 objects as part of root set at end of initial load.
[2018.02.09-12.50.13:016][  0]LogUObjectAllocator: 7260424 out of 0 bytes used by permanent object pool.
[2018.02.09-12.50.13:016][  0]LogUObjectArray: CloseDisregardForGC: 0/0 objects in disregard for GC pool
[2018.02.09-12.50.13:230][  0]LogInit: WinSock: version 1.1 (2.2), MaxSocks=32767, MaxUdp=65467
[2018.02.09-12.50.18:070][  0]LogTcpMessaging: Initializing TcpMessaging bridge
[2018.02.09-12.50.18:151][  0]LogUdpMessaging: Initializing bridge on interface 0.0.0.0:0 to multicast group 230.0.0.1:6666.
[2018.02.09-12.50.18:151][  0]LogDirectoryWatcher: A directory notification failed for 'H:/Team Project/TeamProject/Survival/Content/' because it was empty or there was a buffer overflow. Attemping another request...
[2018.02.09-12.50.19:380][  0]LogMaterial: Uniform references updated for custom material expression Custom.
[2018.02.09-12.50.20:324][  0]SourceControl: Info Source control is disabled
[2018.02.09-12.50.20:376][  0]SourceControl: Info Source control is disabled
[2018.02.09-12.50.20:501][  0]SourceControl: Info Source control is disabled
[2018.02.09-12.50.20:626][  0]SourceControl: Info Source control is disabled
[2018.02.09-12.50.22:378][  0]LogAndroidPermission: UAndroidPermissionCallbackProxy::GetInstance
[2018.02.09-12.50.23:801][  0]LogEngine: Initializing Engine...
[2018.02.09-12.50.23:803][  0]LogHMD: Failed to initialize OpenVR with code 110
[2018.02.09-12.50.23:981][  0]LogStats: UGameplayTagsManager::ConstructGameplayTagTree: Construct from data asset -  0.000 s
[2018.02.09-12.50.23:981][  0]LogStats: UGameplayTagsManager::ConstructGameplayTagTree: GameplayTagTreeChangedEvent.Broadcast -  0.000 s
[2018.02.09-12.50.24:311][  0]LogAIModule: Creating AISystem for world Untitled
[2018.02.09-12.50.24:319][  0]LogInit: XAudio2 using 'Speakers (Realtek High Definition Audio)' : 6 channels at 48 kHz using 32 bits per sample (channel mask 0x3f)
[2018.02.09-12.50.24:331][  0]LogInit: FAudioDevice initialized.
[2018.02.09-12.50.24:371][  0]LogDerivedDataCache: Saved boot cache 0.04s 90MB C:/Users/u1459276/AppData/Local/UnrealEngine/4.16/DerivedDataCache/Boot.ddc.
[2018.02.09-12.50.24:380][  0]LogInit: Texture streaming: Enabled
[2018.02.09-12.50.24:643][  0]LogEngineSessionManager: EngineSessionManager initialized
[2018.02.09-12.50.25:214][  0]LogInit: Transaction tracking system initialized
[2018.02.09-12.50.26:109][  0]BlueprintLog: New page: Editor Load
[2018.02.09-12.50.28:725][  0]LocalizationService: Info Localization service is disabled
[2018.02.09-12.50.30:508][  0]LogConsoleResponse:Display: 
[2018.02.09-12.50.30:687][  0]LogCook:Display: Max memory allowance for cook 16384mb min free memory 0mb
[2018.02.09-12.50.30:687][  0]LogCook:Display: Mobile HDR setting 1
[2018.02.09-12.50.31:379][  0]LogFileCache: Scanning file cache for directory 'H:/Team Project/TeamProject/Survival/Content/' took 0.02s
[2018.02.09-12.50.33:366][  0]SourceControl: Info Source control is disabled
[2018.02.09-12.50.33:366][  0]Cmd: MAP LOAD FILE="H:/Team Project/TeamProject/Survival/Content/ThirdPersonBP/Maps/ThirdPersonExampleMap.umap" TEMPLATE=0 SHOWPROGRESS=1 FEATURELEVEL=3
[2018.02.09-12.50.33:367][  0]LightingResults: New page: Lighting Build
[2018.02.09-12.50.33:488][  0]MapCheck: New page: Map Check
[2018.02.09-12.50.33:488][  0]LightingResults: New page: Lighting Build
[2018.02.09-12.50.34:317][  0]LogAIModule: Creating AISystem for world ThirdPersonExampleMap
[2018.02.09-12.50.34:340][  0]LogEditorServer: Finished looking for orphan Actors (0.000 secs)
[2018.02.09-12.50.34:356][  0]Cmd: MAP CHECKDEP NOCLEARLOG
[2018.02.09-12.50.34:467][  0]MapCheck: Info Map check complete: 0 Error(s), 0 Warning(s), took 110.703ms to complete.
[2018.02.09-12.50.34:467][  0]LogFileHelpers: Loading map 'ThirdPersonExampleMap' took 1.101
[2018.02.09-12.50.34:523][  0]LogWindowsTextInputMethodSystem:Display: IME system now deactivated.
[2018.02.09-12.50.34:664][  0]LogCollectionManager: Loaded 0 collections in 0.002599 seconds
[2018.02.09-12.50.34:819][  0]LogFileCache: Scanning file cache for directory 'H:/Team Project/TeamProject/Survival/Saved/Collections/' took 0.01s
[2018.02.09-12.50.34:819][  0]LogFileCache: Scanning file cache for directory 'H:/Team Project/TeamProject/Survival/Content/Developers/u1459276/Collections/' took 0.01s
[2018.02.09-12.50.34:819][  0]LogFileCache: Scanning file cache for directory 'H:/Team Project/TeamProject/Survival/Content/Collections/' took 0.01s
[2018.02.09-12.50.34:819][  0]LogCollectionManager: Rebuilt the GUID cache for 0 collections in 0.000002 seconds
[2018.02.09-12.50.34:828][  0]LogContentBrowser: Native class hierarchy populated in 0.0092 seconds. Added 2329 classes and 491 folders.
[2018.02.09-12.50.35:017][  0]LogContentBrowser: Native class hierarchy updated for 'WidgetCarousel' in 0.0008 seconds. Added 0 classes and 0 folders.
[2018.02.09-12.50.35:077][  0]LogContentBrowser: Native class hierarchy updated for 'AddContentDialog' in 0.0008 seconds. Added 0 classes and 0 folders.
[2018.02.09-12.50.35:195][  0]LogContentBrowser: Native class hierarchy updated for 'SceneOutliner' in 0.0006 seconds. Added 1 classes and 2 folders.
[2018.02.09-12.50.35:288][  0]LogCrashTracker: Crashtracker disabled due to settings.
[2018.02.09-12.50.35:292][  0]LogSlate: Took 0.000396 seconds to synchronously load lazily loaded font '../../../Engine/Content/Slate/Fonts/Roboto-Regular.ttf' (155K)
[2018.02.09-12.50.35:294][  0]LogSlate: Took 0.000334 seconds to synchronously load lazily loaded font '../../../Engine/Content/Slate/Fonts/Roboto-Bold.ttf' (160K)
[2018.02.09-12.50.35:299][  0]LogSlate: Took 0.000435 seconds to synchronously load lazily loaded font '../../../Engine/Content/Editor/Slate/Fonts/FontAwesome.ttf' (139K)
[2018.02.09-12.50.35:397][  0]LogRenderer: Reallocating scene render targets to support 1208x652 NumSamples 1 (Frame:1).
[2018.02.09-12.50.35:681][  0]LogContentBrowser: Native class hierarchy updated for 'HierarchicalLODOutliner' in 0.0013 seconds. Added 1 classes and 2 folders.
[2018.02.09-12.50.35:682][  0]LogLoad: (Engine Initialization) Total time: 34.75 seconds
[2018.02.09-12.50.35:682][  0]LogLoad: (Engine Initialization) Total Blueprint compile time: 0.26 seconds
[2018.02.09-12.50.35:682][  0]LogExternalProfiler: Found external profiler: VSPerf
[2018.02.09-12.50.35:682][  0]LogExternalProfiler: Using external profiler: VSPerf
[2018.02.09-12.50.35:691][  0]LogOcInput: OculusInput pre-init called
[2018.02.09-12.50.35:691][  0]LogHMD: Starting GearVRController plugin
[2018.02.09-12.50.35:740][  0]LogDirectoryWatcher: A directory notification failed for 'H:/Team Project/TeamProject/Survival/Content/' because it was empty or there was a buffer overflow. Attemping another request...
[2018.02.09-12.50.35:740][  0]LogDirectoryWatcher: A directory notification failed for 'H:/Team Project/TeamProject/Survival/Content/', and we were unable to create a new request.
[2018.02.09-12.50.35:740][  0]LogDirectoryWatcher: A directory notification failed for 'H:/Team Project/TeamProject/Survival/Saved/Collections/' because it was empty or there was a buffer overflow. Attemping another request...
[2018.02.09-12.50.35:741][  0]LogDirectoryWatcher: A directory notification failed for 'H:/Team Project/TeamProject/Survival/Content/Developers/u1459276/Collections/' because it was empty or there was a buffer overflow. Attemping another request...
[2018.02.09-12.50.35:741][  0]LogDirectoryWatcher: A directory notification failed for 'H:/Team Project/TeamProject/Survival/Content/Collections/' because it was empty or there was a buffer overflow. Attemping another request...
[2018.02.09-12.50.35:743][  0]LogContentStreaming: Texture pool size now 1000 MB
[2018.02.09-12.50.35:797][  0]LogSlate: Took 0.000480 seconds to synchronously load lazily loaded font '../../../Engine/Content/Slate/Fonts/Roboto-Light.ttf' (159K)
[2018.02.09-12.50.35:817][  1]LogFileCache: Retrieving MD5 hashes for directory 'H:/Team Project/TeamProject/Survival/Content/' took 0.11s
[2018.02.09-12.50.35:837][  1]LogAssetRegistry: Asset discovery search completed in 23.0504 seconds
[2018.02.09-12.50.35:839][  1]LogCollectionManager: Rebuilt the object cache for 0 collections in 0.000001 seconds (found 0 objects)
[2018.02.09-12.50.35:839][  1]LogCollectionManager: Fixed up redirectors for 0 collections in 0.000034 seconds (updated 0 objects)
[2018.02.09-12.50.35:839][  1]LogDirectoryWatcher: A directory notification failed for 'H:/Team Project/TeamProject/Survival/Saved/Collections/' because it was empty or there was a buffer overflow. Attemping another request...
[2018.02.09-12.50.35:840][  1]LogDirectoryWatcher: A directory notification failed for 'H:/Team Project/TeamProject/Survival/Saved/Collections/', and we were unable to create a new request.
[2018.02.09-12.50.35:840][  1]LogDirectoryWatcher: A directory notification failed for 'H:/Team Project/TeamProject/Survival/Content/Developers/u1459276/Collections/' because it was empty or there was a buffer overflow. Attemping another request...
[2018.02.09-12.50.35:840][  1]LogDirectoryWatcher: A directory notification failed for 'H:/Team Project/TeamProject/Survival/Content/Developers/u1459276/Collections/', and we were unable to create a new request.
[2018.02.09-12.50.35:840][  1]LogDirectoryWatcher: A directory notification failed for 'H:/Team Project/TeamProject/Survival/Content/Collections/' because it was empty or there was a buffer overflow. Attemping another request...
[2018.02.09-12.50.35:840][  1]LogDirectoryWatcher: A directory notification failed for 'H:/Team Project/TeamProject/Survival/Content/Collections/', and we were unable to create a new request.
[2018.02.09-12.50.38:703][314]LogSlate: Took 0.000417 seconds to synchronously load lazily loaded font '../../../Engine/Content/Slate/Fonts/Roboto-Light.ttf' (159K)
[2018.02.09-12.51.21:739][128]LogSlate: Took 0.000399 seconds to synchronously load lazily loaded font '../../../Engine/Content/Slate/Fonts/Roboto-Light.ttf' (159K)
[2018.02.09-12.51.24:593][128]Cmd: OBJ SAVEPACKAGE PACKAGE="/Game/blockoutLevel" FILE="H:/Team Project/TeamProject/Survival/Content/blockoutLevel.umap" SILENT=true AUTOSAVING=false KEEPDIRTY=false
[2018.02.09-12.51.24:663][128]LogSavePackage: Save=55.96ms
[2018.02.09-12.51.24:663][128]LogSavePackage: Moving 'H:/Team Project/TeamProject/Survival/Saved/blockoutLevel05B5B96E4D30F8E9592C40859563A6B9.tmp' to 'H:/Team Project/TeamProject/Survival/Content/blockoutLevel.umap'
[2018.02.09-12.51.24:677][128]LogSavePackage:Display: Finished SavePackage H:/Team Project/TeamProject/Survival/Content/blockoutLevel.umap
[2018.02.09-12.51.24:677][128]LogFileHelpers: Saving map 'blockoutLevel' took 0.210
[2018.02.09-12.51.24:682][128]LogSlate: Took 0.000394 seconds to synchronously load lazily loaded font '../../../Engine/Content/Slate/Fonts/Roboto-Regular.ttf' (155K)
[2018.02.09-12.51.24:687][128]Cmd: MAP LOAD FILE="H:/Team Project/TeamProject/Survival/Content/blockoutLevel.umap" TEMPLATE=0 SHOWPROGRESS=1 FEATURELEVEL=3
[2018.02.09-12.51.24:688][128]LightingResults: New page: Lighting Build
[2018.02.09-12.51.24:688][128]LoadErrors: New page: Loading map: blockoutLevel.umap
[2018.02.09-12.51.24:689][128]MapCheck: New page: Map Check
[2018.02.09-12.51.24:689][128]LightingResults: New page: Lighting Build
[2018.02.09-12.51.24:700][128]LogEditorServer: Finished looking for orphan Actors (0.000 secs)
[2018.02.09-12.51.24:701][128]LogAIModule: Creating AISystem for world blockoutLevel
[2018.02.09-12.51.24:740][128]Cmd: MAP CHECKDEP NOCLEARLOG
[2018.02.09-12.51.24:851][128]MapCheck: Info Map check complete: 0 Error(s), 0 Warning(s), took 110.698ms to complete.
[2018.02.09-12.51.24:851][128]LogFileHelpers: Loading map 'blockoutLevel' took 0.165
