Log file open, 02/14/18 18:47:23
LogWindows: Failed to load 'aqProf.dll' (GetLastError=126)
LogWindows: File 'aqProf.dll' does not exist
LogWindows: Failed to load 'VSPerf140.dll' (GetLastError=126)
LogWindows: File 'VSPerf140.dll' does not exist
LogWindows: Failed to load 'VtuneApi.dll' (GetLastError=126)
LogWindows: File 'VtuneApi.dll' does not exist
LogWindows: Failed to load 'VtuneApi32e.dll' (GetLastError=126)
LogWindows: File 'VtuneApi32e.dll' does not exist
LogInit: Display: Running engine for game: Survival
LogPlatformFile: Not using cached read wrapper
LogInit: Display: RandInit(-724806510) SRandInit(-724806510).
LogInit: Read version file with build ID '3709383'
LogInit: Overriding engine version to CL 3832480, compatible CL 3709383
LogInit: Registered custom module enumerator with build ID '3709383'
LogTaskGraph: Started task graph with 5 named threads and 14 total threads with 3 sets of task threads.
LogStats: Stats thread started at 0.236421
LogD3D11RHI: Aftermath initialized
LogModuleManager: Display: Found up-to-date module file ../../../Engine/Plugins/2D/Paper2D/Binaries/Win64/UE4Editor-Paper2D.dll (API version 3709383).
LogModuleManager: Display: Found up-to-date module file ../../../Engine/Plugins/2D/Paper2D/Binaries/Win64/UE4Editor-Paper2DEditor.dll (API version 3709383).
LogModuleManager: Display: Found up-to-date module file ../../../Engine/Plugins/2D/Paper2D/Binaries/Win64/UE4Editor-PaperSpriteSheetImporter.dll (API version 3709383).
LogModuleManager: Display: Found up-to-date module file ../../../Engine/Plugins/2D/Paper2D/Binaries/Win64/UE4Editor-PaperTiledImporter.dll (API version 3709383).
LogModuleManager: Display: Found up-to-date module file ../../../Engine/Plugins/2D/Paper2D/Binaries/Win64/UE4Editor-SmartSnapping.dll (API version 3709383).
LogModuleManager: Display: Found up-to-date module file ../../../Engine/Plugins/Blendables/LightPropagationVolume/Binaries/Win64/UE4Editor-LightPropagationVolumeRuntime.dll (API version 3709383).
LogModuleManager: Display: Found up-to-date module file ../../../Engine/Plugins/Blendables/LightPropagationVolume/Binaries/Win64/UE4Editor-LightPropagationVolumeEditor.dll (API version 3709383).
LogModuleManager: Display: Found up-to-date module file ../../../Engine/Plugins/Developer/GitSourceControl/Binaries/Win64/UE4Editor-GitSourceControl.dll (API version 3709383).
LogModuleManager: Display: Found up-to-date module file ../../../Engine/Plugins/Developer/PerforceSourceControl/Binaries/Win64/UE4Editor-PerforceSourceControl.dll (API version 3709383).
LogModuleManager: Display: Found up-to-date module file ../../../Engine/Plugins/Developer/SubversionSourceControl/Binaries/Win64/UE4Editor-SubversionSourceControl.dll (API version 3709383).
LogModuleManager: Display: Found up-to-date module file ../../../Engine/Plugins/Developer/UObjectPlugin/Binaries/Win64/UE4Editor-UObjectPlugin.dll (API version 3709383).
LogModuleManager: Display: Found up-to-date module file ../../../Engine/Plugins/Developer/VisualStudioCodeSourceCodeAccess/Binaries/Win64/UE4Editor-VisualStudioCodeSourceCodeAccess.dll (API version 3709383).
LogModuleManager: Display: Found up-to-date module file ../../../Engine/Plugins/Developer/VisualStudioSourceCodeAccess/Binaries/Win64/UE4Editor-VisualStudioSourceCodeAccess.dll (API version 3709383).
LogModuleManager: Display: Found up-to-date module file ../../../Engine/Plugins/Editor/AssetManagerEditor/Binaries/Win64/UE4Editor-AssetManagerEditor.dll (API version 3709383).
LogModuleManager: Display: Found up-to-date module file ../../../Engine/Plugins/Editor/AudioCapture/Binaries/Win64/UE4Editor-AudioCapture.dll (API version 3709383).
LogModuleManager: Display: Found up-to-date module file ../../../Engine/Plugins/Editor/FacialAnimation/Binaries/Win64/UE4Editor-FacialAnimation.dll (API version 3709383).
LogModuleManager: Display: Found up-to-date module file ../../../Engine/Plugins/Editor/FacialAnimation/Binaries/Win64/UE4Editor-FacialAnimationEditor.dll (API version 3709383).
LogModuleManager: Display: Found up-to-date module file ../../../Engine/Plugins/Editor/GameplayTagsEditor/Binaries/Win64/UE4Editor-GameplayTagsEditor.dll (API version 3709383).
LogModuleManager: Display: Found up-to-date module file ../../../Engine/Plugins/Editor/MobileLauncherProfileWizard/Binaries/Win64/UE4Editor-MobileLauncherProfileWizard.dll (API version 3709383).
LogModuleManager: Display: Found up-to-date module file ../../../Engine/Plugins/Editor/PluginBrowser/Binaries/Win64/UE4Editor-PluginBrowser.dll (API version 3709383).
LogModuleManager: Display: Found up-to-date module file ../../../Engine/Plugins/Editor/SpeedTreeImporter/Binaries/Win64/UE4Editor-SpeedTreeImporter.dll (API version 3709383).
LogModuleManager: Display: Found up-to-date module file ../../../Engine/Plugins/Experimental/AlembicImporter/Binaries/Win64/UE4Editor-AlembicImporter.dll (API version 3709383).
LogModuleManager: Display: Found up-to-date module file ../../../Engine/Plugins/Experimental/AlembicImporter/Binaries/Win64/UE4Editor-AlembicLibrary.dll (API version 3709383).
LogModuleManager: Display: Found up-to-date module file ../../../Engine/Plugins/Experimental/CharacterAI/Binaries/Win64/UE4Editor-CharacterAI.dll (API version 3709383).
LogModuleManager: Display: Found up-to-date module file ../../../Engine/Plugins/Experimental/HTML5Networking/Binaries/Win64/UE4Editor-HTML5Networking.dll (API version 3709383).
LogModuleManager: Display: Found up-to-date module file ../../../Engine/Plugins/Media/AndroidMedia/Binaries/Win64/UE4Editor-AndroidMediaEditor.dll (API version 3709383).
LogModuleManager: Display: Found up-to-date module file ../../../Engine/Plugins/Media/AndroidMedia/Binaries/Win64/UE4Editor-AndroidMediaFactory.dll (API version 3709383).
LogModuleManager: Display: Found up-to-date module file ../../../Engine/Plugins/Media/AvfMedia/Binaries/Win64/UE4Editor-AvfMediaEditor.dll (API version 3709383).
LogModuleManager: Display: Found up-to-date module file ../../../Engine/Plugins/Media/AvfMedia/Binaries/Win64/UE4Editor-AvfMediaFactory.dll (API version 3709383).
LogModuleManager: Display: Found up-to-date module file ../../../Engine/Plugins/Media/AvfMedia/Binaries/Win64/UE4Editor-AvfMediaFactory.dll (API version 3709383).
LogModuleManager: Display: Found up-to-date module file ../../../Engine/Plugins/Media/ImgMedia/Binaries/Win64/UE4Editor-ImgMedia.dll (API version 3709383).
LogModuleManager: Display: Found up-to-date module file ../../../Engine/Plugins/Media/ImgMedia/Binaries/Win64/UE4Editor-ImgMediaEditor.dll (API version 3709383).
LogModuleManager: Display: Found up-to-date module file ../../../Engine/Plugins/Media/ImgMedia/Binaries/Win64/UE4Editor-ImgMediaFactory.dll (API version 3709383).
LogModuleManager: Display: Found up-to-date module file ../../../Engine/Plugins/Media/ImgMedia/Binaries/Win64/UE4Editor-ImgMediaFactory.dll (API version 3709383).
LogModuleManager: Display: Found up-to-date module file ../../../Engine/Plugins/Media/ImgMedia/Binaries/Win64/UE4Editor-OpenExrWrapper.dll (API version 3709383).
LogModuleManager: Display: Found up-to-date module file ../../../Engine/Plugins/Media/MediaCompositing/Binaries/Win64/UE4Editor-MediaCompositing.dll (API version 3709383).
LogModuleManager: Display: Found up-to-date module file ../../../Engine/Plugins/Media/MediaCompositing/Binaries/Win64/UE4Editor-MediaCompositingEditor.dll (API version 3709383).
LogModuleManager: Display: Found up-to-date module file ../../../Engine/Plugins/Media/MediaPlayerEditor/Binaries/Win64/UE4Editor-MediaPlayerEditor.dll (API version 3709383).
LogModuleManager: Display: Found up-to-date module file ../../../Engine/Plugins/Media/WmfMedia/Binaries/Win64/UE4Editor-WmfMedia.dll (API version 3709383).
LogModuleManager: Display: Found up-to-date module file ../../../Engine/Plugins/Media/WmfMedia/Binaries/Win64/UE4Editor-WmfMediaEditor.dll (API version 3709383).
LogModuleManager: Display: Found up-to-date module file ../../../Engine/Plugins/Media/WmfMedia/Binaries/Win64/UE4Editor-WmfMediaFactory.dll (API version 3709383).
LogModuleManager: Display: Found up-to-date module file ../../../Engine/Plugins/Media/WmfMedia/Binaries/Win64/UE4Editor-WmfMediaFactory.dll (API version 3709383).
LogModuleManager: Display: Found up-to-date module file ../../../Engine/Plugins/Messaging/TcpMessaging/Binaries/Win64/UE4Editor-TcpMessaging.dll (API version 3709383).
LogModuleManager: Display: Found up-to-date module file ../../../Engine/Plugins/Messaging/UdpMessaging/Binaries/Win64/UE4Editor-UdpMessaging.dll (API version 3709383).
LogModuleManager: Display: Found up-to-date module file ../../../Engine/Plugins/MovieScene/ActorSequence/Binaries/Win64/UE4Editor-ActorSequence.dll (API version 3709383).
LogModuleManager: Display: Found up-to-date module file ../../../Engine/Plugins/MovieScene/LevelSequenceEditor/Binaries/Win64/UE4Editor-LevelSequenceEditor.dll (API version 3709383).
LogModuleManager: Display: Found up-to-date module file ../../../Engine/Plugins/MovieScene/MatineeToLevelSequence/Binaries/Win64/UE4Editor-MatineeToLevelSequence.dll (API version 3709383).
LogModuleManager: Display: Found up-to-date module file ../../../Engine/Plugins/Online/OnlineSubsystem/Binaries/Win64/UE4Editor-OnlineSubsystem.dll (API version 3709383).
LogModuleManager: Display: Found up-to-date module file ../../../Engine/Plugins/Runtime/AndroidPermission/Binaries/Win64/UE4Editor-AndroidPermission.dll (API version 3709383).
LogModuleManager: Display: Found up-to-date module file ../../../Engine/Plugins/Online/OnlineSubsystemNull/Binaries/Win64/UE4Editor-OnlineSubsystemNull.dll (API version 3709383).
LogModuleManager: Display: Found up-to-date module file ../../../Engine/Plugins/Online/OnlineSubsystemUtils/Binaries/Win64/UE4Editor-OnlineSubsystemUtils.dll (API version 3709383).
LogModuleManager: Display: Found up-to-date module file ../../../Engine/Plugins/Online/OnlineSubsystemUtils/Binaries/Win64/UE4Editor-OnlineBlueprintSupport.dll (API version 3709383).
LogModuleManager: Display: Found up-to-date module file ../../../Engine/Plugins/Runtime/AndroidDeviceProfileSelector/Binaries/Win64/UE4Editor-AndroidDeviceProfileSelector.dll (API version 3709383).
LogModuleManager: Display: Found up-to-date module file ../../../Engine/Plugins/Runtime/AppleARKit/Binaries/Win64/UE4Editor-AppleARKit.dll (API version 3709383).
LogModuleManager: Display: Found up-to-date module file ../../../Engine/Plugins/Runtime/ArchVisCharacter/Binaries/Win64/UE4Editor-ArchVisCharacter.dll (API version 3709383).
LogModuleManager: Display: Found up-to-date module file ../../../Engine/Plugins/Runtime/CableComponent/Binaries/Win64/UE4Editor-CableComponent.dll (API version 3709383).
LogModuleManager: Display: Found up-to-date module file ../../../Engine/Plugins/Runtime/CustomMeshComponent/Binaries/Win64/UE4Editor-CustomMeshComponent.dll (API version 3709383).
LogModuleManager: Display: Found up-to-date module file ../../../Engine/Plugins/Runtime/ExampleDeviceProfileSelector/Binaries/Win64/UE4Editor-ExampleDeviceProfileSelector.dll (API version 3709383).
LogModuleManager: Display: Found up-to-date module file ../../../Engine/Plugins/Runtime/ImmediatePhysics/Binaries/Win64/UE4Editor-ImmediatePhysics.dll (API version 3709383).
LogModuleManager: Display: Found up-to-date module file ../../../Engine/Plugins/Runtime/ImmediatePhysics/Binaries/Win64/UE4Editor-ImmediatePhysicsEditor.dll (API version 3709383).
LogModuleManager: Display: Found up-to-date module file ../../../Engine/Plugins/Runtime/LocationServicesBPLibrary/Binaries/Win64/UE4Editor-LocationServicesBPLibrary.dll (API version 3709383).
LogModuleManager: Display: Found up-to-date module file ../../../Engine/Plugins/Runtime/MobilePatchingUtils/Binaries/Win64/UE4Editor-MobilePatchingUtils.dll (API version 3709383).
LogModuleManager: Display: Found up-to-date module file ../../../Engine/Plugins/Runtime/Oculus/OculusVR/Binaries/Win64/UE4Editor-OculusHMD.dll (API version 3709383).
LogModuleManager: Display: Found up-to-date module file ../../../Engine/Plugins/Runtime/Oculus/OculusVR/Binaries/Win64/UE4Editor-OculusInput.dll (API version 3709383).
LogModuleManager: Display: Found up-to-date module file ../../../Engine/Plugins/Runtime/Oculus/OculusVR/Binaries/Win64/UE4Editor-OculusEditor.dll (API version 3709383).
LogModuleManager: Display: Found up-to-date module file ../../../Engine/Plugins/Runtime/PhysXVehicles/Binaries/Win64/UE4Editor-PhysXVehicles.dll (API version 3709383).
LogModuleManager: Display: Found up-to-date module file ../../../Engine/Plugins/Runtime/PhysXVehicles/Binaries/Win64/UE4Editor-PhysXVehiclesEditor.dll (API version 3709383).
LogModuleManager: Display: Found up-to-date module file ../../../Engine/Plugins/Runtime/ProceduralMeshComponent/Binaries/Win64/UE4Editor-ProceduralMeshComponent.dll (API version 3709383).
LogModuleManager: Display: Found up-to-date module file ../../../Engine/Plugins/Runtime/ProceduralMeshComponent/Binaries/Win64/UE4Editor-ProceduralMeshComponentEditor.dll (API version 3709383).
LogModuleManager: Display: Found up-to-date module file ../../../Engine/Plugins/Runtime/RuntimePhysXCooking/Binaries/Win64/UE4Editor-RuntimePhysXCooking.dll (API version 3709383).
LogModuleManager: Display: Found up-to-date module file ../../../Engine/Plugins/Runtime/Steam/SteamVR/Binaries/Win64/UE4Editor-SteamVR.dll (API version 3709383).
LogModuleManager: Display: Found up-to-date module file ../../../Engine/Plugins/Runtime/Steam/SteamVR/Binaries/Win64/UE4Editor-SteamVRController.dll (API version 3709383).
LogModuleManager: Display: Found up-to-date module file ../../../Engine/Plugins/Runtime/WindowsMoviePlayer/Binaries/Win64/UE4Editor-WindowsMoviePlayer.dll (API version 3709383).
LogPluginManager: Mounting plugin Paper2D
LogPluginManager: Mounting plugin LightPropagationVolume
LogPluginManager: Mounting plugin CodeLiteSourceCodeAccess
LogPluginManager: Mounting plugin GitSourceControl
LogPluginManager: Mounting plugin KDevelopSourceCodeAccess
LogPluginManager: Mounting plugin NullSourceCodeAccess
LogPluginManager: Mounting plugin PerforceSourceControl
LogPluginManager: Mounting plugin SubversionSourceControl
LogPluginManager: Mounting plugin UObjectPlugin
LogPluginManager: Mounting plugin VisualStudioCodeSourceCodeAccess
LogPluginManager: Mounting plugin VisualStudioSourceCodeAccess
LogPluginManager: Mounting plugin XCodeSourceCodeAccess
LogPluginManager: Mounting plugin AssetManagerEditor
LogPluginManager: Mounting plugin AudioCapture
LogPluginManager: Mounting plugin FacialAnimation
LogPluginManager: Mounting plugin GameplayTagsEditor
LogPluginManager: Mounting plugin MobileLauncherProfileWizard
LogPluginManager: Mounting plugin PluginBrowser
LogPluginManager: Mounting plugin SpeedTreeImporter
LogPluginManager: Mounting plugin AlembicImporter
LogPluginManager: Mounting plugin CharacterAI
LogPluginManager: Mounting plugin HTML5Networking
LogPluginManager: Mounting plugin AndroidMedia
LogPluginManager: Mounting plugin AvfMedia
LogPluginManager: Mounting plugin ImgMedia
LogPluginManager: Mounting plugin MediaCompositing
LogPluginManager: Mounting plugin MediaPlayerEditor
LogPluginManager: Mounting plugin WmfMedia
LogPluginManager: Mounting plugin TcpMessaging
LogPluginManager: Mounting plugin UdpMessaging
LogPluginManager: Mounting plugin ActorSequence
LogPluginManager: Mounting plugin LevelSequenceEditor
LogPluginManager: Mounting plugin MatineeToLevelSequence
LogPluginManager: Mounting plugin OnlineSubsystemGooglePlay
LogPluginManager: Mounting plugin OnlineSubsystemIOS
LogPluginManager: Mounting plugin OnlineSubsystem
LogPluginManager: Mounting plugin OnlineSubsystemNull
LogPluginManager: Mounting plugin OnlineSubsystemUtils
LogPluginManager: Mounting plugin AndroidDeviceProfileSelector
LogPluginManager: Mounting plugin AndroidMoviePlayer
LogPluginManager: Mounting plugin AndroidPermission
LogPluginManager: Mounting plugin AppleARKit
LogPluginManager: Mounting plugin AppleMoviePlayer
LogPluginManager: Mounting plugin ArchVisCharacter
LogPluginManager: Mounting plugin CableComponent
LogPluginManager: Mounting plugin CustomMeshComponent
LogPluginManager: Mounting plugin ExampleDeviceProfileSelector
LogPluginManager: Mounting plugin GoogleCloudMessaging
LogPluginManager: Mounting plugin ImmediatePhysics
LogPluginManager: Mounting plugin IOSDeviceProfileSelector
LogPluginManager: Mounting plugin LinuxDeviceProfileSelector
LogPluginManager: Mounting plugin LocationServicesBPLibrary
LogPluginManager: Mounting plugin MobilePatchingUtils
LogPluginManager: Mounting plugin OculusVR
LogPluginManager: Plugin shader directory ../../../Engine/Plugins/Runtime/Oculus/OculusVR/Shaders found
LogPluginManager: Mapping shader source directory ../../../Engine/Plugins/Runtime/Oculus/OculusVR/Shaders to virtual directory /Plugin/OculusVR
LogPluginManager: Mounting plugin PhysXVehicles
LogPluginManager: Mounting plugin ProceduralMeshComponent
LogPluginManager: Mounting plugin RuntimePhysXCooking
LogPluginManager: Mounting plugin SteamVR
LogPluginManager: Mounting plugin WindowsMoviePlayer
LogInit: Using libcurl 7.47.1
LogInit:  - built for x86_64-pc-win32
LogInit:  - supports SSL with OpenSSL/1.0.2g
LogInit:  - supports HTTP deflate (compression) using libz 1.2.8
LogInit:  - other features:
LogInit:      CURL_VERSION_SSL
LogInit:      CURL_VERSION_LIBZ
LogInit:      CURL_VERSION_IPV6
LogInit:      CURL_VERSION_ASYNCHDNS
LogInit:      CURL_VERSION_LARGEFILE
LogInit:      CURL_VERSION_IDN
LogInit:  CurlRequestOptions (configurable via config and command line):
LogInit:  - bVerifyPeer = false  - Libcurl will NOT verify peer certificate
LogInit:  - bUseHttpProxy = false  - Libcurl will NOT use HTTP proxy
LogInit:  - bDontReuseConnections = false  - Libcurl will reuse connections
LogInit:  - CertBundlePath = nullptr  - Libcurl will use whatever was configured at build time.
LogInit: Build: ++UE4+Release-4.18-CL-3832480
LogInit: Engine Version: 4.18.3-3832480+++UE4+Release-4.18
LogInit: Compatible Engine Version: 4.18.0-3709383+++UE4+Release-4.18
LogInit: Net CL: 3709383
LogDevObjectVersion: Number of dev versions registered: 16
LogDevObjectVersion:   Dev-Blueprints (B0D832E4-1F89-4F0D-ACCF-7EB736FD4AA2): 10
LogDevObjectVersion:   Dev-Build (E1C64328-A22C-4D53-A36C-8E866417BD8C): 0
LogDevObjectVersion:   Dev-Core (375EC13C-06E4-48FB-B500-84F0262A717E): 2
LogDevObjectVersion:   Dev-Editor (E4B068ED-F494-42E9-A231-DA0B2E46BB41): 20
LogDevObjectVersion:   Dev-Framework (CFFC743F-43B0-4480-9391-14DF171D2073): 30
LogDevObjectVersion:   Dev-Mobile (B02B49B5-BB20-44E9-A304-32B752E40360): 0
LogDevObjectVersion:   Dev-Networking (A4E4105C-59A1-49B5-A7C5-40C4547EDFEE): 0
LogDevObjectVersion:   Dev-Online (39C831C9-5AE6-47DC-9A44-9C173E1C8E7C): 0
LogDevObjectVersion:   Dev-Physics (78F01B33-EBEA-4F98-B9B4-84EACCB95AA2): 0
LogDevObjectVersion:   Dev-Platform (6631380F-2D4D-43E0-8009-CF276956A95A): 0
LogDevObjectVersion:   Dev-Rendering (12F88B9F-8875-4AFC-A67C-D90C383ABD29): 20
LogDevObjectVersion:   Dev-Sequencer (7B5AE74C-D270-4C10-A958-57980B212A5A): 4
LogDevObjectVersion:   Dev-VR (D7296918-1DD6-4BDD-9DE2-64A83CC13884): 0
LogDevObjectVersion:   Dev-LoadTimes (C2A15278-BFE7-4AFE-6C17-90FF531DF755): 1
LogDevObjectVersion:   Private-Geometry (6EACA3D4-40EC-4CC1-B786-8BED09428FC5): 1
LogDevObjectVersion:   Dev-AnimPhys (29E575DD-E0A3-4627-9D10-D276232CDCEA): 12
LogInit: Compiled (64-bit): Jan 12 2018 02:04:55
LogInit: Compiled with Visual C++: 19.00.24215.01
LogInit: Build Configuration: Development
LogInit: Branch Name: ++UE4+Release-4.18
LogInit: Command line:  
LogInit: Base directory: C:/Program Files/Epic Games/UE_4.18/Engine/Binaries/Win64/
LogInit: Installed Engine Build: 1
LogInit: Presizing for max 8388607 objects, including 0 objects not considered by GC, pre-allocating 0 bytes for permanent pool.
LogInit: Object subsystem initialized
[2018.02.14-18.47.30:252][  0]LogInit: Selected Device Profile: [Windows]
[2018.02.14-18.47.30:252][  0]LogInit: Applying CVar settings loaded from the selected device profile: [Windows]
[2018.02.14-18.47.30:329][  0]LogInit: Computer: MATTPC
[2018.02.14-18.47.30:329][  0]LogInit: User: MattParker
[2018.02.14-18.47.30:329][  0]LogInit: CPU Page size=4096, Cores=4
[2018.02.14-18.47.30:329][  0]LogInit: High frequency timer resolution =2.143632 MHz
[2018.02.14-18.47.30:330][  0]LogMemory: Memory total: Physical=7.9GB (8GB approx)
[2018.02.14-18.47.30:330][  0]LogMemory: Platform Memory Stats for Windows
[2018.02.14-18.47.30:330][  0]LogMemory: Process Physical Memory: 275.80 MB used, 275.80 MB peak
[2018.02.14-18.47.30:330][  0]LogMemory: Process Virtual Memory: 275.43 MB used, 275.43 MB peak
[2018.02.14-18.47.30:330][  0]LogMemory: Physical Memory: 5798.05 MB used,  2305.06 MB free, 8103.12 MB total
[2018.02.14-18.47.30:330][  0]LogMemory: Virtual Memory: 627.02 MB used,  2305.06 MB free, 8388608.00 MB total
[2018.02.14-18.47.31:139][  0]LogInit: Using OS detected language (en-GB).
[2018.02.14-18.47.31:139][  0]LogInit: Using OS detected locale (en-GB).
[2018.02.14-18.47.31:404][  0]LogTextLocalizationManager: No specific localization for 'en-GB' exists, so the 'en' localization will be used.
[2018.02.14-18.47.32:613][  0]LogWindows: Failed to load 'shcore.dll' (GetLastError=126)
[2018.02.14-18.47.32:613][  0]LogWindows: File 'shcore.dll' does not exist
[2018.02.14-18.47.32:613][  0]LogInit: Setting process to DPI aware
[2018.02.14-18.47.32:644][  0]LogWindows: Failed to load 'shcore.dll' (GetLastError=126)
[2018.02.14-18.47.32:644][  0]LogWindows: File 'shcore.dll' does not exist
[2018.02.14-18.47.32:644][  0]LogInit: Setting process to DPI aware
[2018.02.14-18.47.33:628][  0]LogD3D11RHI: D3D11 adapters:
[2018.02.14-18.47.33:706][  0]LogD3D11RHI:    0. 'NVIDIA GeForce GT 540M' (Feature Level 11_0)
[2018.02.14-18.47.33:706][  0]LogD3D11RHI:       1999/0/3795 MB DedicatedVideo/DedicatedSystem/SharedSystem, Outputs:1, VendorId:0x10de
[2018.02.14-18.47.33:832][  0]LogD3D11RHI:    1. 'NVIDIA GeForce GT 540M' (Feature Level 11_0)
[2018.02.14-18.47.33:832][  0]LogD3D11RHI:       1999/0/3795 MB DedicatedVideo/DedicatedSystem/SharedSystem, Outputs:0, VendorId:0x10de
[2018.02.14-18.47.33:832][  0]LogD3D11RHI: Chosen D3D11 Adapter: 0
[2018.02.14-18.47.34:954][  0]LogD3D11RHI: Creating new Direct3DDevice
[2018.02.14-18.47.34:954][  0]LogD3D11RHI:     GPU DeviceId: 0xdf4 (for the marketing name, search the web for "GPU Device Id")
[2018.02.14-18.47.34:954][  0]LogWindows: EnumDisplayDevices:
[2018.02.14-18.47.34:955][  0]LogWindows:    0. 'Intel(R) HD Graphics Family' (P:1 D:1)
[2018.02.14-18.47.34:956][  0]LogWindows:    1. 'Intel(R) HD Graphics Family' (P:0 D:0)
[2018.02.14-18.47.34:957][  0]LogWindows:    2. 'NVIDIA GeForce GT 540M' (P:0 D:0)
[2018.02.14-18.47.34:958][  0]LogWindows:    3. 'RDPDD Chained DD' (P:0 D:0)
[2018.02.14-18.47.34:959][  0]LogWindows:    4. 'RDP Encoder Mirror Driver' (P:0 D:0)
[2018.02.14-18.47.34:960][  0]LogWindows:    5. 'RDP Reflector Display Driver' (P:0 D:0)
[2018.02.14-18.47.34:961][  0]LogWindows: DebugString: PrimaryIsNotTheChoosenAdapter PrimaryIsNotTheChoosenAdapter GetVideoDriverDetailsInvalid PrimaryIsNotTheChoosenAdapter GetVideoDriverDetailsInvalid PrimaryIsNotTheChoosenAdapter GetVideoDriverDetailsInvalid PrimaryIsNotTheChoosenAdapter 
[2018.02.14-18.47.34:961][  0]LogD3D11RHI:     Adapter Name: NVIDIA GeForce GT 540M
[2018.02.14-18.47.34:961][  0]LogD3D11RHI:   Driver Version: 376.54 (internal:21.21.13.7654, unified:376.54)
[2018.02.14-18.47.34:961][  0]LogD3D11RHI:      Driver Date: 12-29-2016
[2018.02.14-18.47.34:961][  0]LogRHI: Texture pool is 1399 MB (70% of 1999 MB)
[2018.02.14-18.47.35:022][  0]LogD3D11RHI: Display: Timestamp queries are currently disabled on this hardware due to instability. Realtime GPU stats will not be available. You can override this behaviour by setting r.NVIDIATimestampWorkaround to 0
[2018.02.14-18.47.35:022][  0]LogD3D11RHI: Async texture creation enabled
[2018.02.14-18.47.35:049][  0]LogD3D11RHI: GPU Timing Frequency: 1000.000000 (Debug: 2 2)
[2018.02.14-18.47.35:051][  0]LogShaderCompilers: Guid format shader working directory is -73 characters bigger than the processId version (../../../../../../Users/MattParker/Documents/Uni final year backup/Team Project (Games) Final year/TeamProject/Survival 4.18/Intermediate/Shaders/WorkingDirectory/7144/).
[2018.02.14-18.47.35:052][  0]LogShaderCompilers: Cleaned the shader compiler working directory 'C:/Users/MattParker/AppData/Local/Temp/UnrealShaderWorkingDir/A1937FCF4C3E6641019E2CB9E8B6DE6A/'.
[2018.02.14-18.47.35:052][  0]LogShaderCompilers: Display: Using Local Shader Compiler.
[2018.02.14-18.47.39:006][  0]LogTemp: Display: Loaded TP AllDesktopTargetPlatform
[2018.02.14-18.47.39:823][  0]LogTemp: Display: Loaded TP MacClientTargetPlatform
[2018.02.14-18.47.40:475][  0]LogTemp: Display: Loaded TP MacNoEditorTargetPlatform
[2018.02.14-18.47.40:902][  0]LogTemp: Display: Loaded TP MacServerTargetPlatform
[2018.02.14-18.47.41:168][  0]LogTemp: Display: Loaded TP MacTargetPlatform
[2018.02.14-18.47.41:375][  0]LogTemp: Display: Loaded TP WindowsClientTargetPlatform
[2018.02.14-18.47.41:612][  0]LogTemp: Display: Loaded TP WindowsNoEditorTargetPlatform
[2018.02.14-18.47.41:829][  0]LogTemp: Display: Loaded TP WindowsServerTargetPlatform
[2018.02.14-18.47.42:023][  0]LogTemp: Display: Loaded TP WindowsTargetPlatform
[2018.02.14-18.47.42:253][  0]LogTemp: Display: Loaded TP Android_ASTCTargetPlatform
[2018.02.14-18.47.42:463][  0]LogTemp: Display: Loaded TP Android_ATCTargetPlatform
[2018.02.14-18.47.42:669][  0]LogTemp: Display: Loaded TP Android_DXTTargetPlatform
[2018.02.14-18.47.42:801][  0]LogTemp: Display: Loaded TP Android_ETC1TargetPlatform
[2018.02.14-18.47.42:935][  0]LogTemp: Display: Loaded TP Android_ETC2TargetPlatform
[2018.02.14-18.47.43:204][  0]LogTemp: Display: Loaded TP Android_MultiTargetPlatform
[2018.02.14-18.47.43:204][  0]LogTemp: Display: Loaded TP Android_PVRTCTargetPlatform
[2018.02.14-18.47.43:337][  0]LogTemp: Display: Loaded TP AndroidTargetPlatform
[2018.02.14-18.47.43:447][  0]LogTemp: Display: Loaded TP HTML5TargetPlatform
[2018.02.14-18.47.43:638][  0]LogTemp: Display: Loaded TP IOSTargetPlatform
[2018.02.14-18.47.43:696][  0]LogTemp: Display: Loaded TP TVOSTargetPlatform
[2018.02.14-18.47.43:829][  0]LogTemp: Display: Loaded TP LinuxClientTargetPlatform
[2018.02.14-18.47.43:960][  0]LogTemp: Display: Loaded TP LinuxNoEditorTargetPlatform
[2018.02.14-18.47.44:094][  0]LogTemp: Display: Loaded TP LinuxServerTargetPlatform
[2018.02.14-18.47.44:226][  0]LogTemp: Display: Loaded TP LinuxTargetPlatform
[2018.02.14-18.47.44:226][  0]LogTargetPlatformManager: Display: Building Assets For Windows
[2018.02.14-18.47.45:287][  0]LogDerivedDataCache: Display: Max Cache Size: 512 MB
[2018.02.14-18.47.45:459][  0]LogDerivedDataCache: Loaded boot cache 0.17s 78MB C:/Users/MattParker/AppData/Local/UnrealEngine/4.18/DerivedDataCache/Boot.ddc.
[2018.02.14-18.47.45:459][  0]LogDerivedDataCache: Display: Loaded Boot cache: C:/Users/MattParker/AppData/Local/UnrealEngine/4.18/DerivedDataCache/Boot.ddc
[2018.02.14-18.47.45:459][  0]LogDerivedDataCache: FDerivedDataBackendGraph:  Pak pak cache file ../../../../../../Users/MattParker/Documents/Uni final year backup/Team Project (Games) Final year/TeamProject/Survival 4.18/DerivedDataCache/DDC.ddp not found, will not use a pak cache.
[2018.02.14-18.47.45:459][  0]LogDerivedDataCache: Unable to find inner node Pak for hierarchical cache Hierarchy.
[2018.02.14-18.47.45:459][  0]LogDerivedDataCache: FDerivedDataBackendGraph:  CompressedPak pak cache file ../../../../../../Users/MattParker/Documents/Uni final year backup/Team Project (Games) Final year/TeamProject/Survival 4.18/DerivedDataCache/Compressed.ddp not found, will not use a pak cache.
[2018.02.14-18.47.45:460][  0]LogDerivedDataCache: Unable to find inner node CompressedPak for hierarchical cache Hierarchy.
[2018.02.14-18.47.45:492][  0]LogDerivedDataCache: Display: Pak cache opened for reading ../../../Engine/DerivedDataCache/Compressed.ddp.
[2018.02.14-18.47.48:969][  0]LogDerivedDataCache: Using Local data cache path C:/Users/MattParker/AppData/Local/UnrealEngine/Common/DerivedDataCache: Writable
[2018.02.14-18.47.48:997][  0]LogMaterial: Verifying Global Shaders for PCD3D_SM5
[2018.02.14-18.47.48:998][  0]LogSlate: Using Freetype 2.6.0
[2018.02.14-18.47.48:999][  0]LogSlate: SlateFontCache - WITH_FREETYPE: 1, WITH_HARFBUZZ: 1
[2018.02.14-18.47.48:999][  0]LogSlate: SlateFontCache - WITH_FREETYPE: 1, WITH_HARFBUZZ: 1
[2018.02.14-18.47.49:921][  0]LogInit: Selected Device Profile: [Windows]
[2018.02.14-18.47.50:877][  0]LogSimplygon: Simplygon DLL not present - disabling.
[2018.02.14-18.47.50:990][  0]LogMeshReduction: Using SimplygonSwarm for distributed automatic mesh merging
[2018.02.14-18.47.50:990][  0]LogMeshReduction: Using QuadricMeshReduction for automatic static mesh reduction
[2018.02.14-18.47.50:990][  0]LogMeshReduction: No automatic skeletal mesh reduction module available
[2018.02.14-18.47.50:990][  0]LogMeshReduction: No automatic mesh merging module available
[2018.02.14-18.47.50:990][  0]LogMeshMerging: No automatic mesh merging module available
[2018.02.14-18.47.51:575][  0]LogNetVersion: Survival , NetCL: 3709383, EngineNetVer: 2, GameNetVer: 0 (Checksum: 2952244695)
[2018.02.14-18.47.51:898][  0]LogAssetRegistry: FAssetRegistry took 0.0288 seconds to start up
[2018.02.14-18.47.53:507][  0]LogPackageLocalizationCache: Processed 7 localized package path(s) for 2 prioritized culture(s) in 0.326657 seconds
[2018.02.14-18.47.54:683][  0]LogUObjectArray: 35870 objects as part of root set at end of initial load.
[2018.02.14-18.47.54:683][  0]LogUObjectAllocator: 7363704 out of 0 bytes used by permanent object pool.
[2018.02.14-18.47.54:683][  0]LogUObjectArray: CloseDisregardForGC: 0/0 objects in disregard for GC pool
[2018.02.14-18.47.54:793][  0]LogInit: WinSock: version 1.1 (2.2), MaxSocks=32767, MaxUdp=65467
[2018.02.14-18.48.02:544][  0]LogTcpMessaging: Initializing TcpMessaging bridge
[2018.02.14-18.48.02:617][  0]LogUdpMessaging: Initializing bridge on interface 0.0.0.0:0 to multicast group 230.0.0.1:6666.
[2018.02.14-18.48.05:200][  0]LogMaterial: Uniform references updated for custom material expression Custom.
[2018.02.14-18.48.06:870][  0]SourceControl: Source control is disabled
[2018.02.14-18.48.06:871][  0]SourceControl: Source control is disabled
[2018.02.14-18.48.07:112][  0]SourceControl: Source control is disabled
[2018.02.14-18.48.07:322][  0]SourceControl: Source control is disabled
[2018.02.14-18.48.11:370][  0]LogAndroidPermission: UAndroidPermissionCallbackProxy::GetInstance
[2018.02.14-18.48.12:453][  0]LogOcInput: OculusInput pre-init called
[2018.02.14-18.48.13:637][  0]LogEngine: Initializing Engine...
[2018.02.14-18.48.13:647][  0]LogHMD: Failed to initialize OpenVR with code 110
[2018.02.14-18.48.14:435][  0]LogStats: UGameplayTagsManager::ConstructGameplayTagTree: Construct from data asset -  0.000 s
[2018.02.14-18.48.14:436][  0]LogStats: UGameplayTagsManager::ConstructGameplayTagTree: GameplayTagTreeChangedEvent.Broadcast -  0.000 s
[2018.02.14-18.48.15:386][  0]LogAIModule: Creating AISystem for world Untitled
[2018.02.14-18.48.15:411][  0]LogInit: XAudio2 using 'Speakers (Realtek High Definition Audio)' : 2 channels at 48 kHz using 32 bits per sample (channel mask 0x3)
[2018.02.14-18.48.15:435][  0]LogInit: FAudioDevice initialized.
[2018.02.14-18.48.16:662][  0]LogDerivedDataCache: Saved boot cache 1.23s 78MB C:/Users/MattParker/AppData/Local/UnrealEngine/4.18/DerivedDataCache/Boot.ddc.
[2018.02.14-18.48.16:696][  0]LogInit: Texture streaming: Enabled
[2018.02.14-18.48.16:908][  0]LogEngineSessionManager: EngineSessionManager initialized
[2018.02.14-18.48.17:258][  0]LogInit: Transaction tracking system initialized
[2018.02.14-18.48.18:120][  0]BlueprintLog: New page: Editor Load
[2018.02.14-18.48.20:438][  0]LocalizationService: Localization service is disabled
[2018.02.14-18.48.22:367][  0]LogConsoleResponse: Display: 
[2018.02.14-18.48.23:426][  0]LogFileCache: Scanning file cache for directory 'C:/Users/MattParker/Documents/Uni final year backup/Team Project (Games) Final year/TeamProject/Survival 4.18/Content/' took 0.03s
[2018.02.14-18.48.23:426][  0]LogCook: Display: Max memory allowance for cook 16384mb min free memory 0mb
[2018.02.14-18.48.23:426][  0]LogCook: Display: Mobile HDR setting 1
[2018.02.14-18.48.23:437][  0]LogGameplayTags: Display: UGameplayTagsManager::DoneAddingNativeTags. DelegateIsBound: 0
[2018.02.14-18.51.46:784][  0]SourceControl: Source control is disabled
[2018.02.14-18.51.47:383][  0]LightingResults: New page: Lighting Build
[2018.02.14-18.51.48:289][  0]MapCheck: New page: Map Check
[2018.02.14-18.51.48:289][  0]LightingResults: New page: Lighting Build
[2018.02.14-18.52.48:166][  0]LogAIModule: Creating AISystem for world ThirdPersonExampleMap
[2018.02.14-18.53.01:969][  0]LogEditorServer: Finished looking for orphan Actors (0.001 secs)
[2018.02.14-18.53.04:080][  0]Cmd: MAP CHECKDEP NOCLEARLOG
[2018.02.14-18.53.04:810][  0]MapCheck: Map check complete: 0 Error(s), 0 Warning(s), took 729.485ms to complete.
[2018.02.14-18.53.04:810][  0]LogFileHelpers: Loading map 'ThirdPersonExampleMap' took 77.700
[2018.02.14-18.53.10:422][  0]LogCollectionManager: Loaded 0 collections in 0.002535 seconds
[2018.02.14-18.53.11:665][  0]LogFileCache: Scanning file cache for directory 'C:/Users/MattParker/Documents/Uni final year backup/Team Project (Games) Final year/TeamProject/Survival 4.18/Saved/Collections/' took 0.01s
[2018.02.14-18.53.11:665][  0]LogFileCache: Scanning file cache for directory 'C:/Users/MattParker/Documents/Uni final year backup/Team Project (Games) Final year/TeamProject/Survival 4.18/Content/Developers/MattParker/Collections/' took 0.01s
[2018.02.14-18.53.11:665][  0]LogFileCache: Scanning file cache for directory 'C:/Users/MattParker/Documents/Uni final year backup/Team Project (Games) Final year/TeamProject/Survival 4.18/Content/Collections/' took 0.01s
[2018.02.14-18.53.11:665][  0]LogCollectionManager: Rebuilt the GUID cache for 0 collections in 0.000000 seconds
[2018.02.14-18.53.11:748][  0]LogContentBrowser: Native class hierarchy populated in 0.0208 seconds. Added 2363 classes and 519 folders.
[2018.02.14-18.53.12:283][  0]LogContentBrowser: Native class hierarchy updated for 'WidgetCarousel' in 0.0005 seconds. Added 0 classes and 0 folders.
[2018.02.14-18.53.13:749][  0]LogContentBrowser: Native class hierarchy updated for 'AddContentDialog' in 0.0004 seconds. Added 0 classes and 0 folders.
[2018.02.14-18.53.14:060][  0]LogContentBrowser: Native class hierarchy updated for 'SceneOutliner' in 0.0004 seconds. Added 1 classes and 2 folders.
[2018.02.14-18.53.15:666][  0]LogSlate: Took 0.041275 seconds to synchronously load lazily loaded font '../../../Engine/Content/Slate/Fonts/Roboto-Regular.ttf' (155K)
[2018.02.14-18.53.15:726][  0]LogSlate: Took 0.041481 seconds to synchronously load lazily loaded font '../../../Engine/Content/Slate/Fonts/Roboto-Bold.ttf' (160K)
[2018.02.14-18.53.15:869][  0]LogSlate: Took 0.055429 seconds to synchronously load lazily loaded font '../../../Engine/Content/Editor/Slate/Fonts/FontAwesome.ttf' (139K)
[2018.02.14-18.53.17:523][  0]LogRenderer: Reallocating scene render targets to support 1004x456 Format 10 NumSamples 1 (Frame:1).
[2018.02.14-18.53.21:411][  0]LogContentBrowser: Native class hierarchy updated for 'HierarchicalLODOutliner' in 0.0004 seconds. Added 1 classes and 2 folders.
[2018.02.14-18.53.21:411][  0]LogLoad: (Engine Initialization) Total time: 362.14 seconds
[2018.02.14-18.53.21:411][  0]LogLoad: (Engine Initialization) Total Blueprint compile time: 0.00 seconds
[2018.02.14-18.53.21:446][  0]LogExternalProfiler: No external profilers were discovered.  External profiling features will not be available.
[2018.02.14-18.53.22:796][  0]LogContentStreaming: Texture pool size now 1000 MB
[2018.02.14-18.53.23:612][  1]LogSlate: Took 0.032954 seconds to synchronously load lazily loaded font '../../../Engine/Content/Slate/Fonts/Roboto-Light.ttf' (159K)
[2018.02.14-18.53.27:827][  5]LogAssetRegistry: Asset discovery search completed in 336.1943 seconds
[2018.02.14-18.53.27:832][  5]LogCollectionManager: Rebuilt the object cache for 0 collections in 0.000000 seconds (found 0 objects)
[2018.02.14-18.53.27:832][  5]LogCollectionManager: Fixed up redirectors for 0 collections in 0.000110 seconds (updated 0 objects)
[2018.02.14-18.56.08:625][168]LogActorFactory: Actor Factory created Cabinet_mdl
[2018.02.14-18.56.10:198][198]LogActorFactory: Actor Factory created Cabinet_mdl
[2018.02.14-18.56.43:300][660]LogActorFactory: Actor Factory created CeilingLight_mdl
[2018.02.14-18.56.45:582][695]LogActorFactory: Actor Factory created CeilingLight_mdl
[2018.02.14-18.57.53:051][693]LogActorFactory: Actor Factory created Plywood_Large_mdl
[2018.02.14-18.57.55:716][732]LogActorFactory: Actor Factory created Plywood_Large_mdl
[2018.02.14-18.58.02:764][824]Cmd: TRANSACTION UNDO
[2018.02.14-18.58.02:764][824]LogEditorTransaction: Undo Create Actors
[2018.02.14-18.58.02:984][824]LogSlate: Took 0.000565 seconds to synchronously load lazily loaded font '../../../Engine/Content/Slate/Fonts/Roboto-Light.ttf' (159K)
[2018.02.14-18.58.07:047][864]LogActorFactory: Actor Factory created Paper_mdl
[2018.02.14-18.58.11:029][918]LogActorFactory: Actor Factory created Paper_mdl
[2018.02.14-18.59.26:214][118]LogActorFactory: Actor Factory created Chair_mdl
[2018.02.14-18.59.27:270][136]LogActorFactory: Actor Factory created Chair_mdl
[2018.02.14-19.00.57:782][125]LogActorFactory: Actor Factory created Table_mdl
[2018.02.14-19.01.00:559][167]LogActorFactory: Actor Factory created Table_mdl
[2018.02.14-19.02.27:424][349]LogActorFactory: Actor Factory created KitchenCounter_Small
[2018.02.14-19.02.28:455][361]LogActorFactory: Actor Factory created KitchenCounter_Small
[2018.02.14-19.02.48:256][592]Cmd: DELETE
[2018.02.14-19.02.48:257][592]Cmd: ACTOR DELETE
[2018.02.14-19.02.48:910][592]LogEditorActor: Deleted Actor: StaticMeshActor
[2018.02.14-19.02.48:965][592]LogEditorActor: Deleted 1 Actors (0.535 secs)
[2018.02.14-19.03.40:903][976]LogStaticMesh: Building static mesh EndTable_Extended_mdl...
[2018.02.14-19.03.41:050][976]LogSlate: Took 0.000635 seconds to synchronously load lazily loaded font '../../../Engine/Content/Slate/Fonts/Roboto-Light.ttf' (159K)
[2018.02.14-19.03.41:729][976]LogStaticMesh: Built static mesh [0.83s] /Game/PostApoc/Models/EndTable_Extended_mdl.EndTable_Extended_mdl
[2018.02.14-19.03.41:923][976]LogActorFactory: Actor Factory created EndTable_Extended_mdl
[2018.02.14-19.03.41:973][976]LogActorFactory: Actor Factory created EndTable_Extended_mdl
[2018.02.14-19.03.47:881][ 44]Cmd: DELETE
[2018.02.14-19.03.47:881][ 44]Cmd: ACTOR DELETE
[2018.02.14-19.03.48:362][ 44]LogEditorActor: Deleted Actor: StaticMeshActor
[2018.02.14-19.03.48:414][ 44]LogEditorActor: Deleted 1 Actors (0.533 secs)
[2018.02.14-19.03.51:599][ 70]LogActorFactory: Actor Factory created EndTable_mdl
[2018.02.14-19.03.52:986][ 88]LogActorFactory: Actor Factory created EndTable_mdl
[2018.02.14-19.03.54:569][104]Cmd: TRANSACTION UNDO
[2018.02.14-19.03.54:570][104]LogEditorTransaction: Undo Create Actors
[2018.02.14-19.04.06:257][310]LogActorFactory: Actor Factory created Table_mdl
[2018.02.14-19.04.07:362][323]LogActorFactory: Actor Factory created Table_mdl
[2018.02.14-19.05.25:504][783]LogSlate: Took 0.000728 seconds to synchronously load lazily loaded font '../../../Engine/Content/Slate/Fonts/Roboto-Regular.ttf' (155K)
[2018.02.14-19.05.45:522][783]LogSavePackage: Save=41315.93ms
[2018.02.14-19.05.45:522][783]LogSavePackage: Moving '../../../../../../Users/MattParker/Documents/Uni final year backup/Team Project (Games) Final year/TeamProject/Survival 4.18/Saved/ThirdPersonExampleMap_Auto160F0F6384901C2A64BCB72B99D026D57.tmp' to '../../../../../../Users/MattParker/Documents/Uni final year backup/Team Project (Games) Final year/TeamProject/Survival 4.18/Saved/Autosaves/Game/ThirdPersonBP/Maps/ThirdPersonExampleMap_Auto1.umap'
[2018.02.14-19.05.45:570][783]LogSavePackage: Display: Finished SavePackage ../../../../../../Users/MattParker/Documents/Uni final year backup/Team Project (Games) Final year/TeamProject/Survival 4.18/Saved/Autosaves/Game/ThirdPersonBP/Maps/ThirdPersonExampleMap_Auto1.umap
[2018.02.14-19.05.45:677][783]LogFileHelpers: Editor autosave (incl. sublevels) for '/Game/ThirdPersonBP/Maps/ThirdPersonExampleMap' took 41.802
[2018.02.14-19.05.45:677][783]LogFileHelpers: Editor autosave (incl. sublevels) for all levels took 41.802
[2018.02.14-19.05.57:063][887]LogActorFactory: Actor Factory created DiningChair_mdl
[2018.02.14-19.05.58:540][909]LogActorFactory: Actor Factory created DiningChair_mdl
[2018.02.14-19.06.36:307][327]Cmd: TRANSACTION UNDO
[2018.02.14-19.06.36:308][327]LogEditorTransaction: Undo Move Actors
[2018.02.14-19.06.40:141][356]LogEditorViewport: Clicking on Actor (LMB): StaticMeshActor (DiningChair_mdl)
[2018.02.14-19.08.00:717][765]LogSavePackage: Save=39867.63ms
[2018.02.14-19.08.00:720][765]LogSavePackage: Moving '../../../../../../Users/MattParker/Documents/Uni final year backup/Team Project (Games) Final year/TeamProject/Survival 4.18/Saved/ThirdPersonExampleMap02BEB03C4EE27710AC91F1B44DCB9438.tmp' to '../../../../../../Users/MattParker/Documents/Uni final year backup/Team Project (Games) Final year/TeamProject/Survival 4.18/Content/ThirdPersonBP/Maps/ThirdPersonExampleMap.umap'
[2018.02.14-19.08.00:928][765]LogSavePackage: Display: Finished SavePackage ../../../../../../Users/MattParker/Documents/Uni final year backup/Team Project (Games) Final year/TeamProject/Survival 4.18/Content/ThirdPersonBP/Maps/ThirdPersonExampleMap.umap
[2018.02.14-19.08.01:113][765]LogFileHelpers: Saving map 'ThirdPersonExampleMap' took 41.182
[2018.02.14-19.08.13:752][900]LogActorFactory: Actor Factory created KitchenCounter_Long
[2018.02.14-19.08.17:193][943]LogActorFactory: Actor Factory created KitchenCounter_Long
[2018.02.14-19.08.18:332][955]LogActorFactory: Actor Factory created KitchenCounter_Long
[2018.02.14-19.09.25:416][778]LogActorFactory: Actor Factory created KitchenDrawer
[2018.02.14-19.09.27:246][794]LogActorFactory: Actor Factory created KitchenDrawer
[2018.02.14-19.10.07:367][231]Cmd: TRANSACTION UNDO
[2018.02.14-19.10.07:368][231]LogEditorTransaction: Undo Move Actors
[2018.02.14-19.10.32:001][468]LogEditorViewport: Clicking on Actor (context menu): StaticMeshActor (KitchenDrawer4)
[2018.02.14-19.10.33:242][484]LogEditorViewport: Clicking on Actor (LMB): StaticMeshActor (KitchenDrawer3)
[2018.02.14-19.10.37:143][525]LogEditorViewport: Clicking on Actor (LMB): StaticMeshActor (KitchenDrawer4)
[2018.02.14-19.10.40:613][560]LogEditorViewport: Clicking on Actor (LMB): StaticMeshActor (KitchenDrawer)
[2018.02.14-19.10.41:848][572]LogEditorViewport: Clicking on Actor (LMB): StaticMeshActor (KitchenDrawer2)
[2018.02.14-19.10.45:984][615]LogEditorViewport: Clicking on Actor (LMB): StaticMeshActor (KitchenDrawer4)
[2018.02.14-19.10.52:255][681]LogEditorViewport: Clicking on Actor (context menu): StaticMeshActor (KitchenDrawer3)
[2018.02.14-19.10.52:810][683]LogWindows: LaunchURL http://docs.unrealengine.com/latest/INT/Engine/Actors/StaticMeshActor/index.html?utm_source=editor&utm_medium=docs&utm_campaign=rightclick_viewdoc
[2018.02.14-19.10.53:988][693]LogEditorViewport: Clicking on Actor (LMB): StaticMeshActor (HouseA_MainFloor)
[2018.02.14-19.10.54:650][694]LogEditorViewport: Clicking on Actor (LMB): StaticMeshActor (HouseA_MainFloor)
[2018.02.14-19.11.40:098][936]LogEditorViewport: Clicking on Actor (LMB): StaticMeshActor (KitchenDrawer3)
[2018.02.14-19.11.41:233][949]LogEditorViewport: Clicking on Actor (CTRL LMB): StaticMeshActor (KitchenDrawer4)
[2018.02.14-19.11.42:194][961]LogEditorViewport: Clicking on Actor (CTRL LMB): StaticMeshActor (KitchenDrawer2)
[2018.02.14-19.11.43:076][971]LogEditorViewport: Clicking on Actor (CTRL LMB): StaticMeshActor (KitchenDrawer)
[2018.02.14-19.11.47:474][ 30]Cmd: TRANSACTION UNDO
[2018.02.14-19.11.47:474][ 30]LogEditorTransaction: Undo Move Actors
[2018.02.14-19.12.16:880][381]LogEditorViewport: Clicking on Actor (CTRL LMB): StaticMeshActor (KitchenDrawer7)
[2018.02.14-19.12.17:667][388]LogEditorViewport: Clicking on Actor (CTRL LMB): StaticMeshActor (KitchenDrawer8)
[2018.02.14-19.12.18:411][395]LogEditorViewport: Clicking on Actor (CTRL LMB): StaticMeshActor (KitchenDrawer6)
[2018.02.14-19.12.19:071][401]LogEditorViewport: Clicking on Actor (CTRL LMB): StaticMeshActor (KitchenDrawer5)
[2018.02.14-19.12.19:697][406]LogEditorViewport: Clicking on Actor (CTRL LMB): StaticMeshActor (KitchenDrawer)
[2018.02.14-19.12.20:307][411]LogEditorViewport: Clicking on Actor (CTRL LMB): StaticMeshActor (KitchenDrawer2)
[2018.02.14-19.12.21:088][418]LogEditorViewport: Clicking on Actor (CTRL LMB): StaticMeshActor (KitchenDrawer4)
[2018.02.14-19.12.21:832][425]LogEditorViewport: Clicking on Actor (CTRL LMB): StaticMeshActor (KitchenDrawer3)
[2018.02.14-19.12.48:198][719]LogEditorViewport: Clicking on Actor (LMB): StaticMeshActor (KitchenDrawer6)
[2018.02.14-19.12.53:409][779]LogEditorViewport: Clicking on Actor (LMB): StaticMeshActor (KitchenDrawer11)
[2018.02.14-19.12.57:666][827]LogEditorViewport: Clicking on Actor (LMB): StaticMeshActor (KitchenDrawer10)
[2018.02.14-19.13.03:309][890]LogEditorViewport: Clicking on Actor (LMB): StaticMeshActor (KitchenDrawer13)
[2018.02.14-19.13.07:092][929]LogEditorViewport: Clicking on Actor (LMB): StaticMeshActor (KitchenDrawer18)
[2018.02.14-19.13.10:523][964]LogEditorViewport: Clicking on Actor (LMB): StaticMeshActor (KitchenDrawer15)
[2018.02.14-19.13.15:379][ 15]LogEditorViewport: Clicking on Actor (LMB): StaticMeshActor (KitchenDrawer21)
[2018.02.14-19.13.41:472][273]LogActorFactory: Actor Factory created KitchenCupboard_Bottom_L
[2018.02.14-19.13.43:260][291]LogActorFactory: Actor Factory created KitchenCupboard_Bottom_L
[2018.02.14-19.13.48:576][348]Cmd: DELETE
[2018.02.14-19.13.48:576][348]Cmd: ACTOR DELETE
[2018.02.14-19.13.49:040][348]LogEditorActor: Deleted Actor: StaticMeshActor
[2018.02.14-19.13.49:110][348]LogEditorActor: Deleted 1 Actors (0.534 secs)
[2018.02.14-19.14.04:458][444]LogActorFactory: Actor Factory created KitchenCabinet_Small
[2018.02.14-19.14.13:734][552]LogActorFactory: Actor Factory created KitchenCabinet_Small
[2018.02.14-19.14.30:462][726]Cmd: DELETE
[2018.02.14-19.14.30:462][726]Cmd: ACTOR DELETE
[2018.02.14-19.14.30:869][726]LogEditorActor: Deleted Actor: StaticMeshActor
[2018.02.14-19.14.30:923][726]LogEditorActor: Deleted 1 Actors (0.461 secs)
[2018.02.14-19.14.35:413][761]LogActorFactory: Actor Factory created KitchenCabinet_Long
[2018.02.14-19.14.40:632][812]LogActorFactory: Actor Factory created KitchenCabinet_Long
[2018.02.14-19.16.18:045][459]LogActorFactory: Actor Factory created KitchenCupboard_Bottom_L
[2018.02.14-19.16.21:386][494]LogActorFactory: Actor Factory created KitchenCupboard_Bottom_L
[2018.02.14-19.16.23:738][527]Cmd: TRANSACTION UNDO
[2018.02.14-19.16.23:738][527]LogEditorTransaction: Undo Create Actors
[2018.02.14-19.16.28:530][559]LogActorFactory: Actor Factory created KitchenCupboard_Small_L
[2018.02.14-19.16.30:104][578]LogActorFactory: Actor Factory created KitchenCupboard_Small_L
[2018.02.14-19.16.31:006][587]Cmd: TRANSACTION UNDO
[2018.02.14-19.16.31:006][587]LogEditorTransaction: Undo Create Actors
[2018.02.14-19.16.36:583][622]LogActorFactory: Actor Factory created KitchenCupboard_Bottom_L
[2018.02.14-19.16.37:981][639]LogActorFactory: Actor Factory created KitchenCupboard_Bottom_L
[2018.02.14-19.16.39:640][660]Cmd: TRANSACTION UNDO
[2018.02.14-19.16.39:640][660]LogEditorTransaction: Undo Create Actors
[2018.02.14-19.16.42:487][678]LogActorFactory: Actor Factory created KitchenCupboard_Top_L
[2018.02.14-19.16.48:620][751]LogActorFactory: Actor Factory created KitchenCupboard_Top_L
[2018.02.14-19.18.12:671][680]LogEditorViewport: Clicking on Actor (CTRL LMB): StaticMeshActor (KitchenCupboard_Top_L2)
[2018.02.14-19.19.08:453][105]LogActorFactory: Actor Factory created Wall_A
[2018.02.14-19.19.09:949][118]LogActorFactory: Actor Factory created Wall_A
[2018.02.14-19.19.11:998][135]Cmd: TRANSACTION UNDO
[2018.02.14-19.19.11:999][135]LogEditorTransaction: Undo Create Actors
[2018.02.14-19.19.39:172][332]LogActorFactory: Actor Factory created Fridge_DoorA_mdl
[2018.02.14-19.19.41:166][351]LogActorFactory: Actor Factory created Fridge_DoorA_mdl
[2018.02.14-19.19.49:876][424]LogActorFactory: Actor Factory created Fridge_mdl
[2018.02.14-19.19.51:724][442]LogActorFactory: Actor Factory created Fridge_mdl
[2018.02.14-19.20.17:760][721]LogEditorViewport: Clicking on Actor (LMB): StaticMeshActor (Fridge_DoorA_mdl)
[2018.02.14-19.21.32:797][852]LogSavePackage: Save=43450.95ms
[2018.02.14-19.21.32:797][852]LogSavePackage: Moving '../../../../../../Users/MattParker/Documents/Uni final year backup/Team Project (Games) Final year/TeamProject/Survival 4.18/Saved/ThirdPersonExampleMap_Auto28A6E61C546B87F6847C4BB8A8A69B146.tmp' to '../../../../../../Users/MattParker/Documents/Uni final year backup/Team Project (Games) Final year/TeamProject/Survival 4.18/Saved/Autosaves/Game/ThirdPersonBP/Maps/ThirdPersonExampleMap_Auto2.umap'
[2018.02.14-19.21.32:844][852]LogSavePackage: Display: Finished SavePackage ../../../../../../Users/MattParker/Documents/Uni final year backup/Team Project (Games) Final year/TeamProject/Survival 4.18/Saved/Autosaves/Game/ThirdPersonBP/Maps/ThirdPersonExampleMap_Auto2.umap
[2018.02.14-19.21.32:921][852]LogFileHelpers: Editor autosave (incl. sublevels) for '/Game/ThirdPersonBP/Maps/ThirdPersonExampleMap' took 44.028
[2018.02.14-19.21.32:921][852]LogFileHelpers: Editor autosave (incl. sublevels) for all levels took 44.028
[2018.02.14-19.22.52:055][367]LogSavePackage: Save=40087.74ms
[2018.02.14-19.22.52:058][367]LogSavePackage: Moving '../../../../../../Users/MattParker/Documents/Uni final year backup/Team Project (Games) Final year/TeamProject/Survival 4.18/Saved/ThirdPersonExampleMap6CFD6AF740D6626ABD03BC89EC9A3E71.tmp' to '../../../../../../Users/MattParker/Documents/Uni final year backup/Team Project (Games) Final year/TeamProject/Survival 4.18/Content/ThirdPersonBP/Maps/ThirdPersonExampleMap.umap'
[2018.02.14-19.22.52:179][367]LogSavePackage: Display: Finished SavePackage ../../../../../../Users/MattParker/Documents/Uni final year backup/Team Project (Games) Final year/TeamProject/Survival 4.18/Content/ThirdPersonBP/Maps/ThirdPersonExampleMap.umap
[2018.02.14-19.22.52:390][367]LogFileHelpers: Saving map 'ThirdPersonExampleMap' took 41.364
[2018.02.14-19.23.38:274][956]LogActorFactory: Actor Factory created Fridge_DoorB_mdl
[2018.02.14-19.23.41:047][993]LogActorFactory: Actor Factory created Fridge_DoorB_mdl
[2018.02.14-19.25.31:626][ 76]LogActorFactory: Actor Factory created Painting_A
[2018.02.14-19.25.32:941][ 88]LogActorFactory: Actor Factory created Painting_A
[2018.02.14-19.26.32:741][639]LogActorFactory: Actor Factory created Painting_B
[2018.02.14-19.26.34:593][655]LogActorFactory: Actor Factory created Painting_B
[2018.02.14-19.26.47:788][770]Cmd: TRANSACTION UNDO
[2018.02.14-19.26.47:788][770]LogEditorTransaction: Undo Move Actors
[2018.02.14-19.26.49:113][780]Cmd: TRANSACTION UNDO
[2018.02.14-19.26.49:113][780]LogEditorTransaction: Undo Move Actors
[2018.02.14-19.26.50:684][792]Cmd: TRANSACTION UNDO
[2018.02.14-19.26.50:685][792]LogEditorTransaction: Undo Rotate Actors
[2018.02.14-19.27.15:657][ 14]LogActorFactory: Actor Factory created PorchLights_B_mdl
[2018.02.14-19.27.17:255][ 29]LogActorFactory: Actor Factory created PorchLights_B_mdl
[2018.02.14-19.27.23:418][ 88]Cmd: TRANSACTION UNDO
[2018.02.14-19.27.23:418][ 88]LogEditorTransaction: Undo Move Actors
[2018.02.14-19.27.24:789][ 98]Cmd: TRANSACTION UNDO
[2018.02.14-19.27.24:790][ 98]LogEditorTransaction: Undo Create Actors
[2018.02.14-19.27.30:322][128]LogActorFactory: Actor Factory created Shelf_B_mdl
[2018.02.14-19.27.32:430][147]LogActorFactory: Actor Factory created Shelf_B_mdl
[2018.02.14-19.28.25:214][677]LogEditorViewport: Clicking on Actor (LMB): StaticMeshActor (Shelf_B_mdl)
[2018.02.14-19.28.27:002][694]LogEditorViewport: Clicking on Actor (CTRL LMB): StaticMeshActor (Shelf_B_mdl2)
[2018.02.14-19.29.04:584][ 33]LogActorFactory: Actor Factory created Stove_Door_mdl
[2018.02.14-19.29.06:597][ 50]LogActorFactory: Actor Factory created Stove_Door_mdl
[2018.02.14-19.29.09:202][ 66]Cmd: TRANSACTION UNDO
[2018.02.14-19.29.09:203][ 66]LogEditorTransaction: Undo Create Actors
[2018.02.14-19.29.09:996][ 70]Cmd: TRANSACTION UNDO
[2018.02.14-19.29.09:996][ 70]LogEditorTransaction: Undo Move Actors
[2018.02.14-19.33.05:427][833]LogSavePackage: Save=53704.55ms
[2018.02.14-19.33.05:427][833]LogSavePackage: Moving '../../../../../../Users/MattParker/Documents/Uni final year backup/Team Project (Games) Final year/TeamProject/Survival 4.18/Saved/ThirdPersonExampleMap_Auto3AF2D0DE54BAB42EDE116568B501ABE24.tmp' to '../../../../../../Users/MattParker/Documents/Uni final year backup/Team Project (Games) Final year/TeamProject/Survival 4.18/Saved/Autosaves/Game/ThirdPersonBP/Maps/ThirdPersonExampleMap_Auto3.umap'
[2018.02.14-19.33.05:528][833]LogSavePackage: Display: Finished SavePackage ../../../../../../Users/MattParker/Documents/Uni final year backup/Team Project (Games) Final year/TeamProject/Survival 4.18/Saved/Autosaves/Game/ThirdPersonBP/Maps/ThirdPersonExampleMap_Auto3.umap
[2018.02.14-19.33.05:598][833]LogFileHelpers: Editor autosave (incl. sublevels) for '/Game/ThirdPersonBP/Maps/ThirdPersonExampleMap' took 54.344
[2018.02.14-19.33.05:598][833]LogFileHelpers: Editor autosave (incl. sublevels) for all levels took 54.344
[2018.02.14-19.38.54:247][485]LogEditorViewport: Clicking on Actor (context menu): StaticMeshActor (HouseA_MainFloor)
[2018.02.14-19.39.12:294][585]LogEditorViewport: Clicking on Actor (CTRL LMB): StaticMeshActor (KitchenCupboard_Top_L)
[2018.02.14-19.39.13:794][591]LogEditorViewport: Clicking on Actor (CTRL LMB): StaticMeshActor (KitchenCupboard_Top_L2)
[2018.02.14-19.39.15:555][598]LogEditorViewport: Clicking on Actor (LMB): StaticMeshActor (KitchenCupboard_Top_L2)
[2018.02.14-19.39.17:322][605]LogEditorViewport: Clicking on Actor (CTRL LMB): StaticMeshActor (KitchenCupboard_Top_L)
[2018.02.14-19.39.18:667][611]LogEditorViewport: Clicking on Actor (CTRL LMB): StaticMeshActor (KitchenCupboard_Top_L4)
[2018.02.14-19.39.19:892][616]LogEditorViewport: Clicking on Actor (CTRL LMB): StaticMeshActor (KitchenCupboard_Top_L3)
[2018.02.14-19.39.21:416][620]LogEditorViewport: Clicking on Actor (CTRL LMB): StaticMeshActor (KitchenCabinet_Long)
[2018.02.14-19.40.03:563][886]LogActorFactory: Actor Factory created Stove_mdl
[2018.02.14-19.40.05:886][900]LogActorFactory: Actor Factory created Stove_mdl
[2018.02.14-19.40.47:813][196]LogActorFactory: Actor Factory created Stove_Door_mdl
[2018.02.14-19.40.49:250][203]LogActorFactory: Actor Factory created Stove_Door_mdl
[2018.02.14-19.41.44:257][577]LogEditorViewport: Clicking on Actor (context menu): StaticMeshActor (Stove_Door_mdl)
[2018.02.14-19.42.27:255][847]LogActorFactory: Actor Factory created Trash_VariationA_mdl
[2018.02.14-19.42.31:236][869]LogActorFactory: Actor Factory created Trash_VariationA_mdl
[2018.02.14-19.43.28:795][216]LogActorFactory: Actor Factory created StoreShelf_mdl
[2018.02.14-19.43.32:585][238]LogActorFactory: Actor Factory created StoreShelf_mdl
[2018.02.14-19.43.33:567][239]Cmd: TRANSACTION UNDO
[2018.02.14-19.43.33:567][239]LogEditorTransaction: Undo Create Actors
[2018.02.14-19.44.26:808][563]LogActorFactory: Actor Factory created Bookshelf_mdl
[2018.02.14-19.44.29:481][578]LogActorFactory: Actor Factory created Bookshelf_mdl
[2018.02.14-19.45.29:566][  0]LogActorFactory: Actor Factory created Cabinet_mdl
[2018.02.14-19.45.34:556][ 26]LogActorFactory: Actor Factory created Cabinet_mdl
[2018.02.14-19.45.35:482][ 30]LogActorFactory: Actor Factory created Cabinet_mdl
[2018.02.14-19.45.59:975][168]LogStaticMesh: Building static mesh Cabinet_Drawer_B_mdl...
[2018.02.14-19.46.00:394][168]LogStaticMesh: Built static mesh [0.42s] /Game/PostApoc/Models/Cabinet_Drawer_B_mdl.Cabinet_Drawer_B_mdl
[2018.02.14-19.46.00:853][168]LogActorFactory: Actor Factory created Cabinet_Drawer_B_mdl
[2018.02.14-19.46.03:394][184]LogActorFactory: Actor Factory created Cabinet_Drawer_B_mdl
[2018.02.14-19.46.23:350][296]Cmd: DELETE
[2018.02.14-19.46.23:350][296]Cmd: ACTOR DELETE
[2018.02.14-19.46.24:698][296]LogEditorActor: Deleted Actor: StaticMeshActor
[2018.02.14-19.46.24:869][296]LogEditorActor: Deleted 1 Actors (1.518 secs)
[2018.02.14-19.46.26:898][308]LogEditorViewport: Clicking on Actor (LMB): StaticMeshActor (Cabinet_Drawer_B_mdl)
[2018.02.14-19.47.09:849][538]LogEditorViewport: Clicking on Actor (LMB): StaticMeshActor (Cabinet_Drawer_B_mdl)
[2018.02.14-19.47.36:557][677]LogEditorViewport: Clicking on Actor (LMB): StaticMeshActor (Shelf_B_mdl2)
[2018.02.14-19.47.40:126][695]LogEditorViewport: Clicking on Actor (CTRL LMB): StaticMeshActor (Shelf_B_mdl)
[2018.02.14-19.49.17:045][201]LogActorFactory: Actor Factory created Couch_mdl
[2018.02.14-19.49.18:137][207]LogActorFactory: Actor Factory created Couch_mdl
[2018.02.14-19.49.49:476][414]Cmd: TRANSACTION UNDO
[2018.02.14-19.49.49:477][414]LogEditorTransaction: Undo Move Actors
[2018.02.14-19.51.35:556][624]LogSavePackage: Save=56796.70ms
[2018.02.14-19.51.35:556][624]LogSavePackage: Moving '../../../../../../Users/MattParker/Documents/Uni final year backup/Team Project (Games) Final year/TeamProject/Survival 4.18/Saved/ThirdPersonExampleMap_Auto4E4F4648949D1ECB99BB25F80BC8B70B1.tmp' to '../../../../../../Users/MattParker/Documents/Uni final year backup/Team Project (Games) Final year/TeamProject/Survival 4.18/Saved/Autosaves/Game/ThirdPersonBP/Maps/ThirdPersonExampleMap_Auto4.umap'
[2018.02.14-19.51.35:615][624]LogSavePackage: Display: Finished SavePackage ../../../../../../Users/MattParker/Documents/Uni final year backup/Team Project (Games) Final year/TeamProject/Survival 4.18/Saved/Autosaves/Game/ThirdPersonBP/Maps/ThirdPersonExampleMap_Auto4.umap
[2018.02.14-19.51.35:649][624]LogFileHelpers: Editor autosave (incl. sublevels) for '/Game/ThirdPersonBP/Maps/ThirdPersonExampleMap' took 57.475
[2018.02.14-19.51.35:649][624]LogFileHelpers: Editor autosave (incl. sublevels) for all levels took 57.475
[2018.02.14-20.11.51:627][399]LogActorFactory: Actor Factory created EndTable_mdl
[2018.02.14-20.11.54:504][446]LogActorFactory: Actor Factory created EndTable_mdl
[2018.02.14-20.12.37:014][102]LogStaticMesh: Building static mesh Boarded_Barricade_B...
[2018.02.14-20.12.37:244][102]LogStaticMesh: Built static mesh [0.23s] /Game/PostApoc/Models/Boarded_Barricade_B.Boarded_Barricade_B
[2018.02.14-20.12.37:304][102]LogActorFactory: Actor Factory created Boarded_Barricade_B
[2018.02.14-20.12.38:660][133]LogActorFactory: Actor Factory created Boarded_Barricade_B
[2018.02.14-20.12.39:240][141]LogActorFactory: Actor Factory created Boarded_Barricade_B
[2018.02.14-20.12.51:562][332]LogStaticMesh: Building static mesh Boarded_Barricade_A...
[2018.02.14-20.12.51:636][332]LogStaticMesh: Built static mesh [0.07s] /Game/PostApoc/Models/Boarded_Barricade_A.Boarded_Barricade_A
[2018.02.14-20.12.51:691][332]LogActorFactory: Actor Factory created Boarded_Barricade_A
[2018.02.14-20.12.53:922][385]LogActorFactory: Actor Factory created Boarded_Barricade_A
[2018.02.14-20.12.54:607][395]LogActorFactory: Actor Factory created Boarded_Barricade_A
[2018.02.14-20.13.30:943][839]LogStaticMesh: Building static mesh Bookshelf_B_mdl...
[2018.02.14-20.13.31:249][839]LogStaticMesh: Built static mesh [0.31s] /Game/PostApoc/Models/Bookshelf_B_mdl.Bookshelf_B_mdl
[2018.02.14-20.13.31:401][839]LogActorFactory: Actor Factory created Bookshelf_B_mdl
[2018.02.14-20.13.33:655][860]LogActorFactory: Actor Factory created Bookshelf_B_mdl
[2018.02.14-20.14.45:402][106]LogSavePackage: Save=24244.41ms
[2018.02.14-20.14.45:409][106]LogSavePackage: Moving '../../../../../../Users/MattParker/Documents/Uni final year backup/Team Project (Games) Final year/TeamProject/Survival 4.18/Saved/ThirdPersonExampleMap_Auto5B5183B684046760BF439AA9354774F7B.tmp' to '../../../../../../Users/MattParker/Documents/Uni final year backup/Team Project (Games) Final year/TeamProject/Survival 4.18/Saved/Autosaves/Game/ThirdPersonBP/Maps/ThirdPersonExampleMap_Auto5.umap'
[2018.02.14-20.14.45:456][106]LogSavePackage: Display: Finished SavePackage ../../../../../../Users/MattParker/Documents/Uni final year backup/Team Project (Games) Final year/TeamProject/Survival 4.18/Saved/Autosaves/Game/ThirdPersonBP/Maps/ThirdPersonExampleMap_Auto5.umap
[2018.02.14-20.14.45:471][106]LogFileHelpers: Editor autosave (incl. sublevels) for '/Game/ThirdPersonBP/Maps/ThirdPersonExampleMap' took 24.600
[2018.02.14-20.14.45:471][106]LogFileHelpers: Editor autosave (incl. sublevels) for all levels took 24.600
[2018.02.14-20.24.09:206][415]LogActorFactory: Actor Factory created ClosetFrame_Interior
[2018.02.14-20.24.13:215][493]LogActorFactory: Actor Factory created ClosetFrame_Interior
[2018.02.14-20.25.03:897][629]LogSavePackage: Save=17875.92ms
[2018.02.14-20.25.03:897][629]LogSavePackage: Moving '../../../../../../Users/MattParker/Documents/Uni final year backup/Team Project (Games) Final year/TeamProject/Survival 4.18/Saved/ThirdPersonExampleMap_Auto68C16151149827C7AC6BF7CB9E5331771.tmp' to '../../../../../../Users/MattParker/Documents/Uni final year backup/Team Project (Games) Final year/TeamProject/Survival 4.18/Saved/Autosaves/Game/ThirdPersonBP/Maps/ThirdPersonExampleMap_Auto6.umap'
[2018.02.14-20.25.03:914][629]LogSavePackage: Display: Finished SavePackage ../../../../../../Users/MattParker/Documents/Uni final year backup/Team Project (Games) Final year/TeamProject/Survival 4.18/Saved/Autosaves/Game/ThirdPersonBP/Maps/ThirdPersonExampleMap_Auto6.umap
[2018.02.14-20.25.03:928][629]LogFileHelpers: Editor autosave (incl. sublevels) for '/Game/ThirdPersonBP/Maps/ThirdPersonExampleMap' took 18.001
[2018.02.14-20.25.03:928][629]LogFileHelpers: Editor autosave (incl. sublevels) for all levels took 18.001
[2018.02.14-20.33.37:032][737]LogActorFactory: Actor Factory created Chair_mdl
[2018.02.14-20.33.39:000][771]LogActorFactory: Actor Factory created Chair_mdl
[2018.02.14-20.33.55:946][ 82]Cmd: DELETE
[2018.02.14-20.33.55:946][ 82]Cmd: ACTOR DELETE
[2018.02.14-20.33.56:098][ 82]LogEditorActor: Deleted Actor: StaticMeshActor
[2018.02.14-20.33.56:125][ 82]LogEditorActor: Deleted 1 Actors (0.179 secs)
[2018.02.14-20.35.23:428][463]LogSavePackage: Save=18750.67ms
[2018.02.14-20.35.23:428][463]LogSavePackage: Moving '../../../../../../Users/MattParker/Documents/Uni final year backup/Team Project (Games) Final year/TeamProject/Survival 4.18/Saved/ThirdPersonExampleMap_Auto7E011DCD44379247702029684E3DFD318.tmp' to '../../../../../../Users/MattParker/Documents/Uni final year backup/Team Project (Games) Final year/TeamProject/Survival 4.18/Saved/Autosaves/Game/ThirdPersonBP/Maps/ThirdPersonExampleMap_Auto7.umap'
[2018.02.14-20.35.23:445][463]LogSavePackage: Display: Finished SavePackage ../../../../../../Users/MattParker/Documents/Uni final year backup/Team Project (Games) Final year/TeamProject/Survival 4.18/Saved/Autosaves/Game/ThirdPersonBP/Maps/ThirdPersonExampleMap_Auto7.umap
[2018.02.14-20.35.23:457][463]LogFileHelpers: Editor autosave (incl. sublevels) for '/Game/ThirdPersonBP/Maps/ThirdPersonExampleMap' took 18.924
[2018.02.14-20.35.23:457][463]LogFileHelpers: Editor autosave (incl. sublevels) for all levels took 18.924
[2018.02.14-20.53.46:400][852]LogSavePackage: Save=11711.73ms
[2018.02.14-20.53.46:401][852]LogSavePackage: Moving '../../../../../../Users/MattParker/Documents/Uni final year backup/Team Project (Games) Final year/TeamProject/Survival 4.18/Saved/ThirdPersonExampleMapDA6F31C64AA54F1A7044D4A6A0413298.tmp' to '../../../../../../Users/MattParker/Documents/Uni final year backup/Team Project (Games) Final year/TeamProject/Survival 4.18/Content/ThirdPersonBP/Maps/ThirdPersonExampleMap.umap'
[2018.02.14-20.53.46:422][852]LogSavePackage: Display: Finished SavePackage ../../../../../../Users/MattParker/Documents/Uni final year backup/Team Project (Games) Final year/TeamProject/Survival 4.18/Content/ThirdPersonBP/Maps/ThirdPersonExampleMap.umap
[2018.02.14-20.53.46:720][852]LogFileHelpers: Saving map 'ThirdPersonExampleMap' took 12.499
[2018.02.14-20.53.48:217][878]Cmd: QUIT_EDITOR
[2018.02.14-20.53.48:297][878]LogExit: Preparing to exit.
[2018.02.14-20.53.48:587][878]LogDirectoryWatcher: A directory notification for 'C:/Users/MattParker/Documents/Uni final year backup/Team Project (Games) Final year/TeamProject/Survival 4.18/Content/' was aborted.
[2018.02.14-20.53.48:787][878]LogExit: Editor shut down
[2018.02.14-20.53.48:794][878]LogExit: Transaction tracking system shut down
[2018.02.14-20.53.48:950][878]LogDirectoryWatcher: A directory notification for '../../../Engine/Content/' was aborted.
[2018.02.14-20.53.48:950][878]LogDirectoryWatcher: A directory notification for '../../../../../../Users/MattParker/Documents/Uni final year backup/Team Project (Games) Final year/TeamProject/Survival 4.18/Content/' was aborted.
[2018.02.14-20.53.48:950][878]LogDirectoryWatcher: A directory notification for '../../../Engine/Plugins/2D/Paper2D/Content/' was aborted.
[2018.02.14-20.53.48:950][878]LogDirectoryWatcher: A directory notification for '../../../Engine/Plugins/Media/MediaCompositing/Content/' was aborted.
[2018.02.14-20.53.48:951][878]LogDirectoryWatcher: A directory notification for '../../../Engine/Plugins/Runtime/AppleARKit/Content/' was aborted.
[2018.02.14-20.53.48:951][878]LogDirectoryWatcher: A directory notification for '../../../Engine/Plugins/Runtime/Oculus/OculusVR/Content/' was aborted.
[2018.02.14-20.53.48:951][878]LogDirectoryWatcher: A directory notification for '../../../Engine/Plugins/Runtime/Steam/SteamVR/Content/' was aborted.
[2018.02.14-20.53.49:048][878]LogExit: Object subsystem successfully closed.
[2018.02.14-20.53.49:082][878]LogD3D11RHI: Shutdown
[2018.02.14-20.53.49:083][878]LogD3D11RHI: CleanupD3DDevice
[2018.02.14-20.53.49:086][878]LogD3D11RHI: ~FD3D11DynamicRHI
[2018.02.14-20.53.49:123][878]LogModuleManager: Shutting down and abandoning module HierarchicalLODOutliner (548)
[2018.02.14-20.53.49:123][878]LogModuleManager: Shutting down and abandoning module SceneOutliner (546)
[2018.02.14-20.53.49:124][878]LogModuleManager: Shutting down and abandoning module AddContentDialog (544)
[2018.02.14-20.53.49:124][878]LogDirectoryWatcher: A directory notification for 'C:/Program Files/Epic Games/UE_4.18/FeaturePacks/' was aborted.
[2018.02.14-20.53.49:125][878]LogModuleManager: Shutting down and abandoning module WidgetCarousel (543)
[2018.02.14-20.53.49:125][878]LogModuleManager: Shutting down and abandoning module EditorWidgets (540)
[2018.02.14-20.53.49:125][878]LogModuleManager: Shutting down and abandoning module CollectionManager (538)
[2018.02.14-20.53.49:125][878]LogDirectoryWatcher: A directory notification for 'C:/Users/MattParker/Documents/Uni final year backup/Team Project (Games) Final year/TeamProject/Survival 4.18/Content/Collections/' was aborted.
[2018.02.14-20.53.49:125][878]LogDirectoryWatcher: A directory notification for 'C:/Users/MattParker/Documents/Uni final year backup/Team Project (Games) Final year/TeamProject/Survival 4.18/Content/Developers/MattParker/Collections/' was aborted.
[2018.02.14-20.53.49:126][878]LogDirectoryWatcher: A directory notification for 'C:/Users/MattParker/Documents/Uni final year backup/Team Project (Games) Final year/TeamProject/Survival 4.18/Saved/Collections/' was aborted.
[2018.02.14-20.53.49:126][878]LogModuleManager: Shutting down and abandoning module StatsViewer (536)
[2018.02.14-20.53.49:126][878]LogModuleManager: Shutting down and abandoning module FoliageEdit (534)
[2018.02.14-20.53.49:126][878]LogModuleManager: Shutting down and abandoning module LandscapeEditor (532)
[2018.02.14-20.53.49:126][878]LogModuleManager: Shutting down and abandoning module MeshPaintMode (530)
[2018.02.14-20.53.49:126][878]LogModuleManager: Shutting down and abandoning module SceneDepthPickerMode (528)
[2018.02.14-20.53.49:126][878]LogModuleManager: Shutting down and abandoning module ActorPickerMode (526)
[2018.02.14-20.53.49:126][878]LogModuleManager: Shutting down and abandoning module GeometryMode (524)
[2018.02.14-20.53.49:126][878]LogModuleManager: Shutting down and abandoning module TextureAlignMode (522)
[2018.02.14-20.53.49:126][878]LogModuleManager: Shutting down and abandoning module BspMode (520)
[2018.02.14-20.53.49:126][878]LogModuleManager: Shutting down and abandoning module PIEPreviewDeviceProfileSelector (518)
[2018.02.14-20.53.49:126][878]LogModuleManager: Shutting down and abandoning module HardwareSurvey (516)
[2018.02.14-20.53.49:126][878]LogModuleManager: Shutting down and abandoning module SequenceRecorderSections (514)
[2018.02.14-20.53.49:126][878]LogModuleManager: Shutting down and abandoning module AutomationWorker (512)
[2018.02.14-20.53.49:126][878]LogModuleManager: Shutting down and abandoning module MatineeToLevelSequence (510)
[2018.02.14-20.53.49:126][878]LogModuleManager: Shutting down and abandoning module LevelSequenceEditor (508)
[2018.02.14-20.53.49:127][878]LogModuleManager: Shutting down and abandoning module PlacementMode (507)
[2018.02.14-20.53.49:127][878]LogModuleManager: Shutting down and abandoning module WmfMediaFactory (504)
[2018.02.14-20.53.49:127][878]LogModuleManager: Shutting down and abandoning module WmfMediaEditor (502)
[2018.02.14-20.53.49:127][878]LogModuleManager: Shutting down and abandoning module OpenExrWrapper (500)
[2018.02.14-20.53.49:127][878]LogModuleManager: Shutting down and abandoning module ImgMediaFactory (498)
[2018.02.14-20.53.49:127][878]LogModuleManager: Shutting down and abandoning module ImgMediaEditor (496)
[2018.02.14-20.53.49:127][878]LogModuleManager: Shutting down and abandoning module AvfMediaFactory (494)
[2018.02.14-20.53.49:127][878]LogModuleManager: Shutting down and abandoning module AvfMediaEditor (492)
[2018.02.14-20.53.49:127][878]LogModuleManager: Shutting down and abandoning module AndroidMediaFactory (490)
[2018.02.14-20.53.49:127][878]LogModuleManager: Shutting down and abandoning module AndroidMediaEditor (488)
[2018.02.14-20.53.49:127][878]LogModuleManager: Shutting down and abandoning module CharacterAI (486)
[2018.02.14-20.53.49:127][878]LogModuleManager: Shutting down and abandoning module AudioCapture (484)
[2018.02.14-20.53.49:127][878]LogModuleManager: Shutting down and abandoning module SequenceRecorder (483)
[2018.02.14-20.53.49:127][878]LogModuleManager: Shutting down and abandoning module SmartSnapping (480)
[2018.02.14-20.53.49:127][878]LogModuleManager: Shutting down and abandoning module SessionServices (478)
[2018.02.14-20.53.49:127][878]LogModuleManager: Shutting down and abandoning module ViewportSnapping (476)
[2018.02.14-20.53.49:127][878]LogModuleManager: Shutting down and abandoning module ViewportInteraction (474)
[2018.02.14-20.53.49:127][878]LogModuleManager: Shutting down and abandoning module ClothPainter (472)
[2018.02.14-20.53.49:127][878]LogModuleManager: Shutting down and abandoning module SkeletalMeshEditor (471)
[2018.02.14-20.53.49:127][878]LogModuleManager: Shutting down and abandoning module LogVisualizer (468)
[2018.02.14-20.53.49:127][878]LogModuleManager: Shutting down and abandoning module IntroTutorials (466)
[2018.02.14-20.53.49:127][878]LogModuleManager: Shutting down and abandoning module GameProjectGeneration (465)
[2018.02.14-20.53.49:128][878]LogModuleManager: Shutting down and abandoning module IOSPlatformEditor (462)
[2018.02.14-20.53.49:128][878]LogModuleManager: Shutting down and abandoning module HTML5PlatformEditor (460)
[2018.02.14-20.53.49:128][878]LogModuleManager: Shutting down and abandoning module AndroidPlatformEditor (458)
[2018.02.14-20.53.49:128][878]LogModuleManager: Shutting down and abandoning module AndroidDeviceDetection (457)
[2018.02.14-20.53.49:534][878]LogModuleManager: Shutting down and abandoning module WindowsPlatformEditor (454)
[2018.02.14-20.53.49:534][878]LogModuleManager: Shutting down and abandoning module IOSRuntimeSettings (452)
[2018.02.14-20.53.49:534][878]LogModuleManager: Shutting down and abandoning module AndroidRuntimeSettings (450)
[2018.02.14-20.53.49:534][878]LogModuleManager: Shutting down and abandoning module InputBindingEditor (448)
[2018.02.14-20.53.49:535][878]LogModuleManager: Shutting down and abandoning module MergeActors (446)
[2018.02.14-20.53.49:535][878]LogModuleManager: Shutting down and abandoning module SizeMap (444)
[2018.02.14-20.53.49:535][878]LogModuleManager: Shutting down and abandoning module TreeMap (442)
[2018.02.14-20.53.49:535][878]LogModuleManager: Shutting down and abandoning module ReferenceViewer (440)
[2018.02.14-20.53.49:535][878]LogModuleManager: Shutting down and abandoning module LocalizationDashboard (438)
[2018.02.14-20.53.49:535][878]LogModuleManager: Shutting down and abandoning module LocalizationService (437)
[2018.02.14-20.53.49:535][878]LogModuleManager: Shutting down and abandoning module HardwareTargeting (434)
[2018.02.14-20.53.49:535][878]LogModuleManager: Shutting down and abandoning module DeviceProfileEditor (432)
[2018.02.14-20.53.49:535][878]LogModuleManager: Shutting down and abandoning module UndoHistory (430)
[2018.02.14-20.53.49:535][878]LogModuleManager: Shutting down and abandoning module XmlParser (428)
[2018.02.14-20.53.49:535][878]LogModuleManager: Shutting down and abandoning module Blutility (426)
[2018.02.14-20.53.49:535][878]LogModuleManager: Shutting down and abandoning module ProjectSettingsViewer (424)
[2018.02.14-20.53.49:535][878]LogModuleManager: Shutting down and abandoning module ProjectTargetPlatformEditor (423)
[2018.02.14-20.53.49:535][878]LogModuleManager: Shutting down and abandoning module EditorSettingsViewer (420)
[2018.02.14-20.53.49:535][878]LogModuleManager: Shutting down and abandoning module SettingsEditor (418)
[2018.02.14-20.53.49:535][878]LogModuleManager: Shutting down and abandoning module ProjectLauncher (416)
[2018.02.14-20.53.49:536][878]LogModuleManager: Shutting down and abandoning module SessionFrontend (414)
[2018.02.14-20.53.49:536][878]LogModuleManager: Shutting down and abandoning module ProfilerClient (412)
[2018.02.14-20.53.49:536][878]LogModuleManager: Shutting down and abandoning module DeviceManager (410)
[2018.02.14-20.53.49:536][878]LogModuleManager: Shutting down and abandoning module TargetDeviceServices (409)
[2018.02.14-20.53.49:586][878]LogModuleManager: Shutting down and abandoning module AutomationController (406)
[2018.02.14-20.53.49:586][878]LogModuleManager: Shutting down and abandoning module AutomationWindow (404)
[2018.02.14-20.53.49:586][878]LogModuleManager: Shutting down and abandoning module Layers (402)
[2018.02.14-20.53.49:586][878]LogModuleManager: Shutting down and abandoning module ComponentVisualizers (400)
[2018.02.14-20.53.49:586][878]LogModuleManager: Shutting down and abandoning module DetailCustomizations (398)
[2018.02.14-20.53.49:586][878]LogModuleManager: Shutting down and abandoning module PackagesDialog (396)
[2018.02.14-20.53.49:586][878]LogModuleManager: Shutting down and abandoning module Persona (394)
[2018.02.14-20.53.49:586][878]LogModuleManager: Shutting down and abandoning module AdvancedPreviewScene (393)
[2018.02.14-20.53.49:586][878]LogModuleManager: Shutting down and abandoning module AnimGraph (391)
[2018.02.14-20.53.49:586][878]LogModuleManager: Shutting down and abandoning module Kismet (388)
[2018.02.14-20.53.49:587][878]LogModuleManager: Shutting down and abandoning module ClassViewer (386)
[2018.02.14-20.53.49:587][878]LogModuleManager: Shutting down and abandoning module Toolbox (384)
[2018.02.14-20.53.49:587][878]LogModuleManager: Shutting down and abandoning module ModuleUI (382)
[2018.02.14-20.53.49:587][878]LogModuleManager: Shutting down and abandoning module MovieSceneTools (380)
[2018.02.14-20.53.49:587][878]LogModuleManager: Shutting down and abandoning module OutputLog (378)
[2018.02.14-20.53.49:588][878]LogModuleManager: Shutting down and abandoning module GammaUI (376)
[2018.02.14-20.53.49:588][878]LogModuleManager: Shutting down and abandoning module Documentation (374)
[2018.02.14-20.53.49:588][878]LogModuleManager: Shutting down and abandoning module MovieSceneTracks (372)
[2018.02.14-20.53.49:588][878]LogModuleManager: Shutting down and abandoning module MovieScene (370)
[2018.02.14-20.53.49:588][878]LogModuleManager: Shutting down and abandoning module StreamingPauseRendering (368)
[2018.02.14-20.53.49:588][878]LogModuleManager: Shutting down and abandoning module LauncherPlatform (366)
[2018.02.14-20.53.49:588][878]LogModuleManager: Shutting down and abandoning module AnalyticsET (364)
[2018.02.14-20.53.49:588][878]LogModuleManager: Shutting down and abandoning module PortalServices (362)
[2018.02.14-20.53.49:588][878]LogModuleManager: Shutting down and abandoning module PortalRpc (360)
[2018.02.14-20.53.49:588][878]LogModuleManager: Shutting down and abandoning module MessagingRpc (358)
[2018.02.14-20.53.49:588][878]LogModuleManager: Shutting down and abandoning module AIModule (356)
[2018.02.14-20.53.49:588][878]LogModuleManager: Shutting down and abandoning module GameplayDebugger (355)
[2018.02.14-20.53.49:588][878]LogModuleManager: Shutting down and abandoning module AITestSuite (353)
[2018.02.14-20.53.49:588][878]LogModuleManager: Shutting down and abandoning module DesktopPlatform (350)
[2018.02.14-20.53.49:588][878]LogModuleManager: Shutting down and abandoning module ProfilerService (348)
[2018.02.14-20.53.49:740][878]LogModuleManager: Shutting down and abandoning module TaskGraph (346)
[2018.02.14-20.53.49:740][878]LogModuleManager: Shutting down and abandoning module SteamVRController (344)
[2018.02.14-20.53.49:740][878]LogModuleManager: Shutting down and abandoning module ProceduralMeshComponentEditor (342)
[2018.02.14-20.53.49:740][878]LogModuleManager: Shutting down and abandoning module ProceduralMeshComponent (340)
[2018.02.14-20.53.49:741][878]LogModuleManager: Shutting down and abandoning module OculusInput (338)
[2018.02.14-20.53.49:741][878]LogModuleManager: Shutting down and abandoning module MobilePatchingUtils (336)
[2018.02.14-20.53.49:741][878]LogModuleManager: Shutting down and abandoning module CustomMeshComponent (334)
[2018.02.14-20.53.49:741][878]LogModuleManager: Shutting down and abandoning module CableComponent (332)
[2018.02.14-20.53.49:741][878]LogModuleManager: Shutting down and abandoning module ArchVisCharacter (330)
[2018.02.14-20.53.49:741][878]LogModuleManager: Shutting down and abandoning module AndroidPermission (328)
[2018.02.14-20.53.49:741][878]LogModuleManager: Shutting down and abandoning module ActorSequence (324)
[2018.02.14-20.53.49:741][878]LogModuleManager: Shutting down and abandoning module MediaPlayerEditor (322)
[2018.02.14-20.53.49:741][878]LogModuleManager: Shutting down and abandoning module MediaCompositingEditor (320)
[2018.02.14-20.53.49:741][878]LogModuleManager: Shutting down and abandoning module MediaCompositing (318)
[2018.02.14-20.53.49:741][878]LogModuleManager: Shutting down and abandoning module HTML5Networking (316)
[2018.02.14-20.53.49:741][878]LogModuleManager: Shutting down and abandoning module AlembicImporter (314)
[2018.02.14-20.53.49:741][878]LogModuleManager: Shutting down and abandoning module AlembicLibrary (313)
[2018.02.14-20.53.49:741][878]LogModuleManager: Shutting down and abandoning module GeometryCache (312)
[2018.02.14-20.53.49:741][878]LogModuleManager: Shutting down and abandoning module GeometryCacheEd (311)
[2018.02.14-20.53.49:741][878]LogModuleManager: Shutting down and abandoning module SpeedTreeImporter (306)
[2018.02.14-20.53.49:741][878]LogModuleManager: Shutting down and abandoning module PluginBrowser (304)
[2018.02.14-20.53.49:741][878]LogModuleManager: Shutting down and abandoning module MobileLauncherProfileWizard (302)
[2018.02.14-20.53.49:741][878]LogModuleManager: Shutting down and abandoning module VisualStudioSourceCodeAccess (300)
[2018.02.14-20.53.49:741][878]LogModuleManager: Shutting down and abandoning module VisualStudioCodeSourceCodeAccess (298)
[2018.02.14-20.53.49:741][878]LogModuleManager: Shutting down and abandoning module UObjectPlugin (296)
[2018.02.14-20.53.49:741][878]LogModuleManager: Shutting down and abandoning module SubversionSourceControl (294)
[2018.02.14-20.53.49:741][878]LogModuleManager: Shutting down and abandoning module PerforceSourceControl (292)
[2018.02.14-20.53.49:742][878]LogModuleManager: Shutting down and abandoning module GitSourceControl (290)
[2018.02.14-20.53.49:742][878]LogModuleManager: Shutting down and abandoning module SourceControl (289)
[2018.02.14-20.53.49:742][878]LogModuleManager: Shutting down and abandoning module LightPropagationVolumeEditor (286)
[2018.02.14-20.53.49:742][878]LogModuleManager: Shutting down and abandoning module PaperTiledImporter (284)
[2018.02.14-20.53.49:742][878]LogModuleManager: Shutting down and abandoning module PaperSpriteSheetImporter (282)
[2018.02.14-20.53.49:742][878]LogModuleManager: Shutting down and abandoning module Paper2DEditor (280)
[2018.02.14-20.53.49:742][878]LogModuleManager: Shutting down and abandoning module MeshPaint (279)
[2018.02.14-20.53.49:742][878]LogModuleManager: Shutting down and abandoning module LevelEditor (277)
[2018.02.14-20.53.49:743][878]LogModuleManager: Shutting down and abandoning module PixelInspectorModule (276)
[2018.02.14-20.53.49:743][878]LogModuleManager: Shutting down and abandoning module MainFrame (274)
[2018.02.14-20.53.49:743][878]LogModuleManager: Shutting down and abandoning module HotReload (273)
[2018.02.14-20.53.49:745][878]LogModuleManager: Shutting down and abandoning module RuntimePhysXCooking (268)
[2018.02.14-20.53.49:745][878]LogModuleManager: Shutting down and abandoning module PhysXVehiclesEditor (266)
[2018.02.14-20.53.49:745][878]LogModuleManager: Shutting down and abandoning module PhysXVehicles (264)
[2018.02.14-20.53.49:745][878]LogModuleManager: Shutting down and abandoning module OculusEditor (262)
[2018.02.14-20.53.49:745][878]LogModuleManager: Shutting down and abandoning module LocationServicesBPLibrary (260)
[2018.02.14-20.53.49:745][878]LogModuleManager: Shutting down and abandoning module ImmediatePhysicsEditor (258)
[2018.02.14-20.53.49:745][878]LogModuleManager: Shutting down and abandoning module ImmediatePhysics (256)
[2018.02.14-20.53.49:745][878]LogModuleManager: Shutting down and abandoning module UdpMessaging (254)
[2018.02.14-20.53.49:845][878]LogModuleManager: Shutting down and abandoning module TcpMessaging (252)
[2018.02.14-20.53.49:945][878]LogModuleManager: Shutting down and abandoning module GameplayTagsEditor (250)
[2018.02.14-20.53.49:945][878]LogModuleManager: Shutting down and abandoning module FacialAnimationEditor (248)
[2018.02.14-20.53.49:945][878]LogModuleManager: Shutting down and abandoning module FacialAnimation (246)
[2018.02.14-20.53.49:945][878]LogModuleManager: Shutting down and abandoning module AssetManagerEditor (244)
[2018.02.14-20.53.49:945][878]LogModuleManager: Shutting down and abandoning module GraphEditor (243)
[2018.02.14-20.53.49:945][878]LogModuleManager: Shutting down and abandoning module ContentBrowser (241)
[2018.02.14-20.53.49:947][878]LogModuleManager: Shutting down and abandoning module LightPropagationVolumeRuntime (238)
[2018.02.14-20.53.49:947][878]LogModuleManager: Shutting down and abandoning module Paper2D (236)
[2018.02.14-20.53.49:947][878]LogModuleManager: Shutting down and abandoning module WindowsMoviePlayer (234)
[2018.02.14-20.53.49:947][878]LogModuleManager: Shutting down and abandoning module WmfMedia (232)
[2018.02.14-20.53.49:948][878]LogModuleManager: Shutting down and abandoning module ImgMedia (230)
[2018.02.14-20.53.49:948][878]LogModuleManager: Shutting down and abandoning module PacketHandler (228)
[2018.02.14-20.53.49:948][878]LogModuleManager: Shutting down and abandoning module ClothingSystemEditor (226)
[2018.02.14-20.53.49:948][878]LogModuleManager: Shutting down and abandoning module ClothingSystemRuntime (224)
[2018.02.14-20.53.49:948][878]LogModuleManager: Shutting down and abandoning module MediaAssets (222)
[2018.02.14-20.53.49:948][878]LogModuleManager: Shutting down and abandoning module Media (221)
[2018.02.14-20.53.49:953][878]LogModuleManager: Shutting down and abandoning module Overlay (218)
[2018.02.14-20.53.49:953][878]LogModuleManager: Shutting down and abandoning module OverlayEditor (217)
[2018.02.14-20.53.49:953][878]LogModuleManager: Shutting down and abandoning module VREditor (214)
[2018.02.14-20.53.49:953][878]LogModuleManager: Shutting down and abandoning module StringTableEditor (212)
[2018.02.14-20.53.49:953][878]LogModuleManager: Shutting down and abandoning module GameplayTasksEditor (210)
[2018.02.14-20.53.49:953][878]LogModuleManager: Shutting down and abandoning module BehaviorTreeEditor (208)
[2018.02.14-20.53.49:953][878]LogModuleManager: Shutting down and abandoning module FunctionalTesting (206)
[2018.02.14-20.53.49:953][878]LogModuleManager: Shutting down and abandoning module CollisionAnalyzer (204)
[2018.02.14-20.53.49:953][878]LogModuleManager: Shutting down and abandoning module WorkspaceMenuStructure (203)
[2018.02.14-20.53.49:954][878]LogModuleManager: Shutting down and abandoning module UMG (200)
[2018.02.14-20.53.49:954][878]LogModuleManager: Shutting down and abandoning module UMGEditor (199)
[2018.02.14-20.53.49:954][878]LogModuleManager: Shutting down and abandoning module Sequencer (198)
[2018.02.14-20.53.49:954][878]LogModuleManager: Shutting down and abandoning module MessageLog (195)
[2018.02.14-20.53.49:954][878]LogModuleManager: Shutting down and abandoning module SlateReflector (190)
[2018.02.14-20.53.49:954][878]LogModuleManager: Shutting down and abandoning module Slate (188)
[2018.02.14-20.53.49:954][878]LogModuleManager: Shutting down and abandoning module EditorStyle (186)
[2018.02.14-20.53.49:958][878]LogModuleManager: Shutting down and abandoning module MRMesh (184)
[2018.02.14-20.53.49:958][878]LogModuleManager: Shutting down and abandoning module SourceCodeAccess (182)
[2018.02.14-20.53.49:958][878]LogModuleManager: Shutting down and abandoning module HeadMountedDisplay (180)
[2018.02.14-20.53.49:958][878]LogModuleManager: Shutting down and abandoning module XAudio2 (178)
[2018.02.14-20.53.49:958][878]LogModuleManager: Shutting down and abandoning module Networking (176)
[2018.02.14-20.53.49:958][878]LogModuleManager: Shutting down and abandoning module Core (172)
[2018.02.14-20.53.49:958][878]LogModuleManager: Shutting down and abandoning module LevelSequence (168)
[2018.02.14-20.53.49:958][878]LogModuleManager: Shutting down and abandoning module DirectoryWatcher (166)
[2018.02.14-20.53.49:959][878]LogModuleManager: Shutting down and abandoning module KismetCompiler (164)
[2018.02.14-20.53.49:959][878]LogModuleManager: Shutting down and abandoning module MeshUtilities (162)
[2018.02.14-20.53.49:959][878]LogModuleManager: Shutting down and abandoning module MeshMergeUtilities (161)
[2018.02.14-20.53.49:959][878]LogModuleManager: Shutting down and abandoning module MeshReductionInterface (160)
[2018.02.14-20.53.49:959][878]LogModuleManager: Shutting down and abandoning module SimplygonSwarm (159)
[2018.02.14-20.53.49:959][878]LogModuleManager: Shutting down and abandoning module SimplygonMeshReduction (157)
[2018.02.14-20.53.49:959][878]LogModuleManager: Shutting down and abandoning module QuadricMeshReduction (155)
[2018.02.14-20.53.49:959][878]LogModuleManager: Shutting down and abandoning module MaterialBaking (151)
[2018.02.14-20.53.49:960][878]LogModuleManager: Shutting down and abandoning module DerivedDataCache (148)
[2018.02.14-20.53.49:987][878]LogDerivedDataCache: Shutdown
[2018.02.14-20.53.49:987][878]LogModuleManager: Shutting down and abandoning module TargetPlatform (146)
[2018.02.14-20.53.49:987][878]LogModuleManager: Shutting down and abandoning module VulkanShaderFormat (145)
[2018.02.14-20.53.49:987][878]LogModuleManager: Shutting down and abandoning module ShaderFormatVectorVM (143)
[2018.02.14-20.53.49:987][878]LogModuleManager: Shutting down and abandoning module ShaderFormatOpenGL (141)
[2018.02.14-20.53.49:987][878]LogModuleManager: Shutting down and abandoning module ShaderFormatD3D (139)
[2018.02.14-20.53.49:987][878]LogModuleManager: Shutting down and abandoning module MetalShaderFormat (137)
[2018.02.14-20.53.49:988][878]LogModuleManager: Shutting down and abandoning module TextureFormatUncompressed (135)
[2018.02.14-20.53.49:988][878]LogModuleManager: Shutting down and abandoning module TextureFormatPVR (133)
[2018.02.14-20.53.49:988][878]LogModuleManager: Shutting down and abandoning module TextureFormatDXT (131)
[2018.02.14-20.53.49:988][878]LogModuleManager: Shutting down and abandoning module TextureFormatIntelISPCTexComp (129)
[2018.02.14-20.53.49:988][878]LogModuleManager: Shutting down and abandoning module TextureFormatASTC (127)
[2018.02.14-20.53.49:988][878]LogModuleManager: Shutting down and abandoning module ImageWrapper (126)
[2018.02.14-20.53.49:988][878]LogModuleManager: Shutting down and abandoning module TextureFormatAndroid (123)
[2018.02.14-20.53.49:988][878]LogModuleManager: Shutting down and abandoning module AudioFormatOpus (121)
[2018.02.14-20.53.49:988][878]LogModuleManager: Shutting down and abandoning module AudioFormatOgg (119)
[2018.02.14-20.53.49:988][878]LogModuleManager: Shutting down and abandoning module AudioFormatADPCM (117)
[2018.02.14-20.53.49:988][878]LogModuleManager: Shutting down and abandoning module LinuxTargetPlatform (115)
[2018.02.14-20.53.49:988][878]LogModuleManager: Shutting down and abandoning module LinuxServerTargetPlatform (113)
[2018.02.14-20.53.49:988][878]LogModuleManager: Shutting down and abandoning module LinuxNoEditorTargetPlatform (111)
[2018.02.14-20.53.49:988][878]LogModuleManager: Shutting down and abandoning module LinuxClientTargetPlatform (109)
[2018.02.14-20.53.49:988][878]LogModuleManager: Shutting down and abandoning module TVOSTargetPlatform (107)
[2018.02.14-20.53.49:988][878]LogModuleManager: Shutting down and abandoning module Messaging (105)
[2018.02.14-20.53.49:988][878]LogModuleManager: Shutting down and abandoning module IOSTargetPlatform (103)
[2018.02.14-20.53.49:988][878]LogModuleManager: Shutting down and abandoning module HTML5TargetPlatform (101)
[2018.02.14-20.53.49:988][878]LogModuleManager: Shutting down and abandoning module AndroidTargetPlatform (99)
[2018.02.14-20.53.49:988][878]LogModuleManager: Shutting down and abandoning module Android_PVRTCTargetPlatform (97)
[2018.02.14-20.53.49:988][878]LogModuleManager: Shutting down and abandoning module Android_MultiTargetPlatform (95)
[2018.02.14-20.53.49:988][878]LogModuleManager: Shutting down and abandoning module Android_ETC2TargetPlatform (93)
[2018.02.14-20.53.49:988][878]LogModuleManager: Shutting down and abandoning module Android_ETC1TargetPlatform (91)
[2018.02.14-20.53.49:988][878]LogModuleManager: Shutting down and abandoning module Android_DXTTargetPlatform (89)
[2018.02.14-20.53.49:988][878]LogModuleManager: Shutting down and abandoning module Android_ATCTargetPlatform (87)
[2018.02.14-20.53.49:988][878]LogModuleManager: Shutting down and abandoning module Android_ASTCTargetPlatform (85)
[2018.02.14-20.53.49:988][878]LogModuleManager: Shutting down and abandoning module WindowsTargetPlatform (83)
[2018.02.14-20.53.49:988][878]LogModuleManager: Shutting down and abandoning module WindowsServerTargetPlatform (81)
[2018.02.14-20.53.49:988][878]LogModuleManager: Shutting down and abandoning module WindowsNoEditorTargetPlatform (79)
[2018.02.14-20.53.49:988][878]LogModuleManager: Shutting down and abandoning module WindowsClientTargetPlatform (77)
[2018.02.14-20.53.49:989][878]LogModuleManager: Shutting down and abandoning module MacTargetPlatform (75)
[2018.02.14-20.53.49:989][878]LogModuleManager: Shutting down and abandoning module MacServerTargetPlatform (73)
[2018.02.14-20.53.49:989][878]LogModuleManager: Shutting down and abandoning module MacNoEditorTargetPlatform (71)
[2018.02.14-20.53.49:989][878]LogModuleManager: Shutting down and abandoning module MacClientTargetPlatform (69)
[2018.02.14-20.53.49:989][878]LogModuleManager: Shutting down and abandoning module AllDesktopTargetPlatform (67)
[2018.02.14-20.53.49:989][878]LogModuleManager: Shutting down and abandoning module InputCore (64)
[2018.02.14-20.53.49:989][878]LogModuleManager: Shutting down and abandoning module Settings (62)
[2018.02.14-20.53.49:989][878]LogModuleManager: Shutting down and abandoning module PhysXCooking (60)
[2018.02.14-20.53.49:989][878]LogModuleManager: Shutting down and abandoning module SteamVR (58)
[2018.02.14-20.53.49:989][878]LogModuleManager: Shutting down and abandoning module OculusHMD (56)
[2018.02.14-20.53.49:989][878]LogModuleManager: Shutting down and abandoning module ExampleDeviceProfileSelector (54)
[2018.02.14-20.53.49:989][878]LogModuleManager: Shutting down and abandoning module AppleARKit (52)
[2018.02.14-20.53.49:989][878]LogModuleManager: Shutting down and abandoning module AugmentedReality (51)
[2018.02.14-20.53.49:989][878]LogModuleManager: Shutting down and abandoning module OnlineBlueprintSupport (48)
[2018.02.14-20.53.49:989][878]LogModuleManager: Shutting down and abandoning module OnlineSubsystem (44)
[2018.02.14-20.53.49:989][878]LogModuleManager: Shutting down and abandoning module XMPP (43)
[2018.02.14-20.53.49:989][878]LogModuleManager: Shutting down and abandoning module HTTP (41)
[2018.02.14-20.53.49:989][878]LogHttp: Display: Http module shutting down, but needs to wait on 1 outstanding Http requests:
[2018.02.14-20.53.49:989][878]LogHttp: Display: 	verb=[POST] url=[https://datarouter.ol.epicgames.com/datarouter/api/v1/public/data?SessionID=%7B04B7D934-4E0A-8AED-E7A0-ABAE5ABAB58D%7D&AppID=UEEditor.Rocket.Release&AppVersion=4.18.3-3832480%2B%2B%2BUE4%2BRelease-4.18&UserID=a3d1758f4bf4d33d13226395187d9eb8%7C5fb228d513ee4f55baa51f6902e00119%7C67fbbe6e-2ff9-4e53-82fd-aeeb4aeae68b&AppEnvironment=datacollector-binary&UploadType=eteventstream] status=Processing
[2018.02.14-20.53.49:995][878]LogModuleManager: Shutting down and abandoning module SSL (40)
[2018.02.14-20.53.49:996][878]LogModuleManager: Shutting down and abandoning module AnimationModifiers (36)
[2018.02.14-20.53.49:996][878]LogModuleManager: Shutting down and abandoning module PropertyEditor (35)
[2018.02.14-20.53.49:996][878]LogModuleManager: Shutting down and abandoning module AudioEditor (32)
[2018.02.14-20.53.49:996][878]LogModuleManager: Shutting down and abandoning module TextureCompressor (30)
[2018.02.14-20.53.49:997][878]LogModuleManager: Shutting down and abandoning module ShaderCore (28)
[2018.02.14-20.53.49:997][878]LogModuleManager: Shutting down and abandoning module Landscape (26)
[2018.02.14-20.53.49:997][878]LogModuleManager: Shutting down and abandoning module SlateRHIRenderer (24)
[2018.02.14-20.53.49:998][878]LogModuleManager: Shutting down and abandoning module OpenGLDrv (22)
[2018.02.14-20.53.49:998][878]LogModuleManager: Shutting down and abandoning module D3D11RHI (20)
[2018.02.14-20.53.49:998][878]LogModuleManager: Shutting down and abandoning module AnimGraphRuntime (18)
[2018.02.14-20.53.49:998][878]LogModuleManager: Shutting down and abandoning module Renderer (16)
[2018.02.14-20.53.49:999][878]LogModuleManager: Shutting down and abandoning module Engine (14)
[2018.02.14-20.53.49:999][878]LogModuleManager: Shutting down and abandoning module CoreUObject (12)
[2018.02.14-20.53.49:999][878]LogModuleManager: Shutting down and abandoning module NetworkFile (10)
[2018.02.14-20.53.49:999][878]LogModuleManager: Shutting down and abandoning module CookedIterativeFile (8)
[2018.02.14-20.53.49:999][878]LogModuleManager: Shutting down and abandoning module StreamingFile (6)
[2018.02.14-20.53.49:999][878]LogModuleManager: Shutting down and abandoning module SandboxFile (4)
[2018.02.14-20.53.49:999][878]LogModuleManager: Shutting down and abandoning module PakFile (2)
[2018.02.14-20.53.50:002][878]LogExit: Exiting.
[2018.02.14-20.53.50:019][878]Log file closed, 02/14/18 20:53:50
